2025/05/13 11:27:16 - mmengine - INFO - 
------------------------------------------------------------
System environment:
    sys.platform: win32
    Python: 3.9.13 (tags/v3.9.13:6de2ca5, May 17 2022, 16:36:42) [MSC v.1929 64 bit (AMD64)]
    CUDA available: True
    MUSA available: False
    numpy_random_seed: 2004367070
    GPU 0: NVIDIA GeForce RTX 3070 Ti
    CUDA_HOME: C:\Program Files\NVIDIA GPU Computing Toolkit\CUDA\v12.6
    NVCC: Cuda compilation tools, release 12.6, V12.6.85
    MSVC: Microsoft (R) C/C++ Optimizing Compiler Version 19.42.34433 for x64
    GCC: n/a
    PyTorch: 2.1.0+cu118
    PyTorch compiling details: PyTorch built with:
  - C++ Version: 199711
  - MSVC 192930151
  - Intel(R) Math Kernel Library Version 2020.0.2 Product Build 20200624 for Intel(R) 64 architecture applications
  - Intel(R) MKL-DNN v3.1.1 (Git Hash 64f6bcbcbab628e96f33a62c3e975f8535a7bde4)
  - OpenMP 2019
  - LAPACK is enabled (usually provided by MKL)
  - CPU capability usage: AVX2
  - CUDA Runtime 11.8
  - NVCC architecture flags: -gencode;arch=compute_37,code=sm_37;-gencode;arch=compute_50,code=sm_50;-gencode;arch=compute_60,code=sm_60;-gencode;arch=compute_61,code=sm_61;-gencode;arch=compute_70,code=sm_70;-gencode;arch=compute_75,code=sm_75;-gencode;arch=compute_80,code=sm_80;-gencode;arch=compute_86,code=sm_86;-gencode;arch=compute_90,code=sm_90;-gencode;arch=compute_37,code=compute_37
  - CuDNN 8.7
  - Magma 2.5.4
  - Build settings: BLAS_INFO=mkl, BUILD_TYPE=Release, CUDA_VERSION=11.8, CUDNN_VERSION=8.7.0, CXX_COMPILER=C:/actions-runner/_work/pytorch/pytorch/builder/windows/tmp_bin/sccache-cl.exe, CXX_FLAGS=/DWIN32 /D_WINDOWS /GR /EHsc /bigobj /FS -DUSE_PTHREADPOOL -DNDEBUG -DUSE_KINETO -DLIBKINETO_NOCUPTI -DLIBKINETO_NOROCTRACER -DUSE_FBGEMM -DUSE_XNNPACK -DSYMBOLICATE_MOBILE_DEBUG_HANDLE /utf-8 /wd4624 /wd4068 /wd4067 /wd4267 /wd4661 /wd4717 /wd4244 /wd4804 /wd4273, LAPACK_INFO=mkl, PERF_WITH_AVX=1, PERF_WITH_AVX2=1, PERF_WITH_AVX512=1, TORCH_DISABLE_GPU_ASSERTS=OFF, TORCH_VERSION=2.1.0, USE_CUDA=ON, USE_CUDNN=ON, USE_EXCEPTION_PTR=1, USE_GFLAGS=OFF, USE_GLOG=OFF, USE_MKL=ON, USE_MKLDNN=ON, USE_MPI=OFF, USE_NCCL=OFF, USE_NNPACK=OFF, USE_OPENMP=ON, USE_ROCM=OFF, 

    TorchVision: 0.16.0+cu118
    OpenCV: 4.10.0
    MMEngine: 0.10.5

Runtime environment:
    cudnn_benchmark: False
    dist_cfg: {'backend': 'nccl'}
    mp_cfg: {'mp_start_method': 'fork', 'opencv_num_threads': 0}
    seed: 2004367070
    Distributed launcher: none
    Distributed training: False
    GPU number: 1
------------------------------------------------------------

2025/05/13 11:27:16 - mmengine - INFO - Config:
auto_scale_lr = dict(base_batch_size=64, enable=False)
backend_args = None
cudnn_benchmark = True
custom_hooks = [
    dict(type='NumClassCheckHook'),
    dict(interval=50, priority='VERY_LOW', type='CheckInvalidLossHook'),
]
data_root = 'D:/Repositories/test/data/larch_casebearer/'
dataset_type = 'CocoDataset'
default_hooks = dict(
    checkpoint=dict(
        interval=0, save_best='coco/bbox_mAP', type='CheckpointHook'),
    logger=dict(interval=50, type='LoggerHook'),
    param_scheduler=dict(type='ParamSchedulerHook'),
    sampler_seed=dict(type='DistSamplerSeedHook'),
    timer=dict(type='IterTimerHook'),
    visualization=dict(type='DetVisualizationHook'))
default_scope = 'mmdet'
env_cfg = dict(
    cudnn_benchmark=False,
    dist_cfg=dict(backend='nccl'),
    mp_cfg=dict(mp_start_method='fork', opencv_num_threads=0))
input_size = 300
launcher = 'none'
load_from = None
log_level = 'INFO'
log_processor = dict(by_epoch=True, type='LogProcessor', window_size=50)
metainfo = dict(
    classes=(
        'H',
        'LD',
        'HD',
        'other',
    ),
    palette=[
        (
            0,
            255,
            0,
        ),
        (
            255,
            128,
            0,
        ),
        (
            255,
            0,
            0,
        ),
        (
            0,
            0,
            255,
        ),
    ])
model = dict(
    backbone=dict(
        ceil_mode=True,
        depth=16,
        init_cfg=dict(
            checkpoint='open-mmlab://vgg16_caffe', type='Pretrained'),
        out_feature_indices=(
            22,
            34,
        ),
        out_indices=(
            3,
            4,
        ),
        type='SSDVGG',
        with_last_pool=False),
    bbox_head=dict(
        anchor_generator=dict(
            basesize_ratio_range=(
                0.15,
                0.9,
            ),
            input_size=300,
            ratios=[
                [
                    2,
                ],
                [
                    2,
                    3,
                ],
                [
                    2,
                    3,
                ],
                [
                    2,
                    3,
                ],
                [
                    2,
                ],
                [
                    2,
                ],
            ],
            scale_major=False,
            strides=[
                8,
                16,
                32,
                64,
                100,
                300,
            ],
            type='SSDAnchorGenerator'),
        bbox_coder=dict(
            target_means=[
                0.0,
                0.0,
                0.0,
                0.0,
            ],
            target_stds=[
                0.1,
                0.1,
                0.2,
                0.2,
            ],
            type='DeltaXYWHBBoxCoder'),
        in_channels=(
            512,
            1024,
            512,
            256,
            256,
            256,
        ),
        num_classes=4,
        type='SSDHead'),
    data_preprocessor=dict(
        bgr_to_rgb=True,
        mean=[
            123.675,
            116.28,
            103.53,
        ],
        pad_size_divisor=1,
        std=[
            1,
            1,
            1,
        ],
        type='DetDataPreprocessor'),
    neck=dict(
        in_channels=(
            512,
            1024,
        ),
        l2_norm_scale=20,
        level_paddings=(
            1,
            1,
            0,
            0,
        ),
        level_strides=(
            2,
            2,
            1,
            1,
        ),
        out_channels=(
            512,
            1024,
            512,
            256,
            256,
            256,
        ),
        type='SSDNeck'),
    test_cfg=dict(
        max_per_img=200,
        min_bbox_size=0,
        nms=dict(iou_threshold=0.45, type='nms'),
        nms_pre=1000,
        score_thr=0.02),
    train_cfg=dict(
        allowed_border=-1,
        assigner=dict(
            gt_max_assign_all=False,
            ignore_iof_thr=-1,
            min_pos_iou=0.0,
            neg_iou_thr=0.5,
            pos_iou_thr=0.5,
            type='MaxIoUAssigner'),
        debug=False,
        neg_pos_ratio=3,
        pos_weight=-1,
        sampler=dict(type='PseudoSampler'),
        smoothl1_beta=1.0),
    type='SingleStageDetector')
optim_wrapper = dict(
    optimizer=dict(lr=0.002, momentum=0.9, type='SGD', weight_decay=0.0005),
    type='OptimWrapper')
param_scheduler = [
    dict(
        begin=0, by_epoch=False, end=500, start_factor=0.001, type='LinearLR'),
    dict(
        begin=0,
        by_epoch=True,
        end=24,
        gamma=0.1,
        milestones=[
            16,
            22,
        ],
        type='MultiStepLR'),
]
resume = False
test_cfg = dict(type='TestLoop')
test_dataloader = dict(
    batch_size=8,
    dataset=dict(
        ann_file='test/annotations.json',
        backend_args=None,
        data_prefix=dict(img='test/'),
        data_root='D:/Repositories/test/data/larch_casebearer/',
        metainfo=dict(
            classes=(
                'H',
                'LD',
                'HD',
                'other',
            ),
            palette=[
                (
                    0,
                    255,
                    0,
                ),
                (
                    255,
                    128,
                    0,
                ),
                (
                    255,
                    0,
                    0,
                ),
                (
                    0,
                    0,
                    255,
                ),
            ]),
        pipeline=[
            dict(backend_args=None, type='LoadImageFromFile'),
            dict(keep_ratio=False, scale=(
                300,
                300,
            ), type='Resize'),
            dict(type='LoadAnnotations', with_bbox=True),
            dict(
                meta_keys=(
                    'img_id',
                    'img_path',
                    'ori_shape',
                    'img_shape',
                    'scale_factor',
                ),
                type='PackDetInputs'),
        ],
        test_mode=True,
        type='CocoDataset'),
    drop_last=False,
    num_workers=2,
    persistent_workers=True,
    sampler=dict(shuffle=False, type='DefaultSampler'))
test_evaluator = dict(
    ann_file='D:/Repositories/test/data/larch_casebearer/test/annotations.json',
    backend_args=None,
    classwise=True,
    format_only=False,
    metric='bbox',
    type='CocoMetric')
test_pipeline = [
    dict(backend_args=None, type='LoadImageFromFile'),
    dict(keep_ratio=False, scale=(
        300,
        300,
    ), type='Resize'),
    dict(type='LoadAnnotations', with_bbox=True),
    dict(
        meta_keys=(
            'img_id',
            'img_path',
            'ori_shape',
            'img_shape',
            'scale_factor',
        ),
        type='PackDetInputs'),
]
train_cfg = dict(max_epochs=30, type='EpochBasedTrainLoop', val_interval=1)
train_dataloader = dict(
    batch_sampler=None,
    batch_size=8,
    dataset=dict(
        dataset=dict(
            ann_file='train/annotations.json',
            backend_args=None,
            data_prefix=dict(img='train/'),
            data_root='D:/Repositories/test/data/larch_casebearer/',
            filter_cfg=dict(filter_empty_gt=True, min_size=32),
            metainfo=dict(
                classes=(
                    'H',
                    'LD',
                    'HD',
                    'other',
                ),
                palette=[
                    (
                        0,
                        255,
                        0,
                    ),
                    (
                        255,
                        128,
                        0,
                    ),
                    (
                        255,
                        0,
                        0,
                    ),
                    (
                        0,
                        0,
                        255,
                    ),
                ]),
            pipeline=[
                dict(backend_args=None, type='LoadImageFromFile'),
                dict(type='LoadAnnotations', with_bbox=True),
                dict(keep_ratio=False, scale=(
                    300,
                    300,
                ), type='Resize'),
                dict(type='PhotoMetricDistortion'),
                dict(type='RandomAffine'),
                dict(type='PackDetInputs'),
            ],
            type='CocoDataset'),
        times=5,
        type='RepeatDataset'),
    num_workers=2,
    persistent_workers=True,
    sampler=dict(shuffle=True, type='DefaultSampler'))
train_pipeline = [
    dict(backend_args=None, type='LoadImageFromFile'),
    dict(type='LoadAnnotations', with_bbox=True),
    dict(keep_ratio=False, scale=(
        300,
        300,
    ), type='Resize'),
    dict(type='PhotoMetricDistortion'),
    dict(type='RandomAffine'),
    dict(type='PackDetInputs'),
]
val_cfg = dict(type='ValLoop')
val_dataloader = dict(
    batch_size=8,
    dataset=dict(
        ann_file='val/annotations.json',
        backend_args=None,
        data_prefix=dict(img='val/'),
        data_root='D:/Repositories/test/data/larch_casebearer/',
        metainfo=dict(
            classes=(
                'H',
                'LD',
                'HD',
                'other',
            ),
            palette=[
                (
                    0,
                    255,
                    0,
                ),
                (
                    255,
                    128,
                    0,
                ),
                (
                    255,
                    0,
                    0,
                ),
                (
                    0,
                    0,
                    255,
                ),
            ]),
        pipeline=[
            dict(backend_args=None, type='LoadImageFromFile'),
            dict(keep_ratio=False, scale=(
                300,
                300,
            ), type='Resize'),
            dict(type='LoadAnnotations', with_bbox=True),
            dict(
                meta_keys=(
                    'img_id',
                    'img_path',
                    'ori_shape',
                    'img_shape',
                    'scale_factor',
                ),
                type='PackDetInputs'),
        ],
        test_mode=True,
        type='CocoDataset'),
    drop_last=False,
    num_workers=2,
    persistent_workers=True,
    sampler=dict(shuffle=False, type='DefaultSampler'))
val_evaluator = dict(
    ann_file='D:/Repositories/test/data/larch_casebearer/val/annotations.json',
    backend_args=None,
    format_only=False,
    metric='bbox',
    type='CocoMetric')
vis_backends = [
    dict(type='LocalVisBackend'),
]
visualizer = dict(
    name='visualizer',
    type='DetLocalVisualizer',
    vis_backends=[
        dict(type='LocalVisBackend'),
    ])
work_dir = '25-05-09/ssd300'

2025/05/13 11:27:17 - mmengine - INFO - Distributed training is not used, all SyncBatchNorm (SyncBN) layers in the model will be automatically reverted to BatchNormXd layers if they are used.
2025/05/13 11:27:17 - mmengine - INFO - Hooks will be executed in the following order:
before_run:
(VERY_HIGH   ) RuntimeInfoHook                    
(BELOW_NORMAL) LoggerHook                         
 -------------------- 
before_train:
(VERY_HIGH   ) RuntimeInfoHook                    
(NORMAL      ) IterTimerHook                      
(VERY_LOW    ) CheckpointHook                     
 -------------------- 
before_train_epoch:
(VERY_HIGH   ) RuntimeInfoHook                    
(NORMAL      ) IterTimerHook                      
(NORMAL      ) DistSamplerSeedHook                
(NORMAL      ) NumClassCheckHook                  
 -------------------- 
before_train_iter:
(VERY_HIGH   ) RuntimeInfoHook                    
(NORMAL      ) IterTimerHook                      
 -------------------- 
after_train_iter:
(VERY_HIGH   ) RuntimeInfoHook                    
(NORMAL      ) IterTimerHook                      
(BELOW_NORMAL) LoggerHook                         
(LOW         ) ParamSchedulerHook                 
(VERY_LOW    ) CheckpointHook                     
(VERY_LOW    ) CheckInvalidLossHook               
 -------------------- 
after_train_epoch:
(NORMAL      ) IterTimerHook                      
(LOW         ) ParamSchedulerHook                 
(VERY_LOW    ) CheckpointHook                     
 -------------------- 
before_val:
(VERY_HIGH   ) RuntimeInfoHook                    
 -------------------- 
before_val_epoch:
(NORMAL      ) IterTimerHook                      
(NORMAL      ) NumClassCheckHook                  
 -------------------- 
before_val_iter:
(NORMAL      ) IterTimerHook                      
 -------------------- 
after_val_iter:
(NORMAL      ) IterTimerHook                      
(NORMAL      ) DetVisualizationHook               
(BELOW_NORMAL) LoggerHook                         
 -------------------- 
after_val_epoch:
(VERY_HIGH   ) RuntimeInfoHook                    
(NORMAL      ) IterTimerHook                      
(BELOW_NORMAL) LoggerHook                         
(LOW         ) ParamSchedulerHook                 
(VERY_LOW    ) CheckpointHook                     
 -------------------- 
after_val:
(VERY_HIGH   ) RuntimeInfoHook                    
 -------------------- 
after_train:
(VERY_HIGH   ) RuntimeInfoHook                    
(VERY_LOW    ) CheckpointHook                     
 -------------------- 
before_test:
(VERY_HIGH   ) RuntimeInfoHook                    
 -------------------- 
before_test_epoch:
(NORMAL      ) IterTimerHook                      
 -------------------- 
before_test_iter:
(NORMAL      ) IterTimerHook                      
 -------------------- 
after_test_iter:
(NORMAL      ) IterTimerHook                      
(NORMAL      ) DetVisualizationHook               
(BELOW_NORMAL) LoggerHook                         
 -------------------- 
after_test_epoch:
(VERY_HIGH   ) RuntimeInfoHook                    
(NORMAL      ) IterTimerHook                      
(BELOW_NORMAL) LoggerHook                         
 -------------------- 
after_test:
(VERY_HIGH   ) RuntimeInfoHook                    
 -------------------- 
after_run:
(BELOW_NORMAL) LoggerHook                         
 -------------------- 
2025/05/13 11:27:18 - mmengine - INFO - load model from: open-mmlab://vgg16_caffe
2025/05/13 11:27:18 - mmengine - INFO - Loads checkpoint by openmmlab backend from path: open-mmlab://vgg16_caffe
Name of parameter - Initialization information

backbone.features.0.weight - torch.Size([64, 3, 3, 3]): 
PretrainedInit: load from open-mmlab://vgg16_caffe 

backbone.features.0.bias - torch.Size([64]): 
PretrainedInit: load from open-mmlab://vgg16_caffe 

backbone.features.2.weight - torch.Size([64, 64, 3, 3]): 
PretrainedInit: load from open-mmlab://vgg16_caffe 

backbone.features.2.bias - torch.Size([64]): 
PretrainedInit: load from open-mmlab://vgg16_caffe 

backbone.features.5.weight - torch.Size([128, 64, 3, 3]): 
PretrainedInit: load from open-mmlab://vgg16_caffe 

backbone.features.5.bias - torch.Size([128]): 
PretrainedInit: load from open-mmlab://vgg16_caffe 

backbone.features.7.weight - torch.Size([128, 128, 3, 3]): 
PretrainedInit: load from open-mmlab://vgg16_caffe 

backbone.features.7.bias - torch.Size([128]): 
PretrainedInit: load from open-mmlab://vgg16_caffe 

backbone.features.10.weight - torch.Size([256, 128, 3, 3]): 
PretrainedInit: load from open-mmlab://vgg16_caffe 

backbone.features.10.bias - torch.Size([256]): 
PretrainedInit: load from open-mmlab://vgg16_caffe 

backbone.features.12.weight - torch.Size([256, 256, 3, 3]): 
PretrainedInit: load from open-mmlab://vgg16_caffe 

backbone.features.12.bias - torch.Size([256]): 
PretrainedInit: load from open-mmlab://vgg16_caffe 

backbone.features.14.weight - torch.Size([256, 256, 3, 3]): 
PretrainedInit: load from open-mmlab://vgg16_caffe 

backbone.features.14.bias - torch.Size([256]): 
PretrainedInit: load from open-mmlab://vgg16_caffe 

backbone.features.17.weight - torch.Size([512, 256, 3, 3]): 
PretrainedInit: load from open-mmlab://vgg16_caffe 

backbone.features.17.bias - torch.Size([512]): 
PretrainedInit: load from open-mmlab://vgg16_caffe 

backbone.features.19.weight - torch.Size([512, 512, 3, 3]): 
PretrainedInit: load from open-mmlab://vgg16_caffe 

backbone.features.19.bias - torch.Size([512]): 
PretrainedInit: load from open-mmlab://vgg16_caffe 

backbone.features.21.weight - torch.Size([512, 512, 3, 3]): 
PretrainedInit: load from open-mmlab://vgg16_caffe 

backbone.features.21.bias - torch.Size([512]): 
PretrainedInit: load from open-mmlab://vgg16_caffe 

backbone.features.24.weight - torch.Size([512, 512, 3, 3]): 
PretrainedInit: load from open-mmlab://vgg16_caffe 

backbone.features.24.bias - torch.Size([512]): 
PretrainedInit: load from open-mmlab://vgg16_caffe 

backbone.features.26.weight - torch.Size([512, 512, 3, 3]): 
PretrainedInit: load from open-mmlab://vgg16_caffe 

backbone.features.26.bias - torch.Size([512]): 
PretrainedInit: load from open-mmlab://vgg16_caffe 

backbone.features.28.weight - torch.Size([512, 512, 3, 3]): 
PretrainedInit: load from open-mmlab://vgg16_caffe 

backbone.features.28.bias - torch.Size([512]): 
PretrainedInit: load from open-mmlab://vgg16_caffe 

backbone.features.31.weight - torch.Size([1024, 512, 3, 3]): 
PretrainedInit: load from open-mmlab://vgg16_caffe 

backbone.features.31.bias - torch.Size([1024]): 
PretrainedInit: load from open-mmlab://vgg16_caffe 

backbone.features.33.weight - torch.Size([1024, 1024, 1, 1]): 
PretrainedInit: load from open-mmlab://vgg16_caffe 

backbone.features.33.bias - torch.Size([1024]): 
PretrainedInit: load from open-mmlab://vgg16_caffe 

neck.l2_norm.weight - torch.Size([512]): 
ConstantInit: val=20, bias=0 

neck.extra_layers.0.0.conv.weight - torch.Size([256, 1024, 1, 1]): 
XavierInit: gain=1, distribution=uniform, bias=0 

neck.extra_layers.0.0.conv.bias - torch.Size([256]): 
The value is the same before and after calling `init_weights` of SingleStageDetector  

neck.extra_layers.0.1.conv.weight - torch.Size([512, 256, 3, 3]): 
XavierInit: gain=1, distribution=uniform, bias=0 

neck.extra_layers.0.1.conv.bias - torch.Size([512]): 
The value is the same before and after calling `init_weights` of SingleStageDetector  

neck.extra_layers.1.0.conv.weight - torch.Size([128, 512, 1, 1]): 
XavierInit: gain=1, distribution=uniform, bias=0 

neck.extra_layers.1.0.conv.bias - torch.Size([128]): 
The value is the same before and after calling `init_weights` of SingleStageDetector  

neck.extra_layers.1.1.conv.weight - torch.Size([256, 128, 3, 3]): 
XavierInit: gain=1, distribution=uniform, bias=0 

neck.extra_layers.1.1.conv.bias - torch.Size([256]): 
The value is the same before and after calling `init_weights` of SingleStageDetector  

neck.extra_layers.2.0.conv.weight - torch.Size([128, 256, 1, 1]): 
XavierInit: gain=1, distribution=uniform, bias=0 

neck.extra_layers.2.0.conv.bias - torch.Size([128]): 
The value is the same before and after calling `init_weights` of SingleStageDetector  

neck.extra_layers.2.1.conv.weight - torch.Size([256, 128, 3, 3]): 
XavierInit: gain=1, distribution=uniform, bias=0 

neck.extra_layers.2.1.conv.bias - torch.Size([256]): 
The value is the same before and after calling `init_weights` of SingleStageDetector  

neck.extra_layers.3.0.conv.weight - torch.Size([128, 256, 1, 1]): 
XavierInit: gain=1, distribution=uniform, bias=0 

neck.extra_layers.3.0.conv.bias - torch.Size([128]): 
The value is the same before and after calling `init_weights` of SingleStageDetector  

neck.extra_layers.3.1.conv.weight - torch.Size([256, 128, 3, 3]): 
XavierInit: gain=1, distribution=uniform, bias=0 

neck.extra_layers.3.1.conv.bias - torch.Size([256]): 
The value is the same before and after calling `init_weights` of SingleStageDetector  

bbox_head.cls_convs.0.0.weight - torch.Size([20, 512, 3, 3]): 
XavierInit: gain=1, distribution=uniform, bias=0 

bbox_head.cls_convs.0.0.bias - torch.Size([20]): 
XavierInit: gain=1, distribution=uniform, bias=0 

bbox_head.cls_convs.1.0.weight - torch.Size([30, 1024, 3, 3]): 
XavierInit: gain=1, distribution=uniform, bias=0 

bbox_head.cls_convs.1.0.bias - torch.Size([30]): 
XavierInit: gain=1, distribution=uniform, bias=0 

bbox_head.cls_convs.2.0.weight - torch.Size([30, 512, 3, 3]): 
XavierInit: gain=1, distribution=uniform, bias=0 

bbox_head.cls_convs.2.0.bias - torch.Size([30]): 
XavierInit: gain=1, distribution=uniform, bias=0 

bbox_head.cls_convs.3.0.weight - torch.Size([30, 256, 3, 3]): 
XavierInit: gain=1, distribution=uniform, bias=0 

bbox_head.cls_convs.3.0.bias - torch.Size([30]): 
XavierInit: gain=1, distribution=uniform, bias=0 

bbox_head.cls_convs.4.0.weight - torch.Size([20, 256, 3, 3]): 
XavierInit: gain=1, distribution=uniform, bias=0 

bbox_head.cls_convs.4.0.bias - torch.Size([20]): 
XavierInit: gain=1, distribution=uniform, bias=0 

bbox_head.cls_convs.5.0.weight - torch.Size([20, 256, 3, 3]): 
XavierInit: gain=1, distribution=uniform, bias=0 

bbox_head.cls_convs.5.0.bias - torch.Size([20]): 
XavierInit: gain=1, distribution=uniform, bias=0 

bbox_head.reg_convs.0.0.weight - torch.Size([16, 512, 3, 3]): 
XavierInit: gain=1, distribution=uniform, bias=0 

bbox_head.reg_convs.0.0.bias - torch.Size([16]): 
XavierInit: gain=1, distribution=uniform, bias=0 

bbox_head.reg_convs.1.0.weight - torch.Size([24, 1024, 3, 3]): 
XavierInit: gain=1, distribution=uniform, bias=0 

bbox_head.reg_convs.1.0.bias - torch.Size([24]): 
XavierInit: gain=1, distribution=uniform, bias=0 

bbox_head.reg_convs.2.0.weight - torch.Size([24, 512, 3, 3]): 
XavierInit: gain=1, distribution=uniform, bias=0 

bbox_head.reg_convs.2.0.bias - torch.Size([24]): 
XavierInit: gain=1, distribution=uniform, bias=0 

bbox_head.reg_convs.3.0.weight - torch.Size([24, 256, 3, 3]): 
XavierInit: gain=1, distribution=uniform, bias=0 

bbox_head.reg_convs.3.0.bias - torch.Size([24]): 
XavierInit: gain=1, distribution=uniform, bias=0 

bbox_head.reg_convs.4.0.weight - torch.Size([16, 256, 3, 3]): 
XavierInit: gain=1, distribution=uniform, bias=0 

bbox_head.reg_convs.4.0.bias - torch.Size([16]): 
XavierInit: gain=1, distribution=uniform, bias=0 

bbox_head.reg_convs.5.0.weight - torch.Size([16, 256, 3, 3]): 
XavierInit: gain=1, distribution=uniform, bias=0 

bbox_head.reg_convs.5.0.bias - torch.Size([16]): 
XavierInit: gain=1, distribution=uniform, bias=0 
2025/05/13 11:27:18 - mmengine - WARNING - "FileClient" will be deprecated in future. Please use io functions in https://mmengine.readthedocs.io/en/latest/api/fileio.html#file-io
2025/05/13 11:27:18 - mmengine - WARNING - "HardDiskBackend" is the alias of "LocalBackend" and the former will be deprecated in future.
2025/05/13 11:27:18 - mmengine - INFO - Checkpoints will be saved to D:\Repositories\test\25-05-09\ssd300.
2025/05/13 11:27:39 - mmengine - INFO - Epoch(train)  [1][ 50/352]  lr: 1.9820e-04  eta: 1:15:11  time: 0.4292  data_time: 0.1762  memory: 1437  loss: 10.9911  loss_cls: 7.8542  loss_bbox: 3.1369
2025/05/13 11:27:51 - mmengine - INFO - Epoch(train)  [1][100/352]  lr: 3.9840e-04  eta: 0:58:36  time: 0.2432  data_time: 0.0033  memory: 1437  loss: 6.4248  loss_cls: 3.8914  loss_bbox: 2.5334
2025/05/13 11:28:04 - mmengine - INFO - Epoch(train)  [1][150/352]  lr: 5.9860e-04  eta: 0:52:59  time: 0.2440  data_time: 0.0031  memory: 1437  loss: 5.7190  loss_cls: 3.4863  loss_bbox: 2.2326
2025/05/13 11:28:16 - mmengine - INFO - Epoch(train)  [1][200/352]  lr: 7.9880e-04  eta: 0:50:08  time: 0.2453  data_time: 0.0032  memory: 1437  loss: 5.3268  loss_cls: 3.3501  loss_bbox: 1.9767
2025/05/13 11:28:28 - mmengine - INFO - Epoch(train)  [1][250/352]  lr: 9.9900e-04  eta: 0:48:13  time: 0.2417  data_time: 0.0033  memory: 1437  loss: 5.0530  loss_cls: 3.2420  loss_bbox: 1.8111
2025/05/13 11:28:40 - mmengine - INFO - Epoch(train)  [1][300/352]  lr: 1.1992e-03  eta: 0:46:55  time: 0.2433  data_time: 0.0031  memory: 1437  loss: 4.9658  loss_cls: 3.1661  loss_bbox: 1.7997
2025/05/13 11:28:52 - mmengine - INFO - Epoch(train)  [1][350/352]  lr: 1.3994e-03  eta: 0:45:57  time: 0.2439  data_time: 0.0031  memory: 1437  loss: 4.5723  loss_cls: 2.9709  loss_bbox: 1.6014
2025/05/13 11:28:53 - mmengine - INFO - Exp name: ssd300_fs_pmd_aff_20250513_112712
2025/05/13 11:29:02 - mmengine - INFO - Evaluating bbox...
2025/05/13 11:29:05 - mmengine - INFO - bbox_mAP_copypaste: 0.130 0.382 0.038 -1.000 0.079 0.148
2025/05/13 11:29:05 - mmengine - INFO - Epoch(val) [1][7/7]    coco/bbox_mAP: 0.1300  coco/bbox_mAP_50: 0.3820  coco/bbox_mAP_75: 0.0380  coco/bbox_mAP_s: -1.0000  coco/bbox_mAP_m: 0.0790  coco/bbox_mAP_l: 0.1480  data_time: 1.1781  time: 1.3008
2025/05/13 11:29:05 - mmengine - INFO - The best checkpoint with 0.1300 coco/bbox_mAP at 1 epoch is saved to best_coco_bbox_mAP_epoch_1.pth.
2025/05/13 11:29:18 - mmengine - INFO - Epoch(train)  [2][ 50/352]  lr: 1.6076e-03  eta: 0:45:21  time: 0.2532  data_time: 0.0086  memory: 1437  loss: 4.8222  loss_cls: 3.2104  loss_bbox: 1.6118
2025/05/13 11:29:30 - mmengine - INFO - Epoch(train)  [2][100/352]  lr: 1.8078e-03  eta: 0:44:39  time: 0.2421  data_time: 0.0031  memory: 1437  loss: 4.6614  loss_cls: 3.0788  loss_bbox: 1.5826
2025/05/13 11:29:42 - mmengine - INFO - Epoch(train)  [2][150/352]  lr: 2.0000e-03  eta: 0:43:59  time: 0.2390  data_time: 0.0032  memory: 1437  loss: 4.7495  loss_cls: 3.2141  loss_bbox: 1.5354
2025/05/13 11:29:54 - mmengine - INFO - Epoch(train)  [2][200/352]  lr: 2.0000e-03  eta: 0:43:28  time: 0.2418  data_time: 0.0032  memory: 1437  loss: 4.4837  loss_cls: 2.9084  loss_bbox: 1.5753
2025/05/13 11:30:06 - mmengine - INFO - Epoch(train)  [2][250/352]  lr: 2.0000e-03  eta: 0:42:59  time: 0.2416  data_time: 0.0032  memory: 1437  loss: 4.2052  loss_cls: 2.7852  loss_bbox: 1.4200
2025/05/13 11:30:18 - mmengine - INFO - Epoch(train)  [2][300/352]  lr: 2.0000e-03  eta: 0:42:32  time: 0.2408  data_time: 0.0032  memory: 1437  loss: 4.0949  loss_cls: 2.7463  loss_bbox: 1.3486
2025/05/13 11:30:30 - mmengine - INFO - Epoch(train)  [2][350/352]  lr: 2.0000e-03  eta: 0:42:07  time: 0.2397  data_time: 0.0032  memory: 1437  loss: 4.0957  loss_cls: 2.7536  loss_bbox: 1.3422
2025/05/13 11:30:30 - mmengine - INFO - Exp name: ssd300_fs_pmd_aff_20250513_112712
2025/05/13 11:30:31 - mmengine - INFO - Evaluating bbox...
2025/05/13 11:30:34 - mmengine - INFO - bbox_mAP_copypaste: 0.173 0.457 0.074 -1.000 0.120 0.189
2025/05/13 11:30:34 - mmengine - INFO - Epoch(val) [2][7/7]    coco/bbox_mAP: 0.1730  coco/bbox_mAP_50: 0.4570  coco/bbox_mAP_75: 0.0740  coco/bbox_mAP_s: -1.0000  coco/bbox_mAP_m: 0.1200  coco/bbox_mAP_l: 0.1890  data_time: 0.0614  time: 0.1357
2025/05/13 11:30:34 - mmengine - INFO - The previous best checkpoint D:\Repositories\test\25-05-09\ssd300\best_coco_bbox_mAP_epoch_1.pth is removed
2025/05/13 11:30:35 - mmengine - INFO - The best checkpoint with 0.1730 coco/bbox_mAP at 2 epoch is saved to best_coco_bbox_mAP_epoch_2.pth.
2025/05/13 11:30:47 - mmengine - INFO - Epoch(train)  [3][ 50/352]  lr: 2.0000e-03  eta: 0:41:49  time: 0.2510  data_time: 0.0084  memory: 1437  loss: 3.8814  loss_cls: 2.6207  loss_bbox: 1.2607
2025/05/13 11:30:59 - mmengine - INFO - Epoch(train)  [3][100/352]  lr: 2.0000e-03  eta: 0:41:28  time: 0.2417  data_time: 0.0033  memory: 1437  loss: 3.9626  loss_cls: 2.6628  loss_bbox: 1.2999
2025/05/13 11:31:12 - mmengine - INFO - Epoch(train)  [3][150/352]  lr: 2.0000e-03  eta: 0:41:10  time: 0.2463  data_time: 0.0032  memory: 1437  loss: 3.6833  loss_cls: 2.5182  loss_bbox: 1.1650
2025/05/13 11:31:24 - mmengine - INFO - Epoch(train)  [3][200/352]  lr: 2.0000e-03  eta: 0:40:51  time: 0.2440  data_time: 0.0034  memory: 1437  loss: 3.6682  loss_cls: 2.5097  loss_bbox: 1.1584
2025/05/13 11:31:36 - mmengine - INFO - Epoch(train)  [3][250/352]  lr: 2.0000e-03  eta: 0:40:33  time: 0.2418  data_time: 0.0032  memory: 1437  loss: 3.7762  loss_cls: 2.6099  loss_bbox: 1.1662
2025/05/13 11:31:47 - mmengine - INFO - Exp name: ssd300_fs_pmd_aff_20250513_112712
2025/05/13 11:31:48 - mmengine - INFO - Epoch(train)  [3][300/352]  lr: 2.0000e-03  eta: 0:40:15  time: 0.2419  data_time: 0.0033  memory: 1437  loss: 3.7013  loss_cls: 2.5488  loss_bbox: 1.1526
2025/05/13 11:32:00 - mmengine - INFO - Epoch(train)  [3][350/352]  lr: 2.0000e-03  eta: 0:39:57  time: 0.2422  data_time: 0.0031  memory: 1437  loss: 3.4728  loss_cls: 2.4011  loss_bbox: 1.0717
2025/05/13 11:32:01 - mmengine - INFO - Exp name: ssd300_fs_pmd_aff_20250513_112712
2025/05/13 11:32:02 - mmengine - INFO - Evaluating bbox...
2025/05/13 11:32:04 - mmengine - INFO - bbox_mAP_copypaste: 0.217 0.601 0.079 -1.000 0.171 0.234
2025/05/13 11:32:04 - mmengine - INFO - Epoch(val) [3][7/7]    coco/bbox_mAP: 0.2170  coco/bbox_mAP_50: 0.6010  coco/bbox_mAP_75: 0.0790  coco/bbox_mAP_s: -1.0000  coco/bbox_mAP_m: 0.1710  coco/bbox_mAP_l: 0.2340  data_time: 0.0625  time: 0.1264
2025/05/13 11:32:04 - mmengine - INFO - The previous best checkpoint D:\Repositories\test\25-05-09\ssd300\best_coco_bbox_mAP_epoch_2.pth is removed
2025/05/13 11:32:05 - mmengine - INFO - The best checkpoint with 0.2170 coco/bbox_mAP at 3 epoch is saved to best_coco_bbox_mAP_epoch_3.pth.
2025/05/13 11:32:17 - mmengine - INFO - Epoch(train)  [4][ 50/352]  lr: 2.0000e-03  eta: 0:39:44  time: 0.2537  data_time: 0.0091  memory: 1437  loss: 3.3612  loss_cls: 2.3179  loss_bbox: 1.0433
2025/05/13 11:32:30 - mmengine - INFO - Epoch(train)  [4][100/352]  lr: 2.0000e-03  eta: 0:39:30  time: 0.2469  data_time: 0.0032  memory: 1437  loss: 3.3324  loss_cls: 2.2954  loss_bbox: 1.0370
2025/05/13 11:32:42 - mmengine - INFO - Epoch(train)  [4][150/352]  lr: 2.0000e-03  eta: 0:39:12  time: 0.2402  data_time: 0.0032  memory: 1437  loss: 3.4520  loss_cls: 2.3968  loss_bbox: 1.0552
2025/05/13 11:32:54 - mmengine - INFO - Epoch(train)  [4][200/352]  lr: 2.0000e-03  eta: 0:38:56  time: 0.2416  data_time: 0.0033  memory: 1437  loss: 3.3845  loss_cls: 2.3345  loss_bbox: 1.0500
2025/05/13 11:33:06 - mmengine - INFO - Epoch(train)  [4][250/352]  lr: 2.0000e-03  eta: 0:38:40  time: 0.2405  data_time: 0.0032  memory: 1437  loss: 3.3439  loss_cls: 2.3254  loss_bbox: 1.0185
2025/05/13 11:33:18 - mmengine - INFO - Epoch(train)  [4][300/352]  lr: 2.0000e-03  eta: 0:38:24  time: 0.2410  data_time: 0.0032  memory: 1437  loss: 3.2863  loss_cls: 2.2746  loss_bbox: 1.0118
2025/05/13 11:33:30 - mmengine - INFO - Epoch(train)  [4][350/352]  lr: 2.0000e-03  eta: 0:38:09  time: 0.2427  data_time: 0.0033  memory: 1437  loss: 3.1896  loss_cls: 2.2085  loss_bbox: 0.9811
2025/05/13 11:33:31 - mmengine - INFO - Exp name: ssd300_fs_pmd_aff_20250513_112712
2025/05/13 11:33:32 - mmengine - INFO - Evaluating bbox...
2025/05/13 11:33:34 - mmengine - INFO - bbox_mAP_copypaste: 0.245 0.609 0.132 -1.000 0.091 0.272
2025/05/13 11:33:34 - mmengine - INFO - Epoch(val) [4][7/7]    coco/bbox_mAP: 0.2450  coco/bbox_mAP_50: 0.6090  coco/bbox_mAP_75: 0.1320  coco/bbox_mAP_s: -1.0000  coco/bbox_mAP_m: 0.0910  coco/bbox_mAP_l: 0.2720  data_time: 0.0627  time: 0.1280
2025/05/13 11:33:34 - mmengine - INFO - The previous best checkpoint D:\Repositories\test\25-05-09\ssd300\best_coco_bbox_mAP_epoch_3.pth is removed
2025/05/13 11:33:35 - mmengine - INFO - The best checkpoint with 0.2450 coco/bbox_mAP at 4 epoch is saved to best_coco_bbox_mAP_epoch_4.pth.
2025/05/13 11:33:47 - mmengine - INFO - Epoch(train)  [5][ 50/352]  lr: 2.0000e-03  eta: 0:37:56  time: 0.2508  data_time: 0.0084  memory: 1437  loss: 3.2440  loss_cls: 2.2472  loss_bbox: 0.9968
2025/05/13 11:33:59 - mmengine - INFO - Epoch(train)  [5][100/352]  lr: 2.0000e-03  eta: 0:37:41  time: 0.2435  data_time: 0.0033  memory: 1437  loss: 3.2477  loss_cls: 2.2662  loss_bbox: 0.9815
2025/05/13 11:34:12 - mmengine - INFO - Epoch(train)  [5][150/352]  lr: 2.0000e-03  eta: 0:37:26  time: 0.2414  data_time: 0.0032  memory: 1437  loss: 3.1760  loss_cls: 2.2065  loss_bbox: 0.9695
2025/05/13 11:34:24 - mmengine - INFO - Epoch(train)  [5][200/352]  lr: 2.0000e-03  eta: 0:37:13  time: 0.2459  data_time: 0.0032  memory: 1437  loss: 3.2228  loss_cls: 2.2141  loss_bbox: 1.0086
2025/05/13 11:34:36 - mmengine - INFO - Epoch(train)  [5][250/352]  lr: 2.0000e-03  eta: 0:36:58  time: 0.2412  data_time: 0.0032  memory: 1437  loss: 3.1762  loss_cls: 2.2434  loss_bbox: 0.9328
2025/05/13 11:34:48 - mmengine - INFO - Epoch(train)  [5][300/352]  lr: 2.0000e-03  eta: 0:36:44  time: 0.2432  data_time: 0.0031  memory: 1437  loss: 3.1235  loss_cls: 2.1989  loss_bbox: 0.9246
2025/05/13 11:35:00 - mmengine - INFO - Epoch(train)  [5][350/352]  lr: 2.0000e-03  eta: 0:36:30  time: 0.2419  data_time: 0.0032  memory: 1437  loss: 3.0590  loss_cls: 2.1649  loss_bbox: 0.8941
2025/05/13 11:35:01 - mmengine - INFO - Exp name: ssd300_fs_pmd_aff_20250513_112712
2025/05/13 11:35:02 - mmengine - INFO - Evaluating bbox...
2025/05/13 11:35:04 - mmengine - INFO - bbox_mAP_copypaste: 0.263 0.628 0.138 -1.000 0.174 0.286
2025/05/13 11:35:04 - mmengine - INFO - Epoch(val) [5][7/7]    coco/bbox_mAP: 0.2630  coco/bbox_mAP_50: 0.6280  coco/bbox_mAP_75: 0.1380  coco/bbox_mAP_s: -1.0000  coco/bbox_mAP_m: 0.1740  coco/bbox_mAP_l: 0.2860  data_time: 0.0629  time: 0.1269
2025/05/13 11:35:04 - mmengine - INFO - The previous best checkpoint D:\Repositories\test\25-05-09\ssd300\best_coco_bbox_mAP_epoch_4.pth is removed
2025/05/13 11:35:05 - mmengine - INFO - The best checkpoint with 0.2630 coco/bbox_mAP at 5 epoch is saved to best_coco_bbox_mAP_epoch_5.pth.
2025/05/13 11:35:17 - mmengine - INFO - Epoch(train)  [6][ 50/352]  lr: 2.0000e-03  eta: 0:36:18  time: 0.2521  data_time: 0.0085  memory: 1437  loss: 3.0673  loss_cls: 2.1388  loss_bbox: 0.9285
2025/05/13 11:35:29 - mmengine - INFO - Epoch(train)  [6][100/352]  lr: 2.0000e-03  eta: 0:36:03  time: 0.2383  data_time: 0.0034  memory: 1437  loss: 3.0032  loss_cls: 2.1247  loss_bbox: 0.8785
2025/05/13 11:35:41 - mmengine - INFO - Epoch(train)  [6][150/352]  lr: 2.0000e-03  eta: 0:35:49  time: 0.2443  data_time: 0.0035  memory: 1437  loss: 3.0317  loss_cls: 2.1513  loss_bbox: 0.8804
2025/05/13 11:35:53 - mmengine - INFO - Epoch(train)  [6][200/352]  lr: 2.0000e-03  eta: 0:35:35  time: 0.2409  data_time: 0.0032  memory: 1437  loss: 2.9925  loss_cls: 2.1236  loss_bbox: 0.8689
2025/05/13 11:36:03 - mmengine - INFO - Exp name: ssd300_fs_pmd_aff_20250513_112712
2025/05/13 11:36:05 - mmengine - INFO - Epoch(train)  [6][250/352]  lr: 2.0000e-03  eta: 0:35:21  time: 0.2405  data_time: 0.0032  memory: 1437  loss: 3.0266  loss_cls: 2.1305  loss_bbox: 0.8961
2025/05/13 11:36:18 - mmengine - INFO - Epoch(train)  [6][300/352]  lr: 2.0000e-03  eta: 0:35:07  time: 0.2422  data_time: 0.0032  memory: 1437  loss: 2.9810  loss_cls: 2.1125  loss_bbox: 0.8686
2025/05/13 11:36:30 - mmengine - INFO - Epoch(train)  [6][350/352]  lr: 2.0000e-03  eta: 0:34:54  time: 0.2412  data_time: 0.0034  memory: 1437  loss: 3.0810  loss_cls: 2.1772  loss_bbox: 0.9038
2025/05/13 11:36:30 - mmengine - INFO - Exp name: ssd300_fs_pmd_aff_20250513_112712
2025/05/13 11:36:31 - mmengine - INFO - Evaluating bbox...
2025/05/13 11:36:34 - mmengine - INFO - bbox_mAP_copypaste: 0.187 0.557 0.057 -1.000 0.132 0.200
2025/05/13 11:36:34 - mmengine - INFO - Epoch(val) [6][7/7]    coco/bbox_mAP: 0.1870  coco/bbox_mAP_50: 0.5570  coco/bbox_mAP_75: 0.0570  coco/bbox_mAP_s: -1.0000  coco/bbox_mAP_m: 0.1320  coco/bbox_mAP_l: 0.2000  data_time: 0.0618  time: 0.1244
2025/05/13 11:36:46 - mmengine - INFO - Epoch(train)  [7][ 50/352]  lr: 2.0000e-03  eta: 0:34:42  time: 0.2537  data_time: 0.0083  memory: 1437  loss: 3.0601  loss_cls: 2.1233  loss_bbox: 0.9368
2025/05/13 11:36:59 - mmengine - INFO - Epoch(train)  [7][100/352]  lr: 2.0000e-03  eta: 0:34:29  time: 0.2470  data_time: 0.0033  memory: 1437  loss: 2.9676  loss_cls: 2.1016  loss_bbox: 0.8660
2025/05/13 11:37:11 - mmengine - INFO - Epoch(train)  [7][150/352]  lr: 2.0000e-03  eta: 0:34:16  time: 0.2425  data_time: 0.0034  memory: 1437  loss: 2.9583  loss_cls: 2.1029  loss_bbox: 0.8555
2025/05/13 11:37:23 - mmengine - INFO - Epoch(train)  [7][200/352]  lr: 2.0000e-03  eta: 0:34:02  time: 0.2403  data_time: 0.0032  memory: 1437  loss: 2.9344  loss_cls: 2.0804  loss_bbox: 0.8540
2025/05/13 11:37:35 - mmengine - INFO - Epoch(train)  [7][250/352]  lr: 2.0000e-03  eta: 0:33:48  time: 0.2407  data_time: 0.0031  memory: 1437  loss: 2.9276  loss_cls: 2.0495  loss_bbox: 0.8781
2025/05/13 11:37:47 - mmengine - INFO - Epoch(train)  [7][300/352]  lr: 2.0000e-03  eta: 0:33:35  time: 0.2431  data_time: 0.0030  memory: 1437  loss: 2.9754  loss_cls: 2.0735  loss_bbox: 0.9019
2025/05/13 11:37:59 - mmengine - INFO - Epoch(train)  [7][350/352]  lr: 2.0000e-03  eta: 0:33:22  time: 0.2430  data_time: 0.0032  memory: 1437  loss: 2.9653  loss_cls: 2.0841  loss_bbox: 0.8812
2025/05/13 11:38:00 - mmengine - INFO - Exp name: ssd300_fs_pmd_aff_20250513_112712
2025/05/13 11:38:01 - mmengine - INFO - Evaluating bbox...
2025/05/13 11:38:03 - mmengine - INFO - bbox_mAP_copypaste: 0.345 0.699 0.283 -1.000 0.199 0.371
2025/05/13 11:38:03 - mmengine - INFO - Epoch(val) [7][7/7]    coco/bbox_mAP: 0.3450  coco/bbox_mAP_50: 0.6990  coco/bbox_mAP_75: 0.2830  coco/bbox_mAP_s: -1.0000  coco/bbox_mAP_m: 0.1990  coco/bbox_mAP_l: 0.3710  data_time: 0.0653  time: 0.1268
2025/05/13 11:38:03 - mmengine - INFO - The previous best checkpoint D:\Repositories\test\25-05-09\ssd300\best_coco_bbox_mAP_epoch_5.pth is removed
2025/05/13 11:38:04 - mmengine - INFO - The best checkpoint with 0.3450 coco/bbox_mAP at 7 epoch is saved to best_coco_bbox_mAP_epoch_7.pth.
2025/05/13 11:38:16 - mmengine - INFO - Epoch(train)  [8][ 50/352]  lr: 2.0000e-03  eta: 0:33:10  time: 0.2540  data_time: 0.0084  memory: 1437  loss: 2.9347  loss_cls: 2.0809  loss_bbox: 0.8538
2025/05/13 11:38:28 - mmengine - INFO - Epoch(train)  [8][100/352]  lr: 2.0000e-03  eta: 0:32:57  time: 0.2434  data_time: 0.0031  memory: 1437  loss: 2.8566  loss_cls: 2.0375  loss_bbox: 0.8192
2025/05/13 11:38:41 - mmengine - INFO - Epoch(train)  [8][150/352]  lr: 2.0000e-03  eta: 0:32:44  time: 0.2449  data_time: 0.0034  memory: 1437  loss: 2.8872  loss_cls: 2.0374  loss_bbox: 0.8499
2025/05/13 11:38:53 - mmengine - INFO - Epoch(train)  [8][200/352]  lr: 2.0000e-03  eta: 0:32:31  time: 0.2425  data_time: 0.0031  memory: 1437  loss: 2.9088  loss_cls: 2.0494  loss_bbox: 0.8593
2025/05/13 11:39:05 - mmengine - INFO - Epoch(train)  [8][250/352]  lr: 2.0000e-03  eta: 0:32:18  time: 0.2435  data_time: 0.0031  memory: 1437  loss: 2.8601  loss_cls: 2.0268  loss_bbox: 0.8332
2025/05/13 11:39:17 - mmengine - INFO - Epoch(train)  [8][300/352]  lr: 2.0000e-03  eta: 0:32:06  time: 0.2428  data_time: 0.0033  memory: 1437  loss: 2.7693  loss_cls: 1.9841  loss_bbox: 0.7852
2025/05/13 11:39:29 - mmengine - INFO - Epoch(train)  [8][350/352]  lr: 2.0000e-03  eta: 0:31:52  time: 0.2407  data_time: 0.0033  memory: 1437  loss: 2.8311  loss_cls: 2.0030  loss_bbox: 0.8280
2025/05/13 11:39:30 - mmengine - INFO - Exp name: ssd300_fs_pmd_aff_20250513_112712
2025/05/13 11:39:31 - mmengine - INFO - Evaluating bbox...
2025/05/13 11:39:33 - mmengine - INFO - bbox_mAP_copypaste: 0.292 0.629 0.209 -1.000 0.184 0.315
2025/05/13 11:39:33 - mmengine - INFO - Epoch(val) [8][7/7]    coco/bbox_mAP: 0.2920  coco/bbox_mAP_50: 0.6290  coco/bbox_mAP_75: 0.2090  coco/bbox_mAP_s: -1.0000  coco/bbox_mAP_m: 0.1840  coco/bbox_mAP_l: 0.3150  data_time: 0.0678  time: 0.1284
2025/05/13 11:39:46 - mmengine - INFO - Epoch(train)  [9][ 50/352]  lr: 2.0000e-03  eta: 0:31:41  time: 0.2549  data_time: 0.0085  memory: 1437  loss: 2.8098  loss_cls: 1.9809  loss_bbox: 0.8288
2025/05/13 11:39:58 - mmengine - INFO - Epoch(train)  [9][100/352]  lr: 2.0000e-03  eta: 0:31:28  time: 0.2450  data_time: 0.0031  memory: 1437  loss: 2.7845  loss_cls: 1.9812  loss_bbox: 0.8032
2025/05/13 11:40:10 - mmengine - INFO - Epoch(train)  [9][150/352]  lr: 2.0000e-03  eta: 0:31:15  time: 0.2407  data_time: 0.0032  memory: 1437  loss: 2.8083  loss_cls: 1.9885  loss_bbox: 0.8198
2025/05/13 11:40:19 - mmengine - INFO - Exp name: ssd300_fs_pmd_aff_20250513_112712
2025/05/13 11:40:22 - mmengine - INFO - Epoch(train)  [9][200/352]  lr: 2.0000e-03  eta: 0:31:02  time: 0.2405  data_time: 0.0033  memory: 1437  loss: 2.8211  loss_cls: 1.9851  loss_bbox: 0.8360
2025/05/13 11:40:34 - mmengine - INFO - Epoch(train)  [9][250/352]  lr: 2.0000e-03  eta: 0:30:49  time: 0.2421  data_time: 0.0034  memory: 1437  loss: 2.7493  loss_cls: 1.9779  loss_bbox: 0.7714
2025/05/13 11:40:47 - mmengine - INFO - Epoch(train)  [9][300/352]  lr: 2.0000e-03  eta: 0:30:36  time: 0.2454  data_time: 0.0032  memory: 1437  loss: 2.8038  loss_cls: 1.9862  loss_bbox: 0.8176
2025/05/13 11:40:59 - mmengine - INFO - Epoch(train)  [9][350/352]  lr: 2.0000e-03  eta: 0:30:23  time: 0.2401  data_time: 0.0033  memory: 1437  loss: 2.7565  loss_cls: 1.9684  loss_bbox: 0.7880
2025/05/13 11:40:59 - mmengine - INFO - Exp name: ssd300_fs_pmd_aff_20250513_112712
2025/05/13 11:41:00 - mmengine - INFO - Evaluating bbox...
2025/05/13 11:41:03 - mmengine - INFO - bbox_mAP_copypaste: 0.342 0.633 0.326 -1.000 0.211 0.372
2025/05/13 11:41:03 - mmengine - INFO - Epoch(val) [9][7/7]    coco/bbox_mAP: 0.3420  coco/bbox_mAP_50: 0.6330  coco/bbox_mAP_75: 0.3260  coco/bbox_mAP_s: -1.0000  coco/bbox_mAP_m: 0.2110  coco/bbox_mAP_l: 0.3720  data_time: 0.0611  time: 0.1224
2025/05/13 11:41:16 - mmengine - INFO - Epoch(train) [10][ 50/352]  lr: 2.0000e-03  eta: 0:30:11  time: 0.2583  data_time: 0.0085  memory: 1437  loss: 2.8345  loss_cls: 1.9868  loss_bbox: 0.8477
2025/05/13 11:41:28 - mmengine - INFO - Epoch(train) [10][100/352]  lr: 2.0000e-03  eta: 0:29:59  time: 0.2432  data_time: 0.0032  memory: 1437  loss: 2.7909  loss_cls: 1.9862  loss_bbox: 0.8047
2025/05/13 11:41:40 - mmengine - INFO - Epoch(train) [10][150/352]  lr: 2.0000e-03  eta: 0:29:46  time: 0.2433  data_time: 0.0033  memory: 1437  loss: 2.7844  loss_cls: 1.9928  loss_bbox: 0.7916
2025/05/13 11:41:52 - mmengine - INFO - Epoch(train) [10][200/352]  lr: 2.0000e-03  eta: 0:29:34  time: 0.2467  data_time: 0.0032  memory: 1437  loss: 2.6901  loss_cls: 1.9123  loss_bbox: 0.7779
2025/05/13 11:42:04 - mmengine - INFO - Epoch(train) [10][250/352]  lr: 2.0000e-03  eta: 0:29:21  time: 0.2414  data_time: 0.0033  memory: 1437  loss: 2.7391  loss_cls: 1.9354  loss_bbox: 0.8037
2025/05/13 11:42:17 - mmengine - INFO - Epoch(train) [10][300/352]  lr: 2.0000e-03  eta: 0:29:08  time: 0.2452  data_time: 0.0031  memory: 1437  loss: 2.7771  loss_cls: 1.9988  loss_bbox: 0.7783
2025/05/13 11:42:28 - mmengine - INFO - Epoch(train) [10][350/352]  lr: 2.0000e-03  eta: 0:28:55  time: 0.2376  data_time: 0.0033  memory: 1437  loss: 2.7721  loss_cls: 1.9540  loss_bbox: 0.8180
2025/05/13 11:42:29 - mmengine - INFO - Exp name: ssd300_fs_pmd_aff_20250513_112712
2025/05/13 11:42:30 - mmengine - INFO - Evaluating bbox...
2025/05/13 11:42:33 - mmengine - INFO - bbox_mAP_copypaste: 0.313 0.640 0.258 -1.000 0.193 0.335
2025/05/13 11:42:33 - mmengine - INFO - Epoch(val) [10][7/7]    coco/bbox_mAP: 0.3130  coco/bbox_mAP_50: 0.6400  coco/bbox_mAP_75: 0.2580  coco/bbox_mAP_s: -1.0000  coco/bbox_mAP_m: 0.1930  coco/bbox_mAP_l: 0.3350  data_time: 0.0653  time: 0.1273
2025/05/13 11:42:45 - mmengine - INFO - Epoch(train) [11][ 50/352]  lr: 2.0000e-03  eta: 0:28:43  time: 0.2517  data_time: 0.0084  memory: 1437  loss: 2.6776  loss_cls: 1.9248  loss_bbox: 0.7528
2025/05/13 11:42:57 - mmengine - INFO - Epoch(train) [11][100/352]  lr: 2.0000e-03  eta: 0:28:30  time: 0.2437  data_time: 0.0032  memory: 1437  loss: 2.7830  loss_cls: 1.9748  loss_bbox: 0.8082
2025/05/13 11:43:09 - mmengine - INFO - Epoch(train) [11][150/352]  lr: 2.0000e-03  eta: 0:28:18  time: 0.2438  data_time: 0.0033  memory: 1437  loss: 2.6899  loss_cls: 1.9312  loss_bbox: 0.7587
2025/05/13 11:43:22 - mmengine - INFO - Epoch(train) [11][200/352]  lr: 2.0000e-03  eta: 0:28:05  time: 0.2463  data_time: 0.0032  memory: 1437  loss: 2.6548  loss_cls: 1.9039  loss_bbox: 0.7509
2025/05/13 11:43:34 - mmengine - INFO - Epoch(train) [11][250/352]  lr: 2.0000e-03  eta: 0:27:52  time: 0.2417  data_time: 0.0032  memory: 1437  loss: 2.6857  loss_cls: 1.9323  loss_bbox: 0.7534
2025/05/13 11:43:46 - mmengine - INFO - Epoch(train) [11][300/352]  lr: 2.0000e-03  eta: 0:27:40  time: 0.2439  data_time: 0.0032  memory: 1437  loss: 2.6743  loss_cls: 1.9086  loss_bbox: 0.7657
2025/05/13 11:43:58 - mmengine - INFO - Epoch(train) [11][350/352]  lr: 2.0000e-03  eta: 0:27:28  time: 0.2455  data_time: 0.0032  memory: 1437  loss: 2.7087  loss_cls: 1.9261  loss_bbox: 0.7826
2025/05/13 11:43:59 - mmengine - INFO - Exp name: ssd300_fs_pmd_aff_20250513_112712
2025/05/13 11:44:00 - mmengine - INFO - Evaluating bbox...
2025/05/13 11:44:02 - mmengine - INFO - bbox_mAP_copypaste: 0.384 0.720 0.362 -1.000 0.215 0.412
2025/05/13 11:44:02 - mmengine - INFO - Epoch(val) [11][7/7]    coco/bbox_mAP: 0.3840  coco/bbox_mAP_50: 0.7200  coco/bbox_mAP_75: 0.3620  coco/bbox_mAP_s: -1.0000  coco/bbox_mAP_m: 0.2150  coco/bbox_mAP_l: 0.4120  data_time: 0.0676  time: 0.1291
2025/05/13 11:44:02 - mmengine - INFO - The previous best checkpoint D:\Repositories\test\25-05-09\ssd300\best_coco_bbox_mAP_epoch_7.pth is removed
2025/05/13 11:44:03 - mmengine - INFO - The best checkpoint with 0.3840 coco/bbox_mAP at 11 epoch is saved to best_coco_bbox_mAP_epoch_11.pth.
2025/05/13 11:44:16 - mmengine - INFO - Epoch(train) [12][ 50/352]  lr: 2.0000e-03  eta: 0:27:15  time: 0.2538  data_time: 0.0084  memory: 1437  loss: 2.6643  loss_cls: 1.9196  loss_bbox: 0.7447
2025/05/13 11:44:28 - mmengine - INFO - Epoch(train) [12][100/352]  lr: 2.0000e-03  eta: 0:27:03  time: 0.2423  data_time: 0.0032  memory: 1437  loss: 2.5970  loss_cls: 1.8765  loss_bbox: 0.7205
2025/05/13 11:44:34 - mmengine - INFO - Exp name: ssd300_fs_pmd_aff_20250513_112712
2025/05/13 11:44:40 - mmengine - INFO - Epoch(train) [12][150/352]  lr: 2.0000e-03  eta: 0:26:50  time: 0.2441  data_time: 0.0032  memory: 1437  loss: 2.6926  loss_cls: 1.9441  loss_bbox: 0.7485
2025/05/13 11:44:52 - mmengine - INFO - Epoch(train) [12][200/352]  lr: 2.0000e-03  eta: 0:26:38  time: 0.2448  data_time: 0.0031  memory: 1437  loss: 2.6347  loss_cls: 1.8750  loss_bbox: 0.7597
2025/05/13 11:45:04 - mmengine - INFO - Epoch(train) [12][250/352]  lr: 2.0000e-03  eta: 0:26:25  time: 0.2407  data_time: 0.0032  memory: 1437  loss: 2.6667  loss_cls: 1.8977  loss_bbox: 0.7690
2025/05/13 11:45:16 - mmengine - INFO - Epoch(train) [12][300/352]  lr: 2.0000e-03  eta: 0:26:13  time: 0.2458  data_time: 0.0030  memory: 1437  loss: 2.6347  loss_cls: 1.8917  loss_bbox: 0.7430
2025/05/13 11:45:29 - mmengine - INFO - Epoch(train) [12][350/352]  lr: 2.0000e-03  eta: 0:26:00  time: 0.2444  data_time: 0.0033  memory: 1437  loss: 2.6496  loss_cls: 1.8916  loss_bbox: 0.7580
2025/05/13 11:45:29 - mmengine - INFO - Exp name: ssd300_fs_pmd_aff_20250513_112712
2025/05/13 11:45:30 - mmengine - INFO - Evaluating bbox...
2025/05/13 11:45:33 - mmengine - INFO - bbox_mAP_copypaste: 0.295 0.672 0.178 -1.000 0.214 0.311
2025/05/13 11:45:33 - mmengine - INFO - Epoch(val) [12][7/7]    coco/bbox_mAP: 0.2950  coco/bbox_mAP_50: 0.6720  coco/bbox_mAP_75: 0.1780  coco/bbox_mAP_s: -1.0000  coco/bbox_mAP_m: 0.2140  coco/bbox_mAP_l: 0.3110  data_time: 0.0584  time: 0.1221
2025/05/13 11:45:45 - mmengine - INFO - Epoch(train) [13][ 50/352]  lr: 2.0000e-03  eta: 0:25:48  time: 0.2518  data_time: 0.0085  memory: 1437  loss: 2.6324  loss_cls: 1.8822  loss_bbox: 0.7503
2025/05/13 11:45:57 - mmengine - INFO - Epoch(train) [13][100/352]  lr: 2.0000e-03  eta: 0:25:35  time: 0.2429  data_time: 0.0033  memory: 1437  loss: 2.5486  loss_cls: 1.8470  loss_bbox: 0.7016
2025/05/13 11:46:09 - mmengine - INFO - Epoch(train) [13][150/352]  lr: 2.0000e-03  eta: 0:25:23  time: 0.2437  data_time: 0.0033  memory: 1437  loss: 2.6141  loss_cls: 1.8740  loss_bbox: 0.7400
2025/05/13 11:46:22 - mmengine - INFO - Epoch(train) [13][200/352]  lr: 2.0000e-03  eta: 0:25:10  time: 0.2421  data_time: 0.0034  memory: 1437  loss: 2.6654  loss_cls: 1.9095  loss_bbox: 0.7558
2025/05/13 11:46:34 - mmengine - INFO - Epoch(train) [13][250/352]  lr: 2.0000e-03  eta: 0:24:57  time: 0.2430  data_time: 0.0032  memory: 1437  loss: 2.6318  loss_cls: 1.8988  loss_bbox: 0.7330
2025/05/13 11:46:46 - mmengine - INFO - Epoch(train) [13][300/352]  lr: 2.0000e-03  eta: 0:24:45  time: 0.2422  data_time: 0.0032  memory: 1437  loss: 2.6054  loss_cls: 1.8730  loss_bbox: 0.7323
2025/05/13 11:46:58 - mmengine - INFO - Epoch(train) [13][350/352]  lr: 2.0000e-03  eta: 0:24:32  time: 0.2433  data_time: 0.0031  memory: 1437  loss: 2.6158  loss_cls: 1.8953  loss_bbox: 0.7205
2025/05/13 11:46:58 - mmengine - INFO - Exp name: ssd300_fs_pmd_aff_20250513_112712
2025/05/13 11:47:00 - mmengine - INFO - Evaluating bbox...
2025/05/13 11:47:02 - mmengine - INFO - bbox_mAP_copypaste: 0.299 0.690 0.173 -1.000 0.140 0.327
2025/05/13 11:47:02 - mmengine - INFO - Epoch(val) [13][7/7]    coco/bbox_mAP: 0.2990  coco/bbox_mAP_50: 0.6900  coco/bbox_mAP_75: 0.1730  coco/bbox_mAP_s: -1.0000  coco/bbox_mAP_m: 0.1400  coco/bbox_mAP_l: 0.3270  data_time: 0.0671  time: 0.1305
2025/05/13 11:47:15 - mmengine - INFO - Epoch(train) [14][ 50/352]  lr: 2.0000e-03  eta: 0:24:20  time: 0.2526  data_time: 0.0086  memory: 1437  loss: 2.5656  loss_cls: 1.8514  loss_bbox: 0.7142
2025/05/13 11:47:27 - mmengine - INFO - Epoch(train) [14][100/352]  lr: 2.0000e-03  eta: 0:24:07  time: 0.2397  data_time: 0.0032  memory: 1437  loss: 2.5732  loss_cls: 1.8586  loss_bbox: 0.7146
2025/05/13 11:47:39 - mmengine - INFO - Epoch(train) [14][150/352]  lr: 2.0000e-03  eta: 0:23:55  time: 0.2427  data_time: 0.0034  memory: 1437  loss: 2.5687  loss_cls: 1.8512  loss_bbox: 0.7175
2025/05/13 11:47:51 - mmengine - INFO - Epoch(train) [14][200/352]  lr: 2.0000e-03  eta: 0:23:42  time: 0.2421  data_time: 0.0031  memory: 1437  loss: 2.5433  loss_cls: 1.8353  loss_bbox: 0.7080
2025/05/13 11:48:03 - mmengine - INFO - Epoch(train) [14][250/352]  lr: 2.0000e-03  eta: 0:23:30  time: 0.2418  data_time: 0.0032  memory: 1437  loss: 2.6083  loss_cls: 1.8882  loss_bbox: 0.7201
2025/05/13 11:48:15 - mmengine - INFO - Epoch(train) [14][300/352]  lr: 2.0000e-03  eta: 0:23:17  time: 0.2424  data_time: 0.0034  memory: 1437  loss: 2.6064  loss_cls: 1.8784  loss_bbox: 0.7280
2025/05/13 11:48:27 - mmengine - INFO - Epoch(train) [14][350/352]  lr: 2.0000e-03  eta: 0:23:04  time: 0.2383  data_time: 0.0033  memory: 1437  loss: 2.5712  loss_cls: 1.8593  loss_bbox: 0.7119
2025/05/13 11:48:28 - mmengine - INFO - Exp name: ssd300_fs_pmd_aff_20250513_112712
2025/05/13 11:48:29 - mmengine - INFO - Evaluating bbox...
2025/05/13 11:48:31 - mmengine - INFO - bbox_mAP_copypaste: 0.328 0.677 0.270 -1.000 0.143 0.359
2025/05/13 11:48:31 - mmengine - INFO - Epoch(val) [14][7/7]    coco/bbox_mAP: 0.3280  coco/bbox_mAP_50: 0.6770  coco/bbox_mAP_75: 0.2700  coco/bbox_mAP_s: -1.0000  coco/bbox_mAP_m: 0.1430  coco/bbox_mAP_l: 0.3590  data_time: 0.0642  time: 0.1262
2025/05/13 11:48:44 - mmengine - INFO - Epoch(train) [15][ 50/352]  lr: 2.0000e-03  eta: 0:22:52  time: 0.2499  data_time: 0.0085  memory: 1437  loss: 2.5826  loss_cls: 1.8587  loss_bbox: 0.7239
2025/05/13 11:48:49 - mmengine - INFO - Exp name: ssd300_fs_pmd_aff_20250513_112712
2025/05/13 11:48:56 - mmengine - INFO - Epoch(train) [15][100/352]  lr: 2.0000e-03  eta: 0:22:39  time: 0.2415  data_time: 0.0033  memory: 1437  loss: 2.5398  loss_cls: 1.8423  loss_bbox: 0.6975
2025/05/13 11:49:08 - mmengine - INFO - Epoch(train) [15][150/352]  lr: 2.0000e-03  eta: 0:22:27  time: 0.2395  data_time: 0.0033  memory: 1437  loss: 2.5766  loss_cls: 1.8530  loss_bbox: 0.7236
2025/05/13 11:49:20 - mmengine - INFO - Epoch(train) [15][200/352]  lr: 2.0000e-03  eta: 0:22:15  time: 0.2495  data_time: 0.0033  memory: 1437  loss: 2.5492  loss_cls: 1.8462  loss_bbox: 0.7030
2025/05/13 11:49:32 - mmengine - INFO - Epoch(train) [15][250/352]  lr: 2.0000e-03  eta: 0:22:02  time: 0.2390  data_time: 0.0032  memory: 1437  loss: 2.4992  loss_cls: 1.7985  loss_bbox: 0.7007
2025/05/13 11:49:44 - mmengine - INFO - Epoch(train) [15][300/352]  lr: 2.0000e-03  eta: 0:21:49  time: 0.2427  data_time: 0.0031  memory: 1437  loss: 2.5623  loss_cls: 1.8221  loss_bbox: 0.7401
2025/05/13 11:49:56 - mmengine - INFO - Epoch(train) [15][350/352]  lr: 2.0000e-03  eta: 0:21:37  time: 0.2383  data_time: 0.0033  memory: 1437  loss: 2.5355  loss_cls: 1.8245  loss_bbox: 0.7110
2025/05/13 11:49:57 - mmengine - INFO - Exp name: ssd300_fs_pmd_aff_20250513_112712
2025/05/13 11:49:58 - mmengine - INFO - Evaluating bbox...
2025/05/13 11:50:00 - mmengine - INFO - bbox_mAP_copypaste: 0.327 0.701 0.236 -1.000 0.217 0.347
2025/05/13 11:50:00 - mmengine - INFO - Epoch(val) [15][7/7]    coco/bbox_mAP: 0.3270  coco/bbox_mAP_50: 0.7010  coco/bbox_mAP_75: 0.2360  coco/bbox_mAP_s: -1.0000  coco/bbox_mAP_m: 0.2170  coco/bbox_mAP_l: 0.3470  data_time: 0.0647  time: 0.1276
2025/05/13 11:50:12 - mmengine - INFO - Epoch(train) [16][ 50/352]  lr: 2.0000e-03  eta: 0:21:24  time: 0.2468  data_time: 0.0088  memory: 1437  loss: 2.5187  loss_cls: 1.8083  loss_bbox: 0.7104
2025/05/13 11:50:25 - mmengine - INFO - Epoch(train) [16][100/352]  lr: 2.0000e-03  eta: 0:21:12  time: 0.2474  data_time: 0.0031  memory: 1437  loss: 2.5439  loss_cls: 1.8308  loss_bbox: 0.7131
2025/05/13 11:50:37 - mmengine - INFO - Epoch(train) [16][150/352]  lr: 2.0000e-03  eta: 0:20:59  time: 0.2413  data_time: 0.0031  memory: 1437  loss: 2.4791  loss_cls: 1.7818  loss_bbox: 0.6973
2025/05/13 11:50:49 - mmengine - INFO - Epoch(train) [16][200/352]  lr: 2.0000e-03  eta: 0:20:47  time: 0.2426  data_time: 0.0032  memory: 1437  loss: 2.5248  loss_cls: 1.8151  loss_bbox: 0.7097
2025/05/13 11:51:01 - mmengine - INFO - Epoch(train) [16][250/352]  lr: 2.0000e-03  eta: 0:20:35  time: 0.2421  data_time: 0.0032  memory: 1437  loss: 2.5698  loss_cls: 1.8643  loss_bbox: 0.7055
2025/05/13 11:51:13 - mmengine - INFO - Epoch(train) [16][300/352]  lr: 2.0000e-03  eta: 0:20:22  time: 0.2401  data_time: 0.0033  memory: 1437  loss: 2.5487  loss_cls: 1.8404  loss_bbox: 0.7083
2025/05/13 11:51:25 - mmengine - INFO - Epoch(train) [16][350/352]  lr: 2.0000e-03  eta: 0:20:10  time: 0.2410  data_time: 0.0034  memory: 1437  loss: 2.5343  loss_cls: 1.8099  loss_bbox: 0.7244
2025/05/13 11:51:26 - mmengine - INFO - Exp name: ssd300_fs_pmd_aff_20250513_112712
2025/05/13 11:51:27 - mmengine - INFO - Evaluating bbox...
2025/05/13 11:51:29 - mmengine - INFO - bbox_mAP_copypaste: 0.318 0.627 0.288 -1.000 0.077 0.363
2025/05/13 11:51:29 - mmengine - INFO - Epoch(val) [16][7/7]    coco/bbox_mAP: 0.3180  coco/bbox_mAP_50: 0.6270  coco/bbox_mAP_75: 0.2880  coco/bbox_mAP_s: -1.0000  coco/bbox_mAP_m: 0.0770  coco/bbox_mAP_l: 0.3630  data_time: 0.0583  time: 0.1223
2025/05/13 11:51:42 - mmengine - INFO - Epoch(train) [17][ 50/352]  lr: 2.0000e-04  eta: 0:19:57  time: 0.2543  data_time: 0.0083  memory: 1437  loss: 2.4345  loss_cls: 1.7556  loss_bbox: 0.6788
2025/05/13 11:51:54 - mmengine - INFO - Epoch(train) [17][100/352]  lr: 2.0000e-04  eta: 0:19:45  time: 0.2397  data_time: 0.0034  memory: 1437  loss: 2.3713  loss_cls: 1.7397  loss_bbox: 0.6315
2025/05/13 11:52:06 - mmengine - INFO - Epoch(train) [17][150/352]  lr: 2.0000e-04  eta: 0:19:32  time: 0.2413  data_time: 0.0033  memory: 1437  loss: 2.3425  loss_cls: 1.7123  loss_bbox: 0.6302
2025/05/13 11:52:18 - mmengine - INFO - Epoch(train) [17][200/352]  lr: 2.0000e-04  eta: 0:19:20  time: 0.2416  data_time: 0.0031  memory: 1437  loss: 2.3434  loss_cls: 1.7169  loss_bbox: 0.6266
2025/05/13 11:52:30 - mmengine - INFO - Epoch(train) [17][250/352]  lr: 2.0000e-04  eta: 0:19:07  time: 0.2435  data_time: 0.0035  memory: 1437  loss: 2.3572  loss_cls: 1.7292  loss_bbox: 0.6280
2025/05/13 11:52:42 - mmengine - INFO - Epoch(train) [17][300/352]  lr: 2.0000e-04  eta: 0:18:55  time: 0.2410  data_time: 0.0033  memory: 1437  loss: 2.3704  loss_cls: 1.7318  loss_bbox: 0.6386
2025/05/13 11:52:54 - mmengine - INFO - Epoch(train) [17][350/352]  lr: 2.0000e-04  eta: 0:18:43  time: 0.2428  data_time: 0.0033  memory: 1437  loss: 2.3589  loss_cls: 1.7289  loss_bbox: 0.6301
2025/05/13 11:52:55 - mmengine - INFO - Exp name: ssd300_fs_pmd_aff_20250513_112712
2025/05/13 11:52:56 - mmengine - INFO - Evaluating bbox...
2025/05/13 11:52:58 - mmengine - INFO - bbox_mAP_copypaste: 0.361 0.681 0.342 -1.000 0.210 0.390
2025/05/13 11:52:58 - mmengine - INFO - Epoch(val) [17][7/7]    coco/bbox_mAP: 0.3610  coco/bbox_mAP_50: 0.6810  coco/bbox_mAP_75: 0.3420  coco/bbox_mAP_s: -1.0000  coco/bbox_mAP_m: 0.2100  coco/bbox_mAP_l: 0.3900  data_time: 0.0639  time: 0.1238
2025/05/13 11:53:03 - mmengine - INFO - Exp name: ssd300_fs_pmd_aff_20250513_112712
2025/05/13 11:53:11 - mmengine - INFO - Epoch(train) [18][ 50/352]  lr: 2.0000e-04  eta: 0:18:30  time: 0.2544  data_time: 0.0086  memory: 1437  loss: 2.3420  loss_cls: 1.7136  loss_bbox: 0.6284
2025/05/13 11:53:23 - mmengine - INFO - Epoch(train) [18][100/352]  lr: 2.0000e-04  eta: 0:18:18  time: 0.2435  data_time: 0.0032  memory: 1437  loss: 2.3593  loss_cls: 1.7191  loss_bbox: 0.6403
2025/05/13 11:53:35 - mmengine - INFO - Epoch(train) [18][150/352]  lr: 2.0000e-04  eta: 0:18:05  time: 0.2416  data_time: 0.0034  memory: 1437  loss: 2.3023  loss_cls: 1.6828  loss_bbox: 0.6195
2025/05/13 11:53:47 - mmengine - INFO - Epoch(train) [18][200/352]  lr: 2.0000e-04  eta: 0:17:53  time: 0.2446  data_time: 0.0033  memory: 1437  loss: 2.3537  loss_cls: 1.7175  loss_bbox: 0.6362
2025/05/13 11:53:59 - mmengine - INFO - Epoch(train) [18][250/352]  lr: 2.0000e-04  eta: 0:17:41  time: 0.2391  data_time: 0.0033  memory: 1437  loss: 2.3394  loss_cls: 1.7121  loss_bbox: 0.6273
2025/05/13 11:54:11 - mmengine - INFO - Epoch(train) [18][300/352]  lr: 2.0000e-04  eta: 0:17:28  time: 0.2386  data_time: 0.0032  memory: 1437  loss: 2.3550  loss_cls: 1.7251  loss_bbox: 0.6300
2025/05/13 11:54:23 - mmengine - INFO - Epoch(train) [18][350/352]  lr: 2.0000e-04  eta: 0:17:16  time: 0.2432  data_time: 0.0034  memory: 1437  loss: 2.3523  loss_cls: 1.7182  loss_bbox: 0.6341
2025/05/13 11:54:24 - mmengine - INFO - Exp name: ssd300_fs_pmd_aff_20250513_112712
2025/05/13 11:54:25 - mmengine - INFO - Evaluating bbox...
2025/05/13 11:54:27 - mmengine - INFO - bbox_mAP_copypaste: 0.356 0.679 0.334 -1.000 0.205 0.383
2025/05/13 11:54:27 - mmengine - INFO - Epoch(val) [18][7/7]    coco/bbox_mAP: 0.3560  coco/bbox_mAP_50: 0.6790  coco/bbox_mAP_75: 0.3340  coco/bbox_mAP_s: -1.0000  coco/bbox_mAP_m: 0.2050  coco/bbox_mAP_l: 0.3830  data_time: 0.0628  time: 0.1268
2025/05/13 11:54:40 - mmengine - INFO - Epoch(train) [19][ 50/352]  lr: 2.0000e-04  eta: 0:17:03  time: 0.2530  data_time: 0.0085  memory: 1437  loss: 2.3545  loss_cls: 1.7233  loss_bbox: 0.6312
2025/05/13 11:54:52 - mmengine - INFO - Epoch(train) [19][100/352]  lr: 2.0000e-04  eta: 0:16:51  time: 0.2462  data_time: 0.0033  memory: 1437  loss: 2.3744  loss_cls: 1.7266  loss_bbox: 0.6478
2025/05/13 11:55:04 - mmengine - INFO - Epoch(train) [19][150/352]  lr: 2.0000e-04  eta: 0:16:39  time: 0.2397  data_time: 0.0032  memory: 1437  loss: 2.3171  loss_cls: 1.6945  loss_bbox: 0.6226
2025/05/13 11:55:16 - mmengine - INFO - Epoch(train) [19][200/352]  lr: 2.0000e-04  eta: 0:16:26  time: 0.2383  data_time: 0.0031  memory: 1437  loss: 2.3229  loss_cls: 1.7036  loss_bbox: 0.6193
2025/05/13 11:55:28 - mmengine - INFO - Epoch(train) [19][250/352]  lr: 2.0000e-04  eta: 0:16:14  time: 0.2410  data_time: 0.0031  memory: 1437  loss: 2.3356  loss_cls: 1.7125  loss_bbox: 0.6231
2025/05/13 11:55:40 - mmengine - INFO - Epoch(train) [19][300/352]  lr: 2.0000e-04  eta: 0:16:01  time: 0.2414  data_time: 0.0031  memory: 1437  loss: 2.3352  loss_cls: 1.7099  loss_bbox: 0.6252
2025/05/13 11:55:52 - mmengine - INFO - Epoch(train) [19][350/352]  lr: 2.0000e-04  eta: 0:15:49  time: 0.2422  data_time: 0.0032  memory: 1437  loss: 2.3493  loss_cls: 1.7155  loss_bbox: 0.6338
2025/05/13 11:55:53 - mmengine - INFO - Exp name: ssd300_fs_pmd_aff_20250513_112712
2025/05/13 11:55:54 - mmengine - INFO - Evaluating bbox...
2025/05/13 11:55:56 - mmengine - INFO - bbox_mAP_copypaste: 0.325 0.664 0.258 -1.000 0.199 0.350
2025/05/13 11:55:56 - mmengine - INFO - Epoch(val) [19][7/7]    coco/bbox_mAP: 0.3250  coco/bbox_mAP_50: 0.6640  coco/bbox_mAP_75: 0.2580  coco/bbox_mAP_s: -1.0000  coco/bbox_mAP_m: 0.1990  coco/bbox_mAP_l: 0.3500  data_time: 0.0647  time: 0.1285
2025/05/13 11:56:09 - mmengine - INFO - Epoch(train) [20][ 50/352]  lr: 2.0000e-04  eta: 0:15:36  time: 0.2492  data_time: 0.0085  memory: 1437  loss: 2.3388  loss_cls: 1.7126  loss_bbox: 0.6262
2025/05/13 11:56:21 - mmengine - INFO - Epoch(train) [20][100/352]  lr: 2.0000e-04  eta: 0:15:24  time: 0.2452  data_time: 0.0032  memory: 1437  loss: 2.3016  loss_cls: 1.6875  loss_bbox: 0.6141
2025/05/13 11:56:33 - mmengine - INFO - Epoch(train) [20][150/352]  lr: 2.0000e-04  eta: 0:15:12  time: 0.2415  data_time: 0.0032  memory: 1437  loss: 2.3696  loss_cls: 1.7363  loss_bbox: 0.6333
2025/05/13 11:56:45 - mmengine - INFO - Epoch(train) [20][200/352]  lr: 2.0000e-04  eta: 0:14:59  time: 0.2402  data_time: 0.0033  memory: 1437  loss: 2.3327  loss_cls: 1.6956  loss_bbox: 0.6371
2025/05/13 11:56:57 - mmengine - INFO - Epoch(train) [20][250/352]  lr: 2.0000e-04  eta: 0:14:47  time: 0.2413  data_time: 0.0031  memory: 1437  loss: 2.3081  loss_cls: 1.6953  loss_bbox: 0.6128
2025/05/13 11:57:09 - mmengine - INFO - Epoch(train) [20][300/352]  lr: 2.0000e-04  eta: 0:14:35  time: 0.2445  data_time: 0.0035  memory: 1437  loss: 2.3597  loss_cls: 1.7171  loss_bbox: 0.6426
2025/05/13 11:57:12 - mmengine - INFO - Exp name: ssd300_fs_pmd_aff_20250513_112712
2025/05/13 11:57:21 - mmengine - INFO - Epoch(train) [20][350/352]  lr: 2.0000e-04  eta: 0:14:22  time: 0.2370  data_time: 0.0035  memory: 1437  loss: 2.3436  loss_cls: 1.7081  loss_bbox: 0.6355
2025/05/13 11:57:22 - mmengine - INFO - Exp name: ssd300_fs_pmd_aff_20250513_112712
2025/05/13 11:57:23 - mmengine - INFO - Evaluating bbox...
2025/05/13 11:57:25 - mmengine - INFO - bbox_mAP_copypaste: 0.327 0.654 0.277 -1.000 0.192 0.354
2025/05/13 11:57:25 - mmengine - INFO - Epoch(val) [20][7/7]    coco/bbox_mAP: 0.3270  coco/bbox_mAP_50: 0.6540  coco/bbox_mAP_75: 0.2770  coco/bbox_mAP_s: -1.0000  coco/bbox_mAP_m: 0.1920  coco/bbox_mAP_l: 0.3540  data_time: 0.0647  time: 0.1293
2025/05/13 11:57:38 - mmengine - INFO - Epoch(train) [21][ 50/352]  lr: 2.0000e-04  eta: 0:14:10  time: 0.2552  data_time: 0.0086  memory: 1437  loss: 2.3227  loss_cls: 1.6954  loss_bbox: 0.6272
2025/05/13 11:57:50 - mmengine - INFO - Epoch(train) [21][100/352]  lr: 2.0000e-04  eta: 0:13:57  time: 0.2429  data_time: 0.0032  memory: 1437  loss: 2.3707  loss_cls: 1.7250  loss_bbox: 0.6458
2025/05/13 11:58:02 - mmengine - INFO - Epoch(train) [21][150/352]  lr: 2.0000e-04  eta: 0:13:45  time: 0.2421  data_time: 0.0034  memory: 1437  loss: 2.3368  loss_cls: 1.7105  loss_bbox: 0.6263
2025/05/13 11:58:15 - mmengine - INFO - Epoch(train) [21][200/352]  lr: 2.0000e-04  eta: 0:13:33  time: 0.2420  data_time: 0.0032  memory: 1437  loss: 2.3284  loss_cls: 1.6943  loss_bbox: 0.6341
2025/05/13 11:58:27 - mmengine - INFO - Epoch(train) [21][250/352]  lr: 2.0000e-04  eta: 0:13:21  time: 0.2420  data_time: 0.0033  memory: 1437  loss: 2.3088  loss_cls: 1.6880  loss_bbox: 0.6208
2025/05/13 11:58:39 - mmengine - INFO - Epoch(train) [21][300/352]  lr: 2.0000e-04  eta: 0:13:08  time: 0.2435  data_time: 0.0032  memory: 1437  loss: 2.3165  loss_cls: 1.6947  loss_bbox: 0.6219
2025/05/13 11:58:51 - mmengine - INFO - Epoch(train) [21][350/352]  lr: 2.0000e-04  eta: 0:12:56  time: 0.2377  data_time: 0.0033  memory: 1437  loss: 2.3117  loss_cls: 1.6995  loss_bbox: 0.6122
2025/05/13 11:58:51 - mmengine - INFO - Exp name: ssd300_fs_pmd_aff_20250513_112712
2025/05/13 11:58:52 - mmengine - INFO - Evaluating bbox...
2025/05/13 11:58:55 - mmengine - INFO - bbox_mAP_copypaste: 0.350 0.666 0.332 -1.000 0.199 0.378
2025/05/13 11:58:55 - mmengine - INFO - Epoch(val) [21][7/7]    coco/bbox_mAP: 0.3500  coco/bbox_mAP_50: 0.6660  coco/bbox_mAP_75: 0.3320  coco/bbox_mAP_s: -1.0000  coco/bbox_mAP_m: 0.1990  coco/bbox_mAP_l: 0.3780  data_time: 0.0652  time: 0.1252
2025/05/13 11:59:07 - mmengine - INFO - Epoch(train) [22][ 50/352]  lr: 2.0000e-04  eta: 0:12:43  time: 0.2541  data_time: 0.0083  memory: 1437  loss: 2.3234  loss_cls: 1.6980  loss_bbox: 0.6254
2025/05/13 11:59:19 - mmengine - INFO - Epoch(train) [22][100/352]  lr: 2.0000e-04  eta: 0:12:31  time: 0.2367  data_time: 0.0033  memory: 1437  loss: 2.3084  loss_cls: 1.6912  loss_bbox: 0.6172
2025/05/13 11:59:31 - mmengine - INFO - Epoch(train) [22][150/352]  lr: 2.0000e-04  eta: 0:12:19  time: 0.2450  data_time: 0.0032  memory: 1437  loss: 2.3251  loss_cls: 1.7033  loss_bbox: 0.6218
2025/05/13 11:59:44 - mmengine - INFO - Epoch(train) [22][200/352]  lr: 2.0000e-04  eta: 0:12:06  time: 0.2462  data_time: 0.0032  memory: 1437  loss: 2.2999  loss_cls: 1.6756  loss_bbox: 0.6244
2025/05/13 11:59:56 - mmengine - INFO - Epoch(train) [22][250/352]  lr: 2.0000e-04  eta: 0:11:54  time: 0.2396  data_time: 0.0031  memory: 1437  loss: 2.3274  loss_cls: 1.7084  loss_bbox: 0.6191
2025/05/13 12:00:08 - mmengine - INFO - Epoch(train) [22][300/352]  lr: 2.0000e-04  eta: 0:11:42  time: 0.2416  data_time: 0.0033  memory: 1437  loss: 2.3500  loss_cls: 1.7203  loss_bbox: 0.6296
2025/05/13 12:00:20 - mmengine - INFO - Epoch(train) [22][350/352]  lr: 2.0000e-04  eta: 0:11:29  time: 0.2411  data_time: 0.0031  memory: 1437  loss: 2.3064  loss_cls: 1.6870  loss_bbox: 0.6194
2025/05/13 12:00:20 - mmengine - INFO - Exp name: ssd300_fs_pmd_aff_20250513_112712
2025/05/13 12:00:21 - mmengine - INFO - Evaluating bbox...
2025/05/13 12:00:24 - mmengine - INFO - bbox_mAP_copypaste: 0.351 0.664 0.331 -1.000 0.214 0.378
2025/05/13 12:00:24 - mmengine - INFO - Epoch(val) [22][7/7]    coco/bbox_mAP: 0.3510  coco/bbox_mAP_50: 0.6640  coco/bbox_mAP_75: 0.3310  coco/bbox_mAP_s: -1.0000  coco/bbox_mAP_m: 0.2140  coco/bbox_mAP_l: 0.3780  data_time: 0.0596  time: 0.1236
2025/05/13 12:00:36 - mmengine - INFO - Epoch(train) [23][ 50/352]  lr: 2.0000e-05  eta: 0:11:17  time: 0.2537  data_time: 0.0086  memory: 1437  loss: 2.3223  loss_cls: 1.7029  loss_bbox: 0.6194
2025/05/13 12:00:49 - mmengine - INFO - Epoch(train) [23][100/352]  lr: 2.0000e-05  eta: 0:11:05  time: 0.2432  data_time: 0.0031  memory: 1437  loss: 2.3469  loss_cls: 1.7178  loss_bbox: 0.6291
2025/05/13 12:01:01 - mmengine - INFO - Epoch(train) [23][150/352]  lr: 2.0000e-05  eta: 0:10:52  time: 0.2435  data_time: 0.0032  memory: 1437  loss: 2.3604  loss_cls: 1.7244  loss_bbox: 0.6359
2025/05/13 12:01:13 - mmengine - INFO - Epoch(train) [23][200/352]  lr: 2.0000e-05  eta: 0:10:40  time: 0.2407  data_time: 0.0033  memory: 1437  loss: 2.2913  loss_cls: 1.6725  loss_bbox: 0.6189
2025/05/13 12:01:25 - mmengine - INFO - Epoch(train) [23][250/352]  lr: 2.0000e-05  eta: 0:10:28  time: 0.2458  data_time: 0.0032  memory: 1437  loss: 2.3064  loss_cls: 1.6862  loss_bbox: 0.6202
2025/05/13 12:01:27 - mmengine - INFO - Exp name: ssd300_fs_pmd_aff_20250513_112712
2025/05/13 12:01:37 - mmengine - INFO - Epoch(train) [23][300/352]  lr: 2.0000e-05  eta: 0:10:15  time: 0.2399  data_time: 0.0031  memory: 1437  loss: 2.2888  loss_cls: 1.6799  loss_bbox: 0.6089
2025/05/13 12:01:49 - mmengine - INFO - Epoch(train) [23][350/352]  lr: 2.0000e-05  eta: 0:10:03  time: 0.2434  data_time: 0.0031  memory: 1437  loss: 2.3078  loss_cls: 1.6950  loss_bbox: 0.6128
2025/05/13 12:01:50 - mmengine - INFO - Exp name: ssd300_fs_pmd_aff_20250513_112712
2025/05/13 12:01:51 - mmengine - INFO - Evaluating bbox...
2025/05/13 12:01:53 - mmengine - INFO - bbox_mAP_copypaste: 0.338 0.665 0.296 -1.000 0.198 0.364
2025/05/13 12:01:53 - mmengine - INFO - Epoch(val) [23][7/7]    coco/bbox_mAP: 0.3380  coco/bbox_mAP_50: 0.6650  coco/bbox_mAP_75: 0.2960  coco/bbox_mAP_s: -1.0000  coco/bbox_mAP_m: 0.1980  coco/bbox_mAP_l: 0.3640  data_time: 0.0641  time: 0.1245
2025/05/13 12:02:06 - mmengine - INFO - Epoch(train) [24][ 50/352]  lr: 2.0000e-05  eta: 0:09:51  time: 0.2527  data_time: 0.0083  memory: 1437  loss: 2.3146  loss_cls: 1.6939  loss_bbox: 0.6207
2025/05/13 12:02:18 - mmengine - INFO - Epoch(train) [24][100/352]  lr: 2.0000e-05  eta: 0:09:38  time: 0.2430  data_time: 0.0032  memory: 1437  loss: 2.3116  loss_cls: 1.6851  loss_bbox: 0.6264
2025/05/13 12:02:30 - mmengine - INFO - Epoch(train) [24][150/352]  lr: 2.0000e-05  eta: 0:09:26  time: 0.2413  data_time: 0.0032  memory: 1437  loss: 2.3373  loss_cls: 1.7049  loss_bbox: 0.6324
2025/05/13 12:02:42 - mmengine - INFO - Epoch(train) [24][200/352]  lr: 2.0000e-05  eta: 0:09:14  time: 0.2438  data_time: 0.0032  memory: 1437  loss: 2.2929  loss_cls: 1.6802  loss_bbox: 0.6127
2025/05/13 12:02:54 - mmengine - INFO - Epoch(train) [24][250/352]  lr: 2.0000e-05  eta: 0:09:01  time: 0.2427  data_time: 0.0031  memory: 1437  loss: 2.3123  loss_cls: 1.6974  loss_bbox: 0.6149
2025/05/13 12:03:07 - mmengine - INFO - Epoch(train) [24][300/352]  lr: 2.0000e-05  eta: 0:08:49  time: 0.2427  data_time: 0.0032  memory: 1437  loss: 2.3236  loss_cls: 1.7007  loss_bbox: 0.6229
2025/05/13 12:03:19 - mmengine - INFO - Epoch(train) [24][350/352]  lr: 2.0000e-05  eta: 0:08:37  time: 0.2418  data_time: 0.0033  memory: 1437  loss: 2.3365  loss_cls: 1.7048  loss_bbox: 0.6317
2025/05/13 12:03:19 - mmengine - INFO - Exp name: ssd300_fs_pmd_aff_20250513_112712
2025/05/13 12:03:20 - mmengine - INFO - Evaluating bbox...
2025/05/13 12:03:23 - mmengine - INFO - bbox_mAP_copypaste: 0.344 0.665 0.311 -1.000 0.200 0.371
2025/05/13 12:03:23 - mmengine - INFO - Epoch(val) [24][7/7]    coco/bbox_mAP: 0.3440  coco/bbox_mAP_50: 0.6650  coco/bbox_mAP_75: 0.3110  coco/bbox_mAP_s: -1.0000  coco/bbox_mAP_m: 0.2000  coco/bbox_mAP_l: 0.3710  data_time: 0.0650  time: 0.1253
2025/05/13 12:03:35 - mmengine - INFO - Epoch(train) [25][ 50/352]  lr: 2.0000e-05  eta: 0:08:24  time: 0.2495  data_time: 0.0084  memory: 1437  loss: 2.3083  loss_cls: 1.6831  loss_bbox: 0.6251
2025/05/13 12:03:47 - mmengine - INFO - Epoch(train) [25][100/352]  lr: 2.0000e-05  eta: 0:08:12  time: 0.2406  data_time: 0.0033  memory: 1437  loss: 2.2731  loss_cls: 1.6745  loss_bbox: 0.5985
2025/05/13 12:03:59 - mmengine - INFO - Epoch(train) [25][150/352]  lr: 2.0000e-05  eta: 0:08:00  time: 0.2434  data_time: 0.0033  memory: 1437  loss: 2.2843  loss_cls: 1.6746  loss_bbox: 0.6097
2025/05/13 12:04:11 - mmengine - INFO - Epoch(train) [25][200/352]  lr: 2.0000e-05  eta: 0:07:47  time: 0.2420  data_time: 0.0031  memory: 1437  loss: 2.3179  loss_cls: 1.6958  loss_bbox: 0.6221
2025/05/13 12:04:24 - mmengine - INFO - Epoch(train) [25][250/352]  lr: 2.0000e-05  eta: 0:07:35  time: 0.2426  data_time: 0.0031  memory: 1437  loss: 2.3065  loss_cls: 1.6839  loss_bbox: 0.6226
2025/05/13 12:04:36 - mmengine - INFO - Epoch(train) [25][300/352]  lr: 2.0000e-05  eta: 0:07:23  time: 0.2422  data_time: 0.0030  memory: 1437  loss: 2.3265  loss_cls: 1.7051  loss_bbox: 0.6214
2025/05/13 12:04:48 - mmengine - INFO - Epoch(train) [25][350/352]  lr: 2.0000e-05  eta: 0:07:11  time: 0.2426  data_time: 0.0033  memory: 1437  loss: 2.2968  loss_cls: 1.6847  loss_bbox: 0.6121
2025/05/13 12:04:48 - mmengine - INFO - Exp name: ssd300_fs_pmd_aff_20250513_112712
2025/05/13 12:04:49 - mmengine - INFO - Evaluating bbox...
2025/05/13 12:04:52 - mmengine - INFO - bbox_mAP_copypaste: 0.343 0.666 0.310 -1.000 0.202 0.370
2025/05/13 12:04:52 - mmengine - INFO - Epoch(val) [25][7/7]    coco/bbox_mAP: 0.3430  coco/bbox_mAP_50: 0.6660  coco/bbox_mAP_75: 0.3100  coco/bbox_mAP_s: -1.0000  coco/bbox_mAP_m: 0.2020  coco/bbox_mAP_l: 0.3700  data_time: 0.0626  time: 0.1233
2025/05/13 12:05:05 - mmengine - INFO - Epoch(train) [26][ 50/352]  lr: 2.0000e-05  eta: 0:06:58  time: 0.2568  data_time: 0.0085  memory: 1437  loss: 2.3072  loss_cls: 1.6889  loss_bbox: 0.6183
2025/05/13 12:05:17 - mmengine - INFO - Epoch(train) [26][100/352]  lr: 2.0000e-05  eta: 0:06:46  time: 0.2404  data_time: 0.0033  memory: 1437  loss: 2.2981  loss_cls: 1.6752  loss_bbox: 0.6229
2025/05/13 12:05:29 - mmengine - INFO - Epoch(train) [26][150/352]  lr: 2.0000e-05  eta: 0:06:34  time: 0.2410  data_time: 0.0031  memory: 1437  loss: 2.3206  loss_cls: 1.6976  loss_bbox: 0.6230
2025/05/13 12:05:41 - mmengine - INFO - Exp name: ssd300_fs_pmd_aff_20250513_112712
2025/05/13 12:05:41 - mmengine - INFO - Epoch(train) [26][200/352]  lr: 2.0000e-05  eta: 0:06:21  time: 0.2399  data_time: 0.0032  memory: 1437  loss: 2.2968  loss_cls: 1.6836  loss_bbox: 0.6132
2025/05/13 12:05:53 - mmengine - INFO - Epoch(train) [26][250/352]  lr: 2.0000e-05  eta: 0:06:09  time: 0.2468  data_time: 0.0033  memory: 1437  loss: 2.2836  loss_cls: 1.6728  loss_bbox: 0.6108
2025/05/13 12:06:05 - mmengine - INFO - Epoch(train) [26][300/352]  lr: 2.0000e-05  eta: 0:05:57  time: 0.2421  data_time: 0.0032  memory: 1437  loss: 2.2993  loss_cls: 1.6906  loss_bbox: 0.6087
2025/05/13 12:06:17 - mmengine - INFO - Epoch(train) [26][350/352]  lr: 2.0000e-05  eta: 0:05:44  time: 0.2360  data_time: 0.0033  memory: 1437  loss: 2.3287  loss_cls: 1.7147  loss_bbox: 0.6140
2025/05/13 12:06:17 - mmengine - INFO - Exp name: ssd300_fs_pmd_aff_20250513_112712
2025/05/13 12:06:18 - mmengine - INFO - Evaluating bbox...
2025/05/13 12:06:21 - mmengine - INFO - bbox_mAP_copypaste: 0.345 0.669 0.315 -1.000 0.201 0.371
2025/05/13 12:06:21 - mmengine - INFO - Epoch(val) [26][7/7]    coco/bbox_mAP: 0.3450  coco/bbox_mAP_50: 0.6690  coco/bbox_mAP_75: 0.3150  coco/bbox_mAP_s: -1.0000  coco/bbox_mAP_m: 0.2010  coco/bbox_mAP_l: 0.3710  data_time: 0.0630  time: 0.1274
2025/05/13 12:06:33 - mmengine - INFO - Epoch(train) [27][ 50/352]  lr: 2.0000e-05  eta: 0:05:32  time: 0.2498  data_time: 0.0083  memory: 1437  loss: 2.3091  loss_cls: 1.6948  loss_bbox: 0.6142
2025/05/13 12:06:45 - mmengine - INFO - Epoch(train) [27][100/352]  lr: 2.0000e-05  eta: 0:05:20  time: 0.2422  data_time: 0.0034  memory: 1437  loss: 2.3008  loss_cls: 1.6791  loss_bbox: 0.6217
2025/05/13 12:06:58 - mmengine - INFO - Epoch(train) [27][150/352]  lr: 2.0000e-05  eta: 0:05:07  time: 0.2461  data_time: 0.0032  memory: 1437  loss: 2.3121  loss_cls: 1.6899  loss_bbox: 0.6222
2025/05/13 12:07:10 - mmengine - INFO - Epoch(train) [27][200/352]  lr: 2.0000e-05  eta: 0:04:55  time: 0.2421  data_time: 0.0032  memory: 1437  loss: 2.2621  loss_cls: 1.6653  loss_bbox: 0.5968
2025/05/13 12:07:22 - mmengine - INFO - Epoch(train) [27][250/352]  lr: 2.0000e-05  eta: 0:04:43  time: 0.2366  data_time: 0.0035  memory: 1437  loss: 2.3086  loss_cls: 1.6918  loss_bbox: 0.6168
2025/05/13 12:07:34 - mmengine - INFO - Epoch(train) [27][300/352]  lr: 2.0000e-05  eta: 0:04:30  time: 0.2408  data_time: 0.0033  memory: 1437  loss: 2.3054  loss_cls: 1.6915  loss_bbox: 0.6139
2025/05/13 12:07:46 - mmengine - INFO - Epoch(train) [27][350/352]  lr: 2.0000e-05  eta: 0:04:18  time: 0.2463  data_time: 0.0034  memory: 1437  loss: 2.3313  loss_cls: 1.7000  loss_bbox: 0.6313
2025/05/13 12:07:46 - mmengine - INFO - Exp name: ssd300_fs_pmd_aff_20250513_112712
2025/05/13 12:07:48 - mmengine - INFO - Evaluating bbox...
2025/05/13 12:07:50 - mmengine - INFO - bbox_mAP_copypaste: 0.342 0.665 0.309 -1.000 0.204 0.369
2025/05/13 12:07:50 - mmengine - INFO - Epoch(val) [27][7/7]    coco/bbox_mAP: 0.3420  coco/bbox_mAP_50: 0.6650  coco/bbox_mAP_75: 0.3090  coco/bbox_mAP_s: -1.0000  coco/bbox_mAP_m: 0.2040  coco/bbox_mAP_l: 0.3690  data_time: 0.0648  time: 0.1250
2025/05/13 12:08:03 - mmengine - INFO - Epoch(train) [28][ 50/352]  lr: 2.0000e-05  eta: 0:04:06  time: 0.2505  data_time: 0.0087  memory: 1437  loss: 2.3080  loss_cls: 1.6828  loss_bbox: 0.6253
2025/05/13 12:08:15 - mmengine - INFO - Epoch(train) [28][100/352]  lr: 2.0000e-05  eta: 0:03:53  time: 0.2475  data_time: 0.0034  memory: 1437  loss: 2.3412  loss_cls: 1.7041  loss_bbox: 0.6371
2025/05/13 12:08:27 - mmengine - INFO - Epoch(train) [28][150/352]  lr: 2.0000e-05  eta: 0:03:41  time: 0.2384  data_time: 0.0032  memory: 1437  loss: 2.3153  loss_cls: 1.6985  loss_bbox: 0.6169
2025/05/13 12:08:39 - mmengine - INFO - Epoch(train) [28][200/352]  lr: 2.0000e-05  eta: 0:03:29  time: 0.2428  data_time: 0.0031  memory: 1437  loss: 2.3085  loss_cls: 1.6819  loss_bbox: 0.6266
2025/05/13 12:08:51 - mmengine - INFO - Epoch(train) [28][250/352]  lr: 2.0000e-05  eta: 0:03:17  time: 0.2437  data_time: 0.0031  memory: 1437  loss: 2.3154  loss_cls: 1.6836  loss_bbox: 0.6318
2025/05/13 12:09:03 - mmengine - INFO - Epoch(train) [28][300/352]  lr: 2.0000e-05  eta: 0:03:04  time: 0.2434  data_time: 0.0032  memory: 1437  loss: 2.3054  loss_cls: 1.6881  loss_bbox: 0.6173
2025/05/13 12:09:15 - mmengine - INFO - Epoch(train) [28][350/352]  lr: 2.0000e-05  eta: 0:02:52  time: 0.2413  data_time: 0.0033  memory: 1437  loss: 2.3055  loss_cls: 1.6878  loss_bbox: 0.6177
2025/05/13 12:09:16 - mmengine - INFO - Exp name: ssd300_fs_pmd_aff_20250513_112712
2025/05/13 12:09:17 - mmengine - INFO - Evaluating bbox...
2025/05/13 12:09:19 - mmengine - INFO - bbox_mAP_copypaste: 0.346 0.662 0.323 -1.000 0.203 0.374
2025/05/13 12:09:19 - mmengine - INFO - Epoch(val) [28][7/7]    coco/bbox_mAP: 0.3460  coco/bbox_mAP_50: 0.6620  coco/bbox_mAP_75: 0.3230  coco/bbox_mAP_s: -1.0000  coco/bbox_mAP_m: 0.2030  coco/bbox_mAP_l: 0.3740  data_time: 0.0651  time: 0.1261
2025/05/13 12:09:32 - mmengine - INFO - Epoch(train) [29][ 50/352]  lr: 2.0000e-05  eta: 0:02:39  time: 0.2493  data_time: 0.0083  memory: 1437  loss: 2.2842  loss_cls: 1.6714  loss_bbox: 0.6127
2025/05/13 12:09:44 - mmengine - INFO - Epoch(train) [29][100/352]  lr: 2.0000e-05  eta: 0:02:27  time: 0.2398  data_time: 0.0033  memory: 1437  loss: 2.2946  loss_cls: 1.6841  loss_bbox: 0.6105
2025/05/13 12:09:55 - mmengine - INFO - Exp name: ssd300_fs_pmd_aff_20250513_112712
2025/05/13 12:09:56 - mmengine - INFO - Epoch(train) [29][150/352]  lr: 2.0000e-05  eta: 0:02:15  time: 0.2431  data_time: 0.0031  memory: 1437  loss: 2.2989  loss_cls: 1.6856  loss_bbox: 0.6133
2025/05/13 12:10:08 - mmengine - INFO - Epoch(train) [29][200/352]  lr: 2.0000e-05  eta: 0:02:03  time: 0.2428  data_time: 0.0032  memory: 1437  loss: 2.3167  loss_cls: 1.6940  loss_bbox: 0.6227
2025/05/13 12:10:20 - mmengine - INFO - Epoch(train) [29][250/352]  lr: 2.0000e-05  eta: 0:01:51  time: 0.2415  data_time: 0.0031  memory: 1437  loss: 2.2834  loss_cls: 1.6723  loss_bbox: 0.6112
2025/05/13 12:10:32 - mmengine - INFO - Epoch(train) [29][300/352]  lr: 2.0000e-05  eta: 0:01:38  time: 0.2406  data_time: 0.0034  memory: 1437  loss: 2.2972  loss_cls: 1.6866  loss_bbox: 0.6106
2025/05/13 12:10:44 - mmengine - INFO - Epoch(train) [29][350/352]  lr: 2.0000e-05  eta: 0:01:26  time: 0.2426  data_time: 0.0033  memory: 1437  loss: 2.3418  loss_cls: 1.7115  loss_bbox: 0.6303
2025/05/13 12:10:45 - mmengine - INFO - Exp name: ssd300_fs_pmd_aff_20250513_112712
2025/05/13 12:10:46 - mmengine - INFO - Evaluating bbox...
2025/05/13 12:10:48 - mmengine - INFO - bbox_mAP_copypaste: 0.352 0.676 0.328 -1.000 0.204 0.380
2025/05/13 12:10:48 - mmengine - INFO - Epoch(val) [29][7/7]    coco/bbox_mAP: 0.3520  coco/bbox_mAP_50: 0.6760  coco/bbox_mAP_75: 0.3280  coco/bbox_mAP_s: -1.0000  coco/bbox_mAP_m: 0.2040  coco/bbox_mAP_l: 0.3800  data_time: 0.0631  time: 0.1229
2025/05/13 12:11:01 - mmengine - INFO - Epoch(train) [30][ 50/352]  lr: 2.0000e-05  eta: 0:01:13  time: 0.2464  data_time: 0.0085  memory: 1437  loss: 2.2909  loss_cls: 1.6825  loss_bbox: 0.6084
2025/05/13 12:11:13 - mmengine - INFO - Epoch(train) [30][100/352]  lr: 2.0000e-05  eta: 0:01:01  time: 0.2407  data_time: 0.0030  memory: 1437  loss: 2.2781  loss_cls: 1.6650  loss_bbox: 0.6131
2025/05/13 12:11:25 - mmengine - INFO - Epoch(train) [30][150/352]  lr: 2.0000e-05  eta: 0:00:49  time: 0.2447  data_time: 0.0033  memory: 1437  loss: 2.3167  loss_cls: 1.6974  loss_bbox: 0.6193
2025/05/13 12:11:37 - mmengine - INFO - Epoch(train) [30][200/352]  lr: 2.0000e-05  eta: 0:00:37  time: 0.2448  data_time: 0.0033  memory: 1437  loss: 2.3333  loss_cls: 1.7072  loss_bbox: 0.6261
2025/05/13 12:11:49 - mmengine - INFO - Epoch(train) [30][250/352]  lr: 2.0000e-05  eta: 0:00:24  time: 0.2406  data_time: 0.0033  memory: 1437  loss: 2.2887  loss_cls: 1.6840  loss_bbox: 0.6048
2025/05/13 12:12:01 - mmengine - INFO - Epoch(train) [30][300/352]  lr: 2.0000e-05  eta: 0:00:12  time: 0.2445  data_time: 0.0033  memory: 1437  loss: 2.2694  loss_cls: 1.6703  loss_bbox: 0.5991
2025/05/13 12:12:14 - mmengine - INFO - Epoch(train) [30][350/352]  lr: 2.0000e-05  eta: 0:00:00  time: 0.2452  data_time: 0.0033  memory: 1437  loss: 2.3258  loss_cls: 1.6997  loss_bbox: 0.6261
2025/05/13 12:12:14 - mmengine - INFO - Exp name: ssd300_fs_pmd_aff_20250513_112712
2025/05/13 12:12:14 - mmengine - INFO - Saving checkpoint at 30 epochs
2025/05/13 12:12:16 - mmengine - INFO - Evaluating bbox...
2025/05/13 12:12:19 - mmengine - INFO - bbox_mAP_copypaste: 0.347 0.672 0.319 -1.000 0.202 0.375
2025/05/13 12:12:19 - mmengine - INFO - Epoch(val) [30][7/7]    coco/bbox_mAP: 0.3470  coco/bbox_mAP_50: 0.6720  coco/bbox_mAP_75: 0.3190  coco/bbox_mAP_s: -1.0000  coco/bbox_mAP_m: 0.2020  coco/bbox_mAP_l: 0.3750  data_time: 0.0607  time: 0.1270
