2025/05/10 20:41:20 - mmengine - INFO - 
------------------------------------------------------------
System environment:
    sys.platform: win32
    Python: 3.9.13 (tags/v3.9.13:6de2ca5, May 17 2022, 16:36:42) [MSC v.1929 64 bit (AMD64)]
    CUDA available: True
    MUSA available: False
    numpy_random_seed: 1693173441
    GPU 0: NVIDIA GeForce RTX 3070 Ti
    CUDA_HOME: C:\Program Files\NVIDIA GPU Computing Toolkit\CUDA\v12.6
    NVCC: Cuda compilation tools, release 12.6, V12.6.85
    MSVC: Microsoft (R) C/C++ Optimizing Compiler Version 19.42.34433 for x64
    GCC: n/a
    PyTorch: 2.1.0+cu118
    PyTorch compiling details: PyTorch built with:
  - C++ Version: 199711
  - MSVC 192930151
  - Intel(R) Math Kernel Library Version 2020.0.2 Product Build 20200624 for Intel(R) 64 architecture applications
  - Intel(R) MKL-DNN v3.1.1 (Git Hash 64f6bcbcbab628e96f33a62c3e975f8535a7bde4)
  - OpenMP 2019
  - LAPACK is enabled (usually provided by MKL)
  - CPU capability usage: AVX2
  - CUDA Runtime 11.8
  - NVCC architecture flags: -gencode;arch=compute_37,code=sm_37;-gencode;arch=compute_50,code=sm_50;-gencode;arch=compute_60,code=sm_60;-gencode;arch=compute_61,code=sm_61;-gencode;arch=compute_70,code=sm_70;-gencode;arch=compute_75,code=sm_75;-gencode;arch=compute_80,code=sm_80;-gencode;arch=compute_86,code=sm_86;-gencode;arch=compute_90,code=sm_90;-gencode;arch=compute_37,code=compute_37
  - CuDNN 8.7
  - Magma 2.5.4
  - Build settings: BLAS_INFO=mkl, BUILD_TYPE=Release, CUDA_VERSION=11.8, CUDNN_VERSION=8.7.0, CXX_COMPILER=C:/actions-runner/_work/pytorch/pytorch/builder/windows/tmp_bin/sccache-cl.exe, CXX_FLAGS=/DWIN32 /D_WINDOWS /GR /EHsc /bigobj /FS -DUSE_PTHREADPOOL -DNDEBUG -DUSE_KINETO -DLIBKINETO_NOCUPTI -DLIBKINETO_NOROCTRACER -DUSE_FBGEMM -DUSE_XNNPACK -DSYMBOLICATE_MOBILE_DEBUG_HANDLE /utf-8 /wd4624 /wd4068 /wd4067 /wd4267 /wd4661 /wd4717 /wd4244 /wd4804 /wd4273, LAPACK_INFO=mkl, PERF_WITH_AVX=1, PERF_WITH_AVX2=1, PERF_WITH_AVX512=1, TORCH_DISABLE_GPU_ASSERTS=OFF, TORCH_VERSION=2.1.0, USE_CUDA=ON, USE_CUDNN=ON, USE_EXCEPTION_PTR=1, USE_GFLAGS=OFF, USE_GLOG=OFF, USE_MKL=ON, USE_MKLDNN=ON, USE_MPI=OFF, USE_NCCL=OFF, USE_NNPACK=OFF, USE_OPENMP=ON, USE_ROCM=OFF, 

    TorchVision: 0.16.0+cu118
    OpenCV: 4.10.0
    MMEngine: 0.10.5

Runtime environment:
    cudnn_benchmark: False
    dist_cfg: {'backend': 'nccl'}
    mp_cfg: {'mp_start_method': 'fork', 'opencv_num_threads': 0}
    seed: 1693173441
    Distributed launcher: none
    Distributed training: False
    GPU number: 1
------------------------------------------------------------

2025/05/10 20:41:21 - mmengine - INFO - Config:
auto_scale_lr = dict(base_batch_size=64, enable=False)
backend_args = None
cudnn_benchmark = True
custom_hooks = [
    dict(type='NumClassCheckHook'),
    dict(interval=50, priority='VERY_LOW', type='CheckInvalidLossHook'),
]
data_root = 'D:/Repositories/test/data/larch_casebearer/'
dataset_type = 'CocoDataset'
default_hooks = dict(
    checkpoint=dict(
        interval=0, save_best='coco/bbox_mAP', type='CheckpointHook'),
    logger=dict(interval=50, type='LoggerHook'),
    param_scheduler=dict(type='ParamSchedulerHook'),
    sampler_seed=dict(type='DistSamplerSeedHook'),
    timer=dict(type='IterTimerHook'),
    visualization=dict(type='DetVisualizationHook'))
default_scope = 'mmdet'
env_cfg = dict(
    cudnn_benchmark=False,
    dist_cfg=dict(backend='nccl'),
    mp_cfg=dict(mp_start_method='fork', opencv_num_threads=0))
input_size = 300
launcher = 'none'
load_from = 'D:/Repositories/test/25-05-09/ssd300/weights/ssd300_coco_20210803_015428-d231a06e.pth'
log_level = 'INFO'
log_processor = dict(by_epoch=True, type='LogProcessor', window_size=50)
metainfo = dict(
    classes=(
        'H',
        'LD',
        'HD',
        'other',
    ),
    palette=[
        (
            0,
            255,
            0,
        ),
        (
            255,
            128,
            0,
        ),
        (
            255,
            0,
            0,
        ),
        (
            0,
            0,
            255,
        ),
    ])
model = dict(
    backbone=dict(
        ceil_mode=True,
        depth=16,
        init_cfg=dict(
            checkpoint='open-mmlab://vgg16_caffe', type='Pretrained'),
        out_feature_indices=(
            22,
            34,
        ),
        out_indices=(
            3,
            4,
        ),
        type='SSDVGG',
        with_last_pool=False),
    bbox_head=dict(
        anchor_generator=dict(
            basesize_ratio_range=(
                0.15,
                0.9,
            ),
            input_size=300,
            ratios=[
                [
                    2,
                ],
                [
                    2,
                    3,
                ],
                [
                    2,
                    3,
                ],
                [
                    2,
                    3,
                ],
                [
                    2,
                ],
                [
                    2,
                ],
            ],
            scale_major=False,
            strides=[
                8,
                16,
                32,
                64,
                100,
                300,
            ],
            type='SSDAnchorGenerator'),
        bbox_coder=dict(
            target_means=[
                0.0,
                0.0,
                0.0,
                0.0,
            ],
            target_stds=[
                0.1,
                0.1,
                0.2,
                0.2,
            ],
            type='DeltaXYWHBBoxCoder'),
        in_channels=(
            512,
            1024,
            512,
            256,
            256,
            256,
        ),
        num_classes=4,
        type='SSDHead'),
    data_preprocessor=dict(
        bgr_to_rgb=True,
        mean=[
            123.675,
            116.28,
            103.53,
        ],
        pad_size_divisor=1,
        std=[
            1,
            1,
            1,
        ],
        type='DetDataPreprocessor'),
    neck=dict(
        in_channels=(
            512,
            1024,
        ),
        l2_norm_scale=20,
        level_paddings=(
            1,
            1,
            0,
            0,
        ),
        level_strides=(
            2,
            2,
            1,
            1,
        ),
        out_channels=(
            512,
            1024,
            512,
            256,
            256,
            256,
        ),
        type='SSDNeck'),
    test_cfg=dict(
        max_per_img=200,
        min_bbox_size=0,
        nms=dict(iou_threshold=0.45, type='nms'),
        nms_pre=1000,
        score_thr=0.02),
    train_cfg=dict(
        allowed_border=-1,
        assigner=dict(
            gt_max_assign_all=False,
            ignore_iof_thr=-1,
            min_pos_iou=0.0,
            neg_iou_thr=0.5,
            pos_iou_thr=0.5,
            type='MaxIoUAssigner'),
        debug=False,
        neg_pos_ratio=3,
        pos_weight=-1,
        sampler=dict(type='PseudoSampler'),
        smoothl1_beta=1.0),
    type='SingleStageDetector')
optim_wrapper = dict(
    optimizer=dict(lr=0.002, momentum=0.9, type='SGD', weight_decay=0.0005),
    type='OptimWrapper')
param_scheduler = [
    dict(
        begin=0, by_epoch=False, end=500, start_factor=0.001, type='LinearLR'),
    dict(
        begin=0,
        by_epoch=True,
        end=24,
        gamma=0.1,
        milestones=[
            16,
            22,
        ],
        type='MultiStepLR'),
]
resume = False
test_cfg = dict(type='TestLoop')
test_dataloader = dict(
    batch_size=8,
    dataset=dict(
        ann_file='test/annotations.json',
        backend_args=None,
        data_prefix=dict(img='test/'),
        data_root='D:/Repositories/test/data/larch_casebearer/',
        metainfo=dict(
            classes=(
                'H',
                'LD',
                'HD',
                'other',
            ),
            palette=[
                (
                    0,
                    255,
                    0,
                ),
                (
                    255,
                    128,
                    0,
                ),
                (
                    255,
                    0,
                    0,
                ),
                (
                    0,
                    0,
                    255,
                ),
            ]),
        pipeline=[
            dict(backend_args=None, type='LoadImageFromFile'),
            dict(keep_ratio=False, scale=(
                300,
                300,
            ), type='Resize'),
            dict(type='LoadAnnotations', with_bbox=True),
            dict(
                meta_keys=(
                    'img_id',
                    'img_path',
                    'ori_shape',
                    'img_shape',
                    'scale_factor',
                ),
                type='PackDetInputs'),
        ],
        test_mode=True,
        type='CocoDataset'),
    drop_last=False,
    num_workers=2,
    persistent_workers=True,
    sampler=dict(shuffle=False, type='DefaultSampler'))
test_evaluator = dict(
    ann_file='D:/Repositories/test/data/larch_casebearer/test/annotations.json',
    backend_args=None,
    classwise=True,
    format_only=False,
    metric='bbox',
    type='CocoMetric')
test_pipeline = [
    dict(backend_args=None, type='LoadImageFromFile'),
    dict(keep_ratio=False, scale=(
        300,
        300,
    ), type='Resize'),
    dict(type='LoadAnnotations', with_bbox=True),
    dict(
        meta_keys=(
            'img_id',
            'img_path',
            'ori_shape',
            'img_shape',
            'scale_factor',
        ),
        type='PackDetInputs'),
]
train_cfg = dict(max_epochs=30, type='EpochBasedTrainLoop', val_interval=1)
train_dataloader = dict(
    batch_sampler=None,
    batch_size=8,
    dataset=dict(
        dataset=dict(
            ann_file='train/annotations.json',
            backend_args=None,
            data_prefix=dict(img='train/'),
            data_root='D:/Repositories/test/data/larch_casebearer/',
            filter_cfg=dict(filter_empty_gt=True, min_size=32),
            metainfo=dict(
                classes=(
                    'H',
                    'LD',
                    'HD',
                    'other',
                ),
                palette=[
                    (
                        0,
                        255,
                        0,
                    ),
                    (
                        255,
                        128,
                        0,
                    ),
                    (
                        255,
                        0,
                        0,
                    ),
                    (
                        0,
                        0,
                        255,
                    ),
                ]),
            pipeline=[
                dict(backend_args=None, type='LoadImageFromFile'),
                dict(type='LoadAnnotations', with_bbox=True),
                dict(keep_ratio=False, scale=(
                    300,
                    300,
                ), type='Resize'),
                dict(type='PackDetInputs'),
            ],
            type='CocoDataset'),
        times=5,
        type='RepeatDataset'),
    num_workers=2,
    persistent_workers=True,
    sampler=dict(shuffle=True, type='DefaultSampler'))
train_pipeline = [
    dict(backend_args=None, type='LoadImageFromFile'),
    dict(type='LoadAnnotations', with_bbox=True),
    dict(keep_ratio=False, scale=(
        300,
        300,
    ), type='Resize'),
    dict(type='PackDetInputs'),
]
val_cfg = dict(type='ValLoop')
val_dataloader = dict(
    batch_size=8,
    dataset=dict(
        ann_file='val/annotations.json',
        backend_args=None,
        data_prefix=dict(img='val/'),
        data_root='D:/Repositories/test/data/larch_casebearer/',
        metainfo=dict(
            classes=(
                'H',
                'LD',
                'HD',
                'other',
            ),
            palette=[
                (
                    0,
                    255,
                    0,
                ),
                (
                    255,
                    128,
                    0,
                ),
                (
                    255,
                    0,
                    0,
                ),
                (
                    0,
                    0,
                    255,
                ),
            ]),
        pipeline=[
            dict(backend_args=None, type='LoadImageFromFile'),
            dict(keep_ratio=False, scale=(
                300,
                300,
            ), type='Resize'),
            dict(type='LoadAnnotations', with_bbox=True),
            dict(
                meta_keys=(
                    'img_id',
                    'img_path',
                    'ori_shape',
                    'img_shape',
                    'scale_factor',
                ),
                type='PackDetInputs'),
        ],
        test_mode=True,
        type='CocoDataset'),
    drop_last=False,
    num_workers=2,
    persistent_workers=True,
    sampler=dict(shuffle=False, type='DefaultSampler'))
val_evaluator = dict(
    ann_file='D:/Repositories/test/data/larch_casebearer/val/annotations.json',
    backend_args=None,
    format_only=False,
    metric='bbox',
    type='CocoMetric')
vis_backends = [
    dict(type='LocalVisBackend'),
]
visualizer = dict(
    name='visualizer',
    type='DetLocalVisualizer',
    vis_backends=[
        dict(type='LocalVisBackend'),
    ])
work_dir = '25-05-09/ssd300'

2025/05/10 20:41:21 - mmengine - INFO - Distributed training is not used, all SyncBatchNorm (SyncBN) layers in the model will be automatically reverted to BatchNormXd layers if they are used.
2025/05/10 20:41:21 - mmengine - INFO - Hooks will be executed in the following order:
before_run:
(VERY_HIGH   ) RuntimeInfoHook                    
(BELOW_NORMAL) LoggerHook                         
 -------------------- 
before_train:
(VERY_HIGH   ) RuntimeInfoHook                    
(NORMAL      ) IterTimerHook                      
(VERY_LOW    ) CheckpointHook                     
 -------------------- 
before_train_epoch:
(VERY_HIGH   ) RuntimeInfoHook                    
(NORMAL      ) IterTimerHook                      
(NORMAL      ) DistSamplerSeedHook                
(NORMAL      ) NumClassCheckHook                  
 -------------------- 
before_train_iter:
(VERY_HIGH   ) RuntimeInfoHook                    
(NORMAL      ) IterTimerHook                      
 -------------------- 
after_train_iter:
(VERY_HIGH   ) RuntimeInfoHook                    
(NORMAL      ) IterTimerHook                      
(BELOW_NORMAL) LoggerHook                         
(LOW         ) ParamSchedulerHook                 
(VERY_LOW    ) CheckpointHook                     
(VERY_LOW    ) CheckInvalidLossHook               
 -------------------- 
after_train_epoch:
(NORMAL      ) IterTimerHook                      
(LOW         ) ParamSchedulerHook                 
(VERY_LOW    ) CheckpointHook                     
 -------------------- 
before_val:
(VERY_HIGH   ) RuntimeInfoHook                    
 -------------------- 
before_val_epoch:
(NORMAL      ) IterTimerHook                      
(NORMAL      ) NumClassCheckHook                  
 -------------------- 
before_val_iter:
(NORMAL      ) IterTimerHook                      
 -------------------- 
after_val_iter:
(NORMAL      ) IterTimerHook                      
(NORMAL      ) DetVisualizationHook               
(BELOW_NORMAL) LoggerHook                         
 -------------------- 
after_val_epoch:
(VERY_HIGH   ) RuntimeInfoHook                    
(NORMAL      ) IterTimerHook                      
(BELOW_NORMAL) LoggerHook                         
(LOW         ) ParamSchedulerHook                 
(VERY_LOW    ) CheckpointHook                     
 -------------------- 
after_val:
(VERY_HIGH   ) RuntimeInfoHook                    
 -------------------- 
after_train:
(VERY_HIGH   ) RuntimeInfoHook                    
(VERY_LOW    ) CheckpointHook                     
 -------------------- 
before_test:
(VERY_HIGH   ) RuntimeInfoHook                    
 -------------------- 
before_test_epoch:
(NORMAL      ) IterTimerHook                      
 -------------------- 
before_test_iter:
(NORMAL      ) IterTimerHook                      
 -------------------- 
after_test_iter:
(NORMAL      ) IterTimerHook                      
(NORMAL      ) DetVisualizationHook               
(BELOW_NORMAL) LoggerHook                         
 -------------------- 
after_test_epoch:
(VERY_HIGH   ) RuntimeInfoHook                    
(NORMAL      ) IterTimerHook                      
(BELOW_NORMAL) LoggerHook                         
 -------------------- 
after_test:
(VERY_HIGH   ) RuntimeInfoHook                    
 -------------------- 
after_run:
(BELOW_NORMAL) LoggerHook                         
 -------------------- 
2025/05/10 20:41:22 - mmengine - INFO - load model from: open-mmlab://vgg16_caffe
2025/05/10 20:41:22 - mmengine - INFO - Loads checkpoint by openmmlab backend from path: open-mmlab://vgg16_caffe
Name of parameter - Initialization information

backbone.features.0.weight - torch.Size([64, 3, 3, 3]): 
PretrainedInit: load from open-mmlab://vgg16_caffe 

backbone.features.0.bias - torch.Size([64]): 
PretrainedInit: load from open-mmlab://vgg16_caffe 

backbone.features.2.weight - torch.Size([64, 64, 3, 3]): 
PretrainedInit: load from open-mmlab://vgg16_caffe 

backbone.features.2.bias - torch.Size([64]): 
PretrainedInit: load from open-mmlab://vgg16_caffe 

backbone.features.5.weight - torch.Size([128, 64, 3, 3]): 
PretrainedInit: load from open-mmlab://vgg16_caffe 

backbone.features.5.bias - torch.Size([128]): 
PretrainedInit: load from open-mmlab://vgg16_caffe 

backbone.features.7.weight - torch.Size([128, 128, 3, 3]): 
PretrainedInit: load from open-mmlab://vgg16_caffe 

backbone.features.7.bias - torch.Size([128]): 
PretrainedInit: load from open-mmlab://vgg16_caffe 

backbone.features.10.weight - torch.Size([256, 128, 3, 3]): 
PretrainedInit: load from open-mmlab://vgg16_caffe 

backbone.features.10.bias - torch.Size([256]): 
PretrainedInit: load from open-mmlab://vgg16_caffe 

backbone.features.12.weight - torch.Size([256, 256, 3, 3]): 
PretrainedInit: load from open-mmlab://vgg16_caffe 

backbone.features.12.bias - torch.Size([256]): 
PretrainedInit: load from open-mmlab://vgg16_caffe 

backbone.features.14.weight - torch.Size([256, 256, 3, 3]): 
PretrainedInit: load from open-mmlab://vgg16_caffe 

backbone.features.14.bias - torch.Size([256]): 
PretrainedInit: load from open-mmlab://vgg16_caffe 

backbone.features.17.weight - torch.Size([512, 256, 3, 3]): 
PretrainedInit: load from open-mmlab://vgg16_caffe 

backbone.features.17.bias - torch.Size([512]): 
PretrainedInit: load from open-mmlab://vgg16_caffe 

backbone.features.19.weight - torch.Size([512, 512, 3, 3]): 
PretrainedInit: load from open-mmlab://vgg16_caffe 

backbone.features.19.bias - torch.Size([512]): 
PretrainedInit: load from open-mmlab://vgg16_caffe 

backbone.features.21.weight - torch.Size([512, 512, 3, 3]): 
PretrainedInit: load from open-mmlab://vgg16_caffe 

backbone.features.21.bias - torch.Size([512]): 
PretrainedInit: load from open-mmlab://vgg16_caffe 

backbone.features.24.weight - torch.Size([512, 512, 3, 3]): 
PretrainedInit: load from open-mmlab://vgg16_caffe 

backbone.features.24.bias - torch.Size([512]): 
PretrainedInit: load from open-mmlab://vgg16_caffe 

backbone.features.26.weight - torch.Size([512, 512, 3, 3]): 
PretrainedInit: load from open-mmlab://vgg16_caffe 

backbone.features.26.bias - torch.Size([512]): 
PretrainedInit: load from open-mmlab://vgg16_caffe 

backbone.features.28.weight - torch.Size([512, 512, 3, 3]): 
PretrainedInit: load from open-mmlab://vgg16_caffe 

backbone.features.28.bias - torch.Size([512]): 
PretrainedInit: load from open-mmlab://vgg16_caffe 

backbone.features.31.weight - torch.Size([1024, 512, 3, 3]): 
PretrainedInit: load from open-mmlab://vgg16_caffe 

backbone.features.31.bias - torch.Size([1024]): 
PretrainedInit: load from open-mmlab://vgg16_caffe 

backbone.features.33.weight - torch.Size([1024, 1024, 1, 1]): 
PretrainedInit: load from open-mmlab://vgg16_caffe 

backbone.features.33.bias - torch.Size([1024]): 
PretrainedInit: load from open-mmlab://vgg16_caffe 

neck.l2_norm.weight - torch.Size([512]): 
ConstantInit: val=20, bias=0 

neck.extra_layers.0.0.conv.weight - torch.Size([256, 1024, 1, 1]): 
XavierInit: gain=1, distribution=uniform, bias=0 

neck.extra_layers.0.0.conv.bias - torch.Size([256]): 
The value is the same before and after calling `init_weights` of SingleStageDetector  

neck.extra_layers.0.1.conv.weight - torch.Size([512, 256, 3, 3]): 
XavierInit: gain=1, distribution=uniform, bias=0 

neck.extra_layers.0.1.conv.bias - torch.Size([512]): 
The value is the same before and after calling `init_weights` of SingleStageDetector  

neck.extra_layers.1.0.conv.weight - torch.Size([128, 512, 1, 1]): 
XavierInit: gain=1, distribution=uniform, bias=0 

neck.extra_layers.1.0.conv.bias - torch.Size([128]): 
The value is the same before and after calling `init_weights` of SingleStageDetector  

neck.extra_layers.1.1.conv.weight - torch.Size([256, 128, 3, 3]): 
XavierInit: gain=1, distribution=uniform, bias=0 

neck.extra_layers.1.1.conv.bias - torch.Size([256]): 
The value is the same before and after calling `init_weights` of SingleStageDetector  

neck.extra_layers.2.0.conv.weight - torch.Size([128, 256, 1, 1]): 
XavierInit: gain=1, distribution=uniform, bias=0 

neck.extra_layers.2.0.conv.bias - torch.Size([128]): 
The value is the same before and after calling `init_weights` of SingleStageDetector  

neck.extra_layers.2.1.conv.weight - torch.Size([256, 128, 3, 3]): 
XavierInit: gain=1, distribution=uniform, bias=0 

neck.extra_layers.2.1.conv.bias - torch.Size([256]): 
The value is the same before and after calling `init_weights` of SingleStageDetector  

neck.extra_layers.3.0.conv.weight - torch.Size([128, 256, 1, 1]): 
XavierInit: gain=1, distribution=uniform, bias=0 

neck.extra_layers.3.0.conv.bias - torch.Size([128]): 
The value is the same before and after calling `init_weights` of SingleStageDetector  

neck.extra_layers.3.1.conv.weight - torch.Size([256, 128, 3, 3]): 
XavierInit: gain=1, distribution=uniform, bias=0 

neck.extra_layers.3.1.conv.bias - torch.Size([256]): 
The value is the same before and after calling `init_weights` of SingleStageDetector  

bbox_head.cls_convs.0.0.weight - torch.Size([20, 512, 3, 3]): 
XavierInit: gain=1, distribution=uniform, bias=0 

bbox_head.cls_convs.0.0.bias - torch.Size([20]): 
XavierInit: gain=1, distribution=uniform, bias=0 

bbox_head.cls_convs.1.0.weight - torch.Size([30, 1024, 3, 3]): 
XavierInit: gain=1, distribution=uniform, bias=0 

bbox_head.cls_convs.1.0.bias - torch.Size([30]): 
XavierInit: gain=1, distribution=uniform, bias=0 

bbox_head.cls_convs.2.0.weight - torch.Size([30, 512, 3, 3]): 
XavierInit: gain=1, distribution=uniform, bias=0 

bbox_head.cls_convs.2.0.bias - torch.Size([30]): 
XavierInit: gain=1, distribution=uniform, bias=0 

bbox_head.cls_convs.3.0.weight - torch.Size([30, 256, 3, 3]): 
XavierInit: gain=1, distribution=uniform, bias=0 

bbox_head.cls_convs.3.0.bias - torch.Size([30]): 
XavierInit: gain=1, distribution=uniform, bias=0 

bbox_head.cls_convs.4.0.weight - torch.Size([20, 256, 3, 3]): 
XavierInit: gain=1, distribution=uniform, bias=0 

bbox_head.cls_convs.4.0.bias - torch.Size([20]): 
XavierInit: gain=1, distribution=uniform, bias=0 

bbox_head.cls_convs.5.0.weight - torch.Size([20, 256, 3, 3]): 
XavierInit: gain=1, distribution=uniform, bias=0 

bbox_head.cls_convs.5.0.bias - torch.Size([20]): 
XavierInit: gain=1, distribution=uniform, bias=0 

bbox_head.reg_convs.0.0.weight - torch.Size([16, 512, 3, 3]): 
XavierInit: gain=1, distribution=uniform, bias=0 

bbox_head.reg_convs.0.0.bias - torch.Size([16]): 
XavierInit: gain=1, distribution=uniform, bias=0 

bbox_head.reg_convs.1.0.weight - torch.Size([24, 1024, 3, 3]): 
XavierInit: gain=1, distribution=uniform, bias=0 

bbox_head.reg_convs.1.0.bias - torch.Size([24]): 
XavierInit: gain=1, distribution=uniform, bias=0 

bbox_head.reg_convs.2.0.weight - torch.Size([24, 512, 3, 3]): 
XavierInit: gain=1, distribution=uniform, bias=0 

bbox_head.reg_convs.2.0.bias - torch.Size([24]): 
XavierInit: gain=1, distribution=uniform, bias=0 

bbox_head.reg_convs.3.0.weight - torch.Size([24, 256, 3, 3]): 
XavierInit: gain=1, distribution=uniform, bias=0 

bbox_head.reg_convs.3.0.bias - torch.Size([24]): 
XavierInit: gain=1, distribution=uniform, bias=0 

bbox_head.reg_convs.4.0.weight - torch.Size([16, 256, 3, 3]): 
XavierInit: gain=1, distribution=uniform, bias=0 

bbox_head.reg_convs.4.0.bias - torch.Size([16]): 
XavierInit: gain=1, distribution=uniform, bias=0 

bbox_head.reg_convs.5.0.weight - torch.Size([16, 256, 3, 3]): 
XavierInit: gain=1, distribution=uniform, bias=0 

bbox_head.reg_convs.5.0.bias - torch.Size([16]): 
XavierInit: gain=1, distribution=uniform, bias=0 
2025/05/10 20:41:23 - mmengine - INFO - Load checkpoint from D:/Repositories/test/25-05-09/ssd300/weights/ssd300_coco_20210803_015428-d231a06e.pth
2025/05/10 20:41:23 - mmengine - WARNING - "FileClient" will be deprecated in future. Please use io functions in https://mmengine.readthedocs.io/en/latest/api/fileio.html#file-io
2025/05/10 20:41:23 - mmengine - WARNING - "HardDiskBackend" is the alias of "LocalBackend" and the former will be deprecated in future.
2025/05/10 20:41:23 - mmengine - INFO - Checkpoints will be saved to D:\Repositories\test\25-05-09\ssd300.
2025/05/10 20:41:44 - mmengine - INFO - Epoch(train)  [1][ 50/352]  lr: 1.9820e-04  eta: 1:16:31  time: 0.4369  data_time: 0.1739  memory: 1437  loss: 8.1959  loss_cls: 6.5289  loss_bbox: 1.6670
2025/05/10 20:41:57 - mmengine - INFO - Epoch(train)  [1][100/352]  lr: 3.9840e-04  eta: 1:00:10  time: 0.2534  data_time: 0.0025  memory: 1437  loss: 4.6502  loss_cls: 3.6135  loss_bbox: 1.0367
2025/05/10 20:42:10 - mmengine - INFO - Epoch(train)  [1][150/352]  lr: 5.9860e-04  eta: 0:54:30  time: 0.2522  data_time: 0.0027  memory: 1437  loss: 3.9938  loss_cls: 3.1163  loss_bbox: 0.8775
2025/05/10 20:42:22 - mmengine - INFO - Epoch(train)  [1][200/352]  lr: 7.9880e-04  eta: 0:51:24  time: 0.2485  data_time: 0.0027  memory: 1437  loss: 3.6571  loss_cls: 2.8423  loss_bbox: 0.8148
2025/05/10 20:42:35 - mmengine - INFO - Epoch(train)  [1][250/352]  lr: 9.9900e-04  eta: 0:49:27  time: 0.2480  data_time: 0.0026  memory: 1437  loss: 3.3943  loss_cls: 2.6197  loss_bbox: 0.7746
2025/05/10 20:42:47 - mmengine - INFO - Epoch(train)  [1][300/352]  lr: 1.1992e-03  eta: 0:48:19  time: 0.2564  data_time: 0.0027  memory: 1437  loss: 3.1480  loss_cls: 2.4210  loss_bbox: 0.7270
2025/05/10 20:43:00 - mmengine - INFO - Epoch(train)  [1][350/352]  lr: 1.3994e-03  eta: 0:47:23  time: 0.2541  data_time: 0.0026  memory: 1437  loss: 3.0133  loss_cls: 2.3114  loss_bbox: 0.7019
2025/05/10 20:43:01 - mmengine - INFO - Exp name: ssd300_pt_20250510_204116
2025/05/10 20:43:10 - mmengine - INFO - Evaluating bbox...
2025/05/10 20:43:13 - mmengine - INFO - bbox_mAP_copypaste: 0.334 0.617 0.338 -1.000 0.192 0.365
2025/05/10 20:43:13 - mmengine - INFO - Epoch(val) [1][7/7]    coco/bbox_mAP: 0.3340  coco/bbox_mAP_50: 0.6170  coco/bbox_mAP_75: 0.3380  coco/bbox_mAP_s: -1.0000  coco/bbox_mAP_m: 0.1920  coco/bbox_mAP_l: 0.3650  data_time: 1.2216  time: 1.3311
2025/05/10 20:43:13 - mmengine - INFO - The best checkpoint with 0.3340 coco/bbox_mAP at 1 epoch is saved to best_coco_bbox_mAP_epoch_1.pth.
2025/05/10 20:43:26 - mmengine - INFO - Epoch(train)  [2][ 50/352]  lr: 1.6076e-03  eta: 0:46:48  time: 0.2614  data_time: 0.0076  memory: 1437  loss: 2.8908  loss_cls: 2.2031  loss_bbox: 0.6877
2025/05/10 20:43:39 - mmengine - INFO - Epoch(train)  [2][100/352]  lr: 1.8078e-03  eta: 0:46:04  time: 0.2493  data_time: 0.0025  memory: 1437  loss: 2.7675  loss_cls: 2.1056  loss_bbox: 0.6619
2025/05/10 20:43:51 - mmengine - INFO - Epoch(train)  [2][150/352]  lr: 2.0000e-03  eta: 0:45:28  time: 0.2510  data_time: 0.0025  memory: 1437  loss: 2.6366  loss_cls: 2.0114  loss_bbox: 0.6251
2025/05/10 20:44:04 - mmengine - INFO - Epoch(train)  [2][200/352]  lr: 2.0000e-03  eta: 0:45:01  time: 0.2571  data_time: 0.0027  memory: 1437  loss: 2.6195  loss_cls: 1.9917  loss_bbox: 0.6279
2025/05/10 20:44:16 - mmengine - INFO - Epoch(train)  [2][250/352]  lr: 2.0000e-03  eta: 0:44:29  time: 0.2474  data_time: 0.0027  memory: 1437  loss: 2.5169  loss_cls: 1.9250  loss_bbox: 0.5920
2025/05/10 20:44:29 - mmengine - INFO - Epoch(train)  [2][300/352]  lr: 2.0000e-03  eta: 0:44:03  time: 0.2512  data_time: 0.0026  memory: 1437  loss: 2.4514  loss_cls: 1.8654  loss_bbox: 0.5860
2025/05/10 20:44:41 - mmengine - INFO - Epoch(train)  [2][350/352]  lr: 2.0000e-03  eta: 0:43:38  time: 0.2497  data_time: 0.0027  memory: 1437  loss: 2.3740  loss_cls: 1.8042  loss_bbox: 0.5698
2025/05/10 20:44:42 - mmengine - INFO - Exp name: ssd300_pt_20250510_204116
2025/05/10 20:44:43 - mmengine - INFO - Evaluating bbox...
2025/05/10 20:44:45 - mmengine - INFO - bbox_mAP_copypaste: 0.434 0.757 0.465 -1.000 0.263 0.465
2025/05/10 20:44:45 - mmengine - INFO - Epoch(val) [2][7/7]    coco/bbox_mAP: 0.4340  coco/bbox_mAP_50: 0.7570  coco/bbox_mAP_75: 0.4650  coco/bbox_mAP_s: -1.0000  coco/bbox_mAP_m: 0.2630  coco/bbox_mAP_l: 0.4650  data_time: 0.0632  time: 0.1365
2025/05/10 20:44:45 - mmengine - INFO - The previous best checkpoint D:\Repositories\test\25-05-09\ssd300\best_coco_bbox_mAP_epoch_1.pth is removed
2025/05/10 20:44:46 - mmengine - INFO - The best checkpoint with 0.4340 coco/bbox_mAP at 2 epoch is saved to best_coco_bbox_mAP_epoch_2.pth.
2025/05/10 20:44:59 - mmengine - INFO - Epoch(train)  [3][ 50/352]  lr: 2.0000e-03  eta: 0:43:21  time: 0.2634  data_time: 0.0077  memory: 1437  loss: 2.3424  loss_cls: 1.7880  loss_bbox: 0.5544
2025/05/10 20:45:12 - mmengine - INFO - Epoch(train)  [3][100/352]  lr: 2.0000e-03  eta: 0:43:00  time: 0.2518  data_time: 0.0026  memory: 1437  loss: 2.2786  loss_cls: 1.7493  loss_bbox: 0.5293
2025/05/10 20:45:24 - mmengine - INFO - Epoch(train)  [3][150/352]  lr: 2.0000e-03  eta: 0:42:41  time: 0.2540  data_time: 0.0028  memory: 1437  loss: 2.2742  loss_cls: 1.7395  loss_bbox: 0.5347
2025/05/10 20:45:37 - mmengine - INFO - Epoch(train)  [3][200/352]  lr: 2.0000e-03  eta: 0:42:19  time: 0.2481  data_time: 0.0026  memory: 1437  loss: 2.3722  loss_cls: 1.8160  loss_bbox: 0.5562
2025/05/10 20:45:49 - mmengine - INFO - Epoch(train)  [3][250/352]  lr: 2.0000e-03  eta: 0:41:59  time: 0.2487  data_time: 0.0028  memory: 1437  loss: 2.2059  loss_cls: 1.6926  loss_bbox: 0.5133
2025/05/10 20:46:01 - mmengine - INFO - Exp name: ssd300_pt_20250510_204116
2025/05/10 20:46:02 - mmengine - INFO - Epoch(train)  [3][300/352]  lr: 2.0000e-03  eta: 0:41:40  time: 0.2508  data_time: 0.0027  memory: 1437  loss: 2.1746  loss_cls: 1.6711  loss_bbox: 0.5035
2025/05/10 20:46:14 - mmengine - INFO - Epoch(train)  [3][350/352]  lr: 2.0000e-03  eta: 0:41:24  time: 0.2549  data_time: 0.0026  memory: 1437  loss: 2.1656  loss_cls: 1.6613  loss_bbox: 0.5043
2025/05/10 20:46:15 - mmengine - INFO - Exp name: ssd300_pt_20250510_204116
2025/05/10 20:46:16 - mmengine - INFO - Evaluating bbox...
2025/05/10 20:46:18 - mmengine - INFO - bbox_mAP_copypaste: 0.395 0.690 0.416 -1.000 0.249 0.422
2025/05/10 20:46:18 - mmengine - INFO - Epoch(val) [3][7/7]    coco/bbox_mAP: 0.3950  coco/bbox_mAP_50: 0.6900  coco/bbox_mAP_75: 0.4160  coco/bbox_mAP_s: -1.0000  coco/bbox_mAP_m: 0.2490  coco/bbox_mAP_l: 0.4220  data_time: 0.0660  time: 0.1268
2025/05/10 20:46:31 - mmengine - INFO - Epoch(train)  [4][ 50/352]  lr: 2.0000e-03  eta: 0:41:08  time: 0.2566  data_time: 0.0075  memory: 1437  loss: 2.0683  loss_cls: 1.5936  loss_bbox: 0.4747
2025/05/10 20:46:44 - mmengine - INFO - Epoch(train)  [4][100/352]  lr: 2.0000e-03  eta: 0:40:50  time: 0.2497  data_time: 0.0027  memory: 1437  loss: 2.0813  loss_cls: 1.6121  loss_bbox: 0.4692
2025/05/10 20:46:56 - mmengine - INFO - Epoch(train)  [4][150/352]  lr: 2.0000e-03  eta: 0:40:33  time: 0.2496  data_time: 0.0026  memory: 1437  loss: 2.0152  loss_cls: 1.5537  loss_bbox: 0.4616
2025/05/10 20:47:09 - mmengine - INFO - Epoch(train)  [4][200/352]  lr: 2.0000e-03  eta: 0:40:17  time: 0.2537  data_time: 0.0027  memory: 1437  loss: 2.0216  loss_cls: 1.5666  loss_bbox: 0.4550
2025/05/10 20:47:21 - mmengine - INFO - Epoch(train)  [4][250/352]  lr: 2.0000e-03  eta: 0:40:01  time: 0.2506  data_time: 0.0025  memory: 1437  loss: 1.9525  loss_cls: 1.5076  loss_bbox: 0.4449
2025/05/10 20:47:34 - mmengine - INFO - Epoch(train)  [4][300/352]  lr: 2.0000e-03  eta: 0:39:46  time: 0.2529  data_time: 0.0026  memory: 1437  loss: 1.9709  loss_cls: 1.5235  loss_bbox: 0.4473
2025/05/10 20:47:46 - mmengine - INFO - Epoch(train)  [4][350/352]  lr: 2.0000e-03  eta: 0:39:29  time: 0.2462  data_time: 0.0026  memory: 1437  loss: 1.9022  loss_cls: 1.4662  loss_bbox: 0.4360
2025/05/10 20:47:47 - mmengine - INFO - Exp name: ssd300_pt_20250510_204116
2025/05/10 20:47:48 - mmengine - INFO - Evaluating bbox...
2025/05/10 20:47:50 - mmengine - INFO - bbox_mAP_copypaste: 0.426 0.746 0.457 -1.000 0.267 0.452
2025/05/10 20:47:50 - mmengine - INFO - Epoch(val) [4][7/7]    coco/bbox_mAP: 0.4260  coco/bbox_mAP_50: 0.7460  coco/bbox_mAP_75: 0.4570  coco/bbox_mAP_s: -1.0000  coco/bbox_mAP_m: 0.2670  coco/bbox_mAP_l: 0.4520  data_time: 0.0619  time: 0.1233
2025/05/10 20:48:03 - mmengine - INFO - Epoch(train)  [5][ 50/352]  lr: 2.0000e-03  eta: 0:39:13  time: 0.2548  data_time: 0.0074  memory: 1437  loss: 1.8546  loss_cls: 1.4353  loss_bbox: 0.4193
2025/05/10 20:48:15 - mmengine - INFO - Epoch(train)  [5][100/352]  lr: 2.0000e-03  eta: 0:38:58  time: 0.2488  data_time: 0.0027  memory: 1437  loss: 1.8354  loss_cls: 1.4253  loss_bbox: 0.4101
2025/05/10 20:48:28 - mmengine - INFO - Epoch(train)  [5][150/352]  lr: 2.0000e-03  eta: 0:38:43  time: 0.2515  data_time: 0.0026  memory: 1437  loss: 1.8372  loss_cls: 1.4214  loss_bbox: 0.4158
2025/05/10 20:48:40 - mmengine - INFO - Epoch(train)  [5][200/352]  lr: 2.0000e-03  eta: 0:38:27  time: 0.2483  data_time: 0.0027  memory: 1437  loss: 1.7947  loss_cls: 1.3950  loss_bbox: 0.3998
2025/05/10 20:48:53 - mmengine - INFO - Epoch(train)  [5][250/352]  lr: 2.0000e-03  eta: 0:38:13  time: 0.2515  data_time: 0.0027  memory: 1437  loss: 1.8178  loss_cls: 1.4147  loss_bbox: 0.4032
2025/05/10 20:49:05 - mmengine - INFO - Epoch(train)  [5][300/352]  lr: 2.0000e-03  eta: 0:37:57  time: 0.2491  data_time: 0.0027  memory: 1437  loss: 1.7745  loss_cls: 1.3736  loss_bbox: 0.4009
2025/05/10 20:49:18 - mmengine - INFO - Epoch(train)  [5][350/352]  lr: 2.0000e-03  eta: 0:37:43  time: 0.2515  data_time: 0.0028  memory: 1437  loss: 1.7382  loss_cls: 1.3427  loss_bbox: 0.3955
2025/05/10 20:49:18 - mmengine - INFO - Exp name: ssd300_pt_20250510_204116
2025/05/10 20:49:19 - mmengine - INFO - Evaluating bbox...
2025/05/10 20:49:21 - mmengine - INFO - bbox_mAP_copypaste: 0.416 0.744 0.426 -1.000 0.251 0.443
2025/05/10 20:49:21 - mmengine - INFO - Epoch(val) [5][7/7]    coco/bbox_mAP: 0.4160  coco/bbox_mAP_50: 0.7440  coco/bbox_mAP_75: 0.4260  coco/bbox_mAP_s: -1.0000  coco/bbox_mAP_m: 0.2510  coco/bbox_mAP_l: 0.4430  data_time: 0.0611  time: 0.1219
2025/05/10 20:49:35 - mmengine - INFO - Epoch(train)  [6][ 50/352]  lr: 2.0000e-03  eta: 0:37:31  time: 0.2636  data_time: 0.0079  memory: 1437  loss: 1.6934  loss_cls: 1.3149  loss_bbox: 0.3785
2025/05/10 20:49:47 - mmengine - INFO - Epoch(train)  [6][100/352]  lr: 2.0000e-03  eta: 0:37:16  time: 0.2496  data_time: 0.0026  memory: 1437  loss: 1.6906  loss_cls: 1.3105  loss_bbox: 0.3801
2025/05/10 20:50:00 - mmengine - INFO - Epoch(train)  [6][150/352]  lr: 2.0000e-03  eta: 0:37:02  time: 0.2492  data_time: 0.0025  memory: 1437  loss: 1.6491  loss_cls: 1.2850  loss_bbox: 0.3641
2025/05/10 20:50:12 - mmengine - INFO - Epoch(train)  [6][200/352]  lr: 2.0000e-03  eta: 0:36:49  time: 0.2568  data_time: 0.0027  memory: 1437  loss: 1.6194  loss_cls: 1.2591  loss_bbox: 0.3603
2025/05/10 20:50:22 - mmengine - INFO - Exp name: ssd300_pt_20250510_204116
2025/05/10 20:50:25 - mmengine - INFO - Epoch(train)  [6][250/352]  lr: 2.0000e-03  eta: 0:36:35  time: 0.2503  data_time: 0.0024  memory: 1437  loss: 1.6467  loss_cls: 1.2777  loss_bbox: 0.3691
2025/05/10 20:50:37 - mmengine - INFO - Epoch(train)  [6][300/352]  lr: 2.0000e-03  eta: 0:36:20  time: 0.2489  data_time: 0.0026  memory: 1437  loss: 1.5735  loss_cls: 1.2226  loss_bbox: 0.3510
2025/05/10 20:50:50 - mmengine - INFO - Epoch(train)  [6][350/352]  lr: 2.0000e-03  eta: 0:36:06  time: 0.2481  data_time: 0.0026  memory: 1437  loss: 1.5303  loss_cls: 1.1854  loss_bbox: 0.3449
2025/05/10 20:50:50 - mmengine - INFO - Exp name: ssd300_pt_20250510_204116
2025/05/10 20:50:51 - mmengine - INFO - Evaluating bbox...
2025/05/10 20:50:53 - mmengine - INFO - bbox_mAP_copypaste: 0.404 0.712 0.428 -1.000 0.262 0.430
2025/05/10 20:50:53 - mmengine - INFO - Epoch(val) [6][7/7]    coco/bbox_mAP: 0.4040  coco/bbox_mAP_50: 0.7120  coco/bbox_mAP_75: 0.4280  coco/bbox_mAP_s: -1.0000  coco/bbox_mAP_m: 0.2620  coco/bbox_mAP_l: 0.4300  data_time: 0.0681  time: 0.1267
2025/05/10 20:51:06 - mmengine - INFO - Epoch(train)  [7][ 50/352]  lr: 2.0000e-03  eta: 0:35:53  time: 0.2598  data_time: 0.0077  memory: 1437  loss: 1.5262  loss_cls: 1.1885  loss_bbox: 0.3377
2025/05/10 20:51:19 - mmengine - INFO - Epoch(train)  [7][100/352]  lr: 2.0000e-03  eta: 0:35:39  time: 0.2498  data_time: 0.0028  memory: 1437  loss: 1.4624  loss_cls: 1.1364  loss_bbox: 0.3260
2025/05/10 20:51:31 - mmengine - INFO - Epoch(train)  [7][150/352]  lr: 2.0000e-03  eta: 0:35:25  time: 0.2494  data_time: 0.0026  memory: 1437  loss: 1.4965  loss_cls: 1.1643  loss_bbox: 0.3322
2025/05/10 20:51:44 - mmengine - INFO - Epoch(train)  [7][200/352]  lr: 2.0000e-03  eta: 0:35:11  time: 0.2505  data_time: 0.0025  memory: 1437  loss: 1.4628  loss_cls: 1.1345  loss_bbox: 0.3282
2025/05/10 20:51:56 - mmengine - INFO - Epoch(train)  [7][250/352]  lr: 2.0000e-03  eta: 0:34:57  time: 0.2522  data_time: 0.0030  memory: 1437  loss: 1.5511  loss_cls: 1.2114  loss_bbox: 0.3397
2025/05/10 20:52:09 - mmengine - INFO - Epoch(train)  [7][300/352]  lr: 2.0000e-03  eta: 0:34:44  time: 0.2528  data_time: 0.0028  memory: 1437  loss: 1.4449  loss_cls: 1.1184  loss_bbox: 0.3265
2025/05/10 20:52:21 - mmengine - INFO - Epoch(train)  [7][350/352]  lr: 2.0000e-03  eta: 0:34:30  time: 0.2483  data_time: 0.0026  memory: 1437  loss: 1.3444  loss_cls: 1.0452  loss_bbox: 0.2992
2025/05/10 20:52:22 - mmengine - INFO - Exp name: ssd300_pt_20250510_204116
2025/05/10 20:52:23 - mmengine - INFO - Evaluating bbox...
2025/05/10 20:52:25 - mmengine - INFO - bbox_mAP_copypaste: 0.423 0.754 0.442 -1.000 0.275 0.448
2025/05/10 20:52:25 - mmengine - INFO - Epoch(val) [7][7/7]    coco/bbox_mAP: 0.4230  coco/bbox_mAP_50: 0.7540  coco/bbox_mAP_75: 0.4420  coco/bbox_mAP_s: -1.0000  coco/bbox_mAP_m: 0.2750  coco/bbox_mAP_l: 0.4480  data_time: 0.0654  time: 0.1273
2025/05/10 20:52:38 - mmengine - INFO - Epoch(train)  [8][ 50/352]  lr: 2.0000e-03  eta: 0:34:17  time: 0.2576  data_time: 0.0075  memory: 1437  loss: 1.3087  loss_cls: 1.0177  loss_bbox: 0.2910
2025/05/10 20:52:50 - mmengine - INFO - Epoch(train)  [8][100/352]  lr: 2.0000e-03  eta: 0:34:04  time: 0.2533  data_time: 0.0027  memory: 1437  loss: 1.2676  loss_cls: 0.9828  loss_bbox: 0.2849
2025/05/10 20:53:03 - mmengine - INFO - Epoch(train)  [8][150/352]  lr: 2.0000e-03  eta: 0:33:50  time: 0.2506  data_time: 0.0027  memory: 1437  loss: 1.3067  loss_cls: 1.0120  loss_bbox: 0.2947
2025/05/10 20:53:15 - mmengine - INFO - Epoch(train)  [8][200/352]  lr: 2.0000e-03  eta: 0:33:36  time: 0.2476  data_time: 0.0024  memory: 1437  loss: 1.2513  loss_cls: 0.9693  loss_bbox: 0.2820
2025/05/10 20:53:28 - mmengine - INFO - Epoch(train)  [8][250/352]  lr: 2.0000e-03  eta: 0:33:22  time: 0.2476  data_time: 0.0025  memory: 1437  loss: 1.2500  loss_cls: 0.9705  loss_bbox: 0.2795
2025/05/10 20:53:40 - mmengine - INFO - Epoch(train)  [8][300/352]  lr: 2.0000e-03  eta: 0:33:09  time: 0.2508  data_time: 0.0029  memory: 1437  loss: 1.2144  loss_cls: 0.9391  loss_bbox: 0.2753
2025/05/10 20:53:53 - mmengine - INFO - Epoch(train)  [8][350/352]  lr: 2.0000e-03  eta: 0:32:56  time: 0.2551  data_time: 0.0026  memory: 1437  loss: 1.2254  loss_cls: 0.9479  loss_bbox: 0.2775
2025/05/10 20:53:53 - mmengine - INFO - Exp name: ssd300_pt_20250510_204116
2025/05/10 20:53:54 - mmengine - INFO - Evaluating bbox...
2025/05/10 20:53:56 - mmengine - INFO - bbox_mAP_copypaste: 0.417 0.757 0.415 -1.000 0.260 0.441
2025/05/10 20:53:56 - mmengine - INFO - Epoch(val) [8][7/7]    coco/bbox_mAP: 0.4170  coco/bbox_mAP_50: 0.7570  coco/bbox_mAP_75: 0.4150  coco/bbox_mAP_s: -1.0000  coco/bbox_mAP_m: 0.2600  coco/bbox_mAP_l: 0.4410  data_time: 0.0649  time: 0.1248
2025/05/10 20:54:09 - mmengine - INFO - Epoch(train)  [9][ 50/352]  lr: 2.0000e-03  eta: 0:32:43  time: 0.2595  data_time: 0.0074  memory: 1437  loss: 1.1573  loss_cls: 0.8934  loss_bbox: 0.2639
2025/05/10 20:54:22 - mmengine - INFO - Epoch(train)  [9][100/352]  lr: 2.0000e-03  eta: 0:32:30  time: 0.2491  data_time: 0.0026  memory: 1437  loss: 1.0987  loss_cls: 0.8470  loss_bbox: 0.2517
2025/05/10 20:54:34 - mmengine - INFO - Epoch(train)  [9][150/352]  lr: 2.0000e-03  eta: 0:32:16  time: 0.2519  data_time: 0.0025  memory: 1437  loss: 1.1318  loss_cls: 0.8707  loss_bbox: 0.2611
2025/05/10 20:54:43 - mmengine - INFO - Exp name: ssd300_pt_20250510_204116
2025/05/10 20:54:47 - mmengine - INFO - Epoch(train)  [9][200/352]  lr: 2.0000e-03  eta: 0:32:03  time: 0.2497  data_time: 0.0027  memory: 1437  loss: 1.0868  loss_cls: 0.8352  loss_bbox: 0.2516
2025/05/10 20:55:00 - mmengine - INFO - Epoch(train)  [9][250/352]  lr: 2.0000e-03  eta: 0:31:50  time: 0.2547  data_time: 0.0028  memory: 1437  loss: 1.0834  loss_cls: 0.8347  loss_bbox: 0.2487
2025/05/10 20:55:12 - mmengine - INFO - Epoch(train)  [9][300/352]  lr: 2.0000e-03  eta: 0:31:37  time: 0.2539  data_time: 0.0028  memory: 1437  loss: 1.0408  loss_cls: 0.7962  loss_bbox: 0.2446
2025/05/10 20:55:25 - mmengine - INFO - Epoch(train)  [9][350/352]  lr: 2.0000e-03  eta: 0:31:23  time: 0.2451  data_time: 0.0027  memory: 1437  loss: 0.9856  loss_cls: 0.7534  loss_bbox: 0.2322
2025/05/10 20:55:25 - mmengine - INFO - Exp name: ssd300_pt_20250510_204116
2025/05/10 20:55:26 - mmengine - INFO - Evaluating bbox...
2025/05/10 20:55:28 - mmengine - INFO - bbox_mAP_copypaste: 0.390 0.717 0.382 -1.000 0.247 0.415
2025/05/10 20:55:28 - mmengine - INFO - Epoch(val) [9][7/7]    coco/bbox_mAP: 0.3900  coco/bbox_mAP_50: 0.7170  coco/bbox_mAP_75: 0.3820  coco/bbox_mAP_s: -1.0000  coco/bbox_mAP_m: 0.2470  coco/bbox_mAP_l: 0.4150  data_time: 0.0623  time: 0.1236
2025/05/10 20:55:41 - mmengine - INFO - Epoch(train) [10][ 50/352]  lr: 2.0000e-03  eta: 0:31:11  time: 0.2609  data_time: 0.0073  memory: 1437  loss: 0.9282  loss_cls: 0.7073  loss_bbox: 0.2209
2025/05/10 20:55:54 - mmengine - INFO - Epoch(train) [10][100/352]  lr: 2.0000e-03  eta: 0:30:58  time: 0.2506  data_time: 0.0026  memory: 1437  loss: 0.9154  loss_cls: 0.6963  loss_bbox: 0.2191
2025/05/10 20:56:06 - mmengine - INFO - Epoch(train) [10][150/352]  lr: 2.0000e-03  eta: 0:30:44  time: 0.2497  data_time: 0.0026  memory: 1437  loss: 0.9121  loss_cls: 0.6913  loss_bbox: 0.2207
2025/05/10 20:56:19 - mmengine - INFO - Epoch(train) [10][200/352]  lr: 2.0000e-03  eta: 0:30:31  time: 0.2496  data_time: 0.0027  memory: 1437  loss: 0.9284  loss_cls: 0.7052  loss_bbox: 0.2232
2025/05/10 20:56:31 - mmengine - INFO - Epoch(train) [10][250/352]  lr: 2.0000e-03  eta: 0:30:18  time: 0.2522  data_time: 0.0026  memory: 1437  loss: 0.8744  loss_cls: 0.6578  loss_bbox: 0.2166
2025/05/10 20:56:44 - mmengine - INFO - Epoch(train) [10][300/352]  lr: 2.0000e-03  eta: 0:30:05  time: 0.2517  data_time: 0.0027  memory: 1437  loss: 0.8841  loss_cls: 0.6673  loss_bbox: 0.2168
2025/05/10 20:56:56 - mmengine - INFO - Epoch(train) [10][350/352]  lr: 2.0000e-03  eta: 0:29:52  time: 0.2520  data_time: 0.0025  memory: 1437  loss: 0.8095  loss_cls: 0.6055  loss_bbox: 0.2040
2025/05/10 20:56:57 - mmengine - INFO - Exp name: ssd300_pt_20250510_204116
2025/05/10 20:56:58 - mmengine - INFO - Evaluating bbox...
2025/05/10 20:57:00 - mmengine - INFO - bbox_mAP_copypaste: 0.369 0.685 0.359 -1.000 0.237 0.394
2025/05/10 20:57:00 - mmengine - INFO - Epoch(val) [10][7/7]    coco/bbox_mAP: 0.3690  coco/bbox_mAP_50: 0.6850  coco/bbox_mAP_75: 0.3590  coco/bbox_mAP_s: -1.0000  coco/bbox_mAP_m: 0.2370  coco/bbox_mAP_l: 0.3940  data_time: 0.0626  time: 0.1250
2025/05/10 20:57:13 - mmengine - INFO - Epoch(train) [11][ 50/352]  lr: 2.0000e-03  eta: 0:29:39  time: 0.2602  data_time: 0.0079  memory: 1437  loss: 0.8178  loss_cls: 0.6144  loss_bbox: 0.2034
2025/05/10 20:57:26 - mmengine - INFO - Epoch(train) [11][100/352]  lr: 2.0000e-03  eta: 0:29:27  time: 0.2575  data_time: 0.0031  memory: 1437  loss: 0.8103  loss_cls: 0.6086  loss_bbox: 0.2017
2025/05/10 20:57:38 - mmengine - INFO - Epoch(train) [11][150/352]  lr: 2.0000e-03  eta: 0:29:14  time: 0.2519  data_time: 0.0028  memory: 1437  loss: 0.7917  loss_cls: 0.5916  loss_bbox: 0.2001
2025/05/10 20:57:51 - mmengine - INFO - Epoch(train) [11][200/352]  lr: 2.0000e-03  eta: 0:29:00  time: 0.2476  data_time: 0.0028  memory: 1437  loss: 0.7261  loss_cls: 0.5401  loss_bbox: 0.1861
2025/05/10 20:58:03 - mmengine - INFO - Epoch(train) [11][250/352]  lr: 2.0000e-03  eta: 0:28:47  time: 0.2523  data_time: 0.0029  memory: 1437  loss: 0.7069  loss_cls: 0.5236  loss_bbox: 0.1833
2025/05/10 20:58:16 - mmengine - INFO - Epoch(train) [11][300/352]  lr: 2.0000e-03  eta: 0:28:34  time: 0.2479  data_time: 0.0028  memory: 1437  loss: 0.6965  loss_cls: 0.5110  loss_bbox: 0.1855
2025/05/10 20:58:28 - mmengine - INFO - Epoch(train) [11][350/352]  lr: 2.0000e-03  eta: 0:28:21  time: 0.2513  data_time: 0.0026  memory: 1437  loss: 0.6474  loss_cls: 0.4750  loss_bbox: 0.1723
2025/05/10 20:58:29 - mmengine - INFO - Exp name: ssd300_pt_20250510_204116
2025/05/10 20:58:30 - mmengine - INFO - Evaluating bbox...
2025/05/10 20:58:31 - mmengine - INFO - bbox_mAP_copypaste: 0.367 0.694 0.336 -1.000 0.227 0.390
2025/05/10 20:58:31 - mmengine - INFO - Epoch(val) [11][7/7]    coco/bbox_mAP: 0.3670  coco/bbox_mAP_50: 0.6940  coco/bbox_mAP_75: 0.3360  coco/bbox_mAP_s: -1.0000  coco/bbox_mAP_m: 0.2270  coco/bbox_mAP_l: 0.3900  data_time: 0.0623  time: 0.1217
2025/05/10 20:58:45 - mmengine - INFO - Epoch(train) [12][ 50/352]  lr: 2.0000e-03  eta: 0:28:08  time: 0.2619  data_time: 0.0075  memory: 1437  loss: 0.6131  loss_cls: 0.4432  loss_bbox: 0.1698
2025/05/10 20:58:57 - mmengine - INFO - Epoch(train) [12][100/352]  lr: 2.0000e-03  eta: 0:27:55  time: 0.2507  data_time: 0.0027  memory: 1437  loss: 0.6298  loss_cls: 0.4606  loss_bbox: 0.1692
2025/05/10 20:59:04 - mmengine - INFO - Exp name: ssd300_pt_20250510_204116
2025/05/10 20:59:10 - mmengine - INFO - Epoch(train) [12][150/352]  lr: 2.0000e-03  eta: 0:27:43  time: 0.2593  data_time: 0.0028  memory: 1437  loss: 0.6222  loss_cls: 0.4523  loss_bbox: 0.1699
2025/05/10 20:59:22 - mmengine - INFO - Epoch(train) [12][200/352]  lr: 2.0000e-03  eta: 0:27:30  time: 0.2469  data_time: 0.0027  memory: 1437  loss: 0.5937  loss_cls: 0.4288  loss_bbox: 0.1649
2025/05/10 20:59:35 - mmengine - INFO - Epoch(train) [12][250/352]  lr: 2.0000e-03  eta: 0:27:16  time: 0.2467  data_time: 0.0027  memory: 1437  loss: 0.5850  loss_cls: 0.4217  loss_bbox: 0.1634
2025/05/10 20:59:47 - mmengine - INFO - Epoch(train) [12][300/352]  lr: 2.0000e-03  eta: 0:27:03  time: 0.2505  data_time: 0.0029  memory: 1437  loss: 0.5941  loss_cls: 0.4255  loss_bbox: 0.1685
2025/05/10 21:00:00 - mmengine - INFO - Epoch(train) [12][350/352]  lr: 2.0000e-03  eta: 0:26:51  time: 0.2516  data_time: 0.0027  memory: 1437  loss: 0.5448  loss_cls: 0.3888  loss_bbox: 0.1560
2025/05/10 21:00:00 - mmengine - INFO - Exp name: ssd300_pt_20250510_204116
2025/05/10 21:00:01 - mmengine - INFO - Evaluating bbox...
2025/05/10 21:00:03 - mmengine - INFO - bbox_mAP_copypaste: 0.381 0.718 0.360 -1.000 0.232 0.404
2025/05/10 21:00:03 - mmengine - INFO - Epoch(val) [12][7/7]    coco/bbox_mAP: 0.3810  coco/bbox_mAP_50: 0.7180  coco/bbox_mAP_75: 0.3600  coco/bbox_mAP_s: -1.0000  coco/bbox_mAP_m: 0.2320  coco/bbox_mAP_l: 0.4040  data_time: 0.0675  time: 0.1267
2025/05/10 21:00:16 - mmengine - INFO - Epoch(train) [13][ 50/352]  lr: 2.0000e-03  eta: 0:26:38  time: 0.2621  data_time: 0.0079  memory: 1437  loss: 0.5019  loss_cls: 0.3591  loss_bbox: 0.1429
2025/05/10 21:00:29 - mmengine - INFO - Epoch(train) [13][100/352]  lr: 2.0000e-03  eta: 0:26:25  time: 0.2488  data_time: 0.0025  memory: 1437  loss: 0.5078  loss_cls: 0.3590  loss_bbox: 0.1488
2025/05/10 21:00:41 - mmengine - INFO - Epoch(train) [13][150/352]  lr: 2.0000e-03  eta: 0:26:12  time: 0.2494  data_time: 0.0026  memory: 1437  loss: 0.4910  loss_cls: 0.3450  loss_bbox: 0.1460
2025/05/10 21:00:54 - mmengine - INFO - Epoch(train) [13][200/352]  lr: 2.0000e-03  eta: 0:25:59  time: 0.2510  data_time: 0.0028  memory: 1437  loss: 0.4782  loss_cls: 0.3354  loss_bbox: 0.1429
2025/05/10 21:01:07 - mmengine - INFO - Epoch(train) [13][250/352]  lr: 2.0000e-03  eta: 0:25:46  time: 0.2553  data_time: 0.0029  memory: 1437  loss: 0.4452  loss_cls: 0.3080  loss_bbox: 0.1372
2025/05/10 21:01:19 - mmengine - INFO - Epoch(train) [13][300/352]  lr: 2.0000e-03  eta: 0:25:33  time: 0.2487  data_time: 0.0028  memory: 1437  loss: 0.4466  loss_cls: 0.3082  loss_bbox: 0.1384
2025/05/10 21:01:31 - mmengine - INFO - Epoch(train) [13][350/352]  lr: 2.0000e-03  eta: 0:25:20  time: 0.2498  data_time: 0.0025  memory: 1437  loss: 0.4247  loss_cls: 0.2892  loss_bbox: 0.1355
2025/05/10 21:01:32 - mmengine - INFO - Exp name: ssd300_pt_20250510_204116
2025/05/10 21:01:33 - mmengine - INFO - Evaluating bbox...
2025/05/10 21:01:35 - mmengine - INFO - bbox_mAP_copypaste: 0.357 0.672 0.327 -1.000 0.212 0.380
2025/05/10 21:01:35 - mmengine - INFO - Epoch(val) [13][7/7]    coco/bbox_mAP: 0.3570  coco/bbox_mAP_50: 0.6720  coco/bbox_mAP_75: 0.3270  coco/bbox_mAP_s: -1.0000  coco/bbox_mAP_m: 0.2120  coco/bbox_mAP_l: 0.3800  data_time: 0.0639  time: 0.1247
2025/05/10 21:01:48 - mmengine - INFO - Epoch(train) [14][ 50/352]  lr: 2.0000e-03  eta: 0:25:07  time: 0.2581  data_time: 0.0080  memory: 1437  loss: 0.3933  loss_cls: 0.2680  loss_bbox: 0.1253
2025/05/10 21:02:00 - mmengine - INFO - Epoch(train) [14][100/352]  lr: 2.0000e-03  eta: 0:24:54  time: 0.2450  data_time: 0.0027  memory: 1437  loss: 0.3772  loss_cls: 0.2547  loss_bbox: 0.1225
2025/05/10 21:02:12 - mmengine - INFO - Epoch(train) [14][150/352]  lr: 2.0000e-03  eta: 0:24:41  time: 0.2529  data_time: 0.0030  memory: 1437  loss: 0.3947  loss_cls: 0.2665  loss_bbox: 0.1282
2025/05/10 21:02:25 - mmengine - INFO - Epoch(train) [14][200/352]  lr: 2.0000e-03  eta: 0:24:28  time: 0.2537  data_time: 0.0027  memory: 1437  loss: 0.5252  loss_cls: 0.3678  loss_bbox: 0.1574
2025/05/10 21:02:37 - mmengine - INFO - Epoch(train) [14][250/352]  lr: 2.0000e-03  eta: 0:24:15  time: 0.2479  data_time: 0.0027  memory: 1437  loss: 0.4195  loss_cls: 0.2875  loss_bbox: 0.1320
2025/05/10 21:02:50 - mmengine - INFO - Epoch(train) [14][300/352]  lr: 2.0000e-03  eta: 0:24:03  time: 0.2534  data_time: 0.0029  memory: 1437  loss: 0.3725  loss_cls: 0.2497  loss_bbox: 0.1228
2025/05/10 21:03:03 - mmengine - INFO - Epoch(train) [14][350/352]  lr: 2.0000e-03  eta: 0:23:50  time: 0.2504  data_time: 0.0027  memory: 1437  loss: 0.3565  loss_cls: 0.2387  loss_bbox: 0.1178
2025/05/10 21:03:03 - mmengine - INFO - Exp name: ssd300_pt_20250510_204116
2025/05/10 21:03:04 - mmengine - INFO - Evaluating bbox...
2025/05/10 21:03:06 - mmengine - INFO - bbox_mAP_copypaste: 0.346 0.658 0.309 -1.000 0.221 0.369
2025/05/10 21:03:06 - mmengine - INFO - Epoch(val) [14][7/7]    coco/bbox_mAP: 0.3460  coco/bbox_mAP_50: 0.6580  coco/bbox_mAP_75: 0.3090  coco/bbox_mAP_s: -1.0000  coco/bbox_mAP_m: 0.2210  coco/bbox_mAP_l: 0.3690  data_time: 0.0654  time: 0.1252
2025/05/10 21:03:19 - mmengine - INFO - Epoch(train) [15][ 50/352]  lr: 2.0000e-03  eta: 0:23:37  time: 0.2605  data_time: 0.0077  memory: 1437  loss: 0.3314  loss_cls: 0.2191  loss_bbox: 0.1123
2025/05/10 21:03:24 - mmengine - INFO - Exp name: ssd300_pt_20250510_204116
2025/05/10 21:03:31 - mmengine - INFO - Epoch(train) [15][100/352]  lr: 2.0000e-03  eta: 0:23:24  time: 0.2470  data_time: 0.0026  memory: 1437  loss: 0.3220  loss_cls: 0.2111  loss_bbox: 0.1109
2025/05/10 21:03:44 - mmengine - INFO - Epoch(train) [15][150/352]  lr: 2.0000e-03  eta: 0:23:11  time: 0.2506  data_time: 0.0026  memory: 1437  loss: 0.3108  loss_cls: 0.2035  loss_bbox: 0.1073
2025/05/10 21:03:56 - mmengine - INFO - Epoch(train) [15][200/352]  lr: 2.0000e-03  eta: 0:22:58  time: 0.2489  data_time: 0.0027  memory: 1437  loss: 0.3081  loss_cls: 0.2000  loss_bbox: 0.1081
2025/05/10 21:04:09 - mmengine - INFO - Epoch(train) [15][250/352]  lr: 2.0000e-03  eta: 0:22:45  time: 0.2511  data_time: 0.0026  memory: 1437  loss: 0.3156  loss_cls: 0.2030  loss_bbox: 0.1126
2025/05/10 21:04:21 - mmengine - INFO - Epoch(train) [15][300/352]  lr: 2.0000e-03  eta: 0:22:32  time: 0.2530  data_time: 0.0029  memory: 1437  loss: 0.3059  loss_cls: 0.1975  loss_bbox: 0.1084
2025/05/10 21:04:34 - mmengine - INFO - Epoch(train) [15][350/352]  lr: 2.0000e-03  eta: 0:22:19  time: 0.2512  data_time: 0.0026  memory: 1437  loss: 0.3022  loss_cls: 0.1937  loss_bbox: 0.1085
2025/05/10 21:04:34 - mmengine - INFO - Exp name: ssd300_pt_20250510_204116
2025/05/10 21:04:36 - mmengine - INFO - Evaluating bbox...
2025/05/10 21:04:37 - mmengine - INFO - bbox_mAP_copypaste: 0.355 0.668 0.333 -1.000 0.215 0.380
2025/05/10 21:04:37 - mmengine - INFO - Epoch(val) [15][7/7]    coco/bbox_mAP: 0.3550  coco/bbox_mAP_50: 0.6680  coco/bbox_mAP_75: 0.3330  coco/bbox_mAP_s: -1.0000  coco/bbox_mAP_m: 0.2150  coco/bbox_mAP_l: 0.3800  data_time: 0.0605  time: 0.1292
2025/05/10 21:04:50 - mmengine - INFO - Epoch(train) [16][ 50/352]  lr: 2.0000e-03  eta: 0:22:07  time: 0.2610  data_time: 0.0075  memory: 1437  loss: 0.2792  loss_cls: 0.1788  loss_bbox: 0.1004
2025/05/10 21:05:03 - mmengine - INFO - Epoch(train) [16][100/352]  lr: 2.0000e-03  eta: 0:21:54  time: 0.2476  data_time: 0.0028  memory: 1437  loss: 0.2691  loss_cls: 0.1710  loss_bbox: 0.0981
2025/05/10 21:05:15 - mmengine - INFO - Epoch(train) [16][150/352]  lr: 2.0000e-03  eta: 0:21:41  time: 0.2560  data_time: 0.0028  memory: 1437  loss: 0.2596  loss_cls: 0.1649  loss_bbox: 0.0948
2025/05/10 21:05:28 - mmengine - INFO - Epoch(train) [16][200/352]  lr: 2.0000e-03  eta: 0:21:28  time: 0.2470  data_time: 0.0026  memory: 1437  loss: 0.2680  loss_cls: 0.1706  loss_bbox: 0.0974
2025/05/10 21:05:40 - mmengine - INFO - Epoch(train) [16][250/352]  lr: 2.0000e-03  eta: 0:21:15  time: 0.2527  data_time: 0.0028  memory: 1437  loss: 0.2553  loss_cls: 0.1601  loss_bbox: 0.0952
2025/05/10 21:05:53 - mmengine - INFO - Epoch(train) [16][300/352]  lr: 2.0000e-03  eta: 0:21:02  time: 0.2487  data_time: 0.0026  memory: 1437  loss: 0.2491  loss_cls: 0.1560  loss_bbox: 0.0931
2025/05/10 21:06:05 - mmengine - INFO - Epoch(train) [16][350/352]  lr: 2.0000e-03  eta: 0:20:50  time: 0.2515  data_time: 0.0026  memory: 1437  loss: 0.2457  loss_cls: 0.1516  loss_bbox: 0.0941
2025/05/10 21:06:06 - mmengine - INFO - Exp name: ssd300_pt_20250510_204116
2025/05/10 21:06:07 - mmengine - INFO - Evaluating bbox...
2025/05/10 21:06:09 - mmengine - INFO - bbox_mAP_copypaste: 0.344 0.651 0.309 -1.000 0.208 0.367
2025/05/10 21:06:09 - mmengine - INFO - Epoch(val) [16][7/7]    coco/bbox_mAP: 0.3440  coco/bbox_mAP_50: 0.6510  coco/bbox_mAP_75: 0.3090  coco/bbox_mAP_s: -1.0000  coco/bbox_mAP_m: 0.2080  coco/bbox_mAP_l: 0.3670  data_time: 0.0646  time: 0.1248
2025/05/10 21:06:22 - mmengine - INFO - Epoch(train) [17][ 50/352]  lr: 2.0000e-04  eta: 0:20:37  time: 0.2639  data_time: 0.0076  memory: 1437  loss: 0.2273  loss_cls: 0.1431  loss_bbox: 0.0842
2025/05/10 21:06:34 - mmengine - INFO - Epoch(train) [17][100/352]  lr: 2.0000e-04  eta: 0:20:24  time: 0.2485  data_time: 0.0026  memory: 1437  loss: 0.2082  loss_cls: 0.1287  loss_bbox: 0.0795
2025/05/10 21:06:47 - mmengine - INFO - Epoch(train) [17][150/352]  lr: 2.0000e-04  eta: 0:20:11  time: 0.2514  data_time: 0.0028  memory: 1437  loss: 0.2147  loss_cls: 0.1336  loss_bbox: 0.0812
2025/05/10 21:06:59 - mmengine - INFO - Epoch(train) [17][200/352]  lr: 2.0000e-04  eta: 0:19:58  time: 0.2517  data_time: 0.0027  memory: 1437  loss: 0.2087  loss_cls: 0.1296  loss_bbox: 0.0791
2025/05/10 21:07:12 - mmengine - INFO - Epoch(train) [17][250/352]  lr: 2.0000e-04  eta: 0:19:46  time: 0.2547  data_time: 0.0028  memory: 1437  loss: 0.2133  loss_cls: 0.1331  loss_bbox: 0.0802
2025/05/10 21:07:25 - mmengine - INFO - Epoch(train) [17][300/352]  lr: 2.0000e-04  eta: 0:19:33  time: 0.2529  data_time: 0.0026  memory: 1437  loss: 0.2118  loss_cls: 0.1317  loss_bbox: 0.0801
2025/05/10 21:07:37 - mmengine - INFO - Epoch(train) [17][350/352]  lr: 2.0000e-04  eta: 0:19:20  time: 0.2503  data_time: 0.0025  memory: 1437  loss: 0.2164  loss_cls: 0.1348  loss_bbox: 0.0816
2025/05/10 21:07:38 - mmengine - INFO - Exp name: ssd300_pt_20250510_204116
2025/05/10 21:07:39 - mmengine - INFO - Evaluating bbox...
2025/05/10 21:07:40 - mmengine - INFO - bbox_mAP_copypaste: 0.349 0.658 0.322 -1.000 0.209 0.374
2025/05/10 21:07:40 - mmengine - INFO - Epoch(val) [17][7/7]    coco/bbox_mAP: 0.3490  coco/bbox_mAP_50: 0.6580  coco/bbox_mAP_75: 0.3220  coco/bbox_mAP_s: -1.0000  coco/bbox_mAP_m: 0.2090  coco/bbox_mAP_l: 0.3740  data_time: 0.0672  time: 0.1248
2025/05/10 21:07:45 - mmengine - INFO - Exp name: ssd300_pt_20250510_204116
2025/05/10 21:07:53 - mmengine - INFO - Epoch(train) [18][ 50/352]  lr: 2.0000e-04  eta: 0:19:07  time: 0.2590  data_time: 0.0077  memory: 1437  loss: 0.2084  loss_cls: 0.1292  loss_bbox: 0.0791
2025/05/10 21:08:06 - mmengine - INFO - Epoch(train) [18][100/352]  lr: 2.0000e-04  eta: 0:18:55  time: 0.2517  data_time: 0.0026  memory: 1437  loss: 0.2103  loss_cls: 0.1303  loss_bbox: 0.0800
2025/05/10 21:08:18 - mmengine - INFO - Epoch(train) [18][150/352]  lr: 2.0000e-04  eta: 0:18:42  time: 0.2450  data_time: 0.0026  memory: 1437  loss: 0.2071  loss_cls: 0.1289  loss_bbox: 0.0782
2025/05/10 21:08:30 - mmengine - INFO - Epoch(train) [18][200/352]  lr: 2.0000e-04  eta: 0:18:29  time: 0.2490  data_time: 0.0028  memory: 1437  loss: 0.2017  loss_cls: 0.1240  loss_bbox: 0.0777
2025/05/10 21:08:43 - mmengine - INFO - Epoch(train) [18][250/352]  lr: 2.0000e-04  eta: 0:18:16  time: 0.2510  data_time: 0.0028  memory: 1437  loss: 0.2122  loss_cls: 0.1321  loss_bbox: 0.0801
2025/05/10 21:08:56 - mmengine - INFO - Epoch(train) [18][300/352]  lr: 2.0000e-04  eta: 0:18:03  time: 0.2510  data_time: 0.0026  memory: 1437  loss: 0.2104  loss_cls: 0.1317  loss_bbox: 0.0787
2025/05/10 21:09:08 - mmengine - INFO - Epoch(train) [18][350/352]  lr: 2.0000e-04  eta: 0:17:50  time: 0.2525  data_time: 0.0026  memory: 1437  loss: 0.2081  loss_cls: 0.1290  loss_bbox: 0.0792
2025/05/10 21:09:09 - mmengine - INFO - Exp name: ssd300_pt_20250510_204116
2025/05/10 21:09:10 - mmengine - INFO - Evaluating bbox...
2025/05/10 21:09:11 - mmengine - INFO - bbox_mAP_copypaste: 0.350 0.660 0.322 -1.000 0.210 0.374
2025/05/10 21:09:11 - mmengine - INFO - Epoch(val) [18][7/7]    coco/bbox_mAP: 0.3500  coco/bbox_mAP_50: 0.6600  coco/bbox_mAP_75: 0.3220  coco/bbox_mAP_s: -1.0000  coco/bbox_mAP_m: 0.2100  coco/bbox_mAP_l: 0.3740  data_time: 0.0636  time: 0.1233
2025/05/10 21:09:24 - mmengine - INFO - Epoch(train) [19][ 50/352]  lr: 2.0000e-04  eta: 0:17:37  time: 0.2565  data_time: 0.0076  memory: 1437  loss: 0.2045  loss_cls: 0.1265  loss_bbox: 0.0780
2025/05/10 21:09:37 - mmengine - INFO - Epoch(train) [19][100/352]  lr: 2.0000e-04  eta: 0:17:25  time: 0.2556  data_time: 0.0026  memory: 1437  loss: 0.2060  loss_cls: 0.1285  loss_bbox: 0.0775
2025/05/10 21:09:50 - mmengine - INFO - Epoch(train) [19][150/352]  lr: 2.0000e-04  eta: 0:17:12  time: 0.2511  data_time: 0.0026  memory: 1437  loss: 0.2072  loss_cls: 0.1286  loss_bbox: 0.0786
2025/05/10 21:10:02 - mmengine - INFO - Epoch(train) [19][200/352]  lr: 2.0000e-04  eta: 0:16:59  time: 0.2479  data_time: 0.0027  memory: 1437  loss: 0.2016  loss_cls: 0.1241  loss_bbox: 0.0775
2025/05/10 21:10:15 - mmengine - INFO - Epoch(train) [19][250/352]  lr: 2.0000e-04  eta: 0:16:46  time: 0.2528  data_time: 0.0030  memory: 1437  loss: 0.2040  loss_cls: 0.1265  loss_bbox: 0.0774
2025/05/10 21:10:27 - mmengine - INFO - Epoch(train) [19][300/352]  lr: 2.0000e-04  eta: 0:16:34  time: 0.2481  data_time: 0.0026  memory: 1437  loss: 0.2026  loss_cls: 0.1250  loss_bbox: 0.0776
2025/05/10 21:10:40 - mmengine - INFO - Epoch(train) [19][350/352]  lr: 2.0000e-04  eta: 0:16:21  time: 0.2554  data_time: 0.0027  memory: 1437  loss: 0.2019  loss_cls: 0.1245  loss_bbox: 0.0774
2025/05/10 21:10:40 - mmengine - INFO - Exp name: ssd300_pt_20250510_204116
2025/05/10 21:10:41 - mmengine - INFO - Evaluating bbox...
2025/05/10 21:10:43 - mmengine - INFO - bbox_mAP_copypaste: 0.349 0.660 0.318 -1.000 0.208 0.373
2025/05/10 21:10:43 - mmengine - INFO - Epoch(val) [19][7/7]    coco/bbox_mAP: 0.3490  coco/bbox_mAP_50: 0.6600  coco/bbox_mAP_75: 0.3180  coco/bbox_mAP_s: -1.0000  coco/bbox_mAP_m: 0.2080  coco/bbox_mAP_l: 0.3730  data_time: 0.0645  time: 0.1244
2025/05/10 21:10:56 - mmengine - INFO - Epoch(train) [20][ 50/352]  lr: 2.0000e-04  eta: 0:16:08  time: 0.2590  data_time: 0.0073  memory: 1437  loss: 0.2009  loss_cls: 0.1241  loss_bbox: 0.0768
2025/05/10 21:11:08 - mmengine - INFO - Epoch(train) [20][100/352]  lr: 2.0000e-04  eta: 0:15:55  time: 0.2544  data_time: 0.0028  memory: 1437  loss: 0.1948  loss_cls: 0.1198  loss_bbox: 0.0750
2025/05/10 21:11:21 - mmengine - INFO - Epoch(train) [20][150/352]  lr: 2.0000e-04  eta: 0:15:42  time: 0.2460  data_time: 0.0027  memory: 1437  loss: 0.1959  loss_cls: 0.1203  loss_bbox: 0.0756
2025/05/10 21:11:33 - mmengine - INFO - Epoch(train) [20][200/352]  lr: 2.0000e-04  eta: 0:15:30  time: 0.2496  data_time: 0.0025  memory: 1437  loss: 0.2041  loss_cls: 0.1266  loss_bbox: 0.0775
2025/05/10 21:11:46 - mmengine - INFO - Epoch(train) [20][250/352]  lr: 2.0000e-04  eta: 0:15:17  time: 0.2485  data_time: 0.0030  memory: 1437  loss: 0.2029  loss_cls: 0.1261  loss_bbox: 0.0768
2025/05/10 21:11:58 - mmengine - INFO - Epoch(train) [20][300/352]  lr: 2.0000e-04  eta: 0:15:04  time: 0.2518  data_time: 0.0026  memory: 1437  loss: 0.2027  loss_cls: 0.1257  loss_bbox: 0.0770
2025/05/10 21:12:01 - mmengine - INFO - Exp name: ssd300_pt_20250510_204116
2025/05/10 21:12:11 - mmengine - INFO - Epoch(train) [20][350/352]  lr: 2.0000e-04  eta: 0:14:52  time: 0.2513  data_time: 0.0029  memory: 1437  loss: 0.2033  loss_cls: 0.1254  loss_bbox: 0.0779
2025/05/10 21:12:11 - mmengine - INFO - Exp name: ssd300_pt_20250510_204116
2025/05/10 21:12:12 - mmengine - INFO - Evaluating bbox...
2025/05/10 21:12:14 - mmengine - INFO - bbox_mAP_copypaste: 0.347 0.657 0.316 -1.000 0.207 0.372
2025/05/10 21:12:14 - mmengine - INFO - Epoch(val) [20][7/7]    coco/bbox_mAP: 0.3470  coco/bbox_mAP_50: 0.6570  coco/bbox_mAP_75: 0.3160  coco/bbox_mAP_s: -1.0000  coco/bbox_mAP_m: 0.2070  coco/bbox_mAP_l: 0.3720  data_time: 0.0644  time: 0.1243
2025/05/10 21:12:27 - mmengine - INFO - Epoch(train) [21][ 50/352]  lr: 2.0000e-04  eta: 0:14:38  time: 0.2583  data_time: 0.0075  memory: 1437  loss: 0.1950  loss_cls: 0.1195  loss_bbox: 0.0755
2025/05/10 21:12:39 - mmengine - INFO - Epoch(train) [21][100/352]  lr: 2.0000e-04  eta: 0:14:26  time: 0.2526  data_time: 0.0026  memory: 1437  loss: 0.1965  loss_cls: 0.1212  loss_bbox: 0.0753
2025/05/10 21:12:52 - mmengine - INFO - Epoch(train) [21][150/352]  lr: 2.0000e-04  eta: 0:14:13  time: 0.2489  data_time: 0.0026  memory: 1437  loss: 0.1979  loss_cls: 0.1216  loss_bbox: 0.0762
2025/05/10 21:13:04 - mmengine - INFO - Epoch(train) [21][200/352]  lr: 2.0000e-04  eta: 0:14:00  time: 0.2506  data_time: 0.0027  memory: 1437  loss: 0.1940  loss_cls: 0.1187  loss_bbox: 0.0753
2025/05/10 21:13:17 - mmengine - INFO - Epoch(train) [21][250/352]  lr: 2.0000e-04  eta: 0:13:48  time: 0.2516  data_time: 0.0026  memory: 1437  loss: 0.1951  loss_cls: 0.1200  loss_bbox: 0.0751
2025/05/10 21:13:29 - mmengine - INFO - Epoch(train) [21][300/352]  lr: 2.0000e-04  eta: 0:13:35  time: 0.2476  data_time: 0.0026  memory: 1437  loss: 0.1976  loss_cls: 0.1222  loss_bbox: 0.0754
2025/05/10 21:13:42 - mmengine - INFO - Epoch(train) [21][350/352]  lr: 2.0000e-04  eta: 0:13:22  time: 0.2548  data_time: 0.0028  memory: 1437  loss: 0.2025  loss_cls: 0.1263  loss_bbox: 0.0762
2025/05/10 21:13:43 - mmengine - INFO - Exp name: ssd300_pt_20250510_204116
2025/05/10 21:13:44 - mmengine - INFO - Evaluating bbox...
2025/05/10 21:13:45 - mmengine - INFO - bbox_mAP_copypaste: 0.347 0.656 0.315 -1.000 0.208 0.371
2025/05/10 21:13:45 - mmengine - INFO - Epoch(val) [21][7/7]    coco/bbox_mAP: 0.3470  coco/bbox_mAP_50: 0.6560  coco/bbox_mAP_75: 0.3150  coco/bbox_mAP_s: -1.0000  coco/bbox_mAP_m: 0.2080  coco/bbox_mAP_l: 0.3710  data_time: 0.0640  time: 0.1239
2025/05/10 21:13:58 - mmengine - INFO - Epoch(train) [22][ 50/352]  lr: 2.0000e-04  eta: 0:13:09  time: 0.2567  data_time: 0.0073  memory: 1437  loss: 0.1952  loss_cls: 0.1207  loss_bbox: 0.0745
2025/05/10 21:14:10 - mmengine - INFO - Epoch(train) [22][100/352]  lr: 2.0000e-04  eta: 0:12:56  time: 0.2479  data_time: 0.0029  memory: 1437  loss: 0.1934  loss_cls: 0.1188  loss_bbox: 0.0745
2025/05/10 21:14:23 - mmengine - INFO - Epoch(train) [22][150/352]  lr: 2.0000e-04  eta: 0:12:44  time: 0.2546  data_time: 0.0028  memory: 1437  loss: 0.1969  loss_cls: 0.1209  loss_bbox: 0.0760
2025/05/10 21:14:36 - mmengine - INFO - Epoch(train) [22][200/352]  lr: 2.0000e-04  eta: 0:12:31  time: 0.2515  data_time: 0.0026  memory: 1437  loss: 0.1989  loss_cls: 0.1232  loss_bbox: 0.0757
2025/05/10 21:14:48 - mmengine - INFO - Epoch(train) [22][250/352]  lr: 2.0000e-04  eta: 0:12:18  time: 0.2526  data_time: 0.0027  memory: 1437  loss: 0.1904  loss_cls: 0.1168  loss_bbox: 0.0736
2025/05/10 21:15:01 - mmengine - INFO - Epoch(train) [22][300/352]  lr: 2.0000e-04  eta: 0:12:06  time: 0.2535  data_time: 0.0026  memory: 1437  loss: 0.1965  loss_cls: 0.1210  loss_bbox: 0.0755
2025/05/10 21:15:13 - mmengine - INFO - Epoch(train) [22][350/352]  lr: 2.0000e-04  eta: 0:11:53  time: 0.2466  data_time: 0.0027  memory: 1437  loss: 0.1856  loss_cls: 0.1129  loss_bbox: 0.0726
2025/05/10 21:15:14 - mmengine - INFO - Exp name: ssd300_pt_20250510_204116
2025/05/10 21:15:15 - mmengine - INFO - Evaluating bbox...
2025/05/10 21:15:16 - mmengine - INFO - bbox_mAP_copypaste: 0.346 0.654 0.313 -1.000 0.205 0.370
2025/05/10 21:15:16 - mmengine - INFO - Epoch(val) [22][7/7]    coco/bbox_mAP: 0.3460  coco/bbox_mAP_50: 0.6540  coco/bbox_mAP_75: 0.3130  coco/bbox_mAP_s: -1.0000  coco/bbox_mAP_m: 0.2050  coco/bbox_mAP_l: 0.3700  data_time: 0.0638  time: 0.1252
2025/05/10 21:15:29 - mmengine - INFO - Epoch(train) [23][ 50/352]  lr: 2.0000e-05  eta: 0:11:40  time: 0.2603  data_time: 0.0075  memory: 1437  loss: 0.1937  loss_cls: 0.1186  loss_bbox: 0.0750
2025/05/10 21:15:42 - mmengine - INFO - Epoch(train) [23][100/352]  lr: 2.0000e-05  eta: 0:11:27  time: 0.2489  data_time: 0.0027  memory: 1437  loss: 0.1888  loss_cls: 0.1163  loss_bbox: 0.0725
2025/05/10 21:15:55 - mmengine - INFO - Epoch(train) [23][150/352]  lr: 2.0000e-05  eta: 0:11:14  time: 0.2539  data_time: 0.0026  memory: 1437  loss: 0.1955  loss_cls: 0.1214  loss_bbox: 0.0740
2025/05/10 21:16:07 - mmengine - INFO - Epoch(train) [23][200/352]  lr: 2.0000e-05  eta: 0:11:02  time: 0.2496  data_time: 0.0027  memory: 1437  loss: 0.1879  loss_cls: 0.1156  loss_bbox: 0.0723
2025/05/10 21:16:19 - mmengine - INFO - Epoch(train) [23][250/352]  lr: 2.0000e-05  eta: 0:10:49  time: 0.2475  data_time: 0.0026  memory: 1437  loss: 0.1903  loss_cls: 0.1168  loss_bbox: 0.0735
2025/05/10 21:16:21 - mmengine - INFO - Exp name: ssd300_pt_20250510_204116
2025/05/10 21:16:32 - mmengine - INFO - Epoch(train) [23][300/352]  lr: 2.0000e-05  eta: 0:10:36  time: 0.2509  data_time: 0.0028  memory: 1437  loss: 0.1911  loss_cls: 0.1170  loss_bbox: 0.0741
2025/05/10 21:16:44 - mmengine - INFO - Epoch(train) [23][350/352]  lr: 2.0000e-05  eta: 0:10:24  time: 0.2469  data_time: 0.0026  memory: 1437  loss: 0.1917  loss_cls: 0.1173  loss_bbox: 0.0744
2025/05/10 21:16:45 - mmengine - INFO - Exp name: ssd300_pt_20250510_204116
2025/05/10 21:16:46 - mmengine - INFO - Evaluating bbox...
2025/05/10 21:16:47 - mmengine - INFO - bbox_mAP_copypaste: 0.348 0.658 0.314 -1.000 0.208 0.372
2025/05/10 21:16:47 - mmengine - INFO - Epoch(val) [23][7/7]    coco/bbox_mAP: 0.3480  coco/bbox_mAP_50: 0.6580  coco/bbox_mAP_75: 0.3140  coco/bbox_mAP_s: -1.0000  coco/bbox_mAP_m: 0.2080  coco/bbox_mAP_l: 0.3720  data_time: 0.0646  time: 0.1293
2025/05/10 21:17:01 - mmengine - INFO - Epoch(train) [24][ 50/352]  lr: 2.0000e-05  eta: 0:10:10  time: 0.2635  data_time: 0.0076  memory: 1437  loss: 0.1871  loss_cls: 0.1144  loss_bbox: 0.0727
2025/05/10 21:17:13 - mmengine - INFO - Epoch(train) [24][100/352]  lr: 2.0000e-05  eta: 0:09:58  time: 0.2522  data_time: 0.0027  memory: 1437  loss: 0.1952  loss_cls: 0.1208  loss_bbox: 0.0744
2025/05/10 21:17:26 - mmengine - INFO - Epoch(train) [24][150/352]  lr: 2.0000e-05  eta: 0:09:45  time: 0.2483  data_time: 0.0027  memory: 1437  loss: 0.1902  loss_cls: 0.1166  loss_bbox: 0.0735
2025/05/10 21:17:38 - mmengine - INFO - Epoch(train) [24][200/352]  lr: 2.0000e-05  eta: 0:09:32  time: 0.2521  data_time: 0.0026  memory: 1437  loss: 0.1930  loss_cls: 0.1187  loss_bbox: 0.0743
2025/05/10 21:17:51 - mmengine - INFO - Epoch(train) [24][250/352]  lr: 2.0000e-05  eta: 0:09:20  time: 0.2497  data_time: 0.0025  memory: 1437  loss: 0.1880  loss_cls: 0.1150  loss_bbox: 0.0729
2025/05/10 21:18:03 - mmengine - INFO - Epoch(train) [24][300/352]  lr: 2.0000e-05  eta: 0:09:07  time: 0.2505  data_time: 0.0027  memory: 1437  loss: 0.1873  loss_cls: 0.1144  loss_bbox: 0.0729
2025/05/10 21:18:16 - mmengine - INFO - Epoch(train) [24][350/352]  lr: 2.0000e-05  eta: 0:08:54  time: 0.2489  data_time: 0.0026  memory: 1437  loss: 0.1943  loss_cls: 0.1201  loss_bbox: 0.0743
2025/05/10 21:18:16 - mmengine - INFO - Exp name: ssd300_pt_20250510_204116
2025/05/10 21:18:17 - mmengine - INFO - Evaluating bbox...
2025/05/10 21:18:19 - mmengine - INFO - bbox_mAP_copypaste: 0.348 0.658 0.315 -1.000 0.207 0.372
2025/05/10 21:18:19 - mmengine - INFO - Epoch(val) [24][7/7]    coco/bbox_mAP: 0.3480  coco/bbox_mAP_50: 0.6580  coco/bbox_mAP_75: 0.3150  coco/bbox_mAP_s: -1.0000  coco/bbox_mAP_m: 0.2070  coco/bbox_mAP_l: 0.3720  data_time: 0.0664  time: 0.1268
2025/05/10 21:18:32 - mmengine - INFO - Epoch(train) [25][ 50/352]  lr: 2.0000e-05  eta: 0:08:41  time: 0.2615  data_time: 0.0075  memory: 1437  loss: 0.1897  loss_cls: 0.1165  loss_bbox: 0.0732
2025/05/10 21:18:44 - mmengine - INFO - Epoch(train) [25][100/352]  lr: 2.0000e-05  eta: 0:08:29  time: 0.2479  data_time: 0.0025  memory: 1437  loss: 0.1887  loss_cls: 0.1152  loss_bbox: 0.0735
2025/05/10 21:18:57 - mmengine - INFO - Epoch(train) [25][150/352]  lr: 2.0000e-05  eta: 0:08:16  time: 0.2509  data_time: 0.0024  memory: 1437  loss: 0.1865  loss_cls: 0.1138  loss_bbox: 0.0727
2025/05/10 21:19:10 - mmengine - INFO - Epoch(train) [25][200/352]  lr: 2.0000e-05  eta: 0:08:03  time: 0.2568  data_time: 0.0028  memory: 1437  loss: 0.1925  loss_cls: 0.1185  loss_bbox: 0.0741
2025/05/10 21:19:22 - mmengine - INFO - Epoch(train) [25][250/352]  lr: 2.0000e-05  eta: 0:07:51  time: 0.2536  data_time: 0.0026  memory: 1437  loss: 0.1953  loss_cls: 0.1215  loss_bbox: 0.0738
2025/05/10 21:19:35 - mmengine - INFO - Epoch(train) [25][300/352]  lr: 2.0000e-05  eta: 0:07:38  time: 0.2476  data_time: 0.0027  memory: 1437  loss: 0.1912  loss_cls: 0.1174  loss_bbox: 0.0738
2025/05/10 21:19:47 - mmengine - INFO - Epoch(train) [25][350/352]  lr: 2.0000e-05  eta: 0:07:25  time: 0.2464  data_time: 0.0025  memory: 1437  loss: 0.1902  loss_cls: 0.1167  loss_bbox: 0.0734
2025/05/10 21:19:47 - mmengine - INFO - Exp name: ssd300_pt_20250510_204116
2025/05/10 21:19:48 - mmengine - INFO - Evaluating bbox...
2025/05/10 21:19:50 - mmengine - INFO - bbox_mAP_copypaste: 0.348 0.657 0.315 -1.000 0.206 0.372
2025/05/10 21:19:50 - mmengine - INFO - Epoch(val) [25][7/7]    coco/bbox_mAP: 0.3480  coco/bbox_mAP_50: 0.6570  coco/bbox_mAP_75: 0.3150  coco/bbox_mAP_s: -1.0000  coco/bbox_mAP_m: 0.2060  coco/bbox_mAP_l: 0.3720  data_time: 0.0654  time: 0.1243
2025/05/10 21:20:03 - mmengine - INFO - Epoch(train) [26][ 50/352]  lr: 2.0000e-05  eta: 0:07:12  time: 0.2623  data_time: 0.0074  memory: 1437  loss: 0.1889  loss_cls: 0.1155  loss_bbox: 0.0734
2025/05/10 21:20:16 - mmengine - INFO - Epoch(train) [26][100/352]  lr: 2.0000e-05  eta: 0:06:59  time: 0.2546  data_time: 0.0028  memory: 1437  loss: 0.1941  loss_cls: 0.1203  loss_bbox: 0.0738
2025/05/10 21:20:28 - mmengine - INFO - Epoch(train) [26][150/352]  lr: 2.0000e-05  eta: 0:06:47  time: 0.2486  data_time: 0.0027  memory: 1437  loss: 0.1860  loss_cls: 0.1135  loss_bbox: 0.0724
2025/05/10 21:20:41 - mmengine - INFO - Exp name: ssd300_pt_20250510_204116
2025/05/10 21:20:41 - mmengine - INFO - Epoch(train) [26][200/352]  lr: 2.0000e-05  eta: 0:06:34  time: 0.2478  data_time: 0.0026  memory: 1437  loss: 0.1908  loss_cls: 0.1174  loss_bbox: 0.0734
2025/05/10 21:20:53 - mmengine - INFO - Epoch(train) [26][250/352]  lr: 2.0000e-05  eta: 0:06:21  time: 0.2472  data_time: 0.0026  memory: 1437  loss: 0.1881  loss_cls: 0.1154  loss_bbox: 0.0726
2025/05/10 21:21:06 - mmengine - INFO - Epoch(train) [26][300/352]  lr: 2.0000e-05  eta: 0:06:09  time: 0.2536  data_time: 0.0026  memory: 1437  loss: 0.1891  loss_cls: 0.1159  loss_bbox: 0.0732
2025/05/10 21:21:19 - mmengine - INFO - Epoch(train) [26][350/352]  lr: 2.0000e-05  eta: 0:05:56  time: 0.2548  data_time: 0.0027  memory: 1437  loss: 0.1909  loss_cls: 0.1167  loss_bbox: 0.0741
2025/05/10 21:21:19 - mmengine - INFO - Exp name: ssd300_pt_20250510_204116
2025/05/10 21:21:20 - mmengine - INFO - Evaluating bbox...
2025/05/10 21:21:22 - mmengine - INFO - bbox_mAP_copypaste: 0.347 0.656 0.313 -1.000 0.206 0.371
2025/05/10 21:21:22 - mmengine - INFO - Epoch(val) [26][7/7]    coco/bbox_mAP: 0.3470  coco/bbox_mAP_50: 0.6560  coco/bbox_mAP_75: 0.3130  coco/bbox_mAP_s: -1.0000  coco/bbox_mAP_m: 0.2060  coco/bbox_mAP_l: 0.3710  data_time: 0.0646  time: 0.1231
2025/05/10 21:21:35 - mmengine - INFO - Epoch(train) [27][ 50/352]  lr: 2.0000e-05  eta: 0:05:43  time: 0.2572  data_time: 0.0074  memory: 1437  loss: 0.1852  loss_cls: 0.1128  loss_bbox: 0.0723
2025/05/10 21:21:47 - mmengine - INFO - Epoch(train) [27][100/352]  lr: 2.0000e-05  eta: 0:05:30  time: 0.2470  data_time: 0.0027  memory: 1437  loss: 0.1880  loss_cls: 0.1146  loss_bbox: 0.0734
2025/05/10 21:21:59 - mmengine - INFO - Epoch(train) [27][150/352]  lr: 2.0000e-05  eta: 0:05:18  time: 0.2510  data_time: 0.0026  memory: 1437  loss: 0.1967  loss_cls: 0.1221  loss_bbox: 0.0746
2025/05/10 21:22:12 - mmengine - INFO - Epoch(train) [27][200/352]  lr: 2.0000e-05  eta: 0:05:05  time: 0.2593  data_time: 0.0027  memory: 1437  loss: 0.1931  loss_cls: 0.1191  loss_bbox: 0.0740
2025/05/10 21:22:25 - mmengine - INFO - Epoch(train) [27][250/352]  lr: 2.0000e-05  eta: 0:04:52  time: 0.2523  data_time: 0.0027  memory: 1437  loss: 0.1918  loss_cls: 0.1182  loss_bbox: 0.0736
2025/05/10 21:22:37 - mmengine - INFO - Epoch(train) [27][300/352]  lr: 2.0000e-05  eta: 0:04:40  time: 0.2488  data_time: 0.0030  memory: 1437  loss: 0.1845  loss_cls: 0.1128  loss_bbox: 0.0717
2025/05/10 21:22:50 - mmengine - INFO - Epoch(train) [27][350/352]  lr: 2.0000e-05  eta: 0:04:27  time: 0.2454  data_time: 0.0025  memory: 1437  loss: 0.1881  loss_cls: 0.1149  loss_bbox: 0.0731
2025/05/10 21:22:50 - mmengine - INFO - Exp name: ssd300_pt_20250510_204116
2025/05/10 21:22:51 - mmengine - INFO - Evaluating bbox...
2025/05/10 21:22:53 - mmengine - INFO - bbox_mAP_copypaste: 0.347 0.656 0.315 -1.000 0.207 0.371
2025/05/10 21:22:53 - mmengine - INFO - Epoch(val) [27][7/7]    coco/bbox_mAP: 0.3470  coco/bbox_mAP_50: 0.6560  coco/bbox_mAP_75: 0.3150  coco/bbox_mAP_s: -1.0000  coco/bbox_mAP_m: 0.2070  coco/bbox_mAP_l: 0.3710  data_time: 0.0661  time: 0.1268
2025/05/10 21:23:06 - mmengine - INFO - Epoch(train) [28][ 50/352]  lr: 2.0000e-05  eta: 0:04:14  time: 0.2632  data_time: 0.0077  memory: 1437  loss: 0.1905  loss_cls: 0.1175  loss_bbox: 0.0731
2025/05/10 21:23:19 - mmengine - INFO - Epoch(train) [28][100/352]  lr: 2.0000e-05  eta: 0:04:01  time: 0.2514  data_time: 0.0027  memory: 1437  loss: 0.1924  loss_cls: 0.1188  loss_bbox: 0.0736
2025/05/10 21:23:31 - mmengine - INFO - Epoch(train) [28][150/352]  lr: 2.0000e-05  eta: 0:03:49  time: 0.2506  data_time: 0.0029  memory: 1437  loss: 0.1899  loss_cls: 0.1171  loss_bbox: 0.0727
2025/05/10 21:23:44 - mmengine - INFO - Epoch(train) [28][200/352]  lr: 2.0000e-05  eta: 0:03:36  time: 0.2540  data_time: 0.0030  memory: 1437  loss: 0.1914  loss_cls: 0.1168  loss_bbox: 0.0746
2025/05/10 21:23:56 - mmengine - INFO - Epoch(train) [28][250/352]  lr: 2.0000e-05  eta: 0:03:23  time: 0.2473  data_time: 0.0025  memory: 1437  loss: 0.1852  loss_cls: 0.1133  loss_bbox: 0.0719
2025/05/10 21:24:09 - mmengine - INFO - Epoch(train) [28][300/352]  lr: 2.0000e-05  eta: 0:03:11  time: 0.2525  data_time: 0.0026  memory: 1437  loss: 0.1909  loss_cls: 0.1181  loss_bbox: 0.0728
2025/05/10 21:24:21 - mmengine - INFO - Epoch(train) [28][350/352]  lr: 2.0000e-05  eta: 0:02:58  time: 0.2537  data_time: 0.0026  memory: 1437  loss: 0.1862  loss_cls: 0.1129  loss_bbox: 0.0732
2025/05/10 21:24:22 - mmengine - INFO - Exp name: ssd300_pt_20250510_204116
2025/05/10 21:24:23 - mmengine - INFO - Evaluating bbox...
2025/05/10 21:24:25 - mmengine - INFO - bbox_mAP_copypaste: 0.347 0.656 0.315 -1.000 0.206 0.371
2025/05/10 21:24:25 - mmengine - INFO - Epoch(val) [28][7/7]    coco/bbox_mAP: 0.3470  coco/bbox_mAP_50: 0.6560  coco/bbox_mAP_75: 0.3150  coco/bbox_mAP_s: -1.0000  coco/bbox_mAP_m: 0.2060  coco/bbox_mAP_l: 0.3710  data_time: 0.0645  time: 0.1244
2025/05/10 21:24:38 - mmengine - INFO - Epoch(train) [29][ 50/352]  lr: 2.0000e-05  eta: 0:02:45  time: 0.2634  data_time: 0.0077  memory: 1437  loss: 0.1910  loss_cls: 0.1172  loss_bbox: 0.0738
2025/05/10 21:24:50 - mmengine - INFO - Epoch(train) [29][100/352]  lr: 2.0000e-05  eta: 0:02:32  time: 0.2483  data_time: 0.0027  memory: 1437  loss: 0.1926  loss_cls: 0.1194  loss_bbox: 0.0733
2025/05/10 21:25:01 - mmengine - INFO - Exp name: ssd300_pt_20250510_204116
2025/05/10 21:25:03 - mmengine - INFO - Epoch(train) [29][150/352]  lr: 2.0000e-05  eta: 0:02:20  time: 0.2501  data_time: 0.0027  memory: 1437  loss: 0.1878  loss_cls: 0.1154  loss_bbox: 0.0724
2025/05/10 21:25:15 - mmengine - INFO - Epoch(train) [29][200/352]  lr: 2.0000e-05  eta: 0:02:07  time: 0.2534  data_time: 0.0028  memory: 1437  loss: 0.1922  loss_cls: 0.1187  loss_bbox: 0.0735
2025/05/10 21:25:28 - mmengine - INFO - Epoch(train) [29][250/352]  lr: 2.0000e-05  eta: 0:01:54  time: 0.2476  data_time: 0.0025  memory: 1437  loss: 0.1882  loss_cls: 0.1150  loss_bbox: 0.0732
2025/05/10 21:25:40 - mmengine - INFO - Epoch(train) [29][300/352]  lr: 2.0000e-05  eta: 0:01:42  time: 0.2526  data_time: 0.0027  memory: 1437  loss: 0.1875  loss_cls: 0.1147  loss_bbox: 0.0729
2025/05/10 21:25:53 - mmengine - INFO - Epoch(train) [29][350/352]  lr: 2.0000e-05  eta: 0:01:29  time: 0.2477  data_time: 0.0029  memory: 1437  loss: 0.1869  loss_cls: 0.1142  loss_bbox: 0.0727
2025/05/10 21:25:53 - mmengine - INFO - Exp name: ssd300_pt_20250510_204116
2025/05/10 21:25:54 - mmengine - INFO - Evaluating bbox...
2025/05/10 21:25:56 - mmengine - INFO - bbox_mAP_copypaste: 0.347 0.656 0.316 -1.000 0.206 0.371
2025/05/10 21:25:56 - mmengine - INFO - Epoch(val) [29][7/7]    coco/bbox_mAP: 0.3470  coco/bbox_mAP_50: 0.6560  coco/bbox_mAP_75: 0.3160  coco/bbox_mAP_s: -1.0000  coco/bbox_mAP_m: 0.2060  coco/bbox_mAP_l: 0.3710  data_time: 0.0670  time: 0.1270
2025/05/10 21:26:09 - mmengine - INFO - Epoch(train) [30][ 50/352]  lr: 2.0000e-05  eta: 0:01:16  time: 0.2635  data_time: 0.0076  memory: 1437  loss: 0.1909  loss_cls: 0.1180  loss_bbox: 0.0729
2025/05/10 21:26:21 - mmengine - INFO - Epoch(train) [30][100/352]  lr: 2.0000e-05  eta: 0:01:03  time: 0.2512  data_time: 0.0026  memory: 1437  loss: 0.1906  loss_cls: 0.1178  loss_bbox: 0.0729
2025/05/10 21:26:34 - mmengine - INFO - Epoch(train) [30][150/352]  lr: 2.0000e-05  eta: 0:00:51  time: 0.2537  data_time: 0.0026  memory: 1437  loss: 0.1911  loss_cls: 0.1171  loss_bbox: 0.0740
2025/05/10 21:26:46 - mmengine - INFO - Epoch(train) [30][200/352]  lr: 2.0000e-05  eta: 0:00:38  time: 0.2465  data_time: 0.0026  memory: 1437  loss: 0.1843  loss_cls: 0.1115  loss_bbox: 0.0728
2025/05/10 21:26:59 - mmengine - INFO - Epoch(train) [30][250/352]  lr: 2.0000e-05  eta: 0:00:25  time: 0.2562  data_time: 0.0027  memory: 1437  loss: 0.1905  loss_cls: 0.1170  loss_bbox: 0.0735
2025/05/10 21:27:12 - mmengine - INFO - Epoch(train) [30][300/352]  lr: 2.0000e-05  eta: 0:00:13  time: 0.2480  data_time: 0.0027  memory: 1437  loss: 0.1833  loss_cls: 0.1116  loss_bbox: 0.0717
2025/05/10 21:27:24 - mmengine - INFO - Epoch(train) [30][350/352]  lr: 2.0000e-05  eta: 0:00:00  time: 0.2519  data_time: 0.0027  memory: 1437  loss: 0.1912  loss_cls: 0.1184  loss_bbox: 0.0728
2025/05/10 21:27:25 - mmengine - INFO - Exp name: ssd300_pt_20250510_204116
2025/05/10 21:27:25 - mmengine - INFO - Saving checkpoint at 30 epochs
2025/05/10 21:27:27 - mmengine - INFO - Evaluating bbox...
2025/05/10 21:27:28 - mmengine - INFO - bbox_mAP_copypaste: 0.347 0.657 0.315 -1.000 0.206 0.371
2025/05/10 21:27:28 - mmengine - INFO - Epoch(val) [30][7/7]    coco/bbox_mAP: 0.3470  coco/bbox_mAP_50: 0.6570  coco/bbox_mAP_75: 0.3150  coco/bbox_mAP_s: -1.0000  coco/bbox_mAP_m: 0.2060  coco/bbox_mAP_l: 0.3710  data_time: 0.0627  time: 0.1228
