2025/05/13 09:07:11 - mmengine - INFO - 
------------------------------------------------------------
System environment:
    sys.platform: win32
    Python: 3.9.13 (tags/v3.9.13:6de2ca5, May 17 2022, 16:36:42) [MSC v.1929 64 bit (AMD64)]
    CUDA available: True
    MUSA available: False
    numpy_random_seed: 750144125
    GPU 0: NVIDIA GeForce RTX 3070 Ti
    CUDA_HOME: C:\Program Files\NVIDIA GPU Computing Toolkit\CUDA\v12.6
    NVCC: Cuda compilation tools, release 12.6, V12.6.85
    MSVC: Microsoft (R) C/C++ Optimizing Compiler Version 19.42.34433 for x64
    GCC: n/a
    PyTorch: 2.1.0+cu118
    PyTorch compiling details: PyTorch built with:
  - C++ Version: 199711
  - MSVC 192930151
  - Intel(R) Math Kernel Library Version 2020.0.2 Product Build 20200624 for Intel(R) 64 architecture applications
  - Intel(R) MKL-DNN v3.1.1 (Git Hash 64f6bcbcbab628e96f33a62c3e975f8535a7bde4)
  - OpenMP 2019
  - LAPACK is enabled (usually provided by MKL)
  - CPU capability usage: AVX2
  - CUDA Runtime 11.8
  - NVCC architecture flags: -gencode;arch=compute_37,code=sm_37;-gencode;arch=compute_50,code=sm_50;-gencode;arch=compute_60,code=sm_60;-gencode;arch=compute_61,code=sm_61;-gencode;arch=compute_70,code=sm_70;-gencode;arch=compute_75,code=sm_75;-gencode;arch=compute_80,code=sm_80;-gencode;arch=compute_86,code=sm_86;-gencode;arch=compute_90,code=sm_90;-gencode;arch=compute_37,code=compute_37
  - CuDNN 8.7
  - Magma 2.5.4
  - Build settings: BLAS_INFO=mkl, BUILD_TYPE=Release, CUDA_VERSION=11.8, CUDNN_VERSION=8.7.0, CXX_COMPILER=C:/actions-runner/_work/pytorch/pytorch/builder/windows/tmp_bin/sccache-cl.exe, CXX_FLAGS=/DWIN32 /D_WINDOWS /GR /EHsc /bigobj /FS -DUSE_PTHREADPOOL -DNDEBUG -DUSE_KINETO -DLIBKINETO_NOCUPTI -DLIBKINETO_NOROCTRACER -DUSE_FBGEMM -DUSE_XNNPACK -DSYMBOLICATE_MOBILE_DEBUG_HANDLE /utf-8 /wd4624 /wd4068 /wd4067 /wd4267 /wd4661 /wd4717 /wd4244 /wd4804 /wd4273, LAPACK_INFO=mkl, PERF_WITH_AVX=1, PERF_WITH_AVX2=1, PERF_WITH_AVX512=1, TORCH_DISABLE_GPU_ASSERTS=OFF, TORCH_VERSION=2.1.0, USE_CUDA=ON, USE_CUDNN=ON, USE_EXCEPTION_PTR=1, USE_GFLAGS=OFF, USE_GLOG=OFF, USE_MKL=ON, USE_MKLDNN=ON, USE_MPI=OFF, USE_NCCL=OFF, USE_NNPACK=OFF, USE_OPENMP=ON, USE_ROCM=OFF, 

    TorchVision: 0.16.0+cu118
    OpenCV: 4.10.0
    MMEngine: 0.10.5

Runtime environment:
    cudnn_benchmark: False
    dist_cfg: {'backend': 'nccl'}
    mp_cfg: {'mp_start_method': 'fork', 'opencv_num_threads': 0}
    seed: 750144125
    Distributed launcher: none
    Distributed training: False
    GPU number: 1
------------------------------------------------------------

2025/05/13 09:07:12 - mmengine - INFO - Config:
auto_scale_lr = dict(base_batch_size=64, enable=False)
backend_args = None
cudnn_benchmark = True
custom_hooks = [
    dict(type='NumClassCheckHook'),
    dict(interval=50, priority='VERY_LOW', type='CheckInvalidLossHook'),
]
data_root = 'D:/Repositories/test/data/larch_casebearer/'
dataset_type = 'CocoDataset'
default_hooks = dict(
    checkpoint=dict(
        interval=0, save_best='coco/bbox_mAP', type='CheckpointHook'),
    logger=dict(interval=50, type='LoggerHook'),
    param_scheduler=dict(type='ParamSchedulerHook'),
    sampler_seed=dict(type='DistSamplerSeedHook'),
    timer=dict(type='IterTimerHook'),
    visualization=dict(type='DetVisualizationHook'))
default_scope = 'mmdet'
env_cfg = dict(
    cudnn_benchmark=False,
    dist_cfg=dict(backend='nccl'),
    mp_cfg=dict(mp_start_method='fork', opencv_num_threads=0))
input_size = 300
launcher = 'none'
load_from = 'D:/Repositories/test/25-05-09/ssd300/weights/ssd300_coco_20210803_015428-d231a06e.pth'
log_level = 'INFO'
log_processor = dict(by_epoch=True, type='LogProcessor', window_size=50)
metainfo = dict(
    classes=(
        'H',
        'LD',
        'HD',
        'other',
    ),
    palette=[
        (
            0,
            255,
            0,
        ),
        (
            255,
            128,
            0,
        ),
        (
            255,
            0,
            0,
        ),
        (
            0,
            0,
            255,
        ),
    ])
model = dict(
    backbone=dict(
        ceil_mode=True,
        depth=16,
        init_cfg=dict(
            checkpoint='open-mmlab://vgg16_caffe', type='Pretrained'),
        out_feature_indices=(
            22,
            34,
        ),
        out_indices=(
            3,
            4,
        ),
        type='SSDVGG',
        with_last_pool=False),
    bbox_head=dict(
        anchor_generator=dict(
            basesize_ratio_range=(
                0.15,
                0.9,
            ),
            input_size=300,
            ratios=[
                [
                    2,
                ],
                [
                    2,
                    3,
                ],
                [
                    2,
                    3,
                ],
                [
                    2,
                    3,
                ],
                [
                    2,
                ],
                [
                    2,
                ],
            ],
            scale_major=False,
            strides=[
                8,
                16,
                32,
                64,
                100,
                300,
            ],
            type='SSDAnchorGenerator'),
        bbox_coder=dict(
            target_means=[
                0.0,
                0.0,
                0.0,
                0.0,
            ],
            target_stds=[
                0.1,
                0.1,
                0.2,
                0.2,
            ],
            type='DeltaXYWHBBoxCoder'),
        in_channels=(
            512,
            1024,
            512,
            256,
            256,
            256,
        ),
        num_classes=4,
        type='SSDHead'),
    data_preprocessor=dict(
        bgr_to_rgb=True,
        mean=[
            123.675,
            116.28,
            103.53,
        ],
        pad_size_divisor=1,
        std=[
            1,
            1,
            1,
        ],
        type='DetDataPreprocessor'),
    neck=dict(
        in_channels=(
            512,
            1024,
        ),
        l2_norm_scale=20,
        level_paddings=(
            1,
            1,
            0,
            0,
        ),
        level_strides=(
            2,
            2,
            1,
            1,
        ),
        out_channels=(
            512,
            1024,
            512,
            256,
            256,
            256,
        ),
        type='SSDNeck'),
    test_cfg=dict(
        max_per_img=200,
        min_bbox_size=0,
        nms=dict(iou_threshold=0.45, type='nms'),
        nms_pre=1000,
        score_thr=0.02),
    train_cfg=dict(
        allowed_border=-1,
        assigner=dict(
            gt_max_assign_all=False,
            ignore_iof_thr=-1,
            min_pos_iou=0.0,
            neg_iou_thr=0.5,
            pos_iou_thr=0.5,
            type='MaxIoUAssigner'),
        debug=False,
        neg_pos_ratio=3,
        pos_weight=-1,
        sampler=dict(type='PseudoSampler'),
        smoothl1_beta=1.0),
    type='SingleStageDetector')
optim_wrapper = dict(
    optimizer=dict(lr=0.002, momentum=0.9, type='SGD', weight_decay=0.0005),
    type='OptimWrapper')
param_scheduler = [
    dict(
        begin=0, by_epoch=False, end=500, start_factor=0.001, type='LinearLR'),
    dict(
        begin=0,
        by_epoch=True,
        end=24,
        gamma=0.1,
        milestones=[
            16,
            22,
        ],
        type='MultiStepLR'),
]
resume = False
test_cfg = dict(type='TestLoop')
test_dataloader = dict(
    batch_size=8,
    dataset=dict(
        ann_file='test/annotations.json',
        backend_args=None,
        data_prefix=dict(img='test/'),
        data_root='D:/Repositories/test/data/larch_casebearer/',
        metainfo=dict(
            classes=(
                'H',
                'LD',
                'HD',
                'other',
            ),
            palette=[
                (
                    0,
                    255,
                    0,
                ),
                (
                    255,
                    128,
                    0,
                ),
                (
                    255,
                    0,
                    0,
                ),
                (
                    0,
                    0,
                    255,
                ),
            ]),
        pipeline=[
            dict(backend_args=None, type='LoadImageFromFile'),
            dict(keep_ratio=False, scale=(
                300,
                300,
            ), type='Resize'),
            dict(type='LoadAnnotations', with_bbox=True),
            dict(
                meta_keys=(
                    'img_id',
                    'img_path',
                    'ori_shape',
                    'img_shape',
                    'scale_factor',
                ),
                type='PackDetInputs'),
        ],
        test_mode=True,
        type='CocoDataset'),
    drop_last=False,
    num_workers=2,
    persistent_workers=True,
    sampler=dict(shuffle=False, type='DefaultSampler'))
test_evaluator = dict(
    ann_file='D:/Repositories/test/data/larch_casebearer/test/annotations.json',
    backend_args=None,
    classwise=True,
    format_only=False,
    metric='bbox',
    type='CocoMetric')
test_pipeline = [
    dict(backend_args=None, type='LoadImageFromFile'),
    dict(keep_ratio=False, scale=(
        300,
        300,
    ), type='Resize'),
    dict(type='LoadAnnotations', with_bbox=True),
    dict(
        meta_keys=(
            'img_id',
            'img_path',
            'ori_shape',
            'img_shape',
            'scale_factor',
        ),
        type='PackDetInputs'),
]
train_cfg = dict(max_epochs=30, type='EpochBasedTrainLoop', val_interval=1)
train_dataloader = dict(
    batch_sampler=None,
    batch_size=8,
    dataset=dict(
        dataset=dict(
            ann_file='train/annotations.json',
            backend_args=None,
            data_prefix=dict(img='train/'),
            data_root='D:/Repositories/test/data/larch_casebearer/',
            filter_cfg=dict(filter_empty_gt=True, min_size=32),
            metainfo=dict(
                classes=(
                    'H',
                    'LD',
                    'HD',
                    'other',
                ),
                palette=[
                    (
                        0,
                        255,
                        0,
                    ),
                    (
                        255,
                        128,
                        0,
                    ),
                    (
                        255,
                        0,
                        0,
                    ),
                    (
                        0,
                        0,
                        255,
                    ),
                ]),
            pipeline=[
                dict(backend_args=None, type='LoadImageFromFile'),
                dict(type='LoadAnnotations', with_bbox=True),
                dict(keep_ratio=False, scale=(
                    300,
                    300,
                ), type='Resize'),
                dict(type='PhotoMetricDistortion'),
                dict(type='PackDetInputs'),
            ],
            type='CocoDataset'),
        oversample_thr=0.25,
        type='ClassBalancedDataset'),
    num_workers=2,
    persistent_workers=True,
    sampler=dict(shuffle=True, type='DefaultSampler'))
train_pipeline = [
    dict(backend_args=None, type='LoadImageFromFile'),
    dict(type='LoadAnnotations', with_bbox=True),
    dict(keep_ratio=False, scale=(
        300,
        300,
    ), type='Resize'),
    dict(type='PhotoMetricDistortion'),
    dict(type='PackDetInputs'),
]
val_cfg = dict(type='ValLoop')
val_dataloader = dict(
    batch_size=8,
    dataset=dict(
        ann_file='val/annotations.json',
        backend_args=None,
        data_prefix=dict(img='val/'),
        data_root='D:/Repositories/test/data/larch_casebearer/',
        metainfo=dict(
            classes=(
                'H',
                'LD',
                'HD',
                'other',
            ),
            palette=[
                (
                    0,
                    255,
                    0,
                ),
                (
                    255,
                    128,
                    0,
                ),
                (
                    255,
                    0,
                    0,
                ),
                (
                    0,
                    0,
                    255,
                ),
            ]),
        pipeline=[
            dict(backend_args=None, type='LoadImageFromFile'),
            dict(keep_ratio=False, scale=(
                300,
                300,
            ), type='Resize'),
            dict(type='LoadAnnotations', with_bbox=True),
            dict(
                meta_keys=(
                    'img_id',
                    'img_path',
                    'ori_shape',
                    'img_shape',
                    'scale_factor',
                ),
                type='PackDetInputs'),
        ],
        test_mode=True,
        type='CocoDataset'),
    drop_last=False,
    num_workers=2,
    persistent_workers=True,
    sampler=dict(shuffle=False, type='DefaultSampler'))
val_evaluator = dict(
    ann_file='D:/Repositories/test/data/larch_casebearer/val/annotations.json',
    backend_args=None,
    format_only=False,
    metric='bbox',
    type='CocoMetric')
vis_backends = [
    dict(type='LocalVisBackend'),
]
visualizer = dict(
    name='visualizer',
    type='DetLocalVisualizer',
    vis_backends=[
        dict(type='LocalVisBackend'),
    ])
work_dir = '25-05-09/ssd300'

2025/05/13 09:07:12 - mmengine - INFO - Distributed training is not used, all SyncBatchNorm (SyncBN) layers in the model will be automatically reverted to BatchNormXd layers if they are used.
2025/05/13 09:07:12 - mmengine - INFO - Hooks will be executed in the following order:
before_run:
(VERY_HIGH   ) RuntimeInfoHook                    
(BELOW_NORMAL) LoggerHook                         
 -------------------- 
before_train:
(VERY_HIGH   ) RuntimeInfoHook                    
(NORMAL      ) IterTimerHook                      
(VERY_LOW    ) CheckpointHook                     
 -------------------- 
before_train_epoch:
(VERY_HIGH   ) RuntimeInfoHook                    
(NORMAL      ) IterTimerHook                      
(NORMAL      ) DistSamplerSeedHook                
(NORMAL      ) NumClassCheckHook                  
 -------------------- 
before_train_iter:
(VERY_HIGH   ) RuntimeInfoHook                    
(NORMAL      ) IterTimerHook                      
 -------------------- 
after_train_iter:
(VERY_HIGH   ) RuntimeInfoHook                    
(NORMAL      ) IterTimerHook                      
(BELOW_NORMAL) LoggerHook                         
(LOW         ) ParamSchedulerHook                 
(VERY_LOW    ) CheckpointHook                     
(VERY_LOW    ) CheckInvalidLossHook               
 -------------------- 
after_train_epoch:
(NORMAL      ) IterTimerHook                      
(LOW         ) ParamSchedulerHook                 
(VERY_LOW    ) CheckpointHook                     
 -------------------- 
before_val:
(VERY_HIGH   ) RuntimeInfoHook                    
 -------------------- 
before_val_epoch:
(NORMAL      ) IterTimerHook                      
(NORMAL      ) NumClassCheckHook                  
 -------------------- 
before_val_iter:
(NORMAL      ) IterTimerHook                      
 -------------------- 
after_val_iter:
(NORMAL      ) IterTimerHook                      
(NORMAL      ) DetVisualizationHook               
(BELOW_NORMAL) LoggerHook                         
 -------------------- 
after_val_epoch:
(VERY_HIGH   ) RuntimeInfoHook                    
(NORMAL      ) IterTimerHook                      
(BELOW_NORMAL) LoggerHook                         
(LOW         ) ParamSchedulerHook                 
(VERY_LOW    ) CheckpointHook                     
 -------------------- 
after_val:
(VERY_HIGH   ) RuntimeInfoHook                    
 -------------------- 
after_train:
(VERY_HIGH   ) RuntimeInfoHook                    
(VERY_LOW    ) CheckpointHook                     
 -------------------- 
before_test:
(VERY_HIGH   ) RuntimeInfoHook                    
 -------------------- 
before_test_epoch:
(NORMAL      ) IterTimerHook                      
 -------------------- 
before_test_iter:
(NORMAL      ) IterTimerHook                      
 -------------------- 
after_test_iter:
(NORMAL      ) IterTimerHook                      
(NORMAL      ) DetVisualizationHook               
(BELOW_NORMAL) LoggerHook                         
 -------------------- 
after_test_epoch:
(VERY_HIGH   ) RuntimeInfoHook                    
(NORMAL      ) IterTimerHook                      
(BELOW_NORMAL) LoggerHook                         
 -------------------- 
after_test:
(VERY_HIGH   ) RuntimeInfoHook                    
 -------------------- 
after_run:
(BELOW_NORMAL) LoggerHook                         
 -------------------- 
2025/05/13 09:07:13 - mmengine - INFO - load model from: open-mmlab://vgg16_caffe
2025/05/13 09:07:13 - mmengine - INFO - Loads checkpoint by openmmlab backend from path: open-mmlab://vgg16_caffe
Name of parameter - Initialization information

backbone.features.0.weight - torch.Size([64, 3, 3, 3]): 
PretrainedInit: load from open-mmlab://vgg16_caffe 

backbone.features.0.bias - torch.Size([64]): 
PretrainedInit: load from open-mmlab://vgg16_caffe 

backbone.features.2.weight - torch.Size([64, 64, 3, 3]): 
PretrainedInit: load from open-mmlab://vgg16_caffe 

backbone.features.2.bias - torch.Size([64]): 
PretrainedInit: load from open-mmlab://vgg16_caffe 

backbone.features.5.weight - torch.Size([128, 64, 3, 3]): 
PretrainedInit: load from open-mmlab://vgg16_caffe 

backbone.features.5.bias - torch.Size([128]): 
PretrainedInit: load from open-mmlab://vgg16_caffe 

backbone.features.7.weight - torch.Size([128, 128, 3, 3]): 
PretrainedInit: load from open-mmlab://vgg16_caffe 

backbone.features.7.bias - torch.Size([128]): 
PretrainedInit: load from open-mmlab://vgg16_caffe 

backbone.features.10.weight - torch.Size([256, 128, 3, 3]): 
PretrainedInit: load from open-mmlab://vgg16_caffe 

backbone.features.10.bias - torch.Size([256]): 
PretrainedInit: load from open-mmlab://vgg16_caffe 

backbone.features.12.weight - torch.Size([256, 256, 3, 3]): 
PretrainedInit: load from open-mmlab://vgg16_caffe 

backbone.features.12.bias - torch.Size([256]): 
PretrainedInit: load from open-mmlab://vgg16_caffe 

backbone.features.14.weight - torch.Size([256, 256, 3, 3]): 
PretrainedInit: load from open-mmlab://vgg16_caffe 

backbone.features.14.bias - torch.Size([256]): 
PretrainedInit: load from open-mmlab://vgg16_caffe 

backbone.features.17.weight - torch.Size([512, 256, 3, 3]): 
PretrainedInit: load from open-mmlab://vgg16_caffe 

backbone.features.17.bias - torch.Size([512]): 
PretrainedInit: load from open-mmlab://vgg16_caffe 

backbone.features.19.weight - torch.Size([512, 512, 3, 3]): 
PretrainedInit: load from open-mmlab://vgg16_caffe 

backbone.features.19.bias - torch.Size([512]): 
PretrainedInit: load from open-mmlab://vgg16_caffe 

backbone.features.21.weight - torch.Size([512, 512, 3, 3]): 
PretrainedInit: load from open-mmlab://vgg16_caffe 

backbone.features.21.bias - torch.Size([512]): 
PretrainedInit: load from open-mmlab://vgg16_caffe 

backbone.features.24.weight - torch.Size([512, 512, 3, 3]): 
PretrainedInit: load from open-mmlab://vgg16_caffe 

backbone.features.24.bias - torch.Size([512]): 
PretrainedInit: load from open-mmlab://vgg16_caffe 

backbone.features.26.weight - torch.Size([512, 512, 3, 3]): 
PretrainedInit: load from open-mmlab://vgg16_caffe 

backbone.features.26.bias - torch.Size([512]): 
PretrainedInit: load from open-mmlab://vgg16_caffe 

backbone.features.28.weight - torch.Size([512, 512, 3, 3]): 
PretrainedInit: load from open-mmlab://vgg16_caffe 

backbone.features.28.bias - torch.Size([512]): 
PretrainedInit: load from open-mmlab://vgg16_caffe 

backbone.features.31.weight - torch.Size([1024, 512, 3, 3]): 
PretrainedInit: load from open-mmlab://vgg16_caffe 

backbone.features.31.bias - torch.Size([1024]): 
PretrainedInit: load from open-mmlab://vgg16_caffe 

backbone.features.33.weight - torch.Size([1024, 1024, 1, 1]): 
PretrainedInit: load from open-mmlab://vgg16_caffe 

backbone.features.33.bias - torch.Size([1024]): 
PretrainedInit: load from open-mmlab://vgg16_caffe 

neck.l2_norm.weight - torch.Size([512]): 
ConstantInit: val=20, bias=0 

neck.extra_layers.0.0.conv.weight - torch.Size([256, 1024, 1, 1]): 
XavierInit: gain=1, distribution=uniform, bias=0 

neck.extra_layers.0.0.conv.bias - torch.Size([256]): 
The value is the same before and after calling `init_weights` of SingleStageDetector  

neck.extra_layers.0.1.conv.weight - torch.Size([512, 256, 3, 3]): 
XavierInit: gain=1, distribution=uniform, bias=0 

neck.extra_layers.0.1.conv.bias - torch.Size([512]): 
The value is the same before and after calling `init_weights` of SingleStageDetector  

neck.extra_layers.1.0.conv.weight - torch.Size([128, 512, 1, 1]): 
XavierInit: gain=1, distribution=uniform, bias=0 

neck.extra_layers.1.0.conv.bias - torch.Size([128]): 
The value is the same before and after calling `init_weights` of SingleStageDetector  

neck.extra_layers.1.1.conv.weight - torch.Size([256, 128, 3, 3]): 
XavierInit: gain=1, distribution=uniform, bias=0 

neck.extra_layers.1.1.conv.bias - torch.Size([256]): 
The value is the same before and after calling `init_weights` of SingleStageDetector  

neck.extra_layers.2.0.conv.weight - torch.Size([128, 256, 1, 1]): 
XavierInit: gain=1, distribution=uniform, bias=0 

neck.extra_layers.2.0.conv.bias - torch.Size([128]): 
The value is the same before and after calling `init_weights` of SingleStageDetector  

neck.extra_layers.2.1.conv.weight - torch.Size([256, 128, 3, 3]): 
XavierInit: gain=1, distribution=uniform, bias=0 

neck.extra_layers.2.1.conv.bias - torch.Size([256]): 
The value is the same before and after calling `init_weights` of SingleStageDetector  

neck.extra_layers.3.0.conv.weight - torch.Size([128, 256, 1, 1]): 
XavierInit: gain=1, distribution=uniform, bias=0 

neck.extra_layers.3.0.conv.bias - torch.Size([128]): 
The value is the same before and after calling `init_weights` of SingleStageDetector  

neck.extra_layers.3.1.conv.weight - torch.Size([256, 128, 3, 3]): 
XavierInit: gain=1, distribution=uniform, bias=0 

neck.extra_layers.3.1.conv.bias - torch.Size([256]): 
The value is the same before and after calling `init_weights` of SingleStageDetector  

bbox_head.cls_convs.0.0.weight - torch.Size([20, 512, 3, 3]): 
XavierInit: gain=1, distribution=uniform, bias=0 

bbox_head.cls_convs.0.0.bias - torch.Size([20]): 
XavierInit: gain=1, distribution=uniform, bias=0 

bbox_head.cls_convs.1.0.weight - torch.Size([30, 1024, 3, 3]): 
XavierInit: gain=1, distribution=uniform, bias=0 

bbox_head.cls_convs.1.0.bias - torch.Size([30]): 
XavierInit: gain=1, distribution=uniform, bias=0 

bbox_head.cls_convs.2.0.weight - torch.Size([30, 512, 3, 3]): 
XavierInit: gain=1, distribution=uniform, bias=0 

bbox_head.cls_convs.2.0.bias - torch.Size([30]): 
XavierInit: gain=1, distribution=uniform, bias=0 

bbox_head.cls_convs.3.0.weight - torch.Size([30, 256, 3, 3]): 
XavierInit: gain=1, distribution=uniform, bias=0 

bbox_head.cls_convs.3.0.bias - torch.Size([30]): 
XavierInit: gain=1, distribution=uniform, bias=0 

bbox_head.cls_convs.4.0.weight - torch.Size([20, 256, 3, 3]): 
XavierInit: gain=1, distribution=uniform, bias=0 

bbox_head.cls_convs.4.0.bias - torch.Size([20]): 
XavierInit: gain=1, distribution=uniform, bias=0 

bbox_head.cls_convs.5.0.weight - torch.Size([20, 256, 3, 3]): 
XavierInit: gain=1, distribution=uniform, bias=0 

bbox_head.cls_convs.5.0.bias - torch.Size([20]): 
XavierInit: gain=1, distribution=uniform, bias=0 

bbox_head.reg_convs.0.0.weight - torch.Size([16, 512, 3, 3]): 
XavierInit: gain=1, distribution=uniform, bias=0 

bbox_head.reg_convs.0.0.bias - torch.Size([16]): 
XavierInit: gain=1, distribution=uniform, bias=0 

bbox_head.reg_convs.1.0.weight - torch.Size([24, 1024, 3, 3]): 
XavierInit: gain=1, distribution=uniform, bias=0 

bbox_head.reg_convs.1.0.bias - torch.Size([24]): 
XavierInit: gain=1, distribution=uniform, bias=0 

bbox_head.reg_convs.2.0.weight - torch.Size([24, 512, 3, 3]): 
XavierInit: gain=1, distribution=uniform, bias=0 

bbox_head.reg_convs.2.0.bias - torch.Size([24]): 
XavierInit: gain=1, distribution=uniform, bias=0 

bbox_head.reg_convs.3.0.weight - torch.Size([24, 256, 3, 3]): 
XavierInit: gain=1, distribution=uniform, bias=0 

bbox_head.reg_convs.3.0.bias - torch.Size([24]): 
XavierInit: gain=1, distribution=uniform, bias=0 

bbox_head.reg_convs.4.0.weight - torch.Size([16, 256, 3, 3]): 
XavierInit: gain=1, distribution=uniform, bias=0 

bbox_head.reg_convs.4.0.bias - torch.Size([16]): 
XavierInit: gain=1, distribution=uniform, bias=0 

bbox_head.reg_convs.5.0.weight - torch.Size([16, 256, 3, 3]): 
XavierInit: gain=1, distribution=uniform, bias=0 

bbox_head.reg_convs.5.0.bias - torch.Size([16]): 
XavierInit: gain=1, distribution=uniform, bias=0 
2025/05/13 09:07:13 - mmengine - INFO - Load checkpoint from D:/Repositories/test/25-05-09/ssd300/weights/ssd300_coco_20210803_015428-d231a06e.pth
2025/05/13 09:07:13 - mmengine - WARNING - "FileClient" will be deprecated in future. Please use io functions in https://mmengine.readthedocs.io/en/latest/api/fileio.html#file-io
2025/05/13 09:07:13 - mmengine - WARNING - "HardDiskBackend" is the alias of "LocalBackend" and the former will be deprecated in future.
2025/05/13 09:07:13 - mmengine - INFO - Checkpoints will be saved to D:\Repositories\test\25-05-09\ssd300.
2025/05/13 09:07:35 - mmengine - INFO - Epoch(train)  [1][50/71]  lr: 1.9820e-04  eta: 0:15:16  time: 0.4404  data_time: 0.1729  memory: 1437  loss: 8.0805  loss_cls: 6.3706  loss_bbox: 1.7100
2025/05/13 09:07:40 - mmengine - INFO - Exp name: ssd300_pt_bal_pmd_20250513_090707
2025/05/13 09:07:50 - mmengine - INFO - Evaluating bbox...
2025/05/13 09:07:52 - mmengine - INFO - bbox_mAP_copypaste: 0.044 0.104 0.030 -1.000 0.002 0.050
2025/05/13 09:07:52 - mmengine - INFO - Epoch(val) [1][7/7]    coco/bbox_mAP: 0.0440  coco/bbox_mAP_50: 0.1040  coco/bbox_mAP_75: 0.0300  coco/bbox_mAP_s: -1.0000  coco/bbox_mAP_m: 0.0020  coco/bbox_mAP_l: 0.0500  data_time: 1.1677  time: 1.2889
2025/05/13 09:07:53 - mmengine - INFO - The best checkpoint with 0.0440 coco/bbox_mAP at 1 epoch is saved to best_coco_bbox_mAP_epoch_1.pth.
2025/05/13 09:08:06 - mmengine - INFO - Epoch(train)  [2][50/71]  lr: 4.8248e-04  eta: 0:11:11  time: 0.2637  data_time: 0.0085  memory: 1437  loss: 4.3587  loss_cls: 3.3887  loss_bbox: 0.9700
2025/05/13 09:08:11 - mmengine - INFO - Exp name: ssd300_pt_bal_pmd_20250513_090707
2025/05/13 09:08:12 - mmengine - INFO - Evaluating bbox...
2025/05/13 09:08:15 - mmengine - INFO - bbox_mAP_copypaste: 0.090 0.175 0.085 -1.000 0.017 0.099
2025/05/13 09:08:15 - mmengine - INFO - Epoch(val) [2][7/7]    coco/bbox_mAP: 0.0900  coco/bbox_mAP_50: 0.1750  coco/bbox_mAP_75: 0.0850  coco/bbox_mAP_s: -1.0000  coco/bbox_mAP_m: 0.0170  coco/bbox_mAP_l: 0.0990  data_time: 0.0635  time: 0.1350
2025/05/13 09:08:15 - mmengine - INFO - The previous best checkpoint D:\Repositories\test\25-05-09\ssd300\best_coco_bbox_mAP_epoch_1.pth is removed
2025/05/13 09:08:16 - mmengine - INFO - The best checkpoint with 0.0900 coco/bbox_mAP at 2 epoch is saved to best_coco_bbox_mAP_epoch_2.pth.
2025/05/13 09:08:29 - mmengine - INFO - Epoch(train)  [3][50/71]  lr: 7.6677e-04  eta: 0:09:56  time: 0.2667  data_time: 0.0087  memory: 1437  loss: 3.7741  loss_cls: 2.9376  loss_bbox: 0.8365
2025/05/13 09:08:34 - mmengine - INFO - Exp name: ssd300_pt_bal_pmd_20250513_090707
2025/05/13 09:08:35 - mmengine - INFO - Evaluating bbox...
2025/05/13 09:08:38 - mmengine - INFO - bbox_mAP_copypaste: 0.156 0.297 0.151 -1.000 0.076 0.174
2025/05/13 09:08:38 - mmengine - INFO - Epoch(val) [3][7/7]    coco/bbox_mAP: 0.1560  coco/bbox_mAP_50: 0.2970  coco/bbox_mAP_75: 0.1510  coco/bbox_mAP_s: -1.0000  coco/bbox_mAP_m: 0.0760  coco/bbox_mAP_l: 0.1740  data_time: 0.0630  time: 0.1272
2025/05/13 09:08:38 - mmengine - INFO - The previous best checkpoint D:\Repositories\test\25-05-09\ssd300\best_coco_bbox_mAP_epoch_2.pth is removed
2025/05/13 09:08:38 - mmengine - INFO - The best checkpoint with 0.1560 coco/bbox_mAP at 3 epoch is saved to best_coco_bbox_mAP_epoch_3.pth.
2025/05/13 09:08:52 - mmengine - INFO - Epoch(train)  [4][50/71]  lr: 1.0511e-03  eta: 0:09:11  time: 0.2675  data_time: 0.0081  memory: 1437  loss: 3.4533  loss_cls: 2.6654  loss_bbox: 0.7879
2025/05/13 09:08:57 - mmengine - INFO - Exp name: ssd300_pt_bal_pmd_20250513_090707
2025/05/13 09:08:58 - mmengine - INFO - Evaluating bbox...
2025/05/13 09:09:00 - mmengine - INFO - bbox_mAP_copypaste: 0.260 0.478 0.267 -1.000 0.140 0.290
2025/05/13 09:09:00 - mmengine - INFO - Epoch(val) [4][7/7]    coco/bbox_mAP: 0.2600  coco/bbox_mAP_50: 0.4780  coco/bbox_mAP_75: 0.2670  coco/bbox_mAP_s: -1.0000  coco/bbox_mAP_m: 0.1400  coco/bbox_mAP_l: 0.2900  data_time: 0.0641  time: 0.1276
2025/05/13 09:09:00 - mmengine - INFO - The previous best checkpoint D:\Repositories\test\25-05-09\ssd300\best_coco_bbox_mAP_epoch_3.pth is removed
2025/05/13 09:09:01 - mmengine - INFO - The best checkpoint with 0.2600 coco/bbox_mAP at 4 epoch is saved to best_coco_bbox_mAP_epoch_4.pth.
2025/05/13 09:09:14 - mmengine - INFO - Epoch(train)  [5][50/71]  lr: 1.3353e-03  eta: 0:08:37  time: 0.2682  data_time: 0.0081  memory: 1437  loss: 3.1831  loss_cls: 2.4494  loss_bbox: 0.7337
2025/05/13 09:09:19 - mmengine - INFO - Exp name: ssd300_pt_bal_pmd_20250513_090707
2025/05/13 09:09:21 - mmengine - INFO - Evaluating bbox...
2025/05/13 09:09:23 - mmengine - INFO - bbox_mAP_copypaste: 0.308 0.563 0.324 -1.000 0.171 0.337
2025/05/13 09:09:23 - mmengine - INFO - Epoch(val) [5][7/7]    coco/bbox_mAP: 0.3080  coco/bbox_mAP_50: 0.5630  coco/bbox_mAP_75: 0.3240  coco/bbox_mAP_s: -1.0000  coco/bbox_mAP_m: 0.1710  coco/bbox_mAP_l: 0.3370  data_time: 0.0642  time: 0.1267
2025/05/13 09:09:23 - mmengine - INFO - The previous best checkpoint D:\Repositories\test\25-05-09\ssd300\best_coco_bbox_mAP_epoch_4.pth is removed
2025/05/13 09:09:24 - mmengine - INFO - The best checkpoint with 0.3080 coco/bbox_mAP at 5 epoch is saved to best_coco_bbox_mAP_epoch_5.pth.
2025/05/13 09:09:37 - mmengine - INFO - Epoch(train)  [6][50/71]  lr: 1.6196e-03  eta: 0:08:07  time: 0.2627  data_time: 0.0086  memory: 1437  loss: 2.9908  loss_cls: 2.2909  loss_bbox: 0.7000
2025/05/13 09:09:42 - mmengine - INFO - Exp name: ssd300_pt_bal_pmd_20250513_090707
2025/05/13 09:09:43 - mmengine - INFO - Evaluating bbox...
2025/05/13 09:09:45 - mmengine - INFO - bbox_mAP_copypaste: 0.300 0.571 0.281 -1.000 0.177 0.327
2025/05/13 09:09:45 - mmengine - INFO - Epoch(val) [6][7/7]    coco/bbox_mAP: 0.3000  coco/bbox_mAP_50: 0.5710  coco/bbox_mAP_75: 0.2810  coco/bbox_mAP_s: -1.0000  coco/bbox_mAP_m: 0.1770  coco/bbox_mAP_l: 0.3270  data_time: 0.0713  time: 0.1349
2025/05/13 09:09:59 - mmengine - INFO - Epoch(train)  [7][50/71]  lr: 1.9039e-03  eta: 0:07:41  time: 0.2661  data_time: 0.0083  memory: 1437  loss: 2.9150  loss_cls: 2.2237  loss_bbox: 0.6913
2025/05/13 09:10:04 - mmengine - INFO - Exp name: ssd300_pt_bal_pmd_20250513_090707
2025/05/13 09:10:05 - mmengine - INFO - Evaluating bbox...
2025/05/13 09:10:07 - mmengine - INFO - bbox_mAP_copypaste: 0.298 0.548 0.296 -1.000 0.176 0.326
2025/05/13 09:10:07 - mmengine - INFO - Epoch(val) [7][7/7]    coco/bbox_mAP: 0.2980  coco/bbox_mAP_50: 0.5480  coco/bbox_mAP_75: 0.2960  coco/bbox_mAP_s: -1.0000  coco/bbox_mAP_m: 0.1760  coco/bbox_mAP_l: 0.3260  data_time: 0.0623  time: 0.1254
2025/05/13 09:10:21 - mmengine - INFO - Epoch(train)  [8][50/71]  lr: 2.0000e-03  eta: 0:07:18  time: 0.2693  data_time: 0.0083  memory: 1437  loss: 2.8658  loss_cls: 2.1921  loss_bbox: 0.6737
2025/05/13 09:10:26 - mmengine - INFO - Exp name: ssd300_pt_bal_pmd_20250513_090707
2025/05/13 09:10:27 - mmengine - INFO - Evaluating bbox...
2025/05/13 09:10:29 - mmengine - INFO - bbox_mAP_copypaste: 0.374 0.659 0.389 -1.000 0.206 0.405
2025/05/13 09:10:29 - mmengine - INFO - Epoch(val) [8][7/7]    coco/bbox_mAP: 0.3740  coco/bbox_mAP_50: 0.6590  coco/bbox_mAP_75: 0.3890  coco/bbox_mAP_s: -1.0000  coco/bbox_mAP_m: 0.2060  coco/bbox_mAP_l: 0.4050  data_time: 0.0665  time: 0.1293
2025/05/13 09:10:29 - mmengine - INFO - The previous best checkpoint D:\Repositories\test\25-05-09\ssd300\best_coco_bbox_mAP_epoch_5.pth is removed
2025/05/13 09:10:30 - mmengine - INFO - The best checkpoint with 0.3740 coco/bbox_mAP at 8 epoch is saved to best_coco_bbox_mAP_epoch_8.pth.
2025/05/13 09:10:43 - mmengine - INFO - Epoch(train)  [9][50/71]  lr: 2.0000e-03  eta: 0:06:55  time: 0.2660  data_time: 0.0084  memory: 1437  loss: 2.6534  loss_cls: 2.0344  loss_bbox: 0.6190
2025/05/13 09:10:48 - mmengine - INFO - Exp name: ssd300_pt_bal_pmd_20250513_090707
2025/05/13 09:10:49 - mmengine - INFO - Evaluating bbox...
2025/05/13 09:10:52 - mmengine - INFO - bbox_mAP_copypaste: 0.351 0.622 0.363 -1.000 0.200 0.381
2025/05/13 09:10:52 - mmengine - INFO - Epoch(val) [9][7/7]    coco/bbox_mAP: 0.3510  coco/bbox_mAP_50: 0.6220  coco/bbox_mAP_75: 0.3630  coco/bbox_mAP_s: -1.0000  coco/bbox_mAP_m: 0.2000  coco/bbox_mAP_l: 0.3810  data_time: 0.0610  time: 0.1248
2025/05/13 09:11:05 - mmengine - INFO - Epoch(train) [10][50/71]  lr: 2.0000e-03  eta: 0:06:33  time: 0.2618  data_time: 0.0082  memory: 1437  loss: 2.6082  loss_cls: 1.9995  loss_bbox: 0.6086
2025/05/13 09:11:10 - mmengine - INFO - Exp name: ssd300_pt_bal_pmd_20250513_090707
2025/05/13 09:11:11 - mmengine - INFO - Evaluating bbox...
2025/05/13 09:11:14 - mmengine - INFO - bbox_mAP_copypaste: 0.386 0.680 0.407 -1.000 0.204 0.417
2025/05/13 09:11:14 - mmengine - INFO - Epoch(val) [10][7/7]    coco/bbox_mAP: 0.3860  coco/bbox_mAP_50: 0.6800  coco/bbox_mAP_75: 0.4070  coco/bbox_mAP_s: -1.0000  coco/bbox_mAP_m: 0.2040  coco/bbox_mAP_l: 0.4170  data_time: 0.0585  time: 0.1255
2025/05/13 09:11:14 - mmengine - INFO - The previous best checkpoint D:\Repositories\test\25-05-09\ssd300\best_coco_bbox_mAP_epoch_8.pth is removed
2025/05/13 09:11:14 - mmengine - INFO - The best checkpoint with 0.3860 coco/bbox_mAP at 10 epoch is saved to best_coco_bbox_mAP_epoch_10.pth.
2025/05/13 09:11:27 - mmengine - INFO - Epoch(train) [11][50/71]  lr: 2.0000e-03  eta: 0:06:12  time: 0.2607  data_time: 0.0083  memory: 1437  loss: 2.5290  loss_cls: 1.9387  loss_bbox: 0.5902
2025/05/13 09:11:32 - mmengine - INFO - Exp name: ssd300_pt_bal_pmd_20250513_090707
2025/05/13 09:11:34 - mmengine - INFO - Evaluating bbox...
2025/05/13 09:11:36 - mmengine - INFO - bbox_mAP_copypaste: 0.417 0.730 0.446 -1.000 0.242 0.447
2025/05/13 09:11:36 - mmengine - INFO - Epoch(val) [11][7/7]    coco/bbox_mAP: 0.4170  coco/bbox_mAP_50: 0.7300  coco/bbox_mAP_75: 0.4460  coco/bbox_mAP_s: -1.0000  coco/bbox_mAP_m: 0.2420  coco/bbox_mAP_l: 0.4470  data_time: 0.0671  time: 0.1304
2025/05/13 09:11:36 - mmengine - INFO - The previous best checkpoint D:\Repositories\test\25-05-09\ssd300\best_coco_bbox_mAP_epoch_10.pth is removed
2025/05/13 09:11:36 - mmengine - INFO - The best checkpoint with 0.4170 coco/bbox_mAP at 11 epoch is saved to best_coco_bbox_mAP_epoch_11.pth.
2025/05/13 09:11:50 - mmengine - INFO - Epoch(train) [12][50/71]  lr: 2.0000e-03  eta: 0:05:51  time: 0.2645  data_time: 0.0082  memory: 1437  loss: 2.4497  loss_cls: 1.8821  loss_bbox: 0.5676
2025/05/13 09:11:55 - mmengine - INFO - Exp name: ssd300_pt_bal_pmd_20250513_090707
2025/05/13 09:11:56 - mmengine - INFO - Evaluating bbox...
2025/05/13 09:11:58 - mmengine - INFO - bbox_mAP_copypaste: 0.366 0.649 0.389 -1.000 0.208 0.396
2025/05/13 09:11:58 - mmengine - INFO - Epoch(val) [12][7/7]    coco/bbox_mAP: 0.3660  coco/bbox_mAP_50: 0.6490  coco/bbox_mAP_75: 0.3890  coco/bbox_mAP_s: -1.0000  coco/bbox_mAP_m: 0.2080  coco/bbox_mAP_l: 0.3960  data_time: 0.0636  time: 0.1254
2025/05/13 09:12:12 - mmengine - INFO - Epoch(train) [13][50/71]  lr: 2.0000e-03  eta: 0:05:31  time: 0.2648  data_time: 0.0081  memory: 1437  loss: 2.4193  loss_cls: 1.8627  loss_bbox: 0.5566
2025/05/13 09:12:17 - mmengine - INFO - Exp name: ssd300_pt_bal_pmd_20250513_090707
2025/05/13 09:12:18 - mmengine - INFO - Evaluating bbox...
2025/05/13 09:12:20 - mmengine - INFO - bbox_mAP_copypaste: 0.414 0.720 0.443 -1.000 0.228 0.444
2025/05/13 09:12:20 - mmengine - INFO - Epoch(val) [13][7/7]    coco/bbox_mAP: 0.4140  coco/bbox_mAP_50: 0.7200  coco/bbox_mAP_75: 0.4430  coco/bbox_mAP_s: -1.0000  coco/bbox_mAP_m: 0.2280  coco/bbox_mAP_l: 0.4440  data_time: 0.0640  time: 0.1268
2025/05/13 09:12:33 - mmengine - INFO - Epoch(train) [14][50/71]  lr: 2.0000e-03  eta: 0:05:11  time: 0.2614  data_time: 0.0083  memory: 1437  loss: 2.3472  loss_cls: 1.8058  loss_bbox: 0.5414
2025/05/13 09:12:38 - mmengine - INFO - Exp name: ssd300_pt_bal_pmd_20250513_090707
2025/05/13 09:12:40 - mmengine - INFO - Evaluating bbox...
2025/05/13 09:12:42 - mmengine - INFO - bbox_mAP_copypaste: 0.435 0.754 0.473 -1.000 0.235 0.467
2025/05/13 09:12:42 - mmengine - INFO - Epoch(val) [14][7/7]    coco/bbox_mAP: 0.4350  coco/bbox_mAP_50: 0.7540  coco/bbox_mAP_75: 0.4730  coco/bbox_mAP_s: -1.0000  coco/bbox_mAP_m: 0.2350  coco/bbox_mAP_l: 0.4670  data_time: 0.0680  time: 0.1289
2025/05/13 09:12:42 - mmengine - INFO - The previous best checkpoint D:\Repositories\test\25-05-09\ssd300\best_coco_bbox_mAP_epoch_11.pth is removed
2025/05/13 09:12:42 - mmengine - INFO - The best checkpoint with 0.4350 coco/bbox_mAP at 14 epoch is saved to best_coco_bbox_mAP_epoch_14.pth.
2025/05/13 09:12:44 - mmengine - INFO - Exp name: ssd300_pt_bal_pmd_20250513_090707
2025/05/13 09:12:56 - mmengine - INFO - Epoch(train) [15][50/71]  lr: 2.0000e-03  eta: 0:04:51  time: 0.2651  data_time: 0.0080  memory: 1437  loss: 2.3001  loss_cls: 1.7753  loss_bbox: 0.5248
2025/05/13 09:13:01 - mmengine - INFO - Exp name: ssd300_pt_bal_pmd_20250513_090707
2025/05/13 09:13:02 - mmengine - INFO - Evaluating bbox...
2025/05/13 09:13:04 - mmengine - INFO - bbox_mAP_copypaste: 0.428 0.737 0.464 -1.000 0.246 0.459
2025/05/13 09:13:04 - mmengine - INFO - Epoch(val) [15][7/7]    coco/bbox_mAP: 0.4280  coco/bbox_mAP_50: 0.7370  coco/bbox_mAP_75: 0.4640  coco/bbox_mAP_s: -1.0000  coco/bbox_mAP_m: 0.2460  coco/bbox_mAP_l: 0.4590  data_time: 0.0681  time: 0.1291
2025/05/13 09:13:17 - mmengine - INFO - Epoch(train) [16][50/71]  lr: 2.0000e-03  eta: 0:04:31  time: 0.2598  data_time: 0.0086  memory: 1437  loss: 2.2664  loss_cls: 1.7508  loss_bbox: 0.5156
2025/05/13 09:13:22 - mmengine - INFO - Exp name: ssd300_pt_bal_pmd_20250513_090707
2025/05/13 09:13:23 - mmengine - INFO - Evaluating bbox...
2025/05/13 09:13:26 - mmengine - INFO - bbox_mAP_copypaste: 0.399 0.698 0.428 -1.000 0.225 0.430
2025/05/13 09:13:26 - mmengine - INFO - Epoch(val) [16][7/7]    coco/bbox_mAP: 0.3990  coco/bbox_mAP_50: 0.6980  coco/bbox_mAP_75: 0.4280  coco/bbox_mAP_s: -1.0000  coco/bbox_mAP_m: 0.2250  coco/bbox_mAP_l: 0.4300  data_time: 0.0625  time: 0.1242
2025/05/13 09:13:39 - mmengine - INFO - Epoch(train) [17][50/71]  lr: 2.0000e-04  eta: 0:04:11  time: 0.2620  data_time: 0.0081  memory: 1437  loss: 2.1876  loss_cls: 1.6994  loss_bbox: 0.4881
2025/05/13 09:13:44 - mmengine - INFO - Exp name: ssd300_pt_bal_pmd_20250513_090707
2025/05/13 09:13:45 - mmengine - INFO - Evaluating bbox...
2025/05/13 09:13:47 - mmengine - INFO - bbox_mAP_copypaste: 0.416 0.715 0.464 -1.000 0.239 0.446
2025/05/13 09:13:47 - mmengine - INFO - Epoch(val) [17][7/7]    coco/bbox_mAP: 0.4160  coco/bbox_mAP_50: 0.7150  coco/bbox_mAP_75: 0.4640  coco/bbox_mAP_s: -1.0000  coco/bbox_mAP_m: 0.2390  coco/bbox_mAP_l: 0.4460  data_time: 0.0644  time: 0.1257
2025/05/13 09:14:00 - mmengine - INFO - Epoch(train) [18][50/71]  lr: 2.0000e-04  eta: 0:03:52  time: 0.2631  data_time: 0.0080  memory: 1437  loss: 2.1450  loss_cls: 1.6642  loss_bbox: 0.4808
2025/05/13 09:14:05 - mmengine - INFO - Exp name: ssd300_pt_bal_pmd_20250513_090707
2025/05/13 09:14:07 - mmengine - INFO - Evaluating bbox...
2025/05/13 09:14:09 - mmengine - INFO - bbox_mAP_copypaste: 0.429 0.734 0.478 -1.000 0.243 0.459
2025/05/13 09:14:09 - mmengine - INFO - Epoch(val) [18][7/7]    coco/bbox_mAP: 0.4290  coco/bbox_mAP_50: 0.7340  coco/bbox_mAP_75: 0.4780  coco/bbox_mAP_s: -1.0000  coco/bbox_mAP_m: 0.2430  coco/bbox_mAP_l: 0.4590  data_time: 0.0726  time: 0.1375
2025/05/13 09:14:22 - mmengine - INFO - Epoch(train) [19][50/71]  lr: 2.0000e-04  eta: 0:03:32  time: 0.2598  data_time: 0.0082  memory: 1437  loss: 2.1139  loss_cls: 1.6402  loss_bbox: 0.4737
2025/05/13 09:14:27 - mmengine - INFO - Exp name: ssd300_pt_bal_pmd_20250513_090707
2025/05/13 09:14:28 - mmengine - INFO - Evaluating bbox...
2025/05/13 09:14:31 - mmengine - INFO - bbox_mAP_copypaste: 0.418 0.722 0.458 -1.000 0.239 0.448
2025/05/13 09:14:31 - mmengine - INFO - Epoch(val) [19][7/7]    coco/bbox_mAP: 0.4180  coco/bbox_mAP_50: 0.7220  coco/bbox_mAP_75: 0.4580  coco/bbox_mAP_s: -1.0000  coco/bbox_mAP_m: 0.2390  coco/bbox_mAP_l: 0.4480  data_time: 0.0663  time: 0.1251
2025/05/13 09:14:44 - mmengine - INFO - Epoch(train) [20][50/71]  lr: 2.0000e-04  eta: 0:03:13  time: 0.2623  data_time: 0.0084  memory: 1437  loss: 2.1201  loss_cls: 1.6437  loss_bbox: 0.4763
2025/05/13 09:14:49 - mmengine - INFO - Exp name: ssd300_pt_bal_pmd_20250513_090707
2025/05/13 09:14:50 - mmengine - INFO - Evaluating bbox...
2025/05/13 09:14:52 - mmengine - INFO - bbox_mAP_copypaste: 0.422 0.724 0.463 -1.000 0.239 0.452
2025/05/13 09:14:52 - mmengine - INFO - Epoch(val) [20][7/7]    coco/bbox_mAP: 0.4220  coco/bbox_mAP_50: 0.7240  coco/bbox_mAP_75: 0.4630  coco/bbox_mAP_s: -1.0000  coco/bbox_mAP_m: 0.2390  coco/bbox_mAP_l: 0.4520  data_time: 0.0601  time: 0.1210
2025/05/13 09:15:05 - mmengine - INFO - Epoch(train) [21][50/71]  lr: 2.0000e-04  eta: 0:02:54  time: 0.2642  data_time: 0.0080  memory: 1437  loss: 2.0984  loss_cls: 1.6302  loss_bbox: 0.4682
2025/05/13 09:15:11 - mmengine - INFO - Exp name: ssd300_pt_bal_pmd_20250513_090707
2025/05/13 09:15:12 - mmengine - INFO - Evaluating bbox...
2025/05/13 09:15:14 - mmengine - INFO - bbox_mAP_copypaste: 0.414 0.713 0.453 -1.000 0.243 0.444
2025/05/13 09:15:14 - mmengine - INFO - Epoch(val) [21][7/7]    coco/bbox_mAP: 0.4140  coco/bbox_mAP_50: 0.7130  coco/bbox_mAP_75: 0.4530  coco/bbox_mAP_s: -1.0000  coco/bbox_mAP_m: 0.2430  coco/bbox_mAP_l: 0.4440  data_time: 0.0648  time: 0.1226
2025/05/13 09:15:27 - mmengine - INFO - Epoch(train) [22][50/71]  lr: 2.0000e-04  eta: 0:02:35  time: 0.2624  data_time: 0.0082  memory: 1437  loss: 2.0799  loss_cls: 1.6171  loss_bbox: 0.4628
2025/05/13 09:15:32 - mmengine - INFO - Exp name: ssd300_pt_bal_pmd_20250513_090707
2025/05/13 09:15:33 - mmengine - INFO - Evaluating bbox...
2025/05/13 09:15:36 - mmengine - INFO - bbox_mAP_copypaste: 0.424 0.726 0.469 -1.000 0.240 0.455
2025/05/13 09:15:36 - mmengine - INFO - Epoch(val) [22][7/7]    coco/bbox_mAP: 0.4240  coco/bbox_mAP_50: 0.7260  coco/bbox_mAP_75: 0.4690  coco/bbox_mAP_s: -1.0000  coco/bbox_mAP_m: 0.2400  coco/bbox_mAP_l: 0.4550  data_time: 0.0670  time: 0.1273
2025/05/13 09:15:49 - mmengine - INFO - Epoch(train) [23][50/71]  lr: 2.0000e-05  eta: 0:02:16  time: 0.2616  data_time: 0.0083  memory: 1437  loss: 2.0710  loss_cls: 1.6095  loss_bbox: 0.4615
2025/05/13 09:15:54 - mmengine - INFO - Exp name: ssd300_pt_bal_pmd_20250513_090707
2025/05/13 09:15:55 - mmengine - INFO - Evaluating bbox...
2025/05/13 09:15:57 - mmengine - INFO - bbox_mAP_copypaste: 0.422 0.724 0.467 -1.000 0.241 0.452
2025/05/13 09:15:57 - mmengine - INFO - Epoch(val) [23][7/7]    coco/bbox_mAP: 0.4220  coco/bbox_mAP_50: 0.7240  coco/bbox_mAP_75: 0.4670  coco/bbox_mAP_s: -1.0000  coco/bbox_mAP_m: 0.2410  coco/bbox_mAP_l: 0.4520  data_time: 0.0689  time: 0.1296
2025/05/13 09:16:11 - mmengine - INFO - Epoch(train) [24][50/71]  lr: 2.0000e-05  eta: 0:01:58  time: 0.2623  data_time: 0.0081  memory: 1437  loss: 2.0735  loss_cls: 1.6123  loss_bbox: 0.4613
2025/05/13 09:16:16 - mmengine - INFO - Exp name: ssd300_pt_bal_pmd_20250513_090707
2025/05/13 09:16:17 - mmengine - INFO - Evaluating bbox...
2025/05/13 09:16:19 - mmengine - INFO - bbox_mAP_copypaste: 0.422 0.724 0.466 -1.000 0.240 0.452
2025/05/13 09:16:19 - mmengine - INFO - Epoch(val) [24][7/7]    coco/bbox_mAP: 0.4220  coco/bbox_mAP_50: 0.7240  coco/bbox_mAP_75: 0.4660  coco/bbox_mAP_s: -1.0000  coco/bbox_mAP_m: 0.2400  coco/bbox_mAP_l: 0.4520  data_time: 0.0696  time: 0.1321
2025/05/13 09:16:32 - mmengine - INFO - Epoch(train) [25][50/71]  lr: 2.0000e-05  eta: 0:01:39  time: 0.2631  data_time: 0.0081  memory: 1437  loss: 2.0827  loss_cls: 1.6186  loss_bbox: 0.4641
2025/05/13 09:16:37 - mmengine - INFO - Exp name: ssd300_pt_bal_pmd_20250513_090707
2025/05/13 09:16:39 - mmengine - INFO - Evaluating bbox...
2025/05/13 09:16:41 - mmengine - INFO - bbox_mAP_copypaste: 0.422 0.724 0.463 -1.000 0.240 0.452
2025/05/13 09:16:41 - mmengine - INFO - Epoch(val) [25][7/7]    coco/bbox_mAP: 0.4220  coco/bbox_mAP_50: 0.7240  coco/bbox_mAP_75: 0.4630  coco/bbox_mAP_s: -1.0000  coco/bbox_mAP_m: 0.2400  coco/bbox_mAP_l: 0.4520  data_time: 0.0661  time: 0.1255
2025/05/13 09:16:54 - mmengine - INFO - Epoch(train) [26][50/71]  lr: 2.0000e-05  eta: 0:01:20  time: 0.2590  data_time: 0.0081  memory: 1437  loss: 2.0735  loss_cls: 1.6136  loss_bbox: 0.4599
2025/05/13 09:16:59 - mmengine - INFO - Exp name: ssd300_pt_bal_pmd_20250513_090707
2025/05/13 09:17:00 - mmengine - INFO - Evaluating bbox...
2025/05/13 09:17:02 - mmengine - INFO - bbox_mAP_copypaste: 0.422 0.724 0.466 -1.000 0.241 0.452
2025/05/13 09:17:02 - mmengine - INFO - Epoch(val) [26][7/7]    coco/bbox_mAP: 0.4220  coco/bbox_mAP_50: 0.7240  coco/bbox_mAP_75: 0.4660  coco/bbox_mAP_s: -1.0000  coco/bbox_mAP_m: 0.2410  coco/bbox_mAP_l: 0.4520  data_time: 0.0618  time: 0.1216
2025/05/13 09:17:16 - mmengine - INFO - Epoch(train) [27][50/71]  lr: 2.0000e-05  eta: 0:01:01  time: 0.2642  data_time: 0.0082  memory: 1437  loss: 2.0908  loss_cls: 1.6252  loss_bbox: 0.4656
2025/05/13 09:17:21 - mmengine - INFO - Exp name: ssd300_pt_bal_pmd_20250513_090707
2025/05/13 09:17:22 - mmengine - INFO - Evaluating bbox...
2025/05/13 09:17:24 - mmengine - INFO - bbox_mAP_copypaste: 0.421 0.722 0.461 -1.000 0.241 0.450
2025/05/13 09:17:24 - mmengine - INFO - Epoch(val) [27][7/7]    coco/bbox_mAP: 0.4210  coco/bbox_mAP_50: 0.7220  coco/bbox_mAP_75: 0.4610  coco/bbox_mAP_s: -1.0000  coco/bbox_mAP_m: 0.2410  coco/bbox_mAP_l: 0.4500  data_time: 0.0668  time: 0.1264
2025/05/13 09:17:37 - mmengine - INFO - Epoch(train) [28][50/71]  lr: 2.0000e-05  eta: 0:00:42  time: 0.2655  data_time: 0.0082  memory: 1437  loss: 2.0715  loss_cls: 1.6117  loss_bbox: 0.4598
2025/05/13 09:17:42 - mmengine - INFO - Exp name: ssd300_pt_bal_pmd_20250513_090707
2025/05/13 09:17:44 - mmengine - INFO - Evaluating bbox...
2025/05/13 09:17:46 - mmengine - INFO - bbox_mAP_copypaste: 0.422 0.724 0.464 -1.000 0.242 0.451
2025/05/13 09:17:46 - mmengine - INFO - Epoch(val) [28][7/7]    coco/bbox_mAP: 0.4220  coco/bbox_mAP_50: 0.7240  coco/bbox_mAP_75: 0.4640  coco/bbox_mAP_s: -1.0000  coco/bbox_mAP_m: 0.2420  coco/bbox_mAP_l: 0.4510  data_time: 0.0598  time: 0.1214
2025/05/13 09:17:49 - mmengine - INFO - Exp name: ssd300_pt_bal_pmd_20250513_090707
2025/05/13 09:17:59 - mmengine - INFO - Epoch(train) [29][50/71]  lr: 2.0000e-05  eta: 0:00:24  time: 0.2617  data_time: 0.0080  memory: 1437  loss: 2.0813  loss_cls: 1.6155  loss_bbox: 0.4659
2025/05/13 09:18:04 - mmengine - INFO - Exp name: ssd300_pt_bal_pmd_20250513_090707
2025/05/13 09:18:05 - mmengine - INFO - Evaluating bbox...
2025/05/13 09:18:07 - mmengine - INFO - bbox_mAP_copypaste: 0.423 0.726 0.469 -1.000 0.240 0.453
2025/05/13 09:18:07 - mmengine - INFO - Epoch(val) [29][7/7]    coco/bbox_mAP: 0.4230  coco/bbox_mAP_50: 0.7260  coco/bbox_mAP_75: 0.4690  coco/bbox_mAP_s: -1.0000  coco/bbox_mAP_m: 0.2400  coco/bbox_mAP_l: 0.4530  data_time: 0.0670  time: 0.1261
2025/05/13 09:18:21 - mmengine - INFO - Epoch(train) [30][50/71]  lr: 2.0000e-05  eta: 0:00:05  time: 0.2763  data_time: 0.0085  memory: 1437  loss: 2.0803  loss_cls: 1.6184  loss_bbox: 0.4619
2025/05/13 09:18:27 - mmengine - INFO - Exp name: ssd300_pt_bal_pmd_20250513_090707
2025/05/13 09:18:27 - mmengine - INFO - Saving checkpoint at 30 epochs
2025/05/13 09:18:29 - mmengine - INFO - Evaluating bbox...
2025/05/13 09:18:31 - mmengine - INFO - bbox_mAP_copypaste: 0.420 0.722 0.461 -1.000 0.241 0.450
2025/05/13 09:18:31 - mmengine - INFO - Epoch(val) [30][7/7]    coco/bbox_mAP: 0.4200  coco/bbox_mAP_50: 0.7220  coco/bbox_mAP_75: 0.4610  coco/bbox_mAP_s: -1.0000  coco/bbox_mAP_m: 0.2410  coco/bbox_mAP_l: 0.4500  data_time: 0.0591  time: 0.1261
