2025/05/13 08:53:28 - mmengine - INFO - 
------------------------------------------------------------
System environment:
    sys.platform: win32
    Python: 3.9.13 (tags/v3.9.13:6de2ca5, May 17 2022, 16:36:42) [MSC v.1929 64 bit (AMD64)]
    CUDA available: True
    MUSA available: False
    numpy_random_seed: 532964156
    GPU 0: NVIDIA GeForce RTX 3070 Ti
    CUDA_HOME: C:\Program Files\NVIDIA GPU Computing Toolkit\CUDA\v12.6
    NVCC: Cuda compilation tools, release 12.6, V12.6.85
    MSVC: Microsoft (R) C/C++ Optimizing Compiler Version 19.42.34433 for x64
    GCC: n/a
    PyTorch: 2.1.0+cu118
    PyTorch compiling details: PyTorch built with:
  - C++ Version: 199711
  - MSVC 192930151
  - Intel(R) Math Kernel Library Version 2020.0.2 Product Build 20200624 for Intel(R) 64 architecture applications
  - Intel(R) MKL-DNN v3.1.1 (Git Hash 64f6bcbcbab628e96f33a62c3e975f8535a7bde4)
  - OpenMP 2019
  - LAPACK is enabled (usually provided by MKL)
  - CPU capability usage: AVX2
  - CUDA Runtime 11.8
  - NVCC architecture flags: -gencode;arch=compute_37,code=sm_37;-gencode;arch=compute_50,code=sm_50;-gencode;arch=compute_60,code=sm_60;-gencode;arch=compute_61,code=sm_61;-gencode;arch=compute_70,code=sm_70;-gencode;arch=compute_75,code=sm_75;-gencode;arch=compute_80,code=sm_80;-gencode;arch=compute_86,code=sm_86;-gencode;arch=compute_90,code=sm_90;-gencode;arch=compute_37,code=compute_37
  - CuDNN 8.7
  - Magma 2.5.4
  - Build settings: BLAS_INFO=mkl, BUILD_TYPE=Release, CUDA_VERSION=11.8, CUDNN_VERSION=8.7.0, CXX_COMPILER=C:/actions-runner/_work/pytorch/pytorch/builder/windows/tmp_bin/sccache-cl.exe, CXX_FLAGS=/DWIN32 /D_WINDOWS /GR /EHsc /bigobj /FS -DUSE_PTHREADPOOL -DNDEBUG -DUSE_KINETO -DLIBKINETO_NOCUPTI -DLIBKINETO_NOROCTRACER -DUSE_FBGEMM -DUSE_XNNPACK -DSYMBOLICATE_MOBILE_DEBUG_HANDLE /utf-8 /wd4624 /wd4068 /wd4067 /wd4267 /wd4661 /wd4717 /wd4244 /wd4804 /wd4273, LAPACK_INFO=mkl, PERF_WITH_AVX=1, PERF_WITH_AVX2=1, PERF_WITH_AVX512=1, TORCH_DISABLE_GPU_ASSERTS=OFF, TORCH_VERSION=2.1.0, USE_CUDA=ON, USE_CUDNN=ON, USE_EXCEPTION_PTR=1, USE_GFLAGS=OFF, USE_GLOG=OFF, USE_MKL=ON, USE_MKLDNN=ON, USE_MPI=OFF, USE_NCCL=OFF, USE_NNPACK=OFF, USE_OPENMP=ON, USE_ROCM=OFF, 

    TorchVision: 0.16.0+cu118
    OpenCV: 4.10.0
    MMEngine: 0.10.5

Runtime environment:
    cudnn_benchmark: False
    dist_cfg: {'backend': 'nccl'}
    mp_cfg: {'mp_start_method': 'fork', 'opencv_num_threads': 0}
    seed: 532964156
    Distributed launcher: none
    Distributed training: False
    GPU number: 1
------------------------------------------------------------

2025/05/13 08:53:28 - mmengine - INFO - Config:
auto_scale_lr = dict(base_batch_size=64, enable=False)
backend_args = None
cudnn_benchmark = True
custom_hooks = [
    dict(type='NumClassCheckHook'),
    dict(interval=50, priority='VERY_LOW', type='CheckInvalidLossHook'),
]
data_root = 'D:/Repositories/test/data/larch_casebearer/'
dataset_type = 'CocoDataset'
default_hooks = dict(
    checkpoint=dict(
        interval=0, save_best='coco/bbox_mAP', type='CheckpointHook'),
    logger=dict(interval=50, type='LoggerHook'),
    param_scheduler=dict(type='ParamSchedulerHook'),
    sampler_seed=dict(type='DistSamplerSeedHook'),
    timer=dict(type='IterTimerHook'),
    visualization=dict(type='DetVisualizationHook'))
default_scope = 'mmdet'
env_cfg = dict(
    cudnn_benchmark=False,
    dist_cfg=dict(backend='nccl'),
    mp_cfg=dict(mp_start_method='fork', opencv_num_threads=0))
input_size = 300
launcher = 'none'
load_from = None
log_level = 'INFO'
log_processor = dict(by_epoch=True, type='LogProcessor', window_size=50)
metainfo = dict(
    classes=(
        'H',
        'LD',
        'HD',
        'other',
    ),
    palette=[
        (
            0,
            255,
            0,
        ),
        (
            255,
            128,
            0,
        ),
        (
            255,
            0,
            0,
        ),
        (
            0,
            0,
            255,
        ),
    ])
model = dict(
    backbone=dict(
        ceil_mode=True,
        depth=16,
        init_cfg=dict(
            checkpoint='open-mmlab://vgg16_caffe', type='Pretrained'),
        out_feature_indices=(
            22,
            34,
        ),
        out_indices=(
            3,
            4,
        ),
        type='SSDVGG',
        with_last_pool=False),
    bbox_head=dict(
        anchor_generator=dict(
            basesize_ratio_range=(
                0.15,
                0.9,
            ),
            input_size=300,
            ratios=[
                [
                    2,
                ],
                [
                    2,
                    3,
                ],
                [
                    2,
                    3,
                ],
                [
                    2,
                    3,
                ],
                [
                    2,
                ],
                [
                    2,
                ],
            ],
            scale_major=False,
            strides=[
                8,
                16,
                32,
                64,
                100,
                300,
            ],
            type='SSDAnchorGenerator'),
        bbox_coder=dict(
            target_means=[
                0.0,
                0.0,
                0.0,
                0.0,
            ],
            target_stds=[
                0.1,
                0.1,
                0.2,
                0.2,
            ],
            type='DeltaXYWHBBoxCoder'),
        in_channels=(
            512,
            1024,
            512,
            256,
            256,
            256,
        ),
        num_classes=4,
        type='SSDHead'),
    data_preprocessor=dict(
        bgr_to_rgb=True,
        mean=[
            123.675,
            116.28,
            103.53,
        ],
        pad_size_divisor=1,
        std=[
            1,
            1,
            1,
        ],
        type='DetDataPreprocessor'),
    neck=dict(
        in_channels=(
            512,
            1024,
        ),
        l2_norm_scale=20,
        level_paddings=(
            1,
            1,
            0,
            0,
        ),
        level_strides=(
            2,
            2,
            1,
            1,
        ),
        out_channels=(
            512,
            1024,
            512,
            256,
            256,
            256,
        ),
        type='SSDNeck'),
    test_cfg=dict(
        max_per_img=200,
        min_bbox_size=0,
        nms=dict(iou_threshold=0.45, type='nms'),
        nms_pre=1000,
        score_thr=0.02),
    train_cfg=dict(
        allowed_border=-1,
        assigner=dict(
            gt_max_assign_all=False,
            ignore_iof_thr=-1,
            min_pos_iou=0.0,
            neg_iou_thr=0.5,
            pos_iou_thr=0.5,
            type='MaxIoUAssigner'),
        debug=False,
        neg_pos_ratio=3,
        pos_weight=-1,
        sampler=dict(type='PseudoSampler'),
        smoothl1_beta=1.0),
    type='SingleStageDetector')
optim_wrapper = dict(
    optimizer=dict(lr=0.002, momentum=0.9, type='SGD', weight_decay=0.0005),
    type='OptimWrapper')
param_scheduler = [
    dict(
        begin=0, by_epoch=False, end=500, start_factor=0.001, type='LinearLR'),
    dict(
        begin=0,
        by_epoch=True,
        end=24,
        gamma=0.1,
        milestones=[
            16,
            22,
        ],
        type='MultiStepLR'),
]
resume = False
test_cfg = dict(type='TestLoop')
test_dataloader = dict(
    batch_size=8,
    dataset=dict(
        ann_file='test/annotations.json',
        backend_args=None,
        data_prefix=dict(img='test/'),
        data_root='D:/Repositories/test/data/larch_casebearer/',
        metainfo=dict(
            classes=(
                'H',
                'LD',
                'HD',
                'other',
            ),
            palette=[
                (
                    0,
                    255,
                    0,
                ),
                (
                    255,
                    128,
                    0,
                ),
                (
                    255,
                    0,
                    0,
                ),
                (
                    0,
                    0,
                    255,
                ),
            ]),
        pipeline=[
            dict(backend_args=None, type='LoadImageFromFile'),
            dict(keep_ratio=False, scale=(
                300,
                300,
            ), type='Resize'),
            dict(type='LoadAnnotations', with_bbox=True),
            dict(
                meta_keys=(
                    'img_id',
                    'img_path',
                    'ori_shape',
                    'img_shape',
                    'scale_factor',
                ),
                type='PackDetInputs'),
        ],
        test_mode=True,
        type='CocoDataset'),
    drop_last=False,
    num_workers=2,
    persistent_workers=True,
    sampler=dict(shuffle=False, type='DefaultSampler'))
test_evaluator = dict(
    ann_file='D:/Repositories/test/data/larch_casebearer/test/annotations.json',
    backend_args=None,
    classwise=True,
    format_only=False,
    metric='bbox',
    type='CocoMetric')
test_pipeline = [
    dict(backend_args=None, type='LoadImageFromFile'),
    dict(keep_ratio=False, scale=(
        300,
        300,
    ), type='Resize'),
    dict(type='LoadAnnotations', with_bbox=True),
    dict(
        meta_keys=(
            'img_id',
            'img_path',
            'ori_shape',
            'img_shape',
            'scale_factor',
        ),
        type='PackDetInputs'),
]
train_cfg = dict(max_epochs=30, type='EpochBasedTrainLoop', val_interval=1)
train_dataloader = dict(
    batch_sampler=None,
    batch_size=8,
    dataset=dict(
        dataset=dict(
            ann_file='train/annotations.json',
            backend_args=None,
            data_prefix=dict(img='train/'),
            data_root='D:/Repositories/test/data/larch_casebearer/',
            filter_cfg=dict(filter_empty_gt=True, min_size=32),
            metainfo=dict(
                classes=(
                    'H',
                    'LD',
                    'HD',
                    'other',
                ),
                palette=[
                    (
                        0,
                        255,
                        0,
                    ),
                    (
                        255,
                        128,
                        0,
                    ),
                    (
                        255,
                        0,
                        0,
                    ),
                    (
                        0,
                        0,
                        255,
                    ),
                ]),
            pipeline=[
                dict(backend_args=None, type='LoadImageFromFile'),
                dict(type='LoadAnnotations', with_bbox=True),
                dict(keep_ratio=False, scale=(
                    300,
                    300,
                ), type='Resize'),
                dict(type='PhotoMetricDistortion'),
                dict(type='PackDetInputs'),
            ],
            type='CocoDataset'),
        oversample_thr=0.25,
        type='ClassBalancedDataset'),
    num_workers=2,
    persistent_workers=True,
    sampler=dict(shuffle=True, type='DefaultSampler'))
train_pipeline = [
    dict(backend_args=None, type='LoadImageFromFile'),
    dict(type='LoadAnnotations', with_bbox=True),
    dict(keep_ratio=False, scale=(
        300,
        300,
    ), type='Resize'),
    dict(type='PhotoMetricDistortion'),
    dict(type='PackDetInputs'),
]
val_cfg = dict(type='ValLoop')
val_dataloader = dict(
    batch_size=8,
    dataset=dict(
        ann_file='val/annotations.json',
        backend_args=None,
        data_prefix=dict(img='val/'),
        data_root='D:/Repositories/test/data/larch_casebearer/',
        metainfo=dict(
            classes=(
                'H',
                'LD',
                'HD',
                'other',
            ),
            palette=[
                (
                    0,
                    255,
                    0,
                ),
                (
                    255,
                    128,
                    0,
                ),
                (
                    255,
                    0,
                    0,
                ),
                (
                    0,
                    0,
                    255,
                ),
            ]),
        pipeline=[
            dict(backend_args=None, type='LoadImageFromFile'),
            dict(keep_ratio=False, scale=(
                300,
                300,
            ), type='Resize'),
            dict(type='LoadAnnotations', with_bbox=True),
            dict(
                meta_keys=(
                    'img_id',
                    'img_path',
                    'ori_shape',
                    'img_shape',
                    'scale_factor',
                ),
                type='PackDetInputs'),
        ],
        test_mode=True,
        type='CocoDataset'),
    drop_last=False,
    num_workers=2,
    persistent_workers=True,
    sampler=dict(shuffle=False, type='DefaultSampler'))
val_evaluator = dict(
    ann_file='D:/Repositories/test/data/larch_casebearer/val/annotations.json',
    backend_args=None,
    format_only=False,
    metric='bbox',
    type='CocoMetric')
vis_backends = [
    dict(type='LocalVisBackend'),
]
visualizer = dict(
    name='visualizer',
    type='DetLocalVisualizer',
    vis_backends=[
        dict(type='LocalVisBackend'),
    ])
work_dir = '25-05-09/ssd300'

2025/05/13 08:53:29 - mmengine - INFO - Distributed training is not used, all SyncBatchNorm (SyncBN) layers in the model will be automatically reverted to BatchNormXd layers if they are used.
2025/05/13 08:53:29 - mmengine - INFO - Hooks will be executed in the following order:
before_run:
(VERY_HIGH   ) RuntimeInfoHook                    
(BELOW_NORMAL) LoggerHook                         
 -------------------- 
before_train:
(VERY_HIGH   ) RuntimeInfoHook                    
(NORMAL      ) IterTimerHook                      
(VERY_LOW    ) CheckpointHook                     
 -------------------- 
before_train_epoch:
(VERY_HIGH   ) RuntimeInfoHook                    
(NORMAL      ) IterTimerHook                      
(NORMAL      ) DistSamplerSeedHook                
(NORMAL      ) NumClassCheckHook                  
 -------------------- 
before_train_iter:
(VERY_HIGH   ) RuntimeInfoHook                    
(NORMAL      ) IterTimerHook                      
 -------------------- 
after_train_iter:
(VERY_HIGH   ) RuntimeInfoHook                    
(NORMAL      ) IterTimerHook                      
(BELOW_NORMAL) LoggerHook                         
(LOW         ) ParamSchedulerHook                 
(VERY_LOW    ) CheckpointHook                     
(VERY_LOW    ) CheckInvalidLossHook               
 -------------------- 
after_train_epoch:
(NORMAL      ) IterTimerHook                      
(LOW         ) ParamSchedulerHook                 
(VERY_LOW    ) CheckpointHook                     
 -------------------- 
before_val:
(VERY_HIGH   ) RuntimeInfoHook                    
 -------------------- 
before_val_epoch:
(NORMAL      ) IterTimerHook                      
(NORMAL      ) NumClassCheckHook                  
 -------------------- 
before_val_iter:
(NORMAL      ) IterTimerHook                      
 -------------------- 
after_val_iter:
(NORMAL      ) IterTimerHook                      
(NORMAL      ) DetVisualizationHook               
(BELOW_NORMAL) LoggerHook                         
 -------------------- 
after_val_epoch:
(VERY_HIGH   ) RuntimeInfoHook                    
(NORMAL      ) IterTimerHook                      
(BELOW_NORMAL) LoggerHook                         
(LOW         ) ParamSchedulerHook                 
(VERY_LOW    ) CheckpointHook                     
 -------------------- 
after_val:
(VERY_HIGH   ) RuntimeInfoHook                    
 -------------------- 
after_train:
(VERY_HIGH   ) RuntimeInfoHook                    
(VERY_LOW    ) CheckpointHook                     
 -------------------- 
before_test:
(VERY_HIGH   ) RuntimeInfoHook                    
 -------------------- 
before_test_epoch:
(NORMAL      ) IterTimerHook                      
 -------------------- 
before_test_iter:
(NORMAL      ) IterTimerHook                      
 -------------------- 
after_test_iter:
(NORMAL      ) IterTimerHook                      
(NORMAL      ) DetVisualizationHook               
(BELOW_NORMAL) LoggerHook                         
 -------------------- 
after_test_epoch:
(VERY_HIGH   ) RuntimeInfoHook                    
(NORMAL      ) IterTimerHook                      
(BELOW_NORMAL) LoggerHook                         
 -------------------- 
after_test:
(VERY_HIGH   ) RuntimeInfoHook                    
 -------------------- 
after_run:
(BELOW_NORMAL) LoggerHook                         
 -------------------- 
2025/05/13 08:53:30 - mmengine - INFO - load model from: open-mmlab://vgg16_caffe
2025/05/13 08:53:30 - mmengine - INFO - Loads checkpoint by openmmlab backend from path: open-mmlab://vgg16_caffe
Name of parameter - Initialization information

backbone.features.0.weight - torch.Size([64, 3, 3, 3]): 
PretrainedInit: load from open-mmlab://vgg16_caffe 

backbone.features.0.bias - torch.Size([64]): 
PretrainedInit: load from open-mmlab://vgg16_caffe 

backbone.features.2.weight - torch.Size([64, 64, 3, 3]): 
PretrainedInit: load from open-mmlab://vgg16_caffe 

backbone.features.2.bias - torch.Size([64]): 
PretrainedInit: load from open-mmlab://vgg16_caffe 

backbone.features.5.weight - torch.Size([128, 64, 3, 3]): 
PretrainedInit: load from open-mmlab://vgg16_caffe 

backbone.features.5.bias - torch.Size([128]): 
PretrainedInit: load from open-mmlab://vgg16_caffe 

backbone.features.7.weight - torch.Size([128, 128, 3, 3]): 
PretrainedInit: load from open-mmlab://vgg16_caffe 

backbone.features.7.bias - torch.Size([128]): 
PretrainedInit: load from open-mmlab://vgg16_caffe 

backbone.features.10.weight - torch.Size([256, 128, 3, 3]): 
PretrainedInit: load from open-mmlab://vgg16_caffe 

backbone.features.10.bias - torch.Size([256]): 
PretrainedInit: load from open-mmlab://vgg16_caffe 

backbone.features.12.weight - torch.Size([256, 256, 3, 3]): 
PretrainedInit: load from open-mmlab://vgg16_caffe 

backbone.features.12.bias - torch.Size([256]): 
PretrainedInit: load from open-mmlab://vgg16_caffe 

backbone.features.14.weight - torch.Size([256, 256, 3, 3]): 
PretrainedInit: load from open-mmlab://vgg16_caffe 

backbone.features.14.bias - torch.Size([256]): 
PretrainedInit: load from open-mmlab://vgg16_caffe 

backbone.features.17.weight - torch.Size([512, 256, 3, 3]): 
PretrainedInit: load from open-mmlab://vgg16_caffe 

backbone.features.17.bias - torch.Size([512]): 
PretrainedInit: load from open-mmlab://vgg16_caffe 

backbone.features.19.weight - torch.Size([512, 512, 3, 3]): 
PretrainedInit: load from open-mmlab://vgg16_caffe 

backbone.features.19.bias - torch.Size([512]): 
PretrainedInit: load from open-mmlab://vgg16_caffe 

backbone.features.21.weight - torch.Size([512, 512, 3, 3]): 
PretrainedInit: load from open-mmlab://vgg16_caffe 

backbone.features.21.bias - torch.Size([512]): 
PretrainedInit: load from open-mmlab://vgg16_caffe 

backbone.features.24.weight - torch.Size([512, 512, 3, 3]): 
PretrainedInit: load from open-mmlab://vgg16_caffe 

backbone.features.24.bias - torch.Size([512]): 
PretrainedInit: load from open-mmlab://vgg16_caffe 

backbone.features.26.weight - torch.Size([512, 512, 3, 3]): 
PretrainedInit: load from open-mmlab://vgg16_caffe 

backbone.features.26.bias - torch.Size([512]): 
PretrainedInit: load from open-mmlab://vgg16_caffe 

backbone.features.28.weight - torch.Size([512, 512, 3, 3]): 
PretrainedInit: load from open-mmlab://vgg16_caffe 

backbone.features.28.bias - torch.Size([512]): 
PretrainedInit: load from open-mmlab://vgg16_caffe 

backbone.features.31.weight - torch.Size([1024, 512, 3, 3]): 
PretrainedInit: load from open-mmlab://vgg16_caffe 

backbone.features.31.bias - torch.Size([1024]): 
PretrainedInit: load from open-mmlab://vgg16_caffe 

backbone.features.33.weight - torch.Size([1024, 1024, 1, 1]): 
PretrainedInit: load from open-mmlab://vgg16_caffe 

backbone.features.33.bias - torch.Size([1024]): 
PretrainedInit: load from open-mmlab://vgg16_caffe 

neck.l2_norm.weight - torch.Size([512]): 
ConstantInit: val=20, bias=0 

neck.extra_layers.0.0.conv.weight - torch.Size([256, 1024, 1, 1]): 
XavierInit: gain=1, distribution=uniform, bias=0 

neck.extra_layers.0.0.conv.bias - torch.Size([256]): 
The value is the same before and after calling `init_weights` of SingleStageDetector  

neck.extra_layers.0.1.conv.weight - torch.Size([512, 256, 3, 3]): 
XavierInit: gain=1, distribution=uniform, bias=0 

neck.extra_layers.0.1.conv.bias - torch.Size([512]): 
The value is the same before and after calling `init_weights` of SingleStageDetector  

neck.extra_layers.1.0.conv.weight - torch.Size([128, 512, 1, 1]): 
XavierInit: gain=1, distribution=uniform, bias=0 

neck.extra_layers.1.0.conv.bias - torch.Size([128]): 
The value is the same before and after calling `init_weights` of SingleStageDetector  

neck.extra_layers.1.1.conv.weight - torch.Size([256, 128, 3, 3]): 
XavierInit: gain=1, distribution=uniform, bias=0 

neck.extra_layers.1.1.conv.bias - torch.Size([256]): 
The value is the same before and after calling `init_weights` of SingleStageDetector  

neck.extra_layers.2.0.conv.weight - torch.Size([128, 256, 1, 1]): 
XavierInit: gain=1, distribution=uniform, bias=0 

neck.extra_layers.2.0.conv.bias - torch.Size([128]): 
The value is the same before and after calling `init_weights` of SingleStageDetector  

neck.extra_layers.2.1.conv.weight - torch.Size([256, 128, 3, 3]): 
XavierInit: gain=1, distribution=uniform, bias=0 

neck.extra_layers.2.1.conv.bias - torch.Size([256]): 
The value is the same before and after calling `init_weights` of SingleStageDetector  

neck.extra_layers.3.0.conv.weight - torch.Size([128, 256, 1, 1]): 
XavierInit: gain=1, distribution=uniform, bias=0 

neck.extra_layers.3.0.conv.bias - torch.Size([128]): 
The value is the same before and after calling `init_weights` of SingleStageDetector  

neck.extra_layers.3.1.conv.weight - torch.Size([256, 128, 3, 3]): 
XavierInit: gain=1, distribution=uniform, bias=0 

neck.extra_layers.3.1.conv.bias - torch.Size([256]): 
The value is the same before and after calling `init_weights` of SingleStageDetector  

bbox_head.cls_convs.0.0.weight - torch.Size([20, 512, 3, 3]): 
XavierInit: gain=1, distribution=uniform, bias=0 

bbox_head.cls_convs.0.0.bias - torch.Size([20]): 
XavierInit: gain=1, distribution=uniform, bias=0 

bbox_head.cls_convs.1.0.weight - torch.Size([30, 1024, 3, 3]): 
XavierInit: gain=1, distribution=uniform, bias=0 

bbox_head.cls_convs.1.0.bias - torch.Size([30]): 
XavierInit: gain=1, distribution=uniform, bias=0 

bbox_head.cls_convs.2.0.weight - torch.Size([30, 512, 3, 3]): 
XavierInit: gain=1, distribution=uniform, bias=0 

bbox_head.cls_convs.2.0.bias - torch.Size([30]): 
XavierInit: gain=1, distribution=uniform, bias=0 

bbox_head.cls_convs.3.0.weight - torch.Size([30, 256, 3, 3]): 
XavierInit: gain=1, distribution=uniform, bias=0 

bbox_head.cls_convs.3.0.bias - torch.Size([30]): 
XavierInit: gain=1, distribution=uniform, bias=0 

bbox_head.cls_convs.4.0.weight - torch.Size([20, 256, 3, 3]): 
XavierInit: gain=1, distribution=uniform, bias=0 

bbox_head.cls_convs.4.0.bias - torch.Size([20]): 
XavierInit: gain=1, distribution=uniform, bias=0 

bbox_head.cls_convs.5.0.weight - torch.Size([20, 256, 3, 3]): 
XavierInit: gain=1, distribution=uniform, bias=0 

bbox_head.cls_convs.5.0.bias - torch.Size([20]): 
XavierInit: gain=1, distribution=uniform, bias=0 

bbox_head.reg_convs.0.0.weight - torch.Size([16, 512, 3, 3]): 
XavierInit: gain=1, distribution=uniform, bias=0 

bbox_head.reg_convs.0.0.bias - torch.Size([16]): 
XavierInit: gain=1, distribution=uniform, bias=0 

bbox_head.reg_convs.1.0.weight - torch.Size([24, 1024, 3, 3]): 
XavierInit: gain=1, distribution=uniform, bias=0 

bbox_head.reg_convs.1.0.bias - torch.Size([24]): 
XavierInit: gain=1, distribution=uniform, bias=0 

bbox_head.reg_convs.2.0.weight - torch.Size([24, 512, 3, 3]): 
XavierInit: gain=1, distribution=uniform, bias=0 

bbox_head.reg_convs.2.0.bias - torch.Size([24]): 
XavierInit: gain=1, distribution=uniform, bias=0 

bbox_head.reg_convs.3.0.weight - torch.Size([24, 256, 3, 3]): 
XavierInit: gain=1, distribution=uniform, bias=0 

bbox_head.reg_convs.3.0.bias - torch.Size([24]): 
XavierInit: gain=1, distribution=uniform, bias=0 

bbox_head.reg_convs.4.0.weight - torch.Size([16, 256, 3, 3]): 
XavierInit: gain=1, distribution=uniform, bias=0 

bbox_head.reg_convs.4.0.bias - torch.Size([16]): 
XavierInit: gain=1, distribution=uniform, bias=0 

bbox_head.reg_convs.5.0.weight - torch.Size([16, 256, 3, 3]): 
XavierInit: gain=1, distribution=uniform, bias=0 

bbox_head.reg_convs.5.0.bias - torch.Size([16]): 
XavierInit: gain=1, distribution=uniform, bias=0 
2025/05/13 08:53:30 - mmengine - WARNING - "FileClient" will be deprecated in future. Please use io functions in https://mmengine.readthedocs.io/en/latest/api/fileio.html#file-io
2025/05/13 08:53:30 - mmengine - WARNING - "HardDiskBackend" is the alias of "LocalBackend" and the former will be deprecated in future.
2025/05/13 08:53:30 - mmengine - INFO - Checkpoints will be saved to D:\Repositories\test\25-05-09\ssd300.
2025/05/13 08:53:52 - mmengine - INFO - Epoch(train)  [1][50/71]  lr: 1.9820e-04  eta: 0:15:14  time: 0.4399  data_time: 0.1731  memory: 1437  loss: 9.6382  loss_cls: 6.8750  loss_bbox: 2.7632
2025/05/13 08:53:57 - mmengine - INFO - Exp name: ssd300_fs_bal_pmd_20250513_085324
2025/05/13 08:54:06 - mmengine - INFO - Evaluating bbox...
2025/05/13 08:54:09 - mmengine - INFO - bbox_mAP_copypaste: 0.032 0.100 0.012 -1.000 0.000 0.036
2025/05/13 08:54:09 - mmengine - INFO - Epoch(val) [1][7/7]    coco/bbox_mAP: 0.0320  coco/bbox_mAP_50: 0.1000  coco/bbox_mAP_75: 0.0120  coco/bbox_mAP_s: -1.0000  coco/bbox_mAP_m: 0.0000  coco/bbox_mAP_l: 0.0360  data_time: 1.1670  time: 1.2852
2025/05/13 08:54:10 - mmengine - INFO - The best checkpoint with 0.0320 coco/bbox_mAP at 1 epoch is saved to best_coco_bbox_mAP_epoch_1.pth.
2025/05/13 08:54:23 - mmengine - INFO - Epoch(train)  [2][50/71]  lr: 4.8248e-04  eta: 0:11:09  time: 0.2626  data_time: 0.0086  memory: 1437  loss: 5.4043  loss_cls: 3.4812  loss_bbox: 1.9231
2025/05/13 08:54:28 - mmengine - INFO - Exp name: ssd300_fs_bal_pmd_20250513_085324
2025/05/13 08:54:29 - mmengine - INFO - Evaluating bbox...
2025/05/13 08:54:32 - mmengine - INFO - bbox_mAP_copypaste: 0.077 0.180 0.046 -1.000 0.010 0.086
2025/05/13 08:54:32 - mmengine - INFO - Epoch(val) [2][7/7]    coco/bbox_mAP: 0.0770  coco/bbox_mAP_50: 0.1800  coco/bbox_mAP_75: 0.0460  coco/bbox_mAP_s: -1.0000  coco/bbox_mAP_m: 0.0100  coco/bbox_mAP_l: 0.0860  data_time: 0.0613  time: 0.1354
2025/05/13 08:54:32 - mmengine - INFO - The previous best checkpoint D:\Repositories\test\25-05-09\ssd300\best_coco_bbox_mAP_epoch_1.pth is removed
2025/05/13 08:54:32 - mmengine - INFO - The best checkpoint with 0.0770 coco/bbox_mAP at 2 epoch is saved to best_coco_bbox_mAP_epoch_2.pth.
2025/05/13 08:54:45 - mmengine - INFO - Epoch(train)  [3][50/71]  lr: 7.6677e-04  eta: 0:09:50  time: 0.2617  data_time: 0.0083  memory: 1437  loss: 4.6052  loss_cls: 3.0546  loss_bbox: 1.5507
2025/05/13 08:54:50 - mmengine - INFO - Exp name: ssd300_fs_bal_pmd_20250513_085324
2025/05/13 08:54:51 - mmengine - INFO - Evaluating bbox...
2025/05/13 08:54:54 - mmengine - INFO - bbox_mAP_copypaste: 0.179 0.397 0.129 -1.000 0.042 0.207
2025/05/13 08:54:54 - mmengine - INFO - Epoch(val) [3][7/7]    coco/bbox_mAP: 0.1790  coco/bbox_mAP_50: 0.3970  coco/bbox_mAP_75: 0.1290  coco/bbox_mAP_s: -1.0000  coco/bbox_mAP_m: 0.0420  coco/bbox_mAP_l: 0.2070  data_time: 0.0625  time: 0.1250
2025/05/13 08:54:54 - mmengine - INFO - The previous best checkpoint D:\Repositories\test\25-05-09\ssd300\best_coco_bbox_mAP_epoch_2.pth is removed
2025/05/13 08:54:54 - mmengine - INFO - The best checkpoint with 0.1790 coco/bbox_mAP at 3 epoch is saved to best_coco_bbox_mAP_epoch_3.pth.
2025/05/13 08:55:07 - mmengine - INFO - Epoch(train)  [4][50/71]  lr: 1.0511e-03  eta: 0:09:04  time: 0.2608  data_time: 0.0085  memory: 1437  loss: 4.3605  loss_cls: 2.9464  loss_bbox: 1.4141
2025/05/13 08:55:12 - mmengine - INFO - Exp name: ssd300_fs_bal_pmd_20250513_085324
2025/05/13 08:55:14 - mmengine - INFO - Evaluating bbox...
2025/05/13 08:55:16 - mmengine - INFO - bbox_mAP_copypaste: 0.153 0.314 0.125 -1.000 0.075 0.172
2025/05/13 08:55:16 - mmengine - INFO - Epoch(val) [4][7/7]    coco/bbox_mAP: 0.1530  coco/bbox_mAP_50: 0.3140  coco/bbox_mAP_75: 0.1250  coco/bbox_mAP_s: -1.0000  coco/bbox_mAP_m: 0.0750  coco/bbox_mAP_l: 0.1720  data_time: 0.0653  time: 0.1284
2025/05/13 08:55:29 - mmengine - INFO - Epoch(train)  [5][50/71]  lr: 1.3353e-03  eta: 0:08:30  time: 0.2624  data_time: 0.0083  memory: 1437  loss: 4.1187  loss_cls: 2.8060  loss_bbox: 1.3126
2025/05/13 08:55:34 - mmengine - INFO - Exp name: ssd300_fs_bal_pmd_20250513_085324
2025/05/13 08:55:35 - mmengine - INFO - Evaluating bbox...
2025/05/13 08:55:38 - mmengine - INFO - bbox_mAP_copypaste: 0.197 0.424 0.138 -1.000 0.111 0.223
2025/05/13 08:55:38 - mmengine - INFO - Epoch(val) [5][7/7]    coco/bbox_mAP: 0.1970  coco/bbox_mAP_50: 0.4240  coco/bbox_mAP_75: 0.1380  coco/bbox_mAP_s: -1.0000  coco/bbox_mAP_m: 0.1110  coco/bbox_mAP_l: 0.2230  data_time: 0.0646  time: 0.1280
2025/05/13 08:55:38 - mmengine - INFO - The previous best checkpoint D:\Repositories\test\25-05-09\ssd300\best_coco_bbox_mAP_epoch_3.pth is removed
2025/05/13 08:55:39 - mmengine - INFO - The best checkpoint with 0.1970 coco/bbox_mAP at 5 epoch is saved to best_coco_bbox_mAP_epoch_5.pth.
2025/05/13 08:55:52 - mmengine - INFO - Epoch(train)  [6][50/71]  lr: 1.6196e-03  eta: 0:08:02  time: 0.2672  data_time: 0.0084  memory: 1437  loss: 4.0232  loss_cls: 2.7540  loss_bbox: 1.2692
2025/05/13 08:55:57 - mmengine - INFO - Exp name: ssd300_fs_bal_pmd_20250513_085324
2025/05/13 08:55:58 - mmengine - INFO - Evaluating bbox...
2025/05/13 08:56:01 - mmengine - INFO - bbox_mAP_copypaste: 0.214 0.460 0.153 -1.000 0.110 0.242
2025/05/13 08:56:01 - mmengine - INFO - Epoch(val) [6][7/7]    coco/bbox_mAP: 0.2140  coco/bbox_mAP_50: 0.4600  coco/bbox_mAP_75: 0.1530  coco/bbox_mAP_s: -1.0000  coco/bbox_mAP_m: 0.1100  coco/bbox_mAP_l: 0.2420  data_time: 0.0628  time: 0.1295
2025/05/13 08:56:01 - mmengine - INFO - The previous best checkpoint D:\Repositories\test\25-05-09\ssd300\best_coco_bbox_mAP_epoch_5.pth is removed
2025/05/13 08:56:02 - mmengine - INFO - The best checkpoint with 0.2140 coco/bbox_mAP at 6 epoch is saved to best_coco_bbox_mAP_epoch_6.pth.
2025/05/13 08:56:15 - mmengine - INFO - Epoch(train)  [7][50/71]  lr: 1.9039e-03  eta: 0:07:37  time: 0.2607  data_time: 0.0083  memory: 1437  loss: 3.8085  loss_cls: 2.6063  loss_bbox: 1.2022
2025/05/13 08:56:20 - mmengine - INFO - Exp name: ssd300_fs_bal_pmd_20250513_085324
2025/05/13 08:56:21 - mmengine - INFO - Evaluating bbox...
2025/05/13 08:56:24 - mmengine - INFO - bbox_mAP_copypaste: 0.214 0.502 0.129 -1.000 0.116 0.243
2025/05/13 08:56:24 - mmengine - INFO - Epoch(val) [7][7/7]    coco/bbox_mAP: 0.2140  coco/bbox_mAP_50: 0.5020  coco/bbox_mAP_75: 0.1290  coco/bbox_mAP_s: -1.0000  coco/bbox_mAP_m: 0.1160  coco/bbox_mAP_l: 0.2430  data_time: 0.0644  time: 0.1267
2025/05/13 08:56:37 - mmengine - INFO - Epoch(train)  [8][50/71]  lr: 2.0000e-03  eta: 0:07:13  time: 0.2649  data_time: 0.0082  memory: 1437  loss: 3.8539  loss_cls: 2.6590  loss_bbox: 1.1949
2025/05/13 08:56:42 - mmengine - INFO - Exp name: ssd300_fs_bal_pmd_20250513_085324
2025/05/13 08:56:43 - mmengine - INFO - Evaluating bbox...
2025/05/13 08:56:46 - mmengine - INFO - bbox_mAP_copypaste: 0.247 0.517 0.200 -1.000 0.137 0.272
2025/05/13 08:56:46 - mmengine - INFO - Epoch(val) [8][7/7]    coco/bbox_mAP: 0.2470  coco/bbox_mAP_50: 0.5170  coco/bbox_mAP_75: 0.2000  coco/bbox_mAP_s: -1.0000  coco/bbox_mAP_m: 0.1370  coco/bbox_mAP_l: 0.2720  data_time: 0.0598  time: 0.1263
2025/05/13 08:56:46 - mmengine - INFO - The previous best checkpoint D:\Repositories\test\25-05-09\ssd300\best_coco_bbox_mAP_epoch_6.pth is removed
2025/05/13 08:56:46 - mmengine - INFO - The best checkpoint with 0.2470 coco/bbox_mAP at 8 epoch is saved to best_coco_bbox_mAP_epoch_8.pth.
2025/05/13 08:56:59 - mmengine - INFO - Epoch(train)  [9][50/71]  lr: 2.0000e-03  eta: 0:06:51  time: 0.2642  data_time: 0.0082  memory: 1437  loss: 3.5668  loss_cls: 2.4820  loss_bbox: 1.0848
2025/05/13 08:57:05 - mmengine - INFO - Exp name: ssd300_fs_bal_pmd_20250513_085324
2025/05/13 08:57:06 - mmengine - INFO - Evaluating bbox...
2025/05/13 08:57:08 - mmengine - INFO - bbox_mAP_copypaste: 0.265 0.551 0.196 -1.000 0.148 0.292
2025/05/13 08:57:08 - mmengine - INFO - Epoch(val) [9][7/7]    coco/bbox_mAP: 0.2650  coco/bbox_mAP_50: 0.5510  coco/bbox_mAP_75: 0.1960  coco/bbox_mAP_s: -1.0000  coco/bbox_mAP_m: 0.1480  coco/bbox_mAP_l: 0.2920  data_time: 0.0667  time: 0.1331
2025/05/13 08:57:08 - mmengine - INFO - The previous best checkpoint D:\Repositories\test\25-05-09\ssd300\best_coco_bbox_mAP_epoch_8.pth is removed
2025/05/13 08:57:09 - mmengine - INFO - The best checkpoint with 0.2650 coco/bbox_mAP at 9 epoch is saved to best_coco_bbox_mAP_epoch_9.pth.
2025/05/13 08:57:22 - mmengine - INFO - Epoch(train) [10][50/71]  lr: 2.0000e-03  eta: 0:06:30  time: 0.2612  data_time: 0.0080  memory: 1437  loss: 3.4004  loss_cls: 2.3849  loss_bbox: 1.0155
2025/05/13 08:57:27 - mmengine - INFO - Exp name: ssd300_fs_bal_pmd_20250513_085324
2025/05/13 08:57:28 - mmengine - INFO - Evaluating bbox...
2025/05/13 08:57:31 - mmengine - INFO - bbox_mAP_copypaste: 0.283 0.580 0.238 -1.000 0.154 0.311
2025/05/13 08:57:31 - mmengine - INFO - Epoch(val) [10][7/7]    coco/bbox_mAP: 0.2830  coco/bbox_mAP_50: 0.5800  coco/bbox_mAP_75: 0.2380  coco/bbox_mAP_s: -1.0000  coco/bbox_mAP_m: 0.1540  coco/bbox_mAP_l: 0.3110  data_time: 0.0647  time: 0.1257
2025/05/13 08:57:31 - mmengine - INFO - The previous best checkpoint D:\Repositories\test\25-05-09\ssd300\best_coco_bbox_mAP_epoch_9.pth is removed
2025/05/13 08:57:32 - mmengine - INFO - The best checkpoint with 0.2830 coco/bbox_mAP at 10 epoch is saved to best_coco_bbox_mAP_epoch_10.pth.
2025/05/13 08:57:45 - mmengine - INFO - Epoch(train) [11][50/71]  lr: 2.0000e-03  eta: 0:06:09  time: 0.2629  data_time: 0.0085  memory: 1437  loss: 3.3071  loss_cls: 2.3419  loss_bbox: 0.9653
2025/05/13 08:57:50 - mmengine - INFO - Exp name: ssd300_fs_bal_pmd_20250513_085324
2025/05/13 08:57:51 - mmengine - INFO - Evaluating bbox...
2025/05/13 08:57:54 - mmengine - INFO - bbox_mAP_copypaste: 0.245 0.601 0.119 -1.000 0.144 0.268
2025/05/13 08:57:54 - mmengine - INFO - Epoch(val) [11][7/7]    coco/bbox_mAP: 0.2450  coco/bbox_mAP_50: 0.6010  coco/bbox_mAP_75: 0.1190  coco/bbox_mAP_s: -1.0000  coco/bbox_mAP_m: 0.1440  coco/bbox_mAP_l: 0.2680  data_time: 0.0663  time: 0.1295
2025/05/13 08:58:07 - mmengine - INFO - Epoch(train) [12][50/71]  lr: 2.0000e-03  eta: 0:05:49  time: 0.2631  data_time: 0.0080  memory: 1437  loss: 3.1622  loss_cls: 2.2263  loss_bbox: 0.9359
2025/05/13 08:58:12 - mmengine - INFO - Exp name: ssd300_fs_bal_pmd_20250513_085324
2025/05/13 08:58:13 - mmengine - INFO - Evaluating bbox...
2025/05/13 08:58:16 - mmengine - INFO - bbox_mAP_copypaste: 0.332 0.623 0.323 -1.000 0.187 0.361
2025/05/13 08:58:16 - mmengine - INFO - Epoch(val) [12][7/7]    coco/bbox_mAP: 0.3320  coco/bbox_mAP_50: 0.6230  coco/bbox_mAP_75: 0.3230  coco/bbox_mAP_s: -1.0000  coco/bbox_mAP_m: 0.1870  coco/bbox_mAP_l: 0.3610  data_time: 0.0660  time: 0.1262
2025/05/13 08:58:16 - mmengine - INFO - The previous best checkpoint D:\Repositories\test\25-05-09\ssd300\best_coco_bbox_mAP_epoch_10.pth is removed
2025/05/13 08:58:16 - mmengine - INFO - The best checkpoint with 0.3320 coco/bbox_mAP at 12 epoch is saved to best_coco_bbox_mAP_epoch_12.pth.
2025/05/13 08:58:29 - mmengine - INFO - Epoch(train) [13][50/71]  lr: 2.0000e-03  eta: 0:05:28  time: 0.2611  data_time: 0.0084  memory: 1437  loss: 3.0167  loss_cls: 2.1527  loss_bbox: 0.8640
2025/05/13 08:58:35 - mmengine - INFO - Exp name: ssd300_fs_bal_pmd_20250513_085324
2025/05/13 08:58:36 - mmengine - INFO - Evaluating bbox...
2025/05/13 08:58:38 - mmengine - INFO - bbox_mAP_copypaste: 0.280 0.594 0.216 -1.000 0.147 0.310
2025/05/13 08:58:38 - mmengine - INFO - Epoch(val) [13][7/7]    coco/bbox_mAP: 0.2800  coco/bbox_mAP_50: 0.5940  coco/bbox_mAP_75: 0.2160  coco/bbox_mAP_s: -1.0000  coco/bbox_mAP_m: 0.1470  coco/bbox_mAP_l: 0.3100  data_time: 0.0663  time: 0.1297
2025/05/13 08:58:51 - mmengine - INFO - Epoch(train) [14][50/71]  lr: 2.0000e-03  eta: 0:05:09  time: 0.2633  data_time: 0.0082  memory: 1437  loss: 3.0313  loss_cls: 2.1606  loss_bbox: 0.8707
2025/05/13 08:58:57 - mmengine - INFO - Exp name: ssd300_fs_bal_pmd_20250513_085324
2025/05/13 08:58:58 - mmengine - INFO - Evaluating bbox...
2025/05/13 08:59:00 - mmengine - INFO - bbox_mAP_copypaste: 0.333 0.663 0.276 -1.000 0.192 0.361
2025/05/13 08:59:00 - mmengine - INFO - Epoch(val) [14][7/7]    coco/bbox_mAP: 0.3330  coco/bbox_mAP_50: 0.6630  coco/bbox_mAP_75: 0.2760  coco/bbox_mAP_s: -1.0000  coco/bbox_mAP_m: 0.1920  coco/bbox_mAP_l: 0.3610  data_time: 0.0648  time: 0.1259
2025/05/13 08:59:00 - mmengine - INFO - The previous best checkpoint D:\Repositories\test\25-05-09\ssd300\best_coco_bbox_mAP_epoch_12.pth is removed
2025/05/13 08:59:01 - mmengine - INFO - The best checkpoint with 0.3330 coco/bbox_mAP at 14 epoch is saved to best_coco_bbox_mAP_epoch_14.pth.
2025/05/13 08:59:03 - mmengine - INFO - Exp name: ssd300_fs_bal_pmd_20250513_085324
2025/05/13 08:59:14 - mmengine - INFO - Epoch(train) [15][50/71]  lr: 2.0000e-03  eta: 0:04:50  time: 0.2706  data_time: 0.0081  memory: 1437  loss: 2.8918  loss_cls: 2.0870  loss_bbox: 0.8049
2025/05/13 08:59:19 - mmengine - INFO - Exp name: ssd300_fs_bal_pmd_20250513_085324
2025/05/13 08:59:20 - mmengine - INFO - Evaluating bbox...
2025/05/13 08:59:23 - mmengine - INFO - bbox_mAP_copypaste: 0.308 0.586 0.290 -1.000 0.192 0.335
2025/05/13 08:59:23 - mmengine - INFO - Epoch(val) [15][7/7]    coco/bbox_mAP: 0.3080  coco/bbox_mAP_50: 0.5860  coco/bbox_mAP_75: 0.2900  coco/bbox_mAP_s: -1.0000  coco/bbox_mAP_m: 0.1920  coco/bbox_mAP_l: 0.3350  data_time: 0.0662  time: 0.1267
2025/05/13 08:59:36 - mmengine - INFO - Epoch(train) [16][50/71]  lr: 2.0000e-03  eta: 0:04:30  time: 0.2624  data_time: 0.0082  memory: 1437  loss: 2.9213  loss_cls: 2.1023  loss_bbox: 0.8190
2025/05/13 08:59:41 - mmengine - INFO - Exp name: ssd300_fs_bal_pmd_20250513_085324
2025/05/13 08:59:42 - mmengine - INFO - Evaluating bbox...
2025/05/13 08:59:45 - mmengine - INFO - bbox_mAP_copypaste: 0.316 0.613 0.294 -1.000 0.184 0.345
2025/05/13 08:59:45 - mmengine - INFO - Epoch(val) [16][7/7]    coco/bbox_mAP: 0.3160  coco/bbox_mAP_50: 0.6130  coco/bbox_mAP_75: 0.2940  coco/bbox_mAP_s: -1.0000  coco/bbox_mAP_m: 0.1840  coco/bbox_mAP_l: 0.3450  data_time: 0.0660  time: 0.1272
2025/05/13 08:59:58 - mmengine - INFO - Epoch(train) [17][50/71]  lr: 2.0000e-04  eta: 0:04:11  time: 0.2634  data_time: 0.0083  memory: 1437  loss: 2.6441  loss_cls: 1.9348  loss_bbox: 0.7094
2025/05/13 09:00:03 - mmengine - INFO - Exp name: ssd300_fs_bal_pmd_20250513_085324
2025/05/13 09:00:04 - mmengine - INFO - Evaluating bbox...
2025/05/13 09:00:07 - mmengine - INFO - bbox_mAP_copypaste: 0.381 0.683 0.395 -1.000 0.207 0.412
2025/05/13 09:00:07 - mmengine - INFO - Epoch(val) [17][7/7]    coco/bbox_mAP: 0.3810  coco/bbox_mAP_50: 0.6830  coco/bbox_mAP_75: 0.3950  coco/bbox_mAP_s: -1.0000  coco/bbox_mAP_m: 0.2070  coco/bbox_mAP_l: 0.4120  data_time: 0.0590  time: 0.1222
2025/05/13 09:00:07 - mmengine - INFO - The previous best checkpoint D:\Repositories\test\25-05-09\ssd300\best_coco_bbox_mAP_epoch_14.pth is removed
2025/05/13 09:00:07 - mmengine - INFO - The best checkpoint with 0.3810 coco/bbox_mAP at 17 epoch is saved to best_coco_bbox_mAP_epoch_17.pth.
2025/05/13 09:00:20 - mmengine - INFO - Epoch(train) [18][50/71]  lr: 2.0000e-04  eta: 0:03:51  time: 0.2626  data_time: 0.0083  memory: 1437  loss: 2.5783  loss_cls: 1.8905  loss_bbox: 0.6878
2025/05/13 09:00:25 - mmengine - INFO - Exp name: ssd300_fs_bal_pmd_20250513_085324
2025/05/13 09:00:27 - mmengine - INFO - Evaluating bbox...
2025/05/13 09:00:29 - mmengine - INFO - bbox_mAP_copypaste: 0.391 0.699 0.406 -1.000 0.210 0.423
2025/05/13 09:00:29 - mmengine - INFO - Epoch(val) [18][7/7]    coco/bbox_mAP: 0.3910  coco/bbox_mAP_50: 0.6990  coco/bbox_mAP_75: 0.4060  coco/bbox_mAP_s: -1.0000  coco/bbox_mAP_m: 0.2100  coco/bbox_mAP_l: 0.4230  data_time: 0.0694  time: 0.1300
2025/05/13 09:00:29 - mmengine - INFO - The previous best checkpoint D:\Repositories\test\25-05-09\ssd300\best_coco_bbox_mAP_epoch_17.pth is removed
2025/05/13 09:00:30 - mmengine - INFO - The best checkpoint with 0.3910 coco/bbox_mAP at 18 epoch is saved to best_coco_bbox_mAP_epoch_18.pth.
2025/05/13 09:00:43 - mmengine - INFO - Epoch(train) [19][50/71]  lr: 2.0000e-04  eta: 0:03:32  time: 0.2642  data_time: 0.0085  memory: 1437  loss: 2.5894  loss_cls: 1.8974  loss_bbox: 0.6920
2025/05/13 09:00:48 - mmengine - INFO - Exp name: ssd300_fs_bal_pmd_20250513_085324
2025/05/13 09:00:49 - mmengine - INFO - Evaluating bbox...
2025/05/13 09:00:51 - mmengine - INFO - bbox_mAP_copypaste: 0.376 0.672 0.388 -1.000 0.205 0.406
2025/05/13 09:00:51 - mmengine - INFO - Epoch(val) [19][7/7]    coco/bbox_mAP: 0.3760  coco/bbox_mAP_50: 0.6720  coco/bbox_mAP_75: 0.3880  coco/bbox_mAP_s: -1.0000  coco/bbox_mAP_m: 0.2050  coco/bbox_mAP_l: 0.4060  data_time: 0.0624  time: 0.1232
2025/05/13 09:01:05 - mmengine - INFO - Epoch(train) [20][50/71]  lr: 2.0000e-04  eta: 0:03:13  time: 0.2619  data_time: 0.0081  memory: 1437  loss: 2.5815  loss_cls: 1.8985  loss_bbox: 0.6830
2025/05/13 09:01:10 - mmengine - INFO - Exp name: ssd300_fs_bal_pmd_20250513_085324
2025/05/13 09:01:11 - mmengine - INFO - Evaluating bbox...
2025/05/13 09:01:13 - mmengine - INFO - bbox_mAP_copypaste: 0.381 0.686 0.390 -1.000 0.210 0.412
2025/05/13 09:01:13 - mmengine - INFO - Epoch(val) [20][7/7]    coco/bbox_mAP: 0.3810  coco/bbox_mAP_50: 0.6860  coco/bbox_mAP_75: 0.3900  coco/bbox_mAP_s: -1.0000  coco/bbox_mAP_m: 0.2100  coco/bbox_mAP_l: 0.4120  data_time: 0.0642  time: 0.1283
2025/05/13 09:01:27 - mmengine - INFO - Epoch(train) [21][50/71]  lr: 2.0000e-04  eta: 0:02:54  time: 0.2639  data_time: 0.0080  memory: 1437  loss: 2.5642  loss_cls: 1.8859  loss_bbox: 0.6783
2025/05/13 09:01:32 - mmengine - INFO - Exp name: ssd300_fs_bal_pmd_20250513_085324
2025/05/13 09:01:33 - mmengine - INFO - Evaluating bbox...
2025/05/13 09:01:35 - mmengine - INFO - bbox_mAP_copypaste: 0.380 0.685 0.393 -1.000 0.212 0.411
2025/05/13 09:01:35 - mmengine - INFO - Epoch(val) [21][7/7]    coco/bbox_mAP: 0.3800  coco/bbox_mAP_50: 0.6850  coco/bbox_mAP_75: 0.3930  coco/bbox_mAP_s: -1.0000  coco/bbox_mAP_m: 0.2120  coco/bbox_mAP_l: 0.4110  data_time: 0.0680  time: 0.1304
2025/05/13 09:01:48 - mmengine - INFO - Epoch(train) [22][50/71]  lr: 2.0000e-04  eta: 0:02:35  time: 0.2615  data_time: 0.0081  memory: 1437  loss: 2.5444  loss_cls: 1.8672  loss_bbox: 0.6772
2025/05/13 09:01:53 - mmengine - INFO - Exp name: ssd300_fs_bal_pmd_20250513_085324
2025/05/13 09:01:55 - mmengine - INFO - Evaluating bbox...
2025/05/13 09:01:57 - mmengine - INFO - bbox_mAP_copypaste: 0.382 0.686 0.390 -1.000 0.208 0.413
2025/05/13 09:01:57 - mmengine - INFO - Epoch(val) [22][7/7]    coco/bbox_mAP: 0.3820  coco/bbox_mAP_50: 0.6860  coco/bbox_mAP_75: 0.3900  coco/bbox_mAP_s: -1.0000  coco/bbox_mAP_m: 0.2080  coco/bbox_mAP_l: 0.4130  data_time: 0.0679  time: 0.1293
2025/05/13 09:02:10 - mmengine - INFO - Epoch(train) [23][50/71]  lr: 2.0000e-05  eta: 0:02:16  time: 0.2614  data_time: 0.0082  memory: 1437  loss: 2.5198  loss_cls: 1.8494  loss_bbox: 0.6704
2025/05/13 09:02:15 - mmengine - INFO - Exp name: ssd300_fs_bal_pmd_20250513_085324
2025/05/13 09:02:16 - mmengine - INFO - Evaluating bbox...
2025/05/13 09:02:19 - mmengine - INFO - bbox_mAP_copypaste: 0.382 0.684 0.394 -1.000 0.210 0.412
2025/05/13 09:02:19 - mmengine - INFO - Epoch(val) [23][7/7]    coco/bbox_mAP: 0.3820  coco/bbox_mAP_50: 0.6840  coco/bbox_mAP_75: 0.3940  coco/bbox_mAP_s: -1.0000  coco/bbox_mAP_m: 0.2100  coco/bbox_mAP_l: 0.4120  data_time: 0.0653  time: 0.1296
2025/05/13 09:02:32 - mmengine - INFO - Epoch(train) [24][50/71]  lr: 2.0000e-05  eta: 0:01:57  time: 0.2662  data_time: 0.0083  memory: 1437  loss: 2.5368  loss_cls: 1.8651  loss_bbox: 0.6717
2025/05/13 09:02:37 - mmengine - INFO - Exp name: ssd300_fs_bal_pmd_20250513_085324
2025/05/13 09:02:38 - mmengine - INFO - Evaluating bbox...
2025/05/13 09:02:41 - mmengine - INFO - bbox_mAP_copypaste: 0.386 0.692 0.398 -1.000 0.215 0.416
2025/05/13 09:02:41 - mmengine - INFO - Epoch(val) [24][7/7]    coco/bbox_mAP: 0.3860  coco/bbox_mAP_50: 0.6920  coco/bbox_mAP_75: 0.3980  coco/bbox_mAP_s: -1.0000  coco/bbox_mAP_m: 0.2150  coco/bbox_mAP_l: 0.4160  data_time: 0.0655  time: 0.1251
2025/05/13 09:02:54 - mmengine - INFO - Epoch(train) [25][50/71]  lr: 2.0000e-05  eta: 0:01:39  time: 0.2623  data_time: 0.0083  memory: 1437  loss: 2.5339  loss_cls: 1.8583  loss_bbox: 0.6756
2025/05/13 09:02:59 - mmengine - INFO - Exp name: ssd300_fs_bal_pmd_20250513_085324
2025/05/13 09:03:00 - mmengine - INFO - Evaluating bbox...
2025/05/13 09:03:03 - mmengine - INFO - bbox_mAP_copypaste: 0.383 0.688 0.395 -1.000 0.210 0.414
2025/05/13 09:03:03 - mmengine - INFO - Epoch(val) [25][7/7]    coco/bbox_mAP: 0.3830  coco/bbox_mAP_50: 0.6880  coco/bbox_mAP_75: 0.3950  coco/bbox_mAP_s: -1.0000  coco/bbox_mAP_m: 0.2100  coco/bbox_mAP_l: 0.4140  data_time: 0.0695  time: 0.1305
2025/05/13 09:03:16 - mmengine - INFO - Epoch(train) [26][50/71]  lr: 2.0000e-05  eta: 0:01:20  time: 0.2626  data_time: 0.0082  memory: 1437  loss: 2.5305  loss_cls: 1.8592  loss_bbox: 0.6713
2025/05/13 09:03:21 - mmengine - INFO - Exp name: ssd300_fs_bal_pmd_20250513_085324
2025/05/13 09:03:22 - mmengine - INFO - Evaluating bbox...
2025/05/13 09:03:25 - mmengine - INFO - bbox_mAP_copypaste: 0.385 0.692 0.398 -1.000 0.214 0.416
2025/05/13 09:03:25 - mmengine - INFO - Epoch(val) [26][7/7]    coco/bbox_mAP: 0.3850  coco/bbox_mAP_50: 0.6920  coco/bbox_mAP_75: 0.3980  coco/bbox_mAP_s: -1.0000  coco/bbox_mAP_m: 0.2140  coco/bbox_mAP_l: 0.4160  data_time: 0.0672  time: 0.1269
2025/05/13 09:03:38 - mmengine - INFO - Epoch(train) [27][50/71]  lr: 2.0000e-05  eta: 0:01:01  time: 0.2634  data_time: 0.0086  memory: 1437  loss: 2.5031  loss_cls: 1.8381  loss_bbox: 0.6650
2025/05/13 09:03:43 - mmengine - INFO - Exp name: ssd300_fs_bal_pmd_20250513_085324
2025/05/13 09:03:44 - mmengine - INFO - Evaluating bbox...
2025/05/13 09:03:46 - mmengine - INFO - bbox_mAP_copypaste: 0.386 0.693 0.398 -1.000 0.214 0.417
2025/05/13 09:03:46 - mmengine - INFO - Epoch(val) [27][7/7]    coco/bbox_mAP: 0.3860  coco/bbox_mAP_50: 0.6930  coco/bbox_mAP_75: 0.3980  coco/bbox_mAP_s: -1.0000  coco/bbox_mAP_m: 0.2140  coco/bbox_mAP_l: 0.4170  data_time: 0.0674  time: 0.1266
2025/05/13 09:04:00 - mmengine - INFO - Epoch(train) [28][50/71]  lr: 2.0000e-05  eta: 0:00:42  time: 0.2631  data_time: 0.0082  memory: 1437  loss: 2.5098  loss_cls: 1.8441  loss_bbox: 0.6658
2025/05/13 09:04:05 - mmengine - INFO - Exp name: ssd300_fs_bal_pmd_20250513_085324
2025/05/13 09:04:06 - mmengine - INFO - Evaluating bbox...
2025/05/13 09:04:08 - mmengine - INFO - bbox_mAP_copypaste: 0.383 0.689 0.397 -1.000 0.213 0.414
2025/05/13 09:04:08 - mmengine - INFO - Epoch(val) [28][7/7]    coco/bbox_mAP: 0.3830  coco/bbox_mAP_50: 0.6890  coco/bbox_mAP_75: 0.3970  coco/bbox_mAP_s: -1.0000  coco/bbox_mAP_m: 0.2130  coco/bbox_mAP_l: 0.4140  data_time: 0.0648  time: 0.1253
2025/05/13 09:04:12 - mmengine - INFO - Exp name: ssd300_fs_bal_pmd_20250513_085324
2025/05/13 09:04:21 - mmengine - INFO - Epoch(train) [29][50/71]  lr: 2.0000e-05  eta: 0:00:24  time: 0.2628  data_time: 0.0082  memory: 1437  loss: 2.5255  loss_cls: 1.8581  loss_bbox: 0.6674
2025/05/13 09:04:26 - mmengine - INFO - Exp name: ssd300_fs_bal_pmd_20250513_085324
2025/05/13 09:04:28 - mmengine - INFO - Evaluating bbox...
2025/05/13 09:04:30 - mmengine - INFO - bbox_mAP_copypaste: 0.384 0.689 0.397 -1.000 0.213 0.414
2025/05/13 09:04:30 - mmengine - INFO - Epoch(val) [29][7/7]    coco/bbox_mAP: 0.3840  coco/bbox_mAP_50: 0.6890  coco/bbox_mAP_75: 0.3970  coco/bbox_mAP_s: -1.0000  coco/bbox_mAP_m: 0.2130  coco/bbox_mAP_l: 0.4140  data_time: 0.0625  time: 0.1277
2025/05/13 09:04:43 - mmengine - INFO - Epoch(train) [30][50/71]  lr: 2.0000e-05  eta: 0:00:05  time: 0.2633  data_time: 0.0085  memory: 1437  loss: 2.5104  loss_cls: 1.8482  loss_bbox: 0.6622
2025/05/13 09:04:48 - mmengine - INFO - Exp name: ssd300_fs_bal_pmd_20250513_085324
2025/05/13 09:04:48 - mmengine - INFO - Saving checkpoint at 30 epochs
2025/05/13 09:04:50 - mmengine - INFO - Evaluating bbox...
2025/05/13 09:04:53 - mmengine - INFO - bbox_mAP_copypaste: 0.381 0.684 0.393 -1.000 0.213 0.411
2025/05/13 09:04:53 - mmengine - INFO - Epoch(val) [30][7/7]    coco/bbox_mAP: 0.3810  coco/bbox_mAP_50: 0.6840  coco/bbox_mAP_75: 0.3930  coco/bbox_mAP_s: -1.0000  coco/bbox_mAP_m: 0.2130  coco/bbox_mAP_l: 0.4110  data_time: 0.0591  time: 0.1240
