2025/05/13 02:34:06 - mmengine - INFO - 
------------------------------------------------------------
System environment:
    sys.platform: win32
    Python: 3.9.13 (tags/v3.9.13:6de2ca5, May 17 2022, 16:36:42) [MSC v.1929 64 bit (AMD64)]
    CUDA available: True
    MUSA available: False
    numpy_random_seed: 128661348
    GPU 0: NVIDIA GeForce RTX 3070 Ti
    CUDA_HOME: C:\Program Files\NVIDIA GPU Computing Toolkit\CUDA\v12.6
    NVCC: Cuda compilation tools, release 12.6, V12.6.85
    MSVC: Microsoft (R) C/C++ Optimizing Compiler Version 19.42.34433 for x64
    GCC: n/a
    PyTorch: 2.1.0+cu118
    PyTorch compiling details: PyTorch built with:
  - C++ Version: 199711
  - MSVC 192930151
  - Intel(R) Math Kernel Library Version 2020.0.2 Product Build 20200624 for Intel(R) 64 architecture applications
  - Intel(R) MKL-DNN v3.1.1 (Git Hash 64f6bcbcbab628e96f33a62c3e975f8535a7bde4)
  - OpenMP 2019
  - LAPACK is enabled (usually provided by MKL)
  - CPU capability usage: AVX2
  - CUDA Runtime 11.8
  - NVCC architecture flags: -gencode;arch=compute_37,code=sm_37;-gencode;arch=compute_50,code=sm_50;-gencode;arch=compute_60,code=sm_60;-gencode;arch=compute_61,code=sm_61;-gencode;arch=compute_70,code=sm_70;-gencode;arch=compute_75,code=sm_75;-gencode;arch=compute_80,code=sm_80;-gencode;arch=compute_86,code=sm_86;-gencode;arch=compute_90,code=sm_90;-gencode;arch=compute_37,code=compute_37
  - CuDNN 8.7
  - Magma 2.5.4
  - Build settings: BLAS_INFO=mkl, BUILD_TYPE=Release, CUDA_VERSION=11.8, CUDNN_VERSION=8.7.0, CXX_COMPILER=C:/actions-runner/_work/pytorch/pytorch/builder/windows/tmp_bin/sccache-cl.exe, CXX_FLAGS=/DWIN32 /D_WINDOWS /GR /EHsc /bigobj /FS -DUSE_PTHREADPOOL -DNDEBUG -DUSE_KINETO -DLIBKINETO_NOCUPTI -DLIBKINETO_NOROCTRACER -DUSE_FBGEMM -DUSE_XNNPACK -DSYMBOLICATE_MOBILE_DEBUG_HANDLE /utf-8 /wd4624 /wd4068 /wd4067 /wd4267 /wd4661 /wd4717 /wd4244 /wd4804 /wd4273, LAPACK_INFO=mkl, PERF_WITH_AVX=1, PERF_WITH_AVX2=1, PERF_WITH_AVX512=1, TORCH_DISABLE_GPU_ASSERTS=OFF, TORCH_VERSION=2.1.0, USE_CUDA=ON, USE_CUDNN=ON, USE_EXCEPTION_PTR=1, USE_GFLAGS=OFF, USE_GLOG=OFF, USE_MKL=ON, USE_MKLDNN=ON, USE_MPI=OFF, USE_NCCL=OFF, USE_NNPACK=OFF, USE_OPENMP=ON, USE_ROCM=OFF, 

    TorchVision: 0.16.0+cu118
    OpenCV: 4.10.0
    MMEngine: 0.10.5

Runtime environment:
    cudnn_benchmark: False
    dist_cfg: {'backend': 'nccl'}
    mp_cfg: {'mp_start_method': 'fork', 'opencv_num_threads': 0}
    seed: 128661348
    Distributed launcher: none
    Distributed training: False
    GPU number: 1
------------------------------------------------------------

2025/05/13 02:34:07 - mmengine - INFO - Config:
auto_scale_lr = dict(base_batch_size=64, enable=False)
backend_args = None
cudnn_benchmark = True
custom_hooks = [
    dict(type='NumClassCheckHook'),
    dict(interval=50, priority='VERY_LOW', type='CheckInvalidLossHook'),
]
data_root = 'D:/Repositories/test/data/larch_casebearer/'
dataset_type = 'CocoDataset'
default_hooks = dict(
    checkpoint=dict(
        interval=0, save_best='coco/bbox_mAP', type='CheckpointHook'),
    logger=dict(interval=50, type='LoggerHook'),
    param_scheduler=dict(type='ParamSchedulerHook'),
    sampler_seed=dict(type='DistSamplerSeedHook'),
    timer=dict(type='IterTimerHook'),
    visualization=dict(type='DetVisualizationHook'))
default_scope = 'mmdet'
env_cfg = dict(
    cudnn_benchmark=False,
    dist_cfg=dict(backend='nccl'),
    mp_cfg=dict(mp_start_method='fork', opencv_num_threads=0))
input_size = 300
launcher = 'none'
load_from = None
log_level = 'INFO'
log_processor = dict(by_epoch=True, type='LogProcessor', window_size=50)
metainfo = dict(
    classes=(
        'H',
        'LD',
        'HD',
        'other',
    ),
    palette=[
        (
            0,
            255,
            0,
        ),
        (
            255,
            128,
            0,
        ),
        (
            255,
            0,
            0,
        ),
        (
            0,
            0,
            255,
        ),
    ])
model = dict(
    backbone=dict(
        ceil_mode=True,
        depth=16,
        init_cfg=dict(
            checkpoint='open-mmlab://vgg16_caffe', type='Pretrained'),
        out_feature_indices=(
            22,
            34,
        ),
        out_indices=(
            3,
            4,
        ),
        type='SSDVGG',
        with_last_pool=False),
    bbox_head=dict(
        anchor_generator=dict(
            basesize_ratio_range=(
                0.15,
                0.9,
            ),
            input_size=300,
            ratios=[
                [
                    2,
                ],
                [
                    2,
                    3,
                ],
                [
                    2,
                    3,
                ],
                [
                    2,
                    3,
                ],
                [
                    2,
                ],
                [
                    2,
                ],
            ],
            scale_major=False,
            strides=[
                8,
                16,
                32,
                64,
                100,
                300,
            ],
            type='SSDAnchorGenerator'),
        bbox_coder=dict(
            target_means=[
                0.0,
                0.0,
                0.0,
                0.0,
            ],
            target_stds=[
                0.1,
                0.1,
                0.2,
                0.2,
            ],
            type='DeltaXYWHBBoxCoder'),
        in_channels=(
            512,
            1024,
            512,
            256,
            256,
            256,
        ),
        num_classes=4,
        type='SSDHead'),
    data_preprocessor=dict(
        bgr_to_rgb=True,
        mean=[
            123.675,
            116.28,
            103.53,
        ],
        pad_size_divisor=1,
        std=[
            1,
            1,
            1,
        ],
        type='DetDataPreprocessor'),
    neck=dict(
        in_channels=(
            512,
            1024,
        ),
        l2_norm_scale=20,
        level_paddings=(
            1,
            1,
            0,
            0,
        ),
        level_strides=(
            2,
            2,
            1,
            1,
        ),
        out_channels=(
            512,
            1024,
            512,
            256,
            256,
            256,
        ),
        type='SSDNeck'),
    test_cfg=dict(
        max_per_img=200,
        min_bbox_size=0,
        nms=dict(iou_threshold=0.45, type='nms'),
        nms_pre=1000,
        score_thr=0.02),
    train_cfg=dict(
        allowed_border=-1,
        assigner=dict(
            gt_max_assign_all=False,
            ignore_iof_thr=-1,
            min_pos_iou=0.0,
            neg_iou_thr=0.5,
            pos_iou_thr=0.5,
            type='MaxIoUAssigner'),
        debug=False,
        neg_pos_ratio=3,
        pos_weight=-1,
        sampler=dict(type='PseudoSampler'),
        smoothl1_beta=1.0),
    type='SingleStageDetector')
optim_wrapper = dict(
    optimizer=dict(lr=0.002, momentum=0.9, type='SGD', weight_decay=0.0005),
    type='OptimWrapper')
param_scheduler = [
    dict(
        begin=0, by_epoch=False, end=500, start_factor=0.001, type='LinearLR'),
    dict(
        begin=0,
        by_epoch=True,
        end=24,
        gamma=0.1,
        milestones=[
            16,
            22,
        ],
        type='MultiStepLR'),
]
resume = False
test_cfg = dict(type='TestLoop')
test_dataloader = dict(
    batch_size=8,
    dataset=dict(
        ann_file='test/annotations.json',
        backend_args=None,
        data_prefix=dict(img='test/'),
        data_root='D:/Repositories/test/data/larch_casebearer/',
        metainfo=dict(
            classes=(
                'H',
                'LD',
                'HD',
                'other',
            ),
            palette=[
                (
                    0,
                    255,
                    0,
                ),
                (
                    255,
                    128,
                    0,
                ),
                (
                    255,
                    0,
                    0,
                ),
                (
                    0,
                    0,
                    255,
                ),
            ]),
        pipeline=[
            dict(backend_args=None, type='LoadImageFromFile'),
            dict(keep_ratio=False, scale=(
                300,
                300,
            ), type='Resize'),
            dict(type='LoadAnnotations', with_bbox=True),
            dict(
                meta_keys=(
                    'img_id',
                    'img_path',
                    'ori_shape',
                    'img_shape',
                    'scale_factor',
                ),
                type='PackDetInputs'),
        ],
        test_mode=True,
        type='CocoDataset'),
    drop_last=False,
    num_workers=2,
    persistent_workers=True,
    sampler=dict(shuffle=False, type='DefaultSampler'))
test_evaluator = dict(
    ann_file='D:/Repositories/test/data/larch_casebearer/test/annotations.json',
    backend_args=None,
    classwise=True,
    format_only=False,
    metric='bbox',
    type='CocoMetric')
test_pipeline = [
    dict(backend_args=None, type='LoadImageFromFile'),
    dict(keep_ratio=False, scale=(
        300,
        300,
    ), type='Resize'),
    dict(type='LoadAnnotations', with_bbox=True),
    dict(
        meta_keys=(
            'img_id',
            'img_path',
            'ori_shape',
            'img_shape',
            'scale_factor',
        ),
        type='PackDetInputs'),
]
train_cfg = dict(max_epochs=30, type='EpochBasedTrainLoop', val_interval=1)
train_dataloader = dict(
    batch_sampler=None,
    batch_size=8,
    dataset=dict(
        dataset=dict(
            ann_file='train/annotations.json',
            backend_args=None,
            data_prefix=dict(img='train/'),
            data_root='D:/Repositories/test/data/larch_casebearer/',
            filter_cfg=dict(filter_empty_gt=True, min_size=32),
            metainfo=dict(
                classes=(
                    'H',
                    'LD',
                    'HD',
                    'other',
                ),
                palette=[
                    (
                        0,
                        255,
                        0,
                    ),
                    (
                        255,
                        128,
                        0,
                    ),
                    (
                        255,
                        0,
                        0,
                    ),
                    (
                        0,
                        0,
                        255,
                    ),
                ]),
            pipeline=[
                dict(backend_args=None, type='LoadImageFromFile'),
                dict(type='LoadAnnotations', with_bbox=True),
                dict(keep_ratio=False, scale=(
                    300,
                    300,
                ), type='Resize'),
                dict(type='PhotoMetricDistortion'),
                dict(type='PackDetInputs'),
            ],
            type='CocoDataset'),
        times=5,
        type='RepeatDataset'),
    num_workers=2,
    persistent_workers=True,
    sampler=dict(shuffle=True, type='DefaultSampler'))
train_pipeline = [
    dict(backend_args=None, type='LoadImageFromFile'),
    dict(type='LoadAnnotations', with_bbox=True),
    dict(keep_ratio=False, scale=(
        300,
        300,
    ), type='Resize'),
    dict(type='PhotoMetricDistortion'),
    dict(type='PackDetInputs'),
]
val_cfg = dict(type='ValLoop')
val_dataloader = dict(
    batch_size=8,
    dataset=dict(
        ann_file='val/annotations.json',
        backend_args=None,
        data_prefix=dict(img='val/'),
        data_root='D:/Repositories/test/data/larch_casebearer/',
        metainfo=dict(
            classes=(
                'H',
                'LD',
                'HD',
                'other',
            ),
            palette=[
                (
                    0,
                    255,
                    0,
                ),
                (
                    255,
                    128,
                    0,
                ),
                (
                    255,
                    0,
                    0,
                ),
                (
                    0,
                    0,
                    255,
                ),
            ]),
        pipeline=[
            dict(backend_args=None, type='LoadImageFromFile'),
            dict(keep_ratio=False, scale=(
                300,
                300,
            ), type='Resize'),
            dict(type='LoadAnnotations', with_bbox=True),
            dict(
                meta_keys=(
                    'img_id',
                    'img_path',
                    'ori_shape',
                    'img_shape',
                    'scale_factor',
                ),
                type='PackDetInputs'),
        ],
        test_mode=True,
        type='CocoDataset'),
    drop_last=False,
    num_workers=2,
    persistent_workers=True,
    sampler=dict(shuffle=False, type='DefaultSampler'))
val_evaluator = dict(
    ann_file='D:/Repositories/test/data/larch_casebearer/val/annotations.json',
    backend_args=None,
    format_only=False,
    metric='bbox',
    type='CocoMetric')
vis_backends = [
    dict(type='LocalVisBackend'),
]
visualizer = dict(
    name='visualizer',
    type='DetLocalVisualizer',
    vis_backends=[
        dict(type='LocalVisBackend'),
    ])
work_dir = '25-05-09/ssd300'

2025/05/13 02:34:07 - mmengine - INFO - Distributed training is not used, all SyncBatchNorm (SyncBN) layers in the model will be automatically reverted to BatchNormXd layers if they are used.
2025/05/13 02:34:07 - mmengine - INFO - Hooks will be executed in the following order:
before_run:
(VERY_HIGH   ) RuntimeInfoHook                    
(BELOW_NORMAL) LoggerHook                         
 -------------------- 
before_train:
(VERY_HIGH   ) RuntimeInfoHook                    
(NORMAL      ) IterTimerHook                      
(VERY_LOW    ) CheckpointHook                     
 -------------------- 
before_train_epoch:
(VERY_HIGH   ) RuntimeInfoHook                    
(NORMAL      ) IterTimerHook                      
(NORMAL      ) DistSamplerSeedHook                
(NORMAL      ) NumClassCheckHook                  
 -------------------- 
before_train_iter:
(VERY_HIGH   ) RuntimeInfoHook                    
(NORMAL      ) IterTimerHook                      
 -------------------- 
after_train_iter:
(VERY_HIGH   ) RuntimeInfoHook                    
(NORMAL      ) IterTimerHook                      
(BELOW_NORMAL) LoggerHook                         
(LOW         ) ParamSchedulerHook                 
(VERY_LOW    ) CheckpointHook                     
(VERY_LOW    ) CheckInvalidLossHook               
 -------------------- 
after_train_epoch:
(NORMAL      ) IterTimerHook                      
(LOW         ) ParamSchedulerHook                 
(VERY_LOW    ) CheckpointHook                     
 -------------------- 
before_val:
(VERY_HIGH   ) RuntimeInfoHook                    
 -------------------- 
before_val_epoch:
(NORMAL      ) IterTimerHook                      
(NORMAL      ) NumClassCheckHook                  
 -------------------- 
before_val_iter:
(NORMAL      ) IterTimerHook                      
 -------------------- 
after_val_iter:
(NORMAL      ) IterTimerHook                      
(NORMAL      ) DetVisualizationHook               
(BELOW_NORMAL) LoggerHook                         
 -------------------- 
after_val_epoch:
(VERY_HIGH   ) RuntimeInfoHook                    
(NORMAL      ) IterTimerHook                      
(BELOW_NORMAL) LoggerHook                         
(LOW         ) ParamSchedulerHook                 
(VERY_LOW    ) CheckpointHook                     
 -------------------- 
after_val:
(VERY_HIGH   ) RuntimeInfoHook                    
 -------------------- 
after_train:
(VERY_HIGH   ) RuntimeInfoHook                    
(VERY_LOW    ) CheckpointHook                     
 -------------------- 
before_test:
(VERY_HIGH   ) RuntimeInfoHook                    
 -------------------- 
before_test_epoch:
(NORMAL      ) IterTimerHook                      
 -------------------- 
before_test_iter:
(NORMAL      ) IterTimerHook                      
 -------------------- 
after_test_iter:
(NORMAL      ) IterTimerHook                      
(NORMAL      ) DetVisualizationHook               
(BELOW_NORMAL) LoggerHook                         
 -------------------- 
after_test_epoch:
(VERY_HIGH   ) RuntimeInfoHook                    
(NORMAL      ) IterTimerHook                      
(BELOW_NORMAL) LoggerHook                         
 -------------------- 
after_test:
(VERY_HIGH   ) RuntimeInfoHook                    
 -------------------- 
after_run:
(BELOW_NORMAL) LoggerHook                         
 -------------------- 
2025/05/13 02:34:08 - mmengine - INFO - load model from: open-mmlab://vgg16_caffe
2025/05/13 02:34:08 - mmengine - INFO - Loads checkpoint by openmmlab backend from path: open-mmlab://vgg16_caffe
Name of parameter - Initialization information

backbone.features.0.weight - torch.Size([64, 3, 3, 3]): 
PretrainedInit: load from open-mmlab://vgg16_caffe 

backbone.features.0.bias - torch.Size([64]): 
PretrainedInit: load from open-mmlab://vgg16_caffe 

backbone.features.2.weight - torch.Size([64, 64, 3, 3]): 
PretrainedInit: load from open-mmlab://vgg16_caffe 

backbone.features.2.bias - torch.Size([64]): 
PretrainedInit: load from open-mmlab://vgg16_caffe 

backbone.features.5.weight - torch.Size([128, 64, 3, 3]): 
PretrainedInit: load from open-mmlab://vgg16_caffe 

backbone.features.5.bias - torch.Size([128]): 
PretrainedInit: load from open-mmlab://vgg16_caffe 

backbone.features.7.weight - torch.Size([128, 128, 3, 3]): 
PretrainedInit: load from open-mmlab://vgg16_caffe 

backbone.features.7.bias - torch.Size([128]): 
PretrainedInit: load from open-mmlab://vgg16_caffe 

backbone.features.10.weight - torch.Size([256, 128, 3, 3]): 
PretrainedInit: load from open-mmlab://vgg16_caffe 

backbone.features.10.bias - torch.Size([256]): 
PretrainedInit: load from open-mmlab://vgg16_caffe 

backbone.features.12.weight - torch.Size([256, 256, 3, 3]): 
PretrainedInit: load from open-mmlab://vgg16_caffe 

backbone.features.12.bias - torch.Size([256]): 
PretrainedInit: load from open-mmlab://vgg16_caffe 

backbone.features.14.weight - torch.Size([256, 256, 3, 3]): 
PretrainedInit: load from open-mmlab://vgg16_caffe 

backbone.features.14.bias - torch.Size([256]): 
PretrainedInit: load from open-mmlab://vgg16_caffe 

backbone.features.17.weight - torch.Size([512, 256, 3, 3]): 
PretrainedInit: load from open-mmlab://vgg16_caffe 

backbone.features.17.bias - torch.Size([512]): 
PretrainedInit: load from open-mmlab://vgg16_caffe 

backbone.features.19.weight - torch.Size([512, 512, 3, 3]): 
PretrainedInit: load from open-mmlab://vgg16_caffe 

backbone.features.19.bias - torch.Size([512]): 
PretrainedInit: load from open-mmlab://vgg16_caffe 

backbone.features.21.weight - torch.Size([512, 512, 3, 3]): 
PretrainedInit: load from open-mmlab://vgg16_caffe 

backbone.features.21.bias - torch.Size([512]): 
PretrainedInit: load from open-mmlab://vgg16_caffe 

backbone.features.24.weight - torch.Size([512, 512, 3, 3]): 
PretrainedInit: load from open-mmlab://vgg16_caffe 

backbone.features.24.bias - torch.Size([512]): 
PretrainedInit: load from open-mmlab://vgg16_caffe 

backbone.features.26.weight - torch.Size([512, 512, 3, 3]): 
PretrainedInit: load from open-mmlab://vgg16_caffe 

backbone.features.26.bias - torch.Size([512]): 
PretrainedInit: load from open-mmlab://vgg16_caffe 

backbone.features.28.weight - torch.Size([512, 512, 3, 3]): 
PretrainedInit: load from open-mmlab://vgg16_caffe 

backbone.features.28.bias - torch.Size([512]): 
PretrainedInit: load from open-mmlab://vgg16_caffe 

backbone.features.31.weight - torch.Size([1024, 512, 3, 3]): 
PretrainedInit: load from open-mmlab://vgg16_caffe 

backbone.features.31.bias - torch.Size([1024]): 
PretrainedInit: load from open-mmlab://vgg16_caffe 

backbone.features.33.weight - torch.Size([1024, 1024, 1, 1]): 
PretrainedInit: load from open-mmlab://vgg16_caffe 

backbone.features.33.bias - torch.Size([1024]): 
PretrainedInit: load from open-mmlab://vgg16_caffe 

neck.l2_norm.weight - torch.Size([512]): 
ConstantInit: val=20, bias=0 

neck.extra_layers.0.0.conv.weight - torch.Size([256, 1024, 1, 1]): 
XavierInit: gain=1, distribution=uniform, bias=0 

neck.extra_layers.0.0.conv.bias - torch.Size([256]): 
The value is the same before and after calling `init_weights` of SingleStageDetector  

neck.extra_layers.0.1.conv.weight - torch.Size([512, 256, 3, 3]): 
XavierInit: gain=1, distribution=uniform, bias=0 

neck.extra_layers.0.1.conv.bias - torch.Size([512]): 
The value is the same before and after calling `init_weights` of SingleStageDetector  

neck.extra_layers.1.0.conv.weight - torch.Size([128, 512, 1, 1]): 
XavierInit: gain=1, distribution=uniform, bias=0 

neck.extra_layers.1.0.conv.bias - torch.Size([128]): 
The value is the same before and after calling `init_weights` of SingleStageDetector  

neck.extra_layers.1.1.conv.weight - torch.Size([256, 128, 3, 3]): 
XavierInit: gain=1, distribution=uniform, bias=0 

neck.extra_layers.1.1.conv.bias - torch.Size([256]): 
The value is the same before and after calling `init_weights` of SingleStageDetector  

neck.extra_layers.2.0.conv.weight - torch.Size([128, 256, 1, 1]): 
XavierInit: gain=1, distribution=uniform, bias=0 

neck.extra_layers.2.0.conv.bias - torch.Size([128]): 
The value is the same before and after calling `init_weights` of SingleStageDetector  

neck.extra_layers.2.1.conv.weight - torch.Size([256, 128, 3, 3]): 
XavierInit: gain=1, distribution=uniform, bias=0 

neck.extra_layers.2.1.conv.bias - torch.Size([256]): 
The value is the same before and after calling `init_weights` of SingleStageDetector  

neck.extra_layers.3.0.conv.weight - torch.Size([128, 256, 1, 1]): 
XavierInit: gain=1, distribution=uniform, bias=0 

neck.extra_layers.3.0.conv.bias - torch.Size([128]): 
The value is the same before and after calling `init_weights` of SingleStageDetector  

neck.extra_layers.3.1.conv.weight - torch.Size([256, 128, 3, 3]): 
XavierInit: gain=1, distribution=uniform, bias=0 

neck.extra_layers.3.1.conv.bias - torch.Size([256]): 
The value is the same before and after calling `init_weights` of SingleStageDetector  

bbox_head.cls_convs.0.0.weight - torch.Size([20, 512, 3, 3]): 
XavierInit: gain=1, distribution=uniform, bias=0 

bbox_head.cls_convs.0.0.bias - torch.Size([20]): 
XavierInit: gain=1, distribution=uniform, bias=0 

bbox_head.cls_convs.1.0.weight - torch.Size([30, 1024, 3, 3]): 
XavierInit: gain=1, distribution=uniform, bias=0 

bbox_head.cls_convs.1.0.bias - torch.Size([30]): 
XavierInit: gain=1, distribution=uniform, bias=0 

bbox_head.cls_convs.2.0.weight - torch.Size([30, 512, 3, 3]): 
XavierInit: gain=1, distribution=uniform, bias=0 

bbox_head.cls_convs.2.0.bias - torch.Size([30]): 
XavierInit: gain=1, distribution=uniform, bias=0 

bbox_head.cls_convs.3.0.weight - torch.Size([30, 256, 3, 3]): 
XavierInit: gain=1, distribution=uniform, bias=0 

bbox_head.cls_convs.3.0.bias - torch.Size([30]): 
XavierInit: gain=1, distribution=uniform, bias=0 

bbox_head.cls_convs.4.0.weight - torch.Size([20, 256, 3, 3]): 
XavierInit: gain=1, distribution=uniform, bias=0 

bbox_head.cls_convs.4.0.bias - torch.Size([20]): 
XavierInit: gain=1, distribution=uniform, bias=0 

bbox_head.cls_convs.5.0.weight - torch.Size([20, 256, 3, 3]): 
XavierInit: gain=1, distribution=uniform, bias=0 

bbox_head.cls_convs.5.0.bias - torch.Size([20]): 
XavierInit: gain=1, distribution=uniform, bias=0 

bbox_head.reg_convs.0.0.weight - torch.Size([16, 512, 3, 3]): 
XavierInit: gain=1, distribution=uniform, bias=0 

bbox_head.reg_convs.0.0.bias - torch.Size([16]): 
XavierInit: gain=1, distribution=uniform, bias=0 

bbox_head.reg_convs.1.0.weight - torch.Size([24, 1024, 3, 3]): 
XavierInit: gain=1, distribution=uniform, bias=0 

bbox_head.reg_convs.1.0.bias - torch.Size([24]): 
XavierInit: gain=1, distribution=uniform, bias=0 

bbox_head.reg_convs.2.0.weight - torch.Size([24, 512, 3, 3]): 
XavierInit: gain=1, distribution=uniform, bias=0 

bbox_head.reg_convs.2.0.bias - torch.Size([24]): 
XavierInit: gain=1, distribution=uniform, bias=0 

bbox_head.reg_convs.3.0.weight - torch.Size([24, 256, 3, 3]): 
XavierInit: gain=1, distribution=uniform, bias=0 

bbox_head.reg_convs.3.0.bias - torch.Size([24]): 
XavierInit: gain=1, distribution=uniform, bias=0 

bbox_head.reg_convs.4.0.weight - torch.Size([16, 256, 3, 3]): 
XavierInit: gain=1, distribution=uniform, bias=0 

bbox_head.reg_convs.4.0.bias - torch.Size([16]): 
XavierInit: gain=1, distribution=uniform, bias=0 

bbox_head.reg_convs.5.0.weight - torch.Size([16, 256, 3, 3]): 
XavierInit: gain=1, distribution=uniform, bias=0 

bbox_head.reg_convs.5.0.bias - torch.Size([16]): 
XavierInit: gain=1, distribution=uniform, bias=0 
2025/05/13 02:34:08 - mmengine - WARNING - "FileClient" will be deprecated in future. Please use io functions in https://mmengine.readthedocs.io/en/latest/api/fileio.html#file-io
2025/05/13 02:34:08 - mmengine - WARNING - "HardDiskBackend" is the alias of "LocalBackend" and the former will be deprecated in future.
2025/05/13 02:34:08 - mmengine - INFO - Checkpoints will be saved to D:\Repositories\test\25-05-09\ssd300.
2025/05/13 02:34:30 - mmengine - INFO - Epoch(train)  [1][ 50/352]  lr: 1.9820e-04  eta: 1:17:32  time: 0.4427  data_time: 0.1747  memory: 1437  loss: 10.1013  loss_cls: 7.1623  loss_bbox: 2.9390
2025/05/13 02:34:43 - mmengine - INFO - Epoch(train)  [1][100/352]  lr: 3.9840e-04  eta: 1:00:32  time: 0.2519  data_time: 0.0032  memory: 1437  loss: 6.0623  loss_cls: 3.8396  loss_bbox: 2.2227
2025/05/13 02:34:55 - mmengine - INFO - Epoch(train)  [1][150/352]  lr: 5.9860e-04  eta: 0:54:30  time: 0.2481  data_time: 0.0032  memory: 1437  loss: 5.1380  loss_cls: 3.3500  loss_bbox: 1.7879
2025/05/13 02:35:08 - mmengine - INFO - Epoch(train)  [1][200/352]  lr: 7.9880e-04  eta: 0:51:40  time: 0.2545  data_time: 0.0033  memory: 1437  loss: 4.6580  loss_cls: 3.1011  loss_bbox: 1.5569
2025/05/13 02:35:21 - mmengine - INFO - Epoch(train)  [1][250/352]  lr: 9.9900e-04  eta: 0:49:52  time: 0.2544  data_time: 0.0032  memory: 1437  loss: 4.3358  loss_cls: 2.9124  loss_bbox: 1.4233
2025/05/13 02:35:34 - mmengine - INFO - Epoch(train)  [1][300/352]  lr: 1.1992e-03  eta: 0:48:38  time: 0.2554  data_time: 0.0033  memory: 1437  loss: 4.2208  loss_cls: 2.8617  loss_bbox: 1.3592
2025/05/13 02:35:46 - mmengine - INFO - Epoch(train)  [1][350/352]  lr: 1.3994e-03  eta: 0:47:43  time: 0.2561  data_time: 0.0034  memory: 1437  loss: 4.1739  loss_cls: 2.8339  loss_bbox: 1.3400
2025/05/13 02:35:47 - mmengine - INFO - Exp name: ssd300_fs_pmd_20250513_023403
2025/05/13 02:35:56 - mmengine - INFO - Evaluating bbox...
2025/05/13 02:35:59 - mmengine - INFO - bbox_mAP_copypaste: 0.216 0.455 0.170 -1.000 0.117 0.241
2025/05/13 02:35:59 - mmengine - INFO - Epoch(val) [1][7/7]    coco/bbox_mAP: 0.2160  coco/bbox_mAP_50: 0.4550  coco/bbox_mAP_75: 0.1700  coco/bbox_mAP_s: -1.0000  coco/bbox_mAP_m: 0.1170  coco/bbox_mAP_l: 0.2410  data_time: 1.1899  time: 1.2979
2025/05/13 02:35:59 - mmengine - INFO - The best checkpoint with 0.2160 coco/bbox_mAP at 1 epoch is saved to best_coco_bbox_mAP_epoch_1.pth.
2025/05/13 02:36:12 - mmengine - INFO - Epoch(train)  [2][ 50/352]  lr: 1.6076e-03  eta: 0:47:09  time: 0.2658  data_time: 0.0085  memory: 1437  loss: 3.9592  loss_cls: 2.7148  loss_bbox: 1.2444
2025/05/13 02:36:25 - mmengine - INFO - Epoch(train)  [2][100/352]  lr: 1.8078e-03  eta: 0:46:30  time: 0.2559  data_time: 0.0033  memory: 1437  loss: 3.9297  loss_cls: 2.6923  loss_bbox: 1.2374
2025/05/13 02:36:38 - mmengine - INFO - Epoch(train)  [2][150/352]  lr: 2.0000e-03  eta: 0:45:56  time: 0.2556  data_time: 0.0032  memory: 1437  loss: 3.8326  loss_cls: 2.6304  loss_bbox: 1.2022
2025/05/13 02:36:51 - mmengine - INFO - Epoch(train)  [2][200/352]  lr: 2.0000e-03  eta: 0:45:26  time: 0.2564  data_time: 0.0032  memory: 1437  loss: 3.7154  loss_cls: 2.5582  loss_bbox: 1.1572
2025/05/13 02:37:04 - mmengine - INFO - Epoch(train)  [2][250/352]  lr: 2.0000e-03  eta: 0:45:01  time: 0.2580  data_time: 0.0033  memory: 1437  loss: 3.7260  loss_cls: 2.6098  loss_bbox: 1.1162
2025/05/13 02:37:16 - mmengine - INFO - Epoch(train)  [2][300/352]  lr: 2.0000e-03  eta: 0:44:33  time: 0.2527  data_time: 0.0033  memory: 1437  loss: 3.5666  loss_cls: 2.4775  loss_bbox: 1.0890
2025/05/13 02:37:29 - mmengine - INFO - Epoch(train)  [2][350/352]  lr: 2.0000e-03  eta: 0:44:07  time: 0.2519  data_time: 0.0034  memory: 1437  loss: 3.5285  loss_cls: 2.4552  loss_bbox: 1.0734
2025/05/13 02:37:29 - mmengine - INFO - Exp name: ssd300_fs_pmd_20250513_023403
2025/05/13 02:37:30 - mmengine - INFO - Evaluating bbox...
2025/05/13 02:37:33 - mmengine - INFO - bbox_mAP_copypaste: 0.239 0.525 0.175 -1.000 0.131 0.261
2025/05/13 02:37:33 - mmengine - INFO - Epoch(val) [2][7/7]    coco/bbox_mAP: 0.2390  coco/bbox_mAP_50: 0.5250  coco/bbox_mAP_75: 0.1750  coco/bbox_mAP_s: -1.0000  coco/bbox_mAP_m: 0.1310  coco/bbox_mAP_l: 0.2610  data_time: 0.0650  time: 0.1346
2025/05/13 02:37:33 - mmengine - INFO - The previous best checkpoint D:\Repositories\test\25-05-09\ssd300\best_coco_bbox_mAP_epoch_1.pth is removed
2025/05/13 02:37:34 - mmengine - INFO - The best checkpoint with 0.2390 coco/bbox_mAP at 2 epoch is saved to best_coco_bbox_mAP_epoch_2.pth.
2025/05/13 02:37:47 - mmengine - INFO - Epoch(train)  [3][ 50/352]  lr: 2.0000e-03  eta: 0:43:50  time: 0.2650  data_time: 0.0081  memory: 1437  loss: 3.2759  loss_cls: 2.3273  loss_bbox: 0.9486
2025/05/13 02:38:00 - mmengine - INFO - Epoch(train)  [3][100/352]  lr: 2.0000e-03  eta: 0:43:30  time: 0.2574  data_time: 0.0035  memory: 1437  loss: 3.2663  loss_cls: 2.3022  loss_bbox: 0.9641
2025/05/13 02:38:13 - mmengine - INFO - Epoch(train)  [3][150/352]  lr: 2.0000e-03  eta: 0:43:09  time: 0.2543  data_time: 0.0032  memory: 1437  loss: 3.1570  loss_cls: 2.2424  loss_bbox: 0.9146
2025/05/13 02:38:25 - mmengine - INFO - Epoch(train)  [3][200/352]  lr: 2.0000e-03  eta: 0:42:49  time: 0.2534  data_time: 0.0032  memory: 1437  loss: 3.0879  loss_cls: 2.2148  loss_bbox: 0.8731
2025/05/13 02:38:38 - mmengine - INFO - Epoch(train)  [3][250/352]  lr: 2.0000e-03  eta: 0:42:31  time: 0.2570  data_time: 0.0031  memory: 1437  loss: 3.1123  loss_cls: 2.2329  loss_bbox: 0.8794
2025/05/13 02:38:50 - mmengine - INFO - Exp name: ssd300_fs_pmd_20250513_023403
2025/05/13 02:38:51 - mmengine - INFO - Epoch(train)  [3][300/352]  lr: 2.0000e-03  eta: 0:42:12  time: 0.2546  data_time: 0.0031  memory: 1437  loss: 2.9725  loss_cls: 2.1450  loss_bbox: 0.8274
2025/05/13 02:39:03 - mmengine - INFO - Epoch(train)  [3][350/352]  lr: 2.0000e-03  eta: 0:41:53  time: 0.2525  data_time: 0.0034  memory: 1437  loss: 2.8847  loss_cls: 2.0735  loss_bbox: 0.8112
2025/05/13 02:39:04 - mmengine - INFO - Exp name: ssd300_fs_pmd_20250513_023403
2025/05/13 02:39:05 - mmengine - INFO - Evaluating bbox...
2025/05/13 02:39:07 - mmengine - INFO - bbox_mAP_copypaste: 0.329 0.615 0.317 -1.000 0.195 0.358
2025/05/13 02:39:07 - mmengine - INFO - Epoch(val) [3][7/7]    coco/bbox_mAP: 0.3290  coco/bbox_mAP_50: 0.6150  coco/bbox_mAP_75: 0.3170  coco/bbox_mAP_s: -1.0000  coco/bbox_mAP_m: 0.1950  coco/bbox_mAP_l: 0.3580  data_time: 0.0613  time: 0.1253
2025/05/13 02:39:07 - mmengine - INFO - The previous best checkpoint D:\Repositories\test\25-05-09\ssd300\best_coco_bbox_mAP_epoch_2.pth is removed
2025/05/13 02:39:08 - mmengine - INFO - The best checkpoint with 0.3290 coco/bbox_mAP at 3 epoch is saved to best_coco_bbox_mAP_epoch_3.pth.
2025/05/13 02:39:21 - mmengine - INFO - Epoch(train)  [4][ 50/352]  lr: 2.0000e-03  eta: 0:41:37  time: 0.2610  data_time: 0.0084  memory: 1437  loss: 2.8381  loss_cls: 2.0384  loss_bbox: 0.7998
2025/05/13 02:39:34 - mmengine - INFO - Epoch(train)  [4][100/352]  lr: 2.0000e-03  eta: 0:41:19  time: 0.2527  data_time: 0.0031  memory: 1437  loss: 2.8112  loss_cls: 2.0291  loss_bbox: 0.7821
2025/05/13 02:39:46 - mmengine - INFO - Epoch(train)  [4][150/352]  lr: 2.0000e-03  eta: 0:41:02  time: 0.2532  data_time: 0.0035  memory: 1437  loss: 2.7833  loss_cls: 2.0115  loss_bbox: 0.7718
2025/05/13 02:39:59 - mmengine - INFO - Epoch(train)  [4][200/352]  lr: 2.0000e-03  eta: 0:40:46  time: 0.2560  data_time: 0.0032  memory: 1437  loss: 2.8225  loss_cls: 2.0548  loss_bbox: 0.7677
2025/05/13 02:40:12 - mmengine - INFO - Epoch(train)  [4][250/352]  lr: 2.0000e-03  eta: 0:40:31  time: 0.2565  data_time: 0.0034  memory: 1437  loss: 2.7275  loss_cls: 1.9686  loss_bbox: 0.7589
2025/05/13 02:40:25 - mmengine - INFO - Epoch(train)  [4][300/352]  lr: 2.0000e-03  eta: 0:40:16  time: 0.2567  data_time: 0.0032  memory: 1437  loss: 2.6607  loss_cls: 1.9240  loss_bbox: 0.7367
2025/05/13 02:40:37 - mmengine - INFO - Epoch(train)  [4][350/352]  lr: 2.0000e-03  eta: 0:39:59  time: 0.2510  data_time: 0.0034  memory: 1437  loss: 2.6625  loss_cls: 1.9448  loss_bbox: 0.7177
2025/05/13 02:40:38 - mmengine - INFO - Exp name: ssd300_fs_pmd_20250513_023403
2025/05/13 02:40:39 - mmengine - INFO - Evaluating bbox...
2025/05/13 02:40:41 - mmengine - INFO - bbox_mAP_copypaste: 0.378 0.706 0.363 -1.000 0.203 0.407
2025/05/13 02:40:41 - mmengine - INFO - Epoch(val) [4][7/7]    coco/bbox_mAP: 0.3780  coco/bbox_mAP_50: 0.7060  coco/bbox_mAP_75: 0.3630  coco/bbox_mAP_s: -1.0000  coco/bbox_mAP_m: 0.2030  coco/bbox_mAP_l: 0.4070  data_time: 0.0611  time: 0.1235
2025/05/13 02:40:41 - mmengine - INFO - The previous best checkpoint D:\Repositories\test\25-05-09\ssd300\best_coco_bbox_mAP_epoch_3.pth is removed
2025/05/13 02:40:42 - mmengine - INFO - The best checkpoint with 0.3780 coco/bbox_mAP at 4 epoch is saved to best_coco_bbox_mAP_epoch_4.pth.
2025/05/13 02:40:55 - mmengine - INFO - Epoch(train)  [5][ 50/352]  lr: 2.0000e-03  eta: 0:39:46  time: 0.2653  data_time: 0.0083  memory: 1437  loss: 2.6176  loss_cls: 1.9094  loss_bbox: 0.7083
2025/05/13 02:41:08 - mmengine - INFO - Epoch(train)  [5][100/352]  lr: 2.0000e-03  eta: 0:39:30  time: 0.2522  data_time: 0.0032  memory: 1437  loss: 2.5563  loss_cls: 1.8719  loss_bbox: 0.6844
2025/05/13 02:41:20 - mmengine - INFO - Epoch(train)  [5][150/352]  lr: 2.0000e-03  eta: 0:39:15  time: 0.2544  data_time: 0.0032  memory: 1437  loss: 2.5468  loss_cls: 1.8617  loss_bbox: 0.6851
2025/05/13 02:41:33 - mmengine - INFO - Epoch(train)  [5][200/352]  lr: 2.0000e-03  eta: 0:38:59  time: 0.2513  data_time: 0.0034  memory: 1437  loss: 2.5091  loss_cls: 1.8323  loss_bbox: 0.6768
2025/05/13 02:41:46 - mmengine - INFO - Epoch(train)  [5][250/352]  lr: 2.0000e-03  eta: 0:38:44  time: 0.2540  data_time: 0.0031  memory: 1437  loss: 2.4617  loss_cls: 1.8114  loss_bbox: 0.6503
2025/05/13 02:41:59 - mmengine - INFO - Epoch(train)  [5][300/352]  lr: 2.0000e-03  eta: 0:38:30  time: 0.2576  data_time: 0.0033  memory: 1437  loss: 2.4693  loss_cls: 1.8038  loss_bbox: 0.6654
2025/05/13 02:42:11 - mmengine - INFO - Epoch(train)  [5][350/352]  lr: 2.0000e-03  eta: 0:38:14  time: 0.2511  data_time: 0.0032  memory: 1437  loss: 2.4409  loss_cls: 1.7865  loss_bbox: 0.6544
2025/05/13 02:42:12 - mmengine - INFO - Exp name: ssd300_fs_pmd_20250513_023403
2025/05/13 02:42:13 - mmengine - INFO - Evaluating bbox...
2025/05/13 02:42:15 - mmengine - INFO - bbox_mAP_copypaste: 0.362 0.670 0.353 -1.000 0.198 0.392
2025/05/13 02:42:15 - mmengine - INFO - Epoch(val) [5][7/7]    coco/bbox_mAP: 0.3620  coco/bbox_mAP_50: 0.6700  coco/bbox_mAP_75: 0.3530  coco/bbox_mAP_s: -1.0000  coco/bbox_mAP_m: 0.1980  coco/bbox_mAP_l: 0.3920  data_time: 0.0604  time: 0.1262
2025/05/13 02:42:28 - mmengine - INFO - Epoch(train)  [6][ 50/352]  lr: 2.0000e-03  eta: 0:38:01  time: 0.2644  data_time: 0.0084  memory: 1437  loss: 2.4810  loss_cls: 1.8365  loss_bbox: 0.6445
2025/05/13 02:42:41 - mmengine - INFO - Epoch(train)  [6][100/352]  lr: 2.0000e-03  eta: 0:37:46  time: 0.2522  data_time: 0.0030  memory: 1437  loss: 2.3404  loss_cls: 1.7159  loss_bbox: 0.6245
2025/05/13 02:42:54 - mmengine - INFO - Epoch(train)  [6][150/352]  lr: 2.0000e-03  eta: 0:37:32  time: 0.2554  data_time: 0.0032  memory: 1437  loss: 2.3354  loss_cls: 1.7224  loss_bbox: 0.6130
2025/05/13 02:43:06 - mmengine - INFO - Epoch(train)  [6][200/352]  lr: 2.0000e-03  eta: 0:37:18  time: 0.2535  data_time: 0.0032  memory: 1437  loss: 2.3215  loss_cls: 1.7177  loss_bbox: 0.6038
2025/05/13 02:43:17 - mmengine - INFO - Exp name: ssd300_fs_pmd_20250513_023403
2025/05/13 02:43:19 - mmengine - INFO - Epoch(train)  [6][250/352]  lr: 2.0000e-03  eta: 0:37:03  time: 0.2543  data_time: 0.0034  memory: 1437  loss: 2.2418  loss_cls: 1.6551  loss_bbox: 0.5867
2025/05/13 02:43:32 - mmengine - INFO - Epoch(train)  [6][300/352]  lr: 2.0000e-03  eta: 0:36:48  time: 0.2496  data_time: 0.0033  memory: 1437  loss: 2.3026  loss_cls: 1.7038  loss_bbox: 0.5988
2025/05/13 02:43:44 - mmengine - INFO - Epoch(train)  [6][350/352]  lr: 2.0000e-03  eta: 0:36:34  time: 0.2561  data_time: 0.0033  memory: 1437  loss: 2.3028  loss_cls: 1.6953  loss_bbox: 0.6075
2025/05/13 02:43:45 - mmengine - INFO - Exp name: ssd300_fs_pmd_20250513_023403
2025/05/13 02:43:46 - mmengine - INFO - Evaluating bbox...
2025/05/13 02:43:48 - mmengine - INFO - bbox_mAP_copypaste: 0.369 0.693 0.355 -1.000 0.207 0.398
2025/05/13 02:43:48 - mmengine - INFO - Epoch(val) [6][7/7]    coco/bbox_mAP: 0.3690  coco/bbox_mAP_50: 0.6930  coco/bbox_mAP_75: 0.3550  coco/bbox_mAP_s: -1.0000  coco/bbox_mAP_m: 0.2070  coco/bbox_mAP_l: 0.3980  data_time: 0.0629  time: 0.1251
2025/05/13 02:44:02 - mmengine - INFO - Epoch(train)  [7][ 50/352]  lr: 2.0000e-03  eta: 0:36:22  time: 0.2667  data_time: 0.0082  memory: 1437  loss: 2.2345  loss_cls: 1.6576  loss_bbox: 0.5769
2025/05/13 02:44:14 - mmengine - INFO - Epoch(train)  [7][100/352]  lr: 2.0000e-03  eta: 0:36:08  time: 0.2560  data_time: 0.0031  memory: 1437  loss: 2.1517  loss_cls: 1.5780  loss_bbox: 0.5737
2025/05/13 02:44:27 - mmengine - INFO - Epoch(train)  [7][150/352]  lr: 2.0000e-03  eta: 0:35:54  time: 0.2503  data_time: 0.0035  memory: 1437  loss: 2.1564  loss_cls: 1.5887  loss_bbox: 0.5677
2025/05/13 02:44:40 - mmengine - INFO - Epoch(train)  [7][200/352]  lr: 2.0000e-03  eta: 0:35:39  time: 0.2516  data_time: 0.0033  memory: 1437  loss: 2.1150  loss_cls: 1.5688  loss_bbox: 0.5463
2025/05/13 02:44:52 - mmengine - INFO - Epoch(train)  [7][250/352]  lr: 2.0000e-03  eta: 0:35:24  time: 0.2495  data_time: 0.0036  memory: 1437  loss: 2.0975  loss_cls: 1.5414  loss_bbox: 0.5561
2025/05/13 02:45:05 - mmengine - INFO - Epoch(train)  [7][300/352]  lr: 2.0000e-03  eta: 0:35:10  time: 0.2502  data_time: 0.0034  memory: 1437  loss: 2.1285  loss_cls: 1.5749  loss_bbox: 0.5536
2025/05/13 02:45:17 - mmengine - INFO - Epoch(train)  [7][350/352]  lr: 2.0000e-03  eta: 0:34:56  time: 0.2553  data_time: 0.0037  memory: 1437  loss: 2.0580  loss_cls: 1.5196  loss_bbox: 0.5383
2025/05/13 02:45:18 - mmengine - INFO - Exp name: ssd300_fs_pmd_20250513_023403
2025/05/13 02:45:19 - mmengine - INFO - Evaluating bbox...
2025/05/13 02:45:21 - mmengine - INFO - bbox_mAP_copypaste: 0.385 0.708 0.381 -1.000 0.212 0.414
2025/05/13 02:45:21 - mmengine - INFO - Epoch(val) [7][7/7]    coco/bbox_mAP: 0.3850  coco/bbox_mAP_50: 0.7080  coco/bbox_mAP_75: 0.3810  coco/bbox_mAP_s: -1.0000  coco/bbox_mAP_m: 0.2120  coco/bbox_mAP_l: 0.4140  data_time: 0.0650  time: 0.1247
2025/05/13 02:45:21 - mmengine - INFO - The previous best checkpoint D:\Repositories\test\25-05-09\ssd300\best_coco_bbox_mAP_epoch_4.pth is removed
2025/05/13 02:45:22 - mmengine - INFO - The best checkpoint with 0.3850 coco/bbox_mAP at 7 epoch is saved to best_coco_bbox_mAP_epoch_7.pth.
2025/05/13 02:45:35 - mmengine - INFO - Epoch(train)  [8][ 50/352]  lr: 2.0000e-03  eta: 0:34:44  time: 0.2642  data_time: 0.0082  memory: 1437  loss: 1.9653  loss_cls: 1.4470  loss_bbox: 0.5183
2025/05/13 02:45:48 - mmengine - INFO - Epoch(train)  [8][100/352]  lr: 2.0000e-03  eta: 0:34:30  time: 0.2540  data_time: 0.0032  memory: 1437  loss: 1.9546  loss_cls: 1.4384  loss_bbox: 0.5162
2025/05/13 02:46:00 - mmengine - INFO - Epoch(train)  [8][150/352]  lr: 2.0000e-03  eta: 0:34:16  time: 0.2543  data_time: 0.0032  memory: 1437  loss: 1.9468  loss_cls: 1.4404  loss_bbox: 0.5063
2025/05/13 02:46:13 - mmengine - INFO - Epoch(train)  [8][200/352]  lr: 2.0000e-03  eta: 0:34:03  time: 0.2545  data_time: 0.0032  memory: 1437  loss: 1.9212  loss_cls: 1.4181  loss_bbox: 0.5031
2025/05/13 02:46:26 - mmengine - INFO - Epoch(train)  [8][250/352]  lr: 2.0000e-03  eta: 0:33:50  time: 0.2580  data_time: 0.0032  memory: 1437  loss: 1.9063  loss_cls: 1.4080  loss_bbox: 0.4983
2025/05/13 02:46:39 - mmengine - INFO - Epoch(train)  [8][300/352]  lr: 2.0000e-03  eta: 0:33:36  time: 0.2539  data_time: 0.0032  memory: 1437  loss: 1.8553  loss_cls: 1.3603  loss_bbox: 0.4950
2025/05/13 02:46:51 - mmengine - INFO - Epoch(train)  [8][350/352]  lr: 2.0000e-03  eta: 0:33:21  time: 0.2475  data_time: 0.0032  memory: 1437  loss: 1.8470  loss_cls: 1.3454  loss_bbox: 0.5016
2025/05/13 02:46:52 - mmengine - INFO - Exp name: ssd300_fs_pmd_20250513_023403
2025/05/13 02:46:53 - mmengine - INFO - Evaluating bbox...
2025/05/13 02:46:55 - mmengine - INFO - bbox_mAP_copypaste: 0.348 0.670 0.321 -1.000 0.187 0.381
2025/05/13 02:46:55 - mmengine - INFO - Epoch(val) [8][7/7]    coco/bbox_mAP: 0.3480  coco/bbox_mAP_50: 0.6700  coco/bbox_mAP_75: 0.3210  coco/bbox_mAP_s: -1.0000  coco/bbox_mAP_m: 0.1870  coco/bbox_mAP_l: 0.3810  data_time: 0.0620  time: 0.1235
2025/05/13 02:47:08 - mmengine - INFO - Epoch(train)  [9][ 50/352]  lr: 2.0000e-03  eta: 0:33:08  time: 0.2594  data_time: 0.0081  memory: 1437  loss: 1.7626  loss_cls: 1.2842  loss_bbox: 0.4784
2025/05/13 02:47:21 - mmengine - INFO - Epoch(train)  [9][100/352]  lr: 2.0000e-03  eta: 0:32:55  time: 0.2554  data_time: 0.0033  memory: 1437  loss: 1.7421  loss_cls: 1.2747  loss_bbox: 0.4674
2025/05/13 02:47:33 - mmengine - INFO - Epoch(train)  [9][150/352]  lr: 2.0000e-03  eta: 0:32:41  time: 0.2498  data_time: 0.0032  memory: 1437  loss: 1.7472  loss_cls: 1.2764  loss_bbox: 0.4709
2025/05/13 02:47:42 - mmengine - INFO - Exp name: ssd300_fs_pmd_20250513_023403
2025/05/13 02:47:46 - mmengine - INFO - Epoch(train)  [9][200/352]  lr: 2.0000e-03  eta: 0:32:27  time: 0.2526  data_time: 0.0033  memory: 1437  loss: 1.6705  loss_cls: 1.2183  loss_bbox: 0.4523
2025/05/13 02:47:58 - mmengine - INFO - Epoch(train)  [9][250/352]  lr: 2.0000e-03  eta: 0:32:13  time: 0.2509  data_time: 0.0032  memory: 1437  loss: 1.6332  loss_cls: 1.1868  loss_bbox: 0.4464
2025/05/13 02:48:11 - mmengine - INFO - Epoch(train)  [9][300/352]  lr: 2.0000e-03  eta: 0:32:00  time: 0.2569  data_time: 0.0033  memory: 1437  loss: 1.6579  loss_cls: 1.2019  loss_bbox: 0.4560
2025/05/13 02:48:24 - mmengine - INFO - Epoch(train)  [9][350/352]  lr: 2.0000e-03  eta: 0:31:47  time: 0.2551  data_time: 0.0033  memory: 1437  loss: 1.6390  loss_cls: 1.1937  loss_bbox: 0.4453
2025/05/13 02:48:24 - mmengine - INFO - Exp name: ssd300_fs_pmd_20250513_023403
2025/05/13 02:48:26 - mmengine - INFO - Evaluating bbox...
2025/05/13 02:48:28 - mmengine - INFO - bbox_mAP_copypaste: 0.350 0.688 0.299 -1.000 0.193 0.380
2025/05/13 02:48:28 - mmengine - INFO - Epoch(val) [9][7/7]    coco/bbox_mAP: 0.3500  coco/bbox_mAP_50: 0.6880  coco/bbox_mAP_75: 0.2990  coco/bbox_mAP_s: -1.0000  coco/bbox_mAP_m: 0.1930  coco/bbox_mAP_l: 0.3800  data_time: 0.0643  time: 0.1255
2025/05/13 02:48:41 - mmengine - INFO - Epoch(train) [10][ 50/352]  lr: 2.0000e-03  eta: 0:31:34  time: 0.2618  data_time: 0.0082  memory: 1437  loss: 1.4997  loss_cls: 1.0753  loss_bbox: 0.4244
2025/05/13 02:48:53 - mmengine - INFO - Epoch(train) [10][100/352]  lr: 2.0000e-03  eta: 0:31:20  time: 0.2522  data_time: 0.0034  memory: 1437  loss: 1.5369  loss_cls: 1.1105  loss_bbox: 0.4264
2025/05/13 02:49:06 - mmengine - INFO - Epoch(train) [10][150/352]  lr: 2.0000e-03  eta: 0:31:07  time: 0.2518  data_time: 0.0033  memory: 1437  loss: 1.5887  loss_cls: 1.1385  loss_bbox: 0.4502
2025/05/13 02:49:19 - mmengine - INFO - Epoch(train) [10][200/352]  lr: 2.0000e-03  eta: 0:30:53  time: 0.2526  data_time: 0.0031  memory: 1437  loss: 1.5004  loss_cls: 1.0752  loss_bbox: 0.4252
2025/05/13 02:49:31 - mmengine - INFO - Epoch(train) [10][250/352]  lr: 2.0000e-03  eta: 0:30:40  time: 0.2565  data_time: 0.0032  memory: 1437  loss: 1.4807  loss_cls: 1.0565  loss_bbox: 0.4241
2025/05/13 02:49:44 - mmengine - INFO - Epoch(train) [10][300/352]  lr: 2.0000e-03  eta: 0:30:28  time: 0.2603  data_time: 0.0033  memory: 1437  loss: 1.4516  loss_cls: 1.0372  loss_bbox: 0.4144
2025/05/13 02:49:57 - mmengine - INFO - Epoch(train) [10][350/352]  lr: 2.0000e-03  eta: 0:30:14  time: 0.2538  data_time: 0.0033  memory: 1437  loss: 1.3680  loss_cls: 0.9824  loss_bbox: 0.3856
2025/05/13 02:49:58 - mmengine - INFO - Exp name: ssd300_fs_pmd_20250513_023403
2025/05/13 02:49:59 - mmengine - INFO - Evaluating bbox...
2025/05/13 02:50:01 - mmengine - INFO - bbox_mAP_copypaste: 0.325 0.659 0.264 -1.000 0.178 0.354
2025/05/13 02:50:01 - mmengine - INFO - Epoch(val) [10][7/7]    coco/bbox_mAP: 0.3250  coco/bbox_mAP_50: 0.6590  coco/bbox_mAP_75: 0.2640  coco/bbox_mAP_s: -1.0000  coco/bbox_mAP_m: 0.1780  coco/bbox_mAP_l: 0.3540  data_time: 0.0652  time: 0.1245
2025/05/13 02:50:14 - mmengine - INFO - Epoch(train) [11][ 50/352]  lr: 2.0000e-03  eta: 0:30:02  time: 0.2673  data_time: 0.0082  memory: 1437  loss: 1.3040  loss_cls: 0.9229  loss_bbox: 0.3812
2025/05/13 02:50:27 - mmengine - INFO - Epoch(train) [11][100/352]  lr: 2.0000e-03  eta: 0:29:49  time: 0.2550  data_time: 0.0032  memory: 1437  loss: 1.3044  loss_cls: 0.9179  loss_bbox: 0.3865
2025/05/13 02:50:40 - mmengine - INFO - Epoch(train) [11][150/352]  lr: 2.0000e-03  eta: 0:29:35  time: 0.2526  data_time: 0.0036  memory: 1437  loss: 1.2815  loss_cls: 0.8997  loss_bbox: 0.3817
2025/05/13 02:50:52 - mmengine - INFO - Epoch(train) [11][200/352]  lr: 2.0000e-03  eta: 0:29:22  time: 0.2521  data_time: 0.0032  memory: 1437  loss: 1.2408  loss_cls: 0.8605  loss_bbox: 0.3803
2025/05/13 02:51:05 - mmengine - INFO - Epoch(train) [11][250/352]  lr: 2.0000e-03  eta: 0:29:09  time: 0.2541  data_time: 0.0031  memory: 1437  loss: 1.2256  loss_cls: 0.8557  loss_bbox: 0.3699
2025/05/13 02:51:18 - mmengine - INFO - Epoch(train) [11][300/352]  lr: 2.0000e-03  eta: 0:28:55  time: 0.2519  data_time: 0.0033  memory: 1437  loss: 1.2073  loss_cls: 0.8382  loss_bbox: 0.3690
2025/05/13 02:51:30 - mmengine - INFO - Epoch(train) [11][350/352]  lr: 2.0000e-03  eta: 0:28:42  time: 0.2537  data_time: 0.0032  memory: 1437  loss: 1.1992  loss_cls: 0.8405  loss_bbox: 0.3587
2025/05/13 02:51:31 - mmengine - INFO - Exp name: ssd300_fs_pmd_20250513_023403
2025/05/13 02:51:32 - mmengine - INFO - Evaluating bbox...
2025/05/13 02:51:34 - mmengine - INFO - bbox_mAP_copypaste: 0.331 0.654 0.286 -1.000 0.161 0.363
2025/05/13 02:51:34 - mmengine - INFO - Epoch(val) [11][7/7]    coco/bbox_mAP: 0.3310  coco/bbox_mAP_50: 0.6540  coco/bbox_mAP_75: 0.2860  coco/bbox_mAP_s: -1.0000  coco/bbox_mAP_m: 0.1610  coco/bbox_mAP_l: 0.3630  data_time: 0.0647  time: 0.1257
2025/05/13 02:51:47 - mmengine - INFO - Epoch(train) [12][ 50/352]  lr: 2.0000e-03  eta: 0:28:29  time: 0.2618  data_time: 0.0081  memory: 1437  loss: 1.0699  loss_cls: 0.7295  loss_bbox: 0.3404
2025/05/13 02:52:00 - mmengine - INFO - Epoch(train) [12][100/352]  lr: 2.0000e-03  eta: 0:28:16  time: 0.2527  data_time: 0.0031  memory: 1437  loss: 1.0494  loss_cls: 0.7100  loss_bbox: 0.3394
2025/05/13 02:52:07 - mmengine - INFO - Exp name: ssd300_fs_pmd_20250513_023403
2025/05/13 02:52:12 - mmengine - INFO - Epoch(train) [12][150/352]  lr: 2.0000e-03  eta: 0:28:02  time: 0.2513  data_time: 0.0032  memory: 1437  loss: 1.0704  loss_cls: 0.7282  loss_bbox: 0.3422
2025/05/13 02:52:25 - mmengine - INFO - Epoch(train) [12][200/352]  lr: 2.0000e-03  eta: 0:27:50  time: 0.2584  data_time: 0.0032  memory: 1437  loss: 1.0281  loss_cls: 0.6892  loss_bbox: 0.3389
2025/05/13 02:52:38 - mmengine - INFO - Epoch(train) [12][250/352]  lr: 2.0000e-03  eta: 0:27:36  time: 0.2517  data_time: 0.0032  memory: 1437  loss: 0.9956  loss_cls: 0.6780  loss_bbox: 0.3176
2025/05/13 02:52:50 - mmengine - INFO - Epoch(train) [12][300/352]  lr: 2.0000e-03  eta: 0:27:23  time: 0.2513  data_time: 0.0031  memory: 1437  loss: 0.9386  loss_cls: 0.6213  loss_bbox: 0.3173
2025/05/13 02:53:03 - mmengine - INFO - Epoch(train) [12][350/352]  lr: 2.0000e-03  eta: 0:27:10  time: 0.2517  data_time: 0.0032  memory: 1437  loss: 0.9297  loss_cls: 0.6118  loss_bbox: 0.3179
2025/05/13 02:53:03 - mmengine - INFO - Exp name: ssd300_fs_pmd_20250513_023403
2025/05/13 02:53:04 - mmengine - INFO - Evaluating bbox...
2025/05/13 02:53:06 - mmengine - INFO - bbox_mAP_copypaste: 0.337 0.674 0.292 -1.000 0.160 0.368
2025/05/13 02:53:06 - mmengine - INFO - Epoch(val) [12][7/7]    coco/bbox_mAP: 0.3370  coco/bbox_mAP_50: 0.6740  coco/bbox_mAP_75: 0.2920  coco/bbox_mAP_s: -1.0000  coco/bbox_mAP_m: 0.1600  coco/bbox_mAP_l: 0.3680  data_time: 0.0620  time: 0.1218
2025/05/13 02:53:19 - mmengine - INFO - Epoch(train) [13][ 50/352]  lr: 2.0000e-03  eta: 0:26:56  time: 0.2608  data_time: 0.0086  memory: 1437  loss: 0.8882  loss_cls: 0.5745  loss_bbox: 0.3136
2025/05/13 02:53:32 - mmengine - INFO - Epoch(train) [13][100/352]  lr: 2.0000e-03  eta: 0:26:43  time: 0.2505  data_time: 0.0035  memory: 1437  loss: 0.8493  loss_cls: 0.5472  loss_bbox: 0.3022
2025/05/13 02:53:45 - mmengine - INFO - Epoch(train) [13][150/352]  lr: 2.0000e-03  eta: 0:26:30  time: 0.2563  data_time: 0.0034  memory: 1437  loss: 0.8594  loss_cls: 0.5595  loss_bbox: 0.2998
2025/05/13 02:53:58 - mmengine - INFO - Epoch(train) [13][200/352]  lr: 2.0000e-03  eta: 0:26:17  time: 0.2574  data_time: 0.0031  memory: 1437  loss: 0.8361  loss_cls: 0.5344  loss_bbox: 0.3017
2025/05/13 02:54:10 - mmengine - INFO - Epoch(train) [13][250/352]  lr: 2.0000e-03  eta: 0:26:04  time: 0.2514  data_time: 0.0034  memory: 1437  loss: 0.8122  loss_cls: 0.5127  loss_bbox: 0.2994
2025/05/13 02:54:23 - mmengine - INFO - Epoch(train) [13][300/352]  lr: 2.0000e-03  eta: 0:25:51  time: 0.2493  data_time: 0.0035  memory: 1437  loss: 0.7439  loss_cls: 0.4611  loss_bbox: 0.2828
2025/05/13 02:54:35 - mmengine - INFO - Epoch(train) [13][350/352]  lr: 2.0000e-03  eta: 0:25:38  time: 0.2530  data_time: 0.0034  memory: 1437  loss: 0.7449  loss_cls: 0.4608  loss_bbox: 0.2841
2025/05/13 02:54:36 - mmengine - INFO - Exp name: ssd300_fs_pmd_20250513_023403
2025/05/13 02:54:37 - mmengine - INFO - Evaluating bbox...
2025/05/13 02:54:39 - mmengine - INFO - bbox_mAP_copypaste: 0.315 0.630 0.269 -1.000 0.149 0.349
2025/05/13 02:54:39 - mmengine - INFO - Epoch(val) [13][7/7]    coco/bbox_mAP: 0.3150  coco/bbox_mAP_50: 0.6300  coco/bbox_mAP_75: 0.2690  coco/bbox_mAP_s: -1.0000  coco/bbox_mAP_m: 0.1490  coco/bbox_mAP_l: 0.3490  data_time: 0.0666  time: 0.1284
2025/05/13 02:54:52 - mmengine - INFO - Epoch(train) [14][ 50/352]  lr: 2.0000e-03  eta: 0:25:25  time: 0.2626  data_time: 0.0084  memory: 1437  loss: 0.6654  loss_cls: 0.4013  loss_bbox: 0.2641
2025/05/13 02:55:04 - mmengine - INFO - Epoch(train) [14][100/352]  lr: 2.0000e-03  eta: 0:25:11  time: 0.2501  data_time: 0.0032  memory: 1437  loss: 0.6522  loss_cls: 0.3846  loss_bbox: 0.2676
2025/05/13 02:55:17 - mmengine - INFO - Epoch(train) [14][150/352]  lr: 2.0000e-03  eta: 0:24:58  time: 0.2493  data_time: 0.0033  memory: 1437  loss: 0.6107  loss_cls: 0.3588  loss_bbox: 0.2520
2025/05/13 02:55:29 - mmengine - INFO - Epoch(train) [14][200/352]  lr: 2.0000e-03  eta: 0:24:45  time: 0.2502  data_time: 0.0034  memory: 1437  loss: 0.5829  loss_cls: 0.3394  loss_bbox: 0.2435
2025/05/13 02:55:42 - mmengine - INFO - Epoch(train) [14][250/352]  lr: 2.0000e-03  eta: 0:24:32  time: 0.2526  data_time: 0.0033  memory: 1437  loss: 0.5851  loss_cls: 0.3354  loss_bbox: 0.2497
2025/05/13 02:55:55 - mmengine - INFO - Epoch(train) [14][300/352]  lr: 2.0000e-03  eta: 0:24:19  time: 0.2527  data_time: 0.0030  memory: 1437  loss: 0.5817  loss_cls: 0.3362  loss_bbox: 0.2455
2025/05/13 02:56:07 - mmengine - INFO - Epoch(train) [14][350/352]  lr: 2.0000e-03  eta: 0:24:06  time: 0.2552  data_time: 0.0032  memory: 1437  loss: 0.6533  loss_cls: 0.3875  loss_bbox: 0.2658
2025/05/13 02:56:08 - mmengine - INFO - Exp name: ssd300_fs_pmd_20250513_023403
2025/05/13 02:56:09 - mmengine - INFO - Evaluating bbox...
2025/05/13 02:56:11 - mmengine - INFO - bbox_mAP_copypaste: 0.313 0.629 0.266 -1.000 0.152 0.347
2025/05/13 02:56:11 - mmengine - INFO - Epoch(val) [14][7/7]    coco/bbox_mAP: 0.3130  coco/bbox_mAP_50: 0.6290  coco/bbox_mAP_75: 0.2660  coco/bbox_mAP_s: -1.0000  coco/bbox_mAP_m: 0.1520  coco/bbox_mAP_l: 0.3470  data_time: 0.0666  time: 0.1258
2025/05/13 02:56:24 - mmengine - INFO - Epoch(train) [15][ 50/352]  lr: 2.0000e-03  eta: 0:23:53  time: 0.2638  data_time: 0.0082  memory: 1437  loss: 0.5432  loss_cls: 0.3059  loss_bbox: 0.2373
2025/05/13 02:56:30 - mmengine - INFO - Exp name: ssd300_fs_pmd_20250513_023403
2025/05/13 02:56:37 - mmengine - INFO - Epoch(train) [15][100/352]  lr: 2.0000e-03  eta: 0:23:40  time: 0.2555  data_time: 0.0033  memory: 1437  loss: 0.5148  loss_cls: 0.2797  loss_bbox: 0.2351
2025/05/13 02:56:49 - mmengine - INFO - Epoch(train) [15][150/352]  lr: 2.0000e-03  eta: 0:23:27  time: 0.2547  data_time: 0.0033  memory: 1437  loss: 0.4903  loss_cls: 0.2613  loss_bbox: 0.2290
2025/05/13 02:57:02 - mmengine - INFO - Epoch(train) [15][200/352]  lr: 2.0000e-03  eta: 0:23:14  time: 0.2537  data_time: 0.0032  memory: 1437  loss: 0.4816  loss_cls: 0.2541  loss_bbox: 0.2275
2025/05/13 02:57:15 - mmengine - INFO - Epoch(train) [15][250/352]  lr: 2.0000e-03  eta: 0:23:01  time: 0.2527  data_time: 0.0030  memory: 1437  loss: 0.4848  loss_cls: 0.2551  loss_bbox: 0.2296
2025/05/13 02:57:27 - mmengine - INFO - Epoch(train) [15][300/352]  lr: 2.0000e-03  eta: 0:22:48  time: 0.2524  data_time: 0.0031  memory: 1437  loss: 0.4357  loss_cls: 0.2217  loss_bbox: 0.2140
2025/05/13 02:57:40 - mmengine - INFO - Epoch(train) [15][350/352]  lr: 2.0000e-03  eta: 0:22:34  time: 0.2481  data_time: 0.0034  memory: 1437  loss: 0.4570  loss_cls: 0.2330  loss_bbox: 0.2239
2025/05/13 02:57:40 - mmengine - INFO - Exp name: ssd300_fs_pmd_20250513_023403
2025/05/13 02:57:41 - mmengine - INFO - Evaluating bbox...
2025/05/13 02:57:43 - mmengine - INFO - bbox_mAP_copypaste: 0.302 0.608 0.260 -1.000 0.142 0.334
2025/05/13 02:57:43 - mmengine - INFO - Epoch(val) [15][7/7]    coco/bbox_mAP: 0.3020  coco/bbox_mAP_50: 0.6080  coco/bbox_mAP_75: 0.2600  coco/bbox_mAP_s: -1.0000  coco/bbox_mAP_m: 0.1420  coco/bbox_mAP_l: 0.3340  data_time: 0.0628  time: 0.1263
2025/05/13 02:57:56 - mmengine - INFO - Epoch(train) [16][ 50/352]  lr: 2.0000e-03  eta: 0:22:22  time: 0.2670  data_time: 0.0082  memory: 1437  loss: 0.4036  loss_cls: 0.1972  loss_bbox: 0.2064
2025/05/13 02:58:09 - mmengine - INFO - Epoch(train) [16][100/352]  lr: 2.0000e-03  eta: 0:22:08  time: 0.2520  data_time: 0.0032  memory: 1437  loss: 0.3807  loss_cls: 0.1863  loss_bbox: 0.1943
2025/05/13 02:58:22 - mmengine - INFO - Epoch(train) [16][150/352]  lr: 2.0000e-03  eta: 0:21:56  time: 0.2547  data_time: 0.0031  memory: 1437  loss: 0.3798  loss_cls: 0.1810  loss_bbox: 0.1988
2025/05/13 02:58:34 - mmengine - INFO - Epoch(train) [16][200/352]  lr: 2.0000e-03  eta: 0:21:42  time: 0.2512  data_time: 0.0034  memory: 1437  loss: 0.3657  loss_cls: 0.1695  loss_bbox: 0.1963
2025/05/13 02:58:47 - mmengine - INFO - Epoch(train) [16][250/352]  lr: 2.0000e-03  eta: 0:21:30  time: 0.2564  data_time: 0.0032  memory: 1437  loss: 0.3459  loss_cls: 0.1537  loss_bbox: 0.1922
2025/05/13 02:59:00 - mmengine - INFO - Epoch(train) [16][300/352]  lr: 2.0000e-03  eta: 0:21:17  time: 0.2564  data_time: 0.0031  memory: 1437  loss: 0.3289  loss_cls: 0.1437  loss_bbox: 0.1853
2025/05/13 02:59:12 - mmengine - INFO - Epoch(train) [16][350/352]  lr: 2.0000e-03  eta: 0:21:04  time: 0.2490  data_time: 0.0032  memory: 1437  loss: 0.3158  loss_cls: 0.1356  loss_bbox: 0.1802
2025/05/13 02:59:13 - mmengine - INFO - Exp name: ssd300_fs_pmd_20250513_023403
2025/05/13 02:59:14 - mmengine - INFO - Evaluating bbox...
2025/05/13 02:59:16 - mmengine - INFO - bbox_mAP_copypaste: 0.308 0.608 0.275 -1.000 0.146 0.342
2025/05/13 02:59:16 - mmengine - INFO - Epoch(val) [16][7/7]    coco/bbox_mAP: 0.3080  coco/bbox_mAP_50: 0.6080  coco/bbox_mAP_75: 0.2750  coco/bbox_mAP_s: -1.0000  coco/bbox_mAP_m: 0.1460  coco/bbox_mAP_l: 0.3420  data_time: 0.0671  time: 0.1252
2025/05/13 02:59:29 - mmengine - INFO - Epoch(train) [17][ 50/352]  lr: 2.0000e-04  eta: 0:20:51  time: 0.2640  data_time: 0.0081  memory: 1437  loss: 0.2659  loss_cls: 0.1108  loss_bbox: 0.1551
2025/05/13 02:59:42 - mmengine - INFO - Epoch(train) [17][100/352]  lr: 2.0000e-04  eta: 0:20:38  time: 0.2528  data_time: 0.0035  memory: 1437  loss: 0.2448  loss_cls: 0.1003  loss_bbox: 0.1445
2025/05/13 02:59:54 - mmengine - INFO - Epoch(train) [17][150/352]  lr: 2.0000e-04  eta: 0:20:25  time: 0.2520  data_time: 0.0030  memory: 1437  loss: 0.2422  loss_cls: 0.0979  loss_bbox: 0.1443
2025/05/13 03:00:07 - mmengine - INFO - Epoch(train) [17][200/352]  lr: 2.0000e-04  eta: 0:20:12  time: 0.2544  data_time: 0.0031  memory: 1437  loss: 0.2460  loss_cls: 0.0987  loss_bbox: 0.1474
2025/05/13 03:00:20 - mmengine - INFO - Epoch(train) [17][250/352]  lr: 2.0000e-04  eta: 0:19:59  time: 0.2539  data_time: 0.0032  memory: 1437  loss: 0.2483  loss_cls: 0.0999  loss_bbox: 0.1484
2025/05/13 03:00:32 - mmengine - INFO - Epoch(train) [17][300/352]  lr: 2.0000e-04  eta: 0:19:46  time: 0.2489  data_time: 0.0031  memory: 1437  loss: 0.2409  loss_cls: 0.0963  loss_bbox: 0.1446
2025/05/13 03:00:45 - mmengine - INFO - Epoch(train) [17][350/352]  lr: 2.0000e-04  eta: 0:19:33  time: 0.2499  data_time: 0.0034  memory: 1437  loss: 0.2367  loss_cls: 0.0944  loss_bbox: 0.1423
2025/05/13 03:00:45 - mmengine - INFO - Exp name: ssd300_fs_pmd_20250513_023403
2025/05/13 03:00:46 - mmengine - INFO - Evaluating bbox...
2025/05/13 03:00:48 - mmengine - INFO - bbox_mAP_copypaste: 0.315 0.622 0.282 -1.000 0.149 0.348
2025/05/13 03:00:48 - mmengine - INFO - Epoch(val) [17][7/7]    coco/bbox_mAP: 0.3150  coco/bbox_mAP_50: 0.6220  coco/bbox_mAP_75: 0.2820  coco/bbox_mAP_s: -1.0000  coco/bbox_mAP_m: 0.1490  coco/bbox_mAP_l: 0.3480  data_time: 0.0656  time: 0.1255
2025/05/13 03:00:52 - mmengine - INFO - Exp name: ssd300_fs_pmd_20250513_023403
2025/05/13 03:01:01 - mmengine - INFO - Epoch(train) [18][ 50/352]  lr: 2.0000e-04  eta: 0:19:20  time: 0.2669  data_time: 0.0081  memory: 1437  loss: 0.2379  loss_cls: 0.0946  loss_bbox: 0.1433
2025/05/13 03:01:14 - mmengine - INFO - Epoch(train) [18][100/352]  lr: 2.0000e-04  eta: 0:19:07  time: 0.2525  data_time: 0.0034  memory: 1437  loss: 0.2318  loss_cls: 0.0913  loss_bbox: 0.1405
2025/05/13 03:01:26 - mmengine - INFO - Epoch(train) [18][150/352]  lr: 2.0000e-04  eta: 0:18:54  time: 0.2501  data_time: 0.0033  memory: 1437  loss: 0.2323  loss_cls: 0.0913  loss_bbox: 0.1410
2025/05/13 03:01:39 - mmengine - INFO - Epoch(train) [18][200/352]  lr: 2.0000e-04  eta: 0:18:41  time: 0.2523  data_time: 0.0032  memory: 1437  loss: 0.2340  loss_cls: 0.0932  loss_bbox: 0.1408
2025/05/13 03:01:52 - mmengine - INFO - Epoch(train) [18][250/352]  lr: 2.0000e-04  eta: 0:18:28  time: 0.2510  data_time: 0.0033  memory: 1437  loss: 0.2308  loss_cls: 0.0917  loss_bbox: 0.1391
2025/05/13 03:02:04 - mmengine - INFO - Epoch(train) [18][300/352]  lr: 2.0000e-04  eta: 0:18:15  time: 0.2572  data_time: 0.0032  memory: 1437  loss: 0.2305  loss_cls: 0.0908  loss_bbox: 0.1396
2025/05/13 03:02:17 - mmengine - INFO - Epoch(train) [18][350/352]  lr: 2.0000e-04  eta: 0:18:02  time: 0.2542  data_time: 0.0032  memory: 1437  loss: 0.2303  loss_cls: 0.0896  loss_bbox: 0.1407
2025/05/13 03:02:18 - mmengine - INFO - Exp name: ssd300_fs_pmd_20250513_023403
2025/05/13 03:02:19 - mmengine - INFO - Evaluating bbox...
2025/05/13 03:02:20 - mmengine - INFO - bbox_mAP_copypaste: 0.317 0.625 0.283 -1.000 0.146 0.350
2025/05/13 03:02:20 - mmengine - INFO - Epoch(val) [18][7/7]    coco/bbox_mAP: 0.3170  coco/bbox_mAP_50: 0.6250  coco/bbox_mAP_75: 0.2830  coco/bbox_mAP_s: -1.0000  coco/bbox_mAP_m: 0.1460  coco/bbox_mAP_l: 0.3500  data_time: 0.0650  time: 0.1266
2025/05/13 03:02:33 - mmengine - INFO - Epoch(train) [19][ 50/352]  lr: 2.0000e-04  eta: 0:17:49  time: 0.2621  data_time: 0.0084  memory: 1437  loss: 0.2183  loss_cls: 0.0835  loss_bbox: 0.1349
2025/05/13 03:02:46 - mmengine - INFO - Epoch(train) [19][100/352]  lr: 2.0000e-04  eta: 0:17:36  time: 0.2552  data_time: 0.0032  memory: 1437  loss: 0.2258  loss_cls: 0.0866  loss_bbox: 0.1393
2025/05/13 03:02:59 - mmengine - INFO - Epoch(train) [19][150/352]  lr: 2.0000e-04  eta: 0:17:23  time: 0.2530  data_time: 0.0033  memory: 1437  loss: 0.2299  loss_cls: 0.0898  loss_bbox: 0.1401
2025/05/13 03:03:12 - mmengine - INFO - Epoch(train) [19][200/352]  lr: 2.0000e-04  eta: 0:17:10  time: 0.2572  data_time: 0.0033  memory: 1437  loss: 0.2229  loss_cls: 0.0852  loss_bbox: 0.1378
2025/05/13 03:03:25 - mmengine - INFO - Epoch(train) [19][250/352]  lr: 2.0000e-04  eta: 0:16:58  time: 0.2572  data_time: 0.0032  memory: 1437  loss: 0.2267  loss_cls: 0.0887  loss_bbox: 0.1380
2025/05/13 03:03:37 - mmengine - INFO - Epoch(train) [19][300/352]  lr: 2.0000e-04  eta: 0:16:45  time: 0.2500  data_time: 0.0034  memory: 1437  loss: 0.2142  loss_cls: 0.0808  loss_bbox: 0.1334
2025/05/13 03:03:50 - mmengine - INFO - Epoch(train) [19][350/352]  lr: 2.0000e-04  eta: 0:16:32  time: 0.2518  data_time: 0.0032  memory: 1437  loss: 0.2230  loss_cls: 0.0860  loss_bbox: 0.1369
2025/05/13 03:03:50 - mmengine - INFO - Exp name: ssd300_fs_pmd_20250513_023403
2025/05/13 03:03:51 - mmengine - INFO - Evaluating bbox...
2025/05/13 03:03:53 - mmengine - INFO - bbox_mAP_copypaste: 0.315 0.622 0.279 -1.000 0.147 0.348
2025/05/13 03:03:53 - mmengine - INFO - Epoch(val) [19][7/7]    coco/bbox_mAP: 0.3150  coco/bbox_mAP_50: 0.6220  coco/bbox_mAP_75: 0.2790  coco/bbox_mAP_s: -1.0000  coco/bbox_mAP_m: 0.1470  coco/bbox_mAP_l: 0.3480  data_time: 0.0628  time: 0.1231
2025/05/13 03:04:06 - mmengine - INFO - Epoch(train) [20][ 50/352]  lr: 2.0000e-04  eta: 0:16:19  time: 0.2599  data_time: 0.0083  memory: 1437  loss: 0.2156  loss_cls: 0.0817  loss_bbox: 0.1339
2025/05/13 03:04:19 - mmengine - INFO - Epoch(train) [20][100/352]  lr: 2.0000e-04  eta: 0:16:06  time: 0.2535  data_time: 0.0035  memory: 1437  loss: 0.2205  loss_cls: 0.0848  loss_bbox: 0.1358
2025/05/13 03:04:31 - mmengine - INFO - Epoch(train) [20][150/352]  lr: 2.0000e-04  eta: 0:15:53  time: 0.2529  data_time: 0.0031  memory: 1437  loss: 0.2173  loss_cls: 0.0843  loss_bbox: 0.1329
2025/05/13 03:04:44 - mmengine - INFO - Epoch(train) [20][200/352]  lr: 2.0000e-04  eta: 0:15:40  time: 0.2565  data_time: 0.0032  memory: 1437  loss: 0.2204  loss_cls: 0.0834  loss_bbox: 0.1370
2025/05/13 03:04:57 - mmengine - INFO - Epoch(train) [20][250/352]  lr: 2.0000e-04  eta: 0:15:27  time: 0.2487  data_time: 0.0033  memory: 1437  loss: 0.2187  loss_cls: 0.0832  loss_bbox: 0.1355
2025/05/13 03:05:09 - mmengine - INFO - Epoch(train) [20][300/352]  lr: 2.0000e-04  eta: 0:15:14  time: 0.2533  data_time: 0.0031  memory: 1437  loss: 0.2144  loss_cls: 0.0815  loss_bbox: 0.1329
2025/05/13 03:05:12 - mmengine - INFO - Exp name: ssd300_fs_pmd_20250513_023403
2025/05/13 03:05:22 - mmengine - INFO - Epoch(train) [20][350/352]  lr: 2.0000e-04  eta: 0:15:01  time: 0.2562  data_time: 0.0033  memory: 1437  loss: 0.2124  loss_cls: 0.0791  loss_bbox: 0.1334
2025/05/13 03:05:22 - mmengine - INFO - Exp name: ssd300_fs_pmd_20250513_023403
2025/05/13 03:05:23 - mmengine - INFO - Evaluating bbox...
2025/05/13 03:05:25 - mmengine - INFO - bbox_mAP_copypaste: 0.312 0.617 0.274 -1.000 0.146 0.344
2025/05/13 03:05:25 - mmengine - INFO - Epoch(val) [20][7/7]    coco/bbox_mAP: 0.3120  coco/bbox_mAP_50: 0.6170  coco/bbox_mAP_75: 0.2740  coco/bbox_mAP_s: -1.0000  coco/bbox_mAP_m: 0.1460  coco/bbox_mAP_l: 0.3440  data_time: 0.0628  time: 0.1221
2025/05/13 03:05:38 - mmengine - INFO - Epoch(train) [21][ 50/352]  lr: 2.0000e-04  eta: 0:14:48  time: 0.2631  data_time: 0.0081  memory: 1437  loss: 0.2096  loss_cls: 0.0772  loss_bbox: 0.1324
2025/05/13 03:05:51 - mmengine - INFO - Epoch(train) [21][100/352]  lr: 2.0000e-04  eta: 0:14:35  time: 0.2521  data_time: 0.0034  memory: 1437  loss: 0.2086  loss_cls: 0.0781  loss_bbox: 0.1305
2025/05/13 03:06:04 - mmengine - INFO - Epoch(train) [21][150/352]  lr: 2.0000e-04  eta: 0:14:22  time: 0.2537  data_time: 0.0032  memory: 1437  loss: 0.2105  loss_cls: 0.0785  loss_bbox: 0.1320
2025/05/13 03:06:16 - mmengine - INFO - Epoch(train) [21][200/352]  lr: 2.0000e-04  eta: 0:14:10  time: 0.2544  data_time: 0.0031  memory: 1437  loss: 0.2156  loss_cls: 0.0815  loss_bbox: 0.1341
2025/05/13 03:06:29 - mmengine - INFO - Epoch(train) [21][250/352]  lr: 2.0000e-04  eta: 0:13:57  time: 0.2534  data_time: 0.0032  memory: 1437  loss: 0.2143  loss_cls: 0.0810  loss_bbox: 0.1333
2025/05/13 03:06:42 - mmengine - INFO - Epoch(train) [21][300/352]  lr: 2.0000e-04  eta: 0:13:44  time: 0.2511  data_time: 0.0032  memory: 1437  loss: 0.2109  loss_cls: 0.0786  loss_bbox: 0.1323
2025/05/13 03:06:54 - mmengine - INFO - Epoch(train) [21][350/352]  lr: 2.0000e-04  eta: 0:13:31  time: 0.2513  data_time: 0.0034  memory: 1437  loss: 0.2080  loss_cls: 0.0790  loss_bbox: 0.1290
2025/05/13 03:06:55 - mmengine - INFO - Exp name: ssd300_fs_pmd_20250513_023403
2025/05/13 03:06:56 - mmengine - INFO - Evaluating bbox...
2025/05/13 03:06:57 - mmengine - INFO - bbox_mAP_copypaste: 0.311 0.616 0.277 -1.000 0.145 0.345
2025/05/13 03:06:57 - mmengine - INFO - Epoch(val) [21][7/7]    coco/bbox_mAP: 0.3110  coco/bbox_mAP_50: 0.6160  coco/bbox_mAP_75: 0.2770  coco/bbox_mAP_s: -1.0000  coco/bbox_mAP_m: 0.1450  coco/bbox_mAP_l: 0.3450  data_time: 0.0602  time: 0.1205
2025/05/13 03:07:11 - mmengine - INFO - Epoch(train) [22][ 50/352]  lr: 2.0000e-04  eta: 0:13:18  time: 0.2639  data_time: 0.0084  memory: 1437  loss: 0.2107  loss_cls: 0.0784  loss_bbox: 0.1323
2025/05/13 03:07:23 - mmengine - INFO - Epoch(train) [22][100/352]  lr: 2.0000e-04  eta: 0:13:05  time: 0.2520  data_time: 0.0032  memory: 1437  loss: 0.2042  loss_cls: 0.0760  loss_bbox: 0.1282
2025/05/13 03:07:36 - mmengine - INFO - Epoch(train) [22][150/352]  lr: 2.0000e-04  eta: 0:12:52  time: 0.2548  data_time: 0.0031  memory: 1437  loss: 0.2090  loss_cls: 0.0774  loss_bbox: 0.1316
2025/05/13 03:07:49 - mmengine - INFO - Epoch(train) [22][200/352]  lr: 2.0000e-04  eta: 0:12:39  time: 0.2565  data_time: 0.0032  memory: 1437  loss: 0.2094  loss_cls: 0.0774  loss_bbox: 0.1320
2025/05/13 03:08:01 - mmengine - INFO - Epoch(train) [22][250/352]  lr: 2.0000e-04  eta: 0:12:26  time: 0.2516  data_time: 0.0031  memory: 1437  loss: 0.2010  loss_cls: 0.0745  loss_bbox: 0.1266
2025/05/13 03:08:14 - mmengine - INFO - Epoch(train) [22][300/352]  lr: 2.0000e-04  eta: 0:12:13  time: 0.2468  data_time: 0.0033  memory: 1437  loss: 0.1988  loss_cls: 0.0735  loss_bbox: 0.1253
2025/05/13 03:08:26 - mmengine - INFO - Epoch(train) [22][350/352]  lr: 2.0000e-04  eta: 0:12:01  time: 0.2543  data_time: 0.0033  memory: 1437  loss: 0.2070  loss_cls: 0.0786  loss_bbox: 0.1284
2025/05/13 03:08:27 - mmengine - INFO - Exp name: ssd300_fs_pmd_20250513_023403
2025/05/13 03:08:28 - mmengine - INFO - Evaluating bbox...
2025/05/13 03:08:30 - mmengine - INFO - bbox_mAP_copypaste: 0.310 0.613 0.273 -1.000 0.145 0.343
2025/05/13 03:08:30 - mmengine - INFO - Epoch(val) [22][7/7]    coco/bbox_mAP: 0.3100  coco/bbox_mAP_50: 0.6130  coco/bbox_mAP_75: 0.2730  coco/bbox_mAP_s: -1.0000  coco/bbox_mAP_m: 0.1450  coco/bbox_mAP_l: 0.3430  data_time: 0.0651  time: 0.1235
2025/05/13 03:08:43 - mmengine - INFO - Epoch(train) [23][ 50/352]  lr: 2.0000e-05  eta: 0:11:47  time: 0.2583  data_time: 0.0084  memory: 1437  loss: 0.2029  loss_cls: 0.0749  loss_bbox: 0.1281
2025/05/13 03:08:55 - mmengine - INFO - Epoch(train) [23][100/352]  lr: 2.0000e-05  eta: 0:11:34  time: 0.2555  data_time: 0.0035  memory: 1437  loss: 0.2045  loss_cls: 0.0748  loss_bbox: 0.1297
2025/05/13 03:09:08 - mmengine - INFO - Epoch(train) [23][150/352]  lr: 2.0000e-05  eta: 0:11:22  time: 0.2556  data_time: 0.0033  memory: 1437  loss: 0.1988  loss_cls: 0.0726  loss_bbox: 0.1262
2025/05/13 03:09:21 - mmengine - INFO - Epoch(train) [23][200/352]  lr: 2.0000e-05  eta: 0:11:09  time: 0.2541  data_time: 0.0034  memory: 1437  loss: 0.1951  loss_cls: 0.0717  loss_bbox: 0.1234
2025/05/13 03:09:33 - mmengine - INFO - Epoch(train) [23][250/352]  lr: 2.0000e-05  eta: 0:10:56  time: 0.2522  data_time: 0.0033  memory: 1437  loss: 0.2006  loss_cls: 0.0742  loss_bbox: 0.1264
2025/05/13 03:09:35 - mmengine - INFO - Exp name: ssd300_fs_pmd_20250513_023403
2025/05/13 03:09:46 - mmengine - INFO - Epoch(train) [23][300/352]  lr: 2.0000e-05  eta: 0:10:43  time: 0.2526  data_time: 0.0033  memory: 1437  loss: 0.2014  loss_cls: 0.0732  loss_bbox: 0.1281
2025/05/13 03:09:59 - mmengine - INFO - Epoch(train) [23][350/352]  lr: 2.0000e-05  eta: 0:10:30  time: 0.2522  data_time: 0.0031  memory: 1437  loss: 0.2017  loss_cls: 0.0749  loss_bbox: 0.1268
2025/05/13 03:09:59 - mmengine - INFO - Exp name: ssd300_fs_pmd_20250513_023403
2025/05/13 03:10:00 - mmengine - INFO - Evaluating bbox...
2025/05/13 03:10:02 - mmengine - INFO - bbox_mAP_copypaste: 0.312 0.616 0.278 -1.000 0.144 0.345
2025/05/13 03:10:02 - mmengine - INFO - Epoch(val) [23][7/7]    coco/bbox_mAP: 0.3120  coco/bbox_mAP_50: 0.6160  coco/bbox_mAP_75: 0.2780  coco/bbox_mAP_s: -1.0000  coco/bbox_mAP_m: 0.1440  coco/bbox_mAP_l: 0.3450  data_time: 0.0658  time: 0.1242
2025/05/13 03:10:15 - mmengine - INFO - Epoch(train) [24][ 50/352]  lr: 2.0000e-05  eta: 0:10:17  time: 0.2651  data_time: 0.0083  memory: 1437  loss: 0.2026  loss_cls: 0.0745  loss_bbox: 0.1281
2025/05/13 03:10:28 - mmengine - INFO - Epoch(train) [24][100/352]  lr: 2.0000e-05  eta: 0:10:04  time: 0.2518  data_time: 0.0031  memory: 1437  loss: 0.1970  loss_cls: 0.0711  loss_bbox: 0.1259
2025/05/13 03:10:40 - mmengine - INFO - Epoch(train) [24][150/352]  lr: 2.0000e-05  eta: 0:09:51  time: 0.2537  data_time: 0.0031  memory: 1437  loss: 0.2083  loss_cls: 0.0776  loss_bbox: 0.1307
2025/05/13 03:10:53 - mmengine - INFO - Epoch(train) [24][200/352]  lr: 2.0000e-05  eta: 0:09:39  time: 0.2524  data_time: 0.0034  memory: 1437  loss: 0.2006  loss_cls: 0.0745  loss_bbox: 0.1261
2025/05/13 03:11:06 - mmengine - INFO - Epoch(train) [24][250/352]  lr: 2.0000e-05  eta: 0:09:26  time: 0.2521  data_time: 0.0034  memory: 1437  loss: 0.1988  loss_cls: 0.0720  loss_bbox: 0.1268
2025/05/13 03:11:18 - mmengine - INFO - Epoch(train) [24][300/352]  lr: 2.0000e-05  eta: 0:09:13  time: 0.2501  data_time: 0.0033  memory: 1437  loss: 0.1990  loss_cls: 0.0726  loss_bbox: 0.1264
2025/05/13 03:11:31 - mmengine - INFO - Epoch(train) [24][350/352]  lr: 2.0000e-05  eta: 0:09:00  time: 0.2543  data_time: 0.0032  memory: 1437  loss: 0.2023  loss_cls: 0.0747  loss_bbox: 0.1276
2025/05/13 03:11:31 - mmengine - INFO - Exp name: ssd300_fs_pmd_20250513_023403
2025/05/13 03:11:32 - mmengine - INFO - Evaluating bbox...
2025/05/13 03:11:34 - mmengine - INFO - bbox_mAP_copypaste: 0.312 0.618 0.276 -1.000 0.145 0.344
2025/05/13 03:11:34 - mmengine - INFO - Epoch(val) [24][7/7]    coco/bbox_mAP: 0.3120  coco/bbox_mAP_50: 0.6180  coco/bbox_mAP_75: 0.2760  coco/bbox_mAP_s: -1.0000  coco/bbox_mAP_m: 0.1450  coco/bbox_mAP_l: 0.3440  data_time: 0.0668  time: 0.1263
2025/05/13 03:11:47 - mmengine - INFO - Epoch(train) [25][ 50/352]  lr: 2.0000e-05  eta: 0:08:47  time: 0.2610  data_time: 0.0082  memory: 1437  loss: 0.2029  loss_cls: 0.0749  loss_bbox: 0.1280
2025/05/13 03:12:00 - mmengine - INFO - Epoch(train) [25][100/352]  lr: 2.0000e-05  eta: 0:08:34  time: 0.2528  data_time: 0.0032  memory: 1437  loss: 0.1971  loss_cls: 0.0721  loss_bbox: 0.1250
2025/05/13 03:12:12 - mmengine - INFO - Epoch(train) [25][150/352]  lr: 2.0000e-05  eta: 0:08:21  time: 0.2493  data_time: 0.0034  memory: 1437  loss: 0.1956  loss_cls: 0.0717  loss_bbox: 0.1239
2025/05/13 03:12:25 - mmengine - INFO - Epoch(train) [25][200/352]  lr: 2.0000e-05  eta: 0:08:08  time: 0.2492  data_time: 0.0032  memory: 1437  loss: 0.1959  loss_cls: 0.0720  loss_bbox: 0.1239
2025/05/13 03:12:38 - mmengine - INFO - Epoch(train) [25][250/352]  lr: 2.0000e-05  eta: 0:07:56  time: 0.2591  data_time: 0.0032  memory: 1437  loss: 0.2044  loss_cls: 0.0756  loss_bbox: 0.1288
2025/05/13 03:12:50 - mmengine - INFO - Epoch(train) [25][300/352]  lr: 2.0000e-05  eta: 0:07:43  time: 0.2525  data_time: 0.0034  memory: 1437  loss: 0.1996  loss_cls: 0.0733  loss_bbox: 0.1263
2025/05/13 03:13:03 - mmengine - INFO - Epoch(train) [25][350/352]  lr: 2.0000e-05  eta: 0:07:30  time: 0.2573  data_time: 0.0033  memory: 1437  loss: 0.2004  loss_cls: 0.0721  loss_bbox: 0.1283
2025/05/13 03:13:04 - mmengine - INFO - Exp name: ssd300_fs_pmd_20250513_023403
2025/05/13 03:13:05 - mmengine - INFO - Evaluating bbox...
2025/05/13 03:13:06 - mmengine - INFO - bbox_mAP_copypaste: 0.311 0.617 0.274 -1.000 0.145 0.344
2025/05/13 03:13:06 - mmengine - INFO - Epoch(val) [25][7/7]    coco/bbox_mAP: 0.3110  coco/bbox_mAP_50: 0.6170  coco/bbox_mAP_75: 0.2740  coco/bbox_mAP_s: -1.0000  coco/bbox_mAP_m: 0.1450  coco/bbox_mAP_l: 0.3440  data_time: 0.0648  time: 0.1248
2025/05/13 03:13:19 - mmengine - INFO - Epoch(train) [26][ 50/352]  lr: 2.0000e-05  eta: 0:07:17  time: 0.2565  data_time: 0.0083  memory: 1437  loss: 0.1970  loss_cls: 0.0737  loss_bbox: 0.1233
2025/05/13 03:13:32 - mmengine - INFO - Epoch(train) [26][100/352]  lr: 2.0000e-05  eta: 0:07:04  time: 0.2581  data_time: 0.0032  memory: 1437  loss: 0.1996  loss_cls: 0.0739  loss_bbox: 0.1257
2025/05/13 03:13:45 - mmengine - INFO - Epoch(train) [26][150/352]  lr: 2.0000e-05  eta: 0:06:51  time: 0.2536  data_time: 0.0031  memory: 1437  loss: 0.1951  loss_cls: 0.0711  loss_bbox: 0.1240
2025/05/13 03:13:58 - mmengine - INFO - Exp name: ssd300_fs_pmd_20250513_023403
2025/05/13 03:13:58 - mmengine - INFO - Epoch(train) [26][200/352]  lr: 2.0000e-05  eta: 0:06:38  time: 0.2584  data_time: 0.0031  memory: 1437  loss: 0.2028  loss_cls: 0.0746  loss_bbox: 0.1282
2025/05/13 03:14:11 - mmengine - INFO - Epoch(train) [26][250/352]  lr: 2.0000e-05  eta: 0:06:26  time: 0.2574  data_time: 0.0032  memory: 1437  loss: 0.2034  loss_cls: 0.0749  loss_bbox: 0.1286
2025/05/13 03:14:24 - mmengine - INFO - Epoch(train) [26][300/352]  lr: 2.0000e-05  eta: 0:06:13  time: 0.2611  data_time: 0.0032  memory: 1437  loss: 0.2019  loss_cls: 0.0749  loss_bbox: 0.1270
2025/05/13 03:14:37 - mmengine - INFO - Epoch(train) [26][350/352]  lr: 2.0000e-05  eta: 0:06:00  time: 0.2636  data_time: 0.0034  memory: 1437  loss: 0.2018  loss_cls: 0.0733  loss_bbox: 0.1285
2025/05/13 03:14:37 - mmengine - INFO - Exp name: ssd300_fs_pmd_20250513_023403
2025/05/13 03:14:38 - mmengine - INFO - Evaluating bbox...
2025/05/13 03:14:40 - mmengine - INFO - bbox_mAP_copypaste: 0.311 0.616 0.275 -1.000 0.146 0.343
2025/05/13 03:14:40 - mmengine - INFO - Epoch(val) [26][7/7]    coco/bbox_mAP: 0.3110  coco/bbox_mAP_50: 0.6160  coco/bbox_mAP_75: 0.2750  coco/bbox_mAP_s: -1.0000  coco/bbox_mAP_m: 0.1460  coco/bbox_mAP_l: 0.3430  data_time: 0.0674  time: 0.1279
2025/05/13 03:14:54 - mmengine - INFO - Epoch(train) [27][ 50/352]  lr: 2.0000e-05  eta: 0:05:47  time: 0.2748  data_time: 0.0086  memory: 1437  loss: 0.2025  loss_cls: 0.0745  loss_bbox: 0.1280
2025/05/13 03:15:07 - mmengine - INFO - Epoch(train) [27][100/352]  lr: 2.0000e-05  eta: 0:05:34  time: 0.2621  data_time: 0.0032  memory: 1437  loss: 0.1979  loss_cls: 0.0722  loss_bbox: 0.1257
2025/05/13 03:15:20 - mmengine - INFO - Epoch(train) [27][150/352]  lr: 2.0000e-05  eta: 0:05:21  time: 0.2590  data_time: 0.0032  memory: 1437  loss: 0.1997  loss_cls: 0.0733  loss_bbox: 0.1263
2025/05/13 03:15:33 - mmengine - INFO - Epoch(train) [27][200/352]  lr: 2.0000e-05  eta: 0:05:09  time: 0.2616  data_time: 0.0034  memory: 1437  loss: 0.1995  loss_cls: 0.0737  loss_bbox: 0.1258
2025/05/13 03:15:46 - mmengine - INFO - Epoch(train) [27][250/352]  lr: 2.0000e-05  eta: 0:04:56  time: 0.2584  data_time: 0.0034  memory: 1437  loss: 0.1931  loss_cls: 0.0698  loss_bbox: 0.1233
2025/05/13 03:15:59 - mmengine - INFO - Epoch(train) [27][300/352]  lr: 2.0000e-05  eta: 0:04:43  time: 0.2592  data_time: 0.0033  memory: 1437  loss: 0.1976  loss_cls: 0.0714  loss_bbox: 0.1262
2025/05/13 03:16:12 - mmengine - INFO - Epoch(train) [27][350/352]  lr: 2.0000e-05  eta: 0:04:30  time: 0.2597  data_time: 0.0034  memory: 1437  loss: 0.1936  loss_cls: 0.0701  loss_bbox: 0.1235
2025/05/13 03:16:12 - mmengine - INFO - Exp name: ssd300_fs_pmd_20250513_023403
2025/05/13 03:16:13 - mmengine - INFO - Evaluating bbox...
2025/05/13 03:16:15 - mmengine - INFO - bbox_mAP_copypaste: 0.310 0.614 0.275 -1.000 0.146 0.343
2025/05/13 03:16:15 - mmengine - INFO - Epoch(val) [27][7/7]    coco/bbox_mAP: 0.3100  coco/bbox_mAP_50: 0.6140  coco/bbox_mAP_75: 0.2750  coco/bbox_mAP_s: -1.0000  coco/bbox_mAP_m: 0.1460  coco/bbox_mAP_l: 0.3430  data_time: 0.0703  time: 0.1291
2025/05/13 03:16:29 - mmengine - INFO - Epoch(train) [28][ 50/352]  lr: 2.0000e-05  eta: 0:04:17  time: 0.2689  data_time: 0.0090  memory: 1437  loss: 0.1949  loss_cls: 0.0706  loss_bbox: 0.1243
2025/05/13 03:16:42 - mmengine - INFO - Epoch(train) [28][100/352]  lr: 2.0000e-05  eta: 0:04:04  time: 0.2624  data_time: 0.0033  memory: 1437  loss: 0.1957  loss_cls: 0.0713  loss_bbox: 0.1244
2025/05/13 03:16:55 - mmengine - INFO - Epoch(train) [28][150/352]  lr: 2.0000e-05  eta: 0:03:52  time: 0.2585  data_time: 0.0030  memory: 1437  loss: 0.1998  loss_cls: 0.0733  loss_bbox: 0.1266
2025/05/13 03:17:08 - mmengine - INFO - Epoch(train) [28][200/352]  lr: 2.0000e-05  eta: 0:03:39  time: 0.2610  data_time: 0.0034  memory: 1437  loss: 0.1993  loss_cls: 0.0719  loss_bbox: 0.1274
2025/05/13 03:17:21 - mmengine - INFO - Epoch(train) [28][250/352]  lr: 2.0000e-05  eta: 0:03:26  time: 0.2578  data_time: 0.0033  memory: 1437  loss: 0.1994  loss_cls: 0.0734  loss_bbox: 0.1259
2025/05/13 03:17:33 - mmengine - INFO - Epoch(train) [28][300/352]  lr: 2.0000e-05  eta: 0:03:13  time: 0.2533  data_time: 0.0033  memory: 1437  loss: 0.1943  loss_cls: 0.0713  loss_bbox: 0.1231
2025/05/13 03:17:47 - mmengine - INFO - Epoch(train) [28][350/352]  lr: 2.0000e-05  eta: 0:03:00  time: 0.2755  data_time: 0.0039  memory: 1437  loss: 0.2011  loss_cls: 0.0743  loss_bbox: 0.1269
2025/05/13 03:17:48 - mmengine - INFO - Exp name: ssd300_fs_pmd_20250513_023403
2025/05/13 03:17:49 - mmengine - INFO - Evaluating bbox...
2025/05/13 03:17:51 - mmengine - INFO - bbox_mAP_copypaste: 0.310 0.615 0.275 -1.000 0.145 0.343
2025/05/13 03:17:51 - mmengine - INFO - Epoch(val) [28][7/7]    coco/bbox_mAP: 0.3100  coco/bbox_mAP_50: 0.6150  coco/bbox_mAP_75: 0.2750  coco/bbox_mAP_s: -1.0000  coco/bbox_mAP_m: 0.1450  coco/bbox_mAP_l: 0.3430  data_time: 0.0678  time: 0.1331
2025/05/13 03:18:04 - mmengine - INFO - Epoch(train) [29][ 50/352]  lr: 2.0000e-05  eta: 0:02:47  time: 0.2717  data_time: 0.0089  memory: 1437  loss: 0.2066  loss_cls: 0.0769  loss_bbox: 0.1296
2025/05/13 03:18:17 - mmengine - INFO - Epoch(train) [29][100/352]  lr: 2.0000e-05  eta: 0:02:34  time: 0.2580  data_time: 0.0033  memory: 1437  loss: 0.1984  loss_cls: 0.0739  loss_bbox: 0.1245
2025/05/13 03:18:29 - mmengine - INFO - Exp name: ssd300_fs_pmd_20250513_023403
2025/05/13 03:18:30 - mmengine - INFO - Epoch(train) [29][150/352]  lr: 2.0000e-05  eta: 0:02:22  time: 0.2597  data_time: 0.0033  memory: 1437  loss: 0.1999  loss_cls: 0.0740  loss_bbox: 0.1259
2025/05/13 03:18:43 - mmengine - INFO - Epoch(train) [29][200/352]  lr: 2.0000e-05  eta: 0:02:09  time: 0.2545  data_time: 0.0035  memory: 1437  loss: 0.1909  loss_cls: 0.0691  loss_bbox: 0.1218
2025/05/13 03:18:57 - mmengine - INFO - Epoch(train) [29][250/352]  lr: 2.0000e-05  eta: 0:01:56  time: 0.2829  data_time: 0.0041  memory: 1437  loss: 0.1961  loss_cls: 0.0722  loss_bbox: 0.1240
2025/05/13 03:19:11 - mmengine - INFO - Epoch(train) [29][300/352]  lr: 2.0000e-05  eta: 0:01:43  time: 0.2846  data_time: 0.0046  memory: 1437  loss: 0.2006  loss_cls: 0.0740  loss_bbox: 0.1266
2025/05/13 03:19:24 - mmengine - INFO - Epoch(train) [29][350/352]  lr: 2.0000e-05  eta: 0:01:30  time: 0.2591  data_time: 0.0034  memory: 1437  loss: 0.1995  loss_cls: 0.0729  loss_bbox: 0.1266
2025/05/13 03:19:25 - mmengine - INFO - Exp name: ssd300_fs_pmd_20250513_023403
2025/05/13 03:19:26 - mmengine - INFO - Evaluating bbox...
2025/05/13 03:19:27 - mmengine - INFO - bbox_mAP_copypaste: 0.312 0.617 0.279 -1.000 0.145 0.345
2025/05/13 03:19:27 - mmengine - INFO - Epoch(val) [29][7/7]    coco/bbox_mAP: 0.3120  coco/bbox_mAP_50: 0.6170  coco/bbox_mAP_75: 0.2790  coco/bbox_mAP_s: -1.0000  coco/bbox_mAP_m: 0.1450  coco/bbox_mAP_l: 0.3450  data_time: 0.0697  time: 0.1338
2025/05/13 03:19:41 - mmengine - INFO - Epoch(train) [30][ 50/352]  lr: 2.0000e-05  eta: 0:01:17  time: 0.2668  data_time: 0.0086  memory: 1437  loss: 0.1978  loss_cls: 0.0725  loss_bbox: 0.1253
2025/05/13 03:19:54 - mmengine - INFO - Epoch(train) [30][100/352]  lr: 2.0000e-05  eta: 0:01:04  time: 0.2639  data_time: 0.0035  memory: 1437  loss: 0.2014  loss_cls: 0.0742  loss_bbox: 0.1272
2025/05/13 03:20:07 - mmengine - INFO - Epoch(train) [30][150/352]  lr: 2.0000e-05  eta: 0:00:51  time: 0.2567  data_time: 0.0034  memory: 1437  loss: 0.2048  loss_cls: 0.0759  loss_bbox: 0.1289
2025/05/13 03:20:19 - mmengine - INFO - Epoch(train) [30][200/352]  lr: 2.0000e-05  eta: 0:00:39  time: 0.2482  data_time: 0.0033  memory: 1437  loss: 0.1944  loss_cls: 0.0712  loss_bbox: 0.1232
2025/05/13 03:20:32 - mmengine - INFO - Epoch(train) [30][250/352]  lr: 2.0000e-05  eta: 0:00:26  time: 0.2565  data_time: 0.0031  memory: 1437  loss: 0.1967  loss_cls: 0.0718  loss_bbox: 0.1249
2025/05/13 03:20:45 - mmengine - INFO - Epoch(train) [30][300/352]  lr: 2.0000e-05  eta: 0:00:13  time: 0.2524  data_time: 0.0032  memory: 1437  loss: 0.1951  loss_cls: 0.0710  loss_bbox: 0.1241
2025/05/13 03:20:57 - mmengine - INFO - Epoch(train) [30][350/352]  lr: 2.0000e-05  eta: 0:00:00  time: 0.2536  data_time: 0.0033  memory: 1437  loss: 0.1983  loss_cls: 0.0719  loss_bbox: 0.1264
2025/05/13 03:20:58 - mmengine - INFO - Exp name: ssd300_fs_pmd_20250513_023403
2025/05/13 03:20:58 - mmengine - INFO - Saving checkpoint at 30 epochs
2025/05/13 03:21:00 - mmengine - INFO - Evaluating bbox...
2025/05/13 03:21:02 - mmengine - INFO - bbox_mAP_copypaste: 0.311 0.616 0.277 -1.000 0.144 0.344
2025/05/13 03:21:02 - mmengine - INFO - Epoch(val) [30][7/7]    coco/bbox_mAP: 0.3110  coco/bbox_mAP_50: 0.6160  coco/bbox_mAP_75: 0.2770  coco/bbox_mAP_s: -1.0000  coco/bbox_mAP_m: 0.1440  coco/bbox_mAP_l: 0.3440  data_time: 0.0683  time: 0.1300
