2025/05/13 10:59:35 - mmengine - INFO - 
------------------------------------------------------------
System environment:
    sys.platform: win32
    Python: 3.9.13 (tags/v3.9.13:6de2ca5, May 17 2022, 16:36:42) [MSC v.1929 64 bit (AMD64)]
    CUDA available: True
    MUSA available: False
    numpy_random_seed: 1906921102
    GPU 0: NVIDIA GeForce RTX 3070 Ti
    CUDA_HOME: C:\Program Files\NVIDIA GPU Computing Toolkit\CUDA\v12.6
    NVCC: Cuda compilation tools, release 12.6, V12.6.85
    MSVC: Microsoft (R) C/C++ Optimizing Compiler Version 19.42.34433 for x64
    GCC: n/a
    PyTorch: 2.1.0+cu118
    PyTorch compiling details: PyTorch built with:
  - C++ Version: 199711
  - MSVC 192930151
  - Intel(R) Math Kernel Library Version 2020.0.2 Product Build 20200624 for Intel(R) 64 architecture applications
  - Intel(R) MKL-DNN v3.1.1 (Git Hash 64f6bcbcbab628e96f33a62c3e975f8535a7bde4)
  - OpenMP 2019
  - LAPACK is enabled (usually provided by MKL)
  - CPU capability usage: AVX2
  - CUDA Runtime 11.8
  - NVCC architecture flags: -gencode;arch=compute_37,code=sm_37;-gencode;arch=compute_50,code=sm_50;-gencode;arch=compute_60,code=sm_60;-gencode;arch=compute_61,code=sm_61;-gencode;arch=compute_70,code=sm_70;-gencode;arch=compute_75,code=sm_75;-gencode;arch=compute_80,code=sm_80;-gencode;arch=compute_86,code=sm_86;-gencode;arch=compute_90,code=sm_90;-gencode;arch=compute_37,code=compute_37
  - CuDNN 8.7
  - Magma 2.5.4
  - Build settings: BLAS_INFO=mkl, BUILD_TYPE=Release, CUDA_VERSION=11.8, CUDNN_VERSION=8.7.0, CXX_COMPILER=C:/actions-runner/_work/pytorch/pytorch/builder/windows/tmp_bin/sccache-cl.exe, CXX_FLAGS=/DWIN32 /D_WINDOWS /GR /EHsc /bigobj /FS -DUSE_PTHREADPOOL -DNDEBUG -DUSE_KINETO -DLIBKINETO_NOCUPTI -DLIBKINETO_NOROCTRACER -DUSE_FBGEMM -DUSE_XNNPACK -DSYMBOLICATE_MOBILE_DEBUG_HANDLE /utf-8 /wd4624 /wd4068 /wd4067 /wd4267 /wd4661 /wd4717 /wd4244 /wd4804 /wd4273, LAPACK_INFO=mkl, PERF_WITH_AVX=1, PERF_WITH_AVX2=1, PERF_WITH_AVX512=1, TORCH_DISABLE_GPU_ASSERTS=OFF, TORCH_VERSION=2.1.0, USE_CUDA=ON, USE_CUDNN=ON, USE_EXCEPTION_PTR=1, USE_GFLAGS=OFF, USE_GLOG=OFF, USE_MKL=ON, USE_MKLDNN=ON, USE_MPI=OFF, USE_NCCL=OFF, USE_NNPACK=OFF, USE_OPENMP=ON, USE_ROCM=OFF, 

    TorchVision: 0.16.0+cu118
    OpenCV: 4.10.0
    MMEngine: 0.10.5

Runtime environment:
    cudnn_benchmark: False
    dist_cfg: {'backend': 'nccl'}
    mp_cfg: {'mp_start_method': 'fork', 'opencv_num_threads': 0}
    seed: 1906921102
    Distributed launcher: none
    Distributed training: False
    GPU number: 1
------------------------------------------------------------

2025/05/13 10:59:36 - mmengine - INFO - Config:
auto_scale_lr = dict(base_batch_size=64, enable=False)
backend_args = None
cudnn_benchmark = True
custom_hooks = [
    dict(type='NumClassCheckHook'),
    dict(interval=50, priority='VERY_LOW', type='CheckInvalidLossHook'),
]
data_root = 'D:/Repositories/test/data/larch_casebearer/'
dataset_type = 'CocoDataset'
default_hooks = dict(
    checkpoint=dict(
        interval=0, save_best='coco/bbox_mAP', type='CheckpointHook'),
    logger=dict(interval=50, type='LoggerHook'),
    param_scheduler=dict(type='ParamSchedulerHook'),
    sampler_seed=dict(type='DistSamplerSeedHook'),
    timer=dict(type='IterTimerHook'),
    visualization=dict(type='DetVisualizationHook'))
default_scope = 'mmdet'
env_cfg = dict(
    cudnn_benchmark=False,
    dist_cfg=dict(backend='nccl'),
    mp_cfg=dict(mp_start_method='fork', opencv_num_threads=0))
input_size = 300
launcher = 'none'
load_from = None
log_level = 'INFO'
log_processor = dict(by_epoch=True, type='LogProcessor', window_size=50)
metainfo = dict(
    classes=(
        'H',
        'LD',
        'HD',
        'other',
    ),
    palette=[
        (
            0,
            255,
            0,
        ),
        (
            255,
            128,
            0,
        ),
        (
            255,
            0,
            0,
        ),
        (
            0,
            0,
            255,
        ),
    ])
model = dict(
    backbone=dict(
        ceil_mode=True,
        depth=16,
        init_cfg=dict(
            checkpoint='open-mmlab://vgg16_caffe', type='Pretrained'),
        out_feature_indices=(
            22,
            34,
        ),
        out_indices=(
            3,
            4,
        ),
        type='SSDVGG',
        with_last_pool=False),
    bbox_head=dict(
        anchor_generator=dict(
            basesize_ratio_range=(
                0.15,
                0.9,
            ),
            input_size=300,
            ratios=[
                [
                    2,
                ],
                [
                    2,
                    3,
                ],
                [
                    2,
                    3,
                ],
                [
                    2,
                    3,
                ],
                [
                    2,
                ],
                [
                    2,
                ],
            ],
            scale_major=False,
            strides=[
                8,
                16,
                32,
                64,
                100,
                300,
            ],
            type='SSDAnchorGenerator'),
        bbox_coder=dict(
            target_means=[
                0.0,
                0.0,
                0.0,
                0.0,
            ],
            target_stds=[
                0.1,
                0.1,
                0.2,
                0.2,
            ],
            type='DeltaXYWHBBoxCoder'),
        in_channels=(
            512,
            1024,
            512,
            256,
            256,
            256,
        ),
        num_classes=4,
        type='SSDHead'),
    data_preprocessor=dict(
        bgr_to_rgb=True,
        mean=[
            123.675,
            116.28,
            103.53,
        ],
        pad_size_divisor=1,
        std=[
            1,
            1,
            1,
        ],
        type='DetDataPreprocessor'),
    neck=dict(
        in_channels=(
            512,
            1024,
        ),
        l2_norm_scale=20,
        level_paddings=(
            1,
            1,
            0,
            0,
        ),
        level_strides=(
            2,
            2,
            1,
            1,
        ),
        out_channels=(
            512,
            1024,
            512,
            256,
            256,
            256,
        ),
        type='SSDNeck'),
    test_cfg=dict(
        max_per_img=200,
        min_bbox_size=0,
        nms=dict(iou_threshold=0.45, type='nms'),
        nms_pre=1000,
        score_thr=0.02),
    train_cfg=dict(
        allowed_border=-1,
        assigner=dict(
            gt_max_assign_all=False,
            ignore_iof_thr=-1,
            min_pos_iou=0.0,
            neg_iou_thr=0.5,
            pos_iou_thr=0.5,
            type='MaxIoUAssigner'),
        debug=False,
        neg_pos_ratio=3,
        pos_weight=-1,
        sampler=dict(type='PseudoSampler'),
        smoothl1_beta=1.0),
    type='SingleStageDetector')
optim_wrapper = dict(
    optimizer=dict(lr=0.002, momentum=0.9, type='SGD', weight_decay=0.0005),
    type='OptimWrapper')
param_scheduler = [
    dict(
        begin=0, by_epoch=False, end=500, start_factor=0.001, type='LinearLR'),
    dict(
        begin=0,
        by_epoch=True,
        end=24,
        gamma=0.1,
        milestones=[
            16,
            22,
        ],
        type='MultiStepLR'),
]
resume = False
test_cfg = dict(type='TestLoop')
test_dataloader = dict(
    batch_size=8,
    dataset=dict(
        ann_file='test/annotations.json',
        backend_args=None,
        data_prefix=dict(img='test/'),
        data_root='D:/Repositories/test/data/larch_casebearer/',
        metainfo=dict(
            classes=(
                'H',
                'LD',
                'HD',
                'other',
            ),
            palette=[
                (
                    0,
                    255,
                    0,
                ),
                (
                    255,
                    128,
                    0,
                ),
                (
                    255,
                    0,
                    0,
                ),
                (
                    0,
                    0,
                    255,
                ),
            ]),
        pipeline=[
            dict(backend_args=None, type='LoadImageFromFile'),
            dict(keep_ratio=False, scale=(
                300,
                300,
            ), type='Resize'),
            dict(type='LoadAnnotations', with_bbox=True),
            dict(
                meta_keys=(
                    'img_id',
                    'img_path',
                    'ori_shape',
                    'img_shape',
                    'scale_factor',
                ),
                type='PackDetInputs'),
        ],
        test_mode=True,
        type='CocoDataset'),
    drop_last=False,
    num_workers=2,
    persistent_workers=True,
    sampler=dict(shuffle=False, type='DefaultSampler'))
test_evaluator = dict(
    ann_file='D:/Repositories/test/data/larch_casebearer/test/annotations.json',
    backend_args=None,
    classwise=True,
    format_only=False,
    metric='bbox',
    type='CocoMetric')
test_pipeline = [
    dict(backend_args=None, type='LoadImageFromFile'),
    dict(keep_ratio=False, scale=(
        300,
        300,
    ), type='Resize'),
    dict(type='LoadAnnotations', with_bbox=True),
    dict(
        meta_keys=(
            'img_id',
            'img_path',
            'ori_shape',
            'img_shape',
            'scale_factor',
        ),
        type='PackDetInputs'),
]
train_cfg = dict(max_epochs=30, type='EpochBasedTrainLoop', val_interval=1)
train_dataloader = dict(
    batch_sampler=None,
    batch_size=8,
    dataset=dict(
        dataset=dict(
            ann_file='train/annotations.json',
            backend_args=None,
            data_prefix=dict(img='train/'),
            data_root='D:/Repositories/test/data/larch_casebearer/',
            filter_cfg=dict(filter_empty_gt=True, min_size=32),
            metainfo=dict(
                classes=(
                    'H',
                    'LD',
                    'HD',
                    'other',
                ),
                palette=[
                    (
                        0,
                        255,
                        0,
                    ),
                    (
                        255,
                        128,
                        0,
                    ),
                    (
                        255,
                        0,
                        0,
                    ),
                    (
                        0,
                        0,
                        255,
                    ),
                ]),
            pipeline=[
                dict(backend_args=None, type='LoadImageFromFile'),
                dict(type='LoadAnnotations', with_bbox=True),
                dict(keep_ratio=False, scale=(
                    300,
                    300,
                ), type='Resize'),
                dict(type='RandomAffine'),
                dict(type='PackDetInputs'),
            ],
            type='CocoDataset'),
        oversample_thr=0.25,
        type='ClassBalancedDataset'),
    num_workers=2,
    persistent_workers=True,
    sampler=dict(shuffle=True, type='DefaultSampler'))
train_pipeline = [
    dict(backend_args=None, type='LoadImageFromFile'),
    dict(type='LoadAnnotations', with_bbox=True),
    dict(keep_ratio=False, scale=(
        300,
        300,
    ), type='Resize'),
    dict(type='RandomAffine'),
    dict(type='PackDetInputs'),
]
val_cfg = dict(type='ValLoop')
val_dataloader = dict(
    batch_size=8,
    dataset=dict(
        ann_file='val/annotations.json',
        backend_args=None,
        data_prefix=dict(img='val/'),
        data_root='D:/Repositories/test/data/larch_casebearer/',
        metainfo=dict(
            classes=(
                'H',
                'LD',
                'HD',
                'other',
            ),
            palette=[
                (
                    0,
                    255,
                    0,
                ),
                (
                    255,
                    128,
                    0,
                ),
                (
                    255,
                    0,
                    0,
                ),
                (
                    0,
                    0,
                    255,
                ),
            ]),
        pipeline=[
            dict(backend_args=None, type='LoadImageFromFile'),
            dict(keep_ratio=False, scale=(
                300,
                300,
            ), type='Resize'),
            dict(type='LoadAnnotations', with_bbox=True),
            dict(
                meta_keys=(
                    'img_id',
                    'img_path',
                    'ori_shape',
                    'img_shape',
                    'scale_factor',
                ),
                type='PackDetInputs'),
        ],
        test_mode=True,
        type='CocoDataset'),
    drop_last=False,
    num_workers=2,
    persistent_workers=True,
    sampler=dict(shuffle=False, type='DefaultSampler'))
val_evaluator = dict(
    ann_file='D:/Repositories/test/data/larch_casebearer/val/annotations.json',
    backend_args=None,
    format_only=False,
    metric='bbox',
    type='CocoMetric')
vis_backends = [
    dict(type='LocalVisBackend'),
]
visualizer = dict(
    name='visualizer',
    type='DetLocalVisualizer',
    vis_backends=[
        dict(type='LocalVisBackend'),
    ])
work_dir = '25-05-09/ssd300'

2025/05/13 10:59:36 - mmengine - INFO - Distributed training is not used, all SyncBatchNorm (SyncBN) layers in the model will be automatically reverted to BatchNormXd layers if they are used.
2025/05/13 10:59:36 - mmengine - INFO - Hooks will be executed in the following order:
before_run:
(VERY_HIGH   ) RuntimeInfoHook                    
(BELOW_NORMAL) LoggerHook                         
 -------------------- 
before_train:
(VERY_HIGH   ) RuntimeInfoHook                    
(NORMAL      ) IterTimerHook                      
(VERY_LOW    ) CheckpointHook                     
 -------------------- 
before_train_epoch:
(VERY_HIGH   ) RuntimeInfoHook                    
(NORMAL      ) IterTimerHook                      
(NORMAL      ) DistSamplerSeedHook                
(NORMAL      ) NumClassCheckHook                  
 -------------------- 
before_train_iter:
(VERY_HIGH   ) RuntimeInfoHook                    
(NORMAL      ) IterTimerHook                      
 -------------------- 
after_train_iter:
(VERY_HIGH   ) RuntimeInfoHook                    
(NORMAL      ) IterTimerHook                      
(BELOW_NORMAL) LoggerHook                         
(LOW         ) ParamSchedulerHook                 
(VERY_LOW    ) CheckpointHook                     
(VERY_LOW    ) CheckInvalidLossHook               
 -------------------- 
after_train_epoch:
(NORMAL      ) IterTimerHook                      
(LOW         ) ParamSchedulerHook                 
(VERY_LOW    ) CheckpointHook                     
 -------------------- 
before_val:
(VERY_HIGH   ) RuntimeInfoHook                    
 -------------------- 
before_val_epoch:
(NORMAL      ) IterTimerHook                      
(NORMAL      ) NumClassCheckHook                  
 -------------------- 
before_val_iter:
(NORMAL      ) IterTimerHook                      
 -------------------- 
after_val_iter:
(NORMAL      ) IterTimerHook                      
(NORMAL      ) DetVisualizationHook               
(BELOW_NORMAL) LoggerHook                         
 -------------------- 
after_val_epoch:
(VERY_HIGH   ) RuntimeInfoHook                    
(NORMAL      ) IterTimerHook                      
(BELOW_NORMAL) LoggerHook                         
(LOW         ) ParamSchedulerHook                 
(VERY_LOW    ) CheckpointHook                     
 -------------------- 
after_val:
(VERY_HIGH   ) RuntimeInfoHook                    
 -------------------- 
after_train:
(VERY_HIGH   ) RuntimeInfoHook                    
(VERY_LOW    ) CheckpointHook                     
 -------------------- 
before_test:
(VERY_HIGH   ) RuntimeInfoHook                    
 -------------------- 
before_test_epoch:
(NORMAL      ) IterTimerHook                      
 -------------------- 
before_test_iter:
(NORMAL      ) IterTimerHook                      
 -------------------- 
after_test_iter:
(NORMAL      ) IterTimerHook                      
(NORMAL      ) DetVisualizationHook               
(BELOW_NORMAL) LoggerHook                         
 -------------------- 
after_test_epoch:
(VERY_HIGH   ) RuntimeInfoHook                    
(NORMAL      ) IterTimerHook                      
(BELOW_NORMAL) LoggerHook                         
 -------------------- 
after_test:
(VERY_HIGH   ) RuntimeInfoHook                    
 -------------------- 
after_run:
(BELOW_NORMAL) LoggerHook                         
 -------------------- 
2025/05/13 10:59:37 - mmengine - INFO - load model from: open-mmlab://vgg16_caffe
2025/05/13 10:59:37 - mmengine - INFO - Loads checkpoint by openmmlab backend from path: open-mmlab://vgg16_caffe
Name of parameter - Initialization information

backbone.features.0.weight - torch.Size([64, 3, 3, 3]): 
PretrainedInit: load from open-mmlab://vgg16_caffe 

backbone.features.0.bias - torch.Size([64]): 
PretrainedInit: load from open-mmlab://vgg16_caffe 

backbone.features.2.weight - torch.Size([64, 64, 3, 3]): 
PretrainedInit: load from open-mmlab://vgg16_caffe 

backbone.features.2.bias - torch.Size([64]): 
PretrainedInit: load from open-mmlab://vgg16_caffe 

backbone.features.5.weight - torch.Size([128, 64, 3, 3]): 
PretrainedInit: load from open-mmlab://vgg16_caffe 

backbone.features.5.bias - torch.Size([128]): 
PretrainedInit: load from open-mmlab://vgg16_caffe 

backbone.features.7.weight - torch.Size([128, 128, 3, 3]): 
PretrainedInit: load from open-mmlab://vgg16_caffe 

backbone.features.7.bias - torch.Size([128]): 
PretrainedInit: load from open-mmlab://vgg16_caffe 

backbone.features.10.weight - torch.Size([256, 128, 3, 3]): 
PretrainedInit: load from open-mmlab://vgg16_caffe 

backbone.features.10.bias - torch.Size([256]): 
PretrainedInit: load from open-mmlab://vgg16_caffe 

backbone.features.12.weight - torch.Size([256, 256, 3, 3]): 
PretrainedInit: load from open-mmlab://vgg16_caffe 

backbone.features.12.bias - torch.Size([256]): 
PretrainedInit: load from open-mmlab://vgg16_caffe 

backbone.features.14.weight - torch.Size([256, 256, 3, 3]): 
PretrainedInit: load from open-mmlab://vgg16_caffe 

backbone.features.14.bias - torch.Size([256]): 
PretrainedInit: load from open-mmlab://vgg16_caffe 

backbone.features.17.weight - torch.Size([512, 256, 3, 3]): 
PretrainedInit: load from open-mmlab://vgg16_caffe 

backbone.features.17.bias - torch.Size([512]): 
PretrainedInit: load from open-mmlab://vgg16_caffe 

backbone.features.19.weight - torch.Size([512, 512, 3, 3]): 
PretrainedInit: load from open-mmlab://vgg16_caffe 

backbone.features.19.bias - torch.Size([512]): 
PretrainedInit: load from open-mmlab://vgg16_caffe 

backbone.features.21.weight - torch.Size([512, 512, 3, 3]): 
PretrainedInit: load from open-mmlab://vgg16_caffe 

backbone.features.21.bias - torch.Size([512]): 
PretrainedInit: load from open-mmlab://vgg16_caffe 

backbone.features.24.weight - torch.Size([512, 512, 3, 3]): 
PretrainedInit: load from open-mmlab://vgg16_caffe 

backbone.features.24.bias - torch.Size([512]): 
PretrainedInit: load from open-mmlab://vgg16_caffe 

backbone.features.26.weight - torch.Size([512, 512, 3, 3]): 
PretrainedInit: load from open-mmlab://vgg16_caffe 

backbone.features.26.bias - torch.Size([512]): 
PretrainedInit: load from open-mmlab://vgg16_caffe 

backbone.features.28.weight - torch.Size([512, 512, 3, 3]): 
PretrainedInit: load from open-mmlab://vgg16_caffe 

backbone.features.28.bias - torch.Size([512]): 
PretrainedInit: load from open-mmlab://vgg16_caffe 

backbone.features.31.weight - torch.Size([1024, 512, 3, 3]): 
PretrainedInit: load from open-mmlab://vgg16_caffe 

backbone.features.31.bias - torch.Size([1024]): 
PretrainedInit: load from open-mmlab://vgg16_caffe 

backbone.features.33.weight - torch.Size([1024, 1024, 1, 1]): 
PretrainedInit: load from open-mmlab://vgg16_caffe 

backbone.features.33.bias - torch.Size([1024]): 
PretrainedInit: load from open-mmlab://vgg16_caffe 

neck.l2_norm.weight - torch.Size([512]): 
ConstantInit: val=20, bias=0 

neck.extra_layers.0.0.conv.weight - torch.Size([256, 1024, 1, 1]): 
XavierInit: gain=1, distribution=uniform, bias=0 

neck.extra_layers.0.0.conv.bias - torch.Size([256]): 
The value is the same before and after calling `init_weights` of SingleStageDetector  

neck.extra_layers.0.1.conv.weight - torch.Size([512, 256, 3, 3]): 
XavierInit: gain=1, distribution=uniform, bias=0 

neck.extra_layers.0.1.conv.bias - torch.Size([512]): 
The value is the same before and after calling `init_weights` of SingleStageDetector  

neck.extra_layers.1.0.conv.weight - torch.Size([128, 512, 1, 1]): 
XavierInit: gain=1, distribution=uniform, bias=0 

neck.extra_layers.1.0.conv.bias - torch.Size([128]): 
The value is the same before and after calling `init_weights` of SingleStageDetector  

neck.extra_layers.1.1.conv.weight - torch.Size([256, 128, 3, 3]): 
XavierInit: gain=1, distribution=uniform, bias=0 

neck.extra_layers.1.1.conv.bias - torch.Size([256]): 
The value is the same before and after calling `init_weights` of SingleStageDetector  

neck.extra_layers.2.0.conv.weight - torch.Size([128, 256, 1, 1]): 
XavierInit: gain=1, distribution=uniform, bias=0 

neck.extra_layers.2.0.conv.bias - torch.Size([128]): 
The value is the same before and after calling `init_weights` of SingleStageDetector  

neck.extra_layers.2.1.conv.weight - torch.Size([256, 128, 3, 3]): 
XavierInit: gain=1, distribution=uniform, bias=0 

neck.extra_layers.2.1.conv.bias - torch.Size([256]): 
The value is the same before and after calling `init_weights` of SingleStageDetector  

neck.extra_layers.3.0.conv.weight - torch.Size([128, 256, 1, 1]): 
XavierInit: gain=1, distribution=uniform, bias=0 

neck.extra_layers.3.0.conv.bias - torch.Size([128]): 
The value is the same before and after calling `init_weights` of SingleStageDetector  

neck.extra_layers.3.1.conv.weight - torch.Size([256, 128, 3, 3]): 
XavierInit: gain=1, distribution=uniform, bias=0 

neck.extra_layers.3.1.conv.bias - torch.Size([256]): 
The value is the same before and after calling `init_weights` of SingleStageDetector  

bbox_head.cls_convs.0.0.weight - torch.Size([20, 512, 3, 3]): 
XavierInit: gain=1, distribution=uniform, bias=0 

bbox_head.cls_convs.0.0.bias - torch.Size([20]): 
XavierInit: gain=1, distribution=uniform, bias=0 

bbox_head.cls_convs.1.0.weight - torch.Size([30, 1024, 3, 3]): 
XavierInit: gain=1, distribution=uniform, bias=0 

bbox_head.cls_convs.1.0.bias - torch.Size([30]): 
XavierInit: gain=1, distribution=uniform, bias=0 

bbox_head.cls_convs.2.0.weight - torch.Size([30, 512, 3, 3]): 
XavierInit: gain=1, distribution=uniform, bias=0 

bbox_head.cls_convs.2.0.bias - torch.Size([30]): 
XavierInit: gain=1, distribution=uniform, bias=0 

bbox_head.cls_convs.3.0.weight - torch.Size([30, 256, 3, 3]): 
XavierInit: gain=1, distribution=uniform, bias=0 

bbox_head.cls_convs.3.0.bias - torch.Size([30]): 
XavierInit: gain=1, distribution=uniform, bias=0 

bbox_head.cls_convs.4.0.weight - torch.Size([20, 256, 3, 3]): 
XavierInit: gain=1, distribution=uniform, bias=0 

bbox_head.cls_convs.4.0.bias - torch.Size([20]): 
XavierInit: gain=1, distribution=uniform, bias=0 

bbox_head.cls_convs.5.0.weight - torch.Size([20, 256, 3, 3]): 
XavierInit: gain=1, distribution=uniform, bias=0 

bbox_head.cls_convs.5.0.bias - torch.Size([20]): 
XavierInit: gain=1, distribution=uniform, bias=0 

bbox_head.reg_convs.0.0.weight - torch.Size([16, 512, 3, 3]): 
XavierInit: gain=1, distribution=uniform, bias=0 

bbox_head.reg_convs.0.0.bias - torch.Size([16]): 
XavierInit: gain=1, distribution=uniform, bias=0 

bbox_head.reg_convs.1.0.weight - torch.Size([24, 1024, 3, 3]): 
XavierInit: gain=1, distribution=uniform, bias=0 

bbox_head.reg_convs.1.0.bias - torch.Size([24]): 
XavierInit: gain=1, distribution=uniform, bias=0 

bbox_head.reg_convs.2.0.weight - torch.Size([24, 512, 3, 3]): 
XavierInit: gain=1, distribution=uniform, bias=0 

bbox_head.reg_convs.2.0.bias - torch.Size([24]): 
XavierInit: gain=1, distribution=uniform, bias=0 

bbox_head.reg_convs.3.0.weight - torch.Size([24, 256, 3, 3]): 
XavierInit: gain=1, distribution=uniform, bias=0 

bbox_head.reg_convs.3.0.bias - torch.Size([24]): 
XavierInit: gain=1, distribution=uniform, bias=0 

bbox_head.reg_convs.4.0.weight - torch.Size([16, 256, 3, 3]): 
XavierInit: gain=1, distribution=uniform, bias=0 

bbox_head.reg_convs.4.0.bias - torch.Size([16]): 
XavierInit: gain=1, distribution=uniform, bias=0 

bbox_head.reg_convs.5.0.weight - torch.Size([16, 256, 3, 3]): 
XavierInit: gain=1, distribution=uniform, bias=0 

bbox_head.reg_convs.5.0.bias - torch.Size([16]): 
XavierInit: gain=1, distribution=uniform, bias=0 
2025/05/13 10:59:37 - mmengine - WARNING - "FileClient" will be deprecated in future. Please use io functions in https://mmengine.readthedocs.io/en/latest/api/fileio.html#file-io
2025/05/13 10:59:37 - mmengine - WARNING - "HardDiskBackend" is the alias of "LocalBackend" and the former will be deprecated in future.
2025/05/13 10:59:37 - mmengine - INFO - Checkpoints will be saved to D:\Repositories\test\25-05-09\ssd300.
2025/05/13 10:59:59 - mmengine - INFO - Epoch(train)  [1][50/71]  lr: 1.9820e-04  eta: 0:14:52  time: 0.4291  data_time: 0.1741  memory: 1437  loss: 10.7358  loss_cls: 7.6862  loss_bbox: 3.0497
2025/05/13 11:00:04 - mmengine - INFO - Exp name: ssd300_fs_bal_aff_20250513_105931
2025/05/13 11:00:13 - mmengine - INFO - Evaluating bbox...
2025/05/13 11:00:15 - mmengine - INFO - bbox_mAP_copypaste: 0.012 0.046 0.003 -1.000 0.001 0.014
2025/05/13 11:00:15 - mmengine - INFO - Epoch(val) [1][7/7]    coco/bbox_mAP: 0.0120  coco/bbox_mAP_50: 0.0460  coco/bbox_mAP_75: 0.0030  coco/bbox_mAP_s: -1.0000  coco/bbox_mAP_m: 0.0010  coco/bbox_mAP_l: 0.0140  data_time: 1.1668  time: 1.2814
2025/05/13 11:00:16 - mmengine - INFO - The best checkpoint with 0.0120 coco/bbox_mAP at 1 epoch is saved to best_coco_bbox_mAP_epoch_1.pth.
2025/05/13 11:00:28 - mmengine - INFO - Epoch(train)  [2][50/71]  lr: 4.8248e-04  eta: 0:10:45  time: 0.2476  data_time: 0.0077  memory: 1437  loss: 5.8871  loss_cls: 3.5875  loss_bbox: 2.2996
2025/05/13 11:00:33 - mmengine - INFO - Exp name: ssd300_fs_bal_aff_20250513_105931
2025/05/13 11:00:34 - mmengine - INFO - Evaluating bbox...
2025/05/13 11:00:37 - mmengine - INFO - bbox_mAP_copypaste: 0.058 0.148 0.027 -1.000 0.004 0.064
2025/05/13 11:00:37 - mmengine - INFO - Epoch(val) [2][7/7]    coco/bbox_mAP: 0.0580  coco/bbox_mAP_50: 0.1480  coco/bbox_mAP_75: 0.0270  coco/bbox_mAP_s: -1.0000  coco/bbox_mAP_m: 0.0040  coco/bbox_mAP_l: 0.0640  data_time: 0.0613  time: 0.1404
2025/05/13 11:00:37 - mmengine - INFO - The previous best checkpoint D:\Repositories\test\25-05-09\ssd300\best_coco_bbox_mAP_epoch_1.pth is removed
2025/05/13 11:00:38 - mmengine - INFO - The best checkpoint with 0.0580 coco/bbox_mAP at 2 epoch is saved to best_coco_bbox_mAP_epoch_2.pth.
2025/05/13 11:00:50 - mmengine - INFO - Epoch(train)  [3][50/71]  lr: 7.6677e-04  eta: 0:09:26  time: 0.2475  data_time: 0.0079  memory: 1437  loss: 5.0553  loss_cls: 3.1766  loss_bbox: 1.8787
2025/05/13 11:00:55 - mmengine - INFO - Exp name: ssd300_fs_bal_aff_20250513_105931
2025/05/13 11:00:56 - mmengine - INFO - Evaluating bbox...
2025/05/13 11:00:59 - mmengine - INFO - bbox_mAP_copypaste: 0.080 0.230 0.031 -1.000 0.014 0.091
2025/05/13 11:00:59 - mmengine - INFO - Epoch(val) [3][7/7]    coco/bbox_mAP: 0.0800  coco/bbox_mAP_50: 0.2300  coco/bbox_mAP_75: 0.0310  coco/bbox_mAP_s: -1.0000  coco/bbox_mAP_m: 0.0140  coco/bbox_mAP_l: 0.0910  data_time: 0.0646  time: 0.1296
2025/05/13 11:00:59 - mmengine - INFO - The previous best checkpoint D:\Repositories\test\25-05-09\ssd300\best_coco_bbox_mAP_epoch_2.pth is removed
2025/05/13 11:01:00 - mmengine - INFO - The best checkpoint with 0.0800 coco/bbox_mAP at 3 epoch is saved to best_coco_bbox_mAP_epoch_3.pth.
2025/05/13 11:01:12 - mmengine - INFO - Epoch(train)  [4][50/71]  lr: 1.0511e-03  eta: 0:08:42  time: 0.2491  data_time: 0.0076  memory: 1437  loss: 4.6652  loss_cls: 2.9343  loss_bbox: 1.7309
2025/05/13 11:01:17 - mmengine - INFO - Exp name: ssd300_fs_bal_aff_20250513_105931
2025/05/13 11:01:18 - mmengine - INFO - Evaluating bbox...
2025/05/13 11:01:21 - mmengine - INFO - bbox_mAP_copypaste: 0.129 0.321 0.063 -1.000 0.068 0.146
2025/05/13 11:01:21 - mmengine - INFO - Epoch(val) [4][7/7]    coco/bbox_mAP: 0.1290  coco/bbox_mAP_50: 0.3210  coco/bbox_mAP_75: 0.0630  coco/bbox_mAP_s: -1.0000  coco/bbox_mAP_m: 0.0680  coco/bbox_mAP_l: 0.1460  data_time: 0.0650  time: 0.1273
2025/05/13 11:01:21 - mmengine - INFO - The previous best checkpoint D:\Repositories\test\25-05-09\ssd300\best_coco_bbox_mAP_epoch_3.pth is removed
2025/05/13 11:01:21 - mmengine - INFO - The best checkpoint with 0.1290 coco/bbox_mAP at 4 epoch is saved to best_coco_bbox_mAP_epoch_4.pth.
2025/05/13 11:01:34 - mmengine - INFO - Epoch(train)  [5][50/71]  lr: 1.3353e-03  eta: 0:08:07  time: 0.2458  data_time: 0.0077  memory: 1437  loss: 4.3528  loss_cls: 2.7729  loss_bbox: 1.5800
2025/05/13 11:01:38 - mmengine - INFO - Exp name: ssd300_fs_bal_aff_20250513_105931
2025/05/13 11:01:40 - mmengine - INFO - Evaluating bbox...
2025/05/13 11:01:42 - mmengine - INFO - bbox_mAP_copypaste: 0.201 0.481 0.114 -1.000 0.070 0.231
2025/05/13 11:01:42 - mmengine - INFO - Epoch(val) [5][7/7]    coco/bbox_mAP: 0.2010  coco/bbox_mAP_50: 0.4810  coco/bbox_mAP_75: 0.1140  coco/bbox_mAP_s: -1.0000  coco/bbox_mAP_m: 0.0700  coco/bbox_mAP_l: 0.2310  data_time: 0.0633  time: 0.1243
2025/05/13 11:01:42 - mmengine - INFO - The previous best checkpoint D:\Repositories\test\25-05-09\ssd300\best_coco_bbox_mAP_epoch_4.pth is removed
2025/05/13 11:01:43 - mmengine - INFO - The best checkpoint with 0.2010 coco/bbox_mAP at 5 epoch is saved to best_coco_bbox_mAP_epoch_5.pth.
2025/05/13 11:01:55 - mmengine - INFO - Epoch(train)  [6][50/71]  lr: 1.6196e-03  eta: 0:07:38  time: 0.2442  data_time: 0.0079  memory: 1437  loss: 4.3779  loss_cls: 2.8103  loss_bbox: 1.5676
2025/05/13 11:02:00 - mmengine - INFO - Exp name: ssd300_fs_bal_aff_20250513_105931
2025/05/13 11:02:01 - mmengine - INFO - Evaluating bbox...
2025/05/13 11:02:03 - mmengine - INFO - bbox_mAP_copypaste: 0.189 0.499 0.059 -1.000 0.096 0.216
2025/05/13 11:02:03 - mmengine - INFO - Epoch(val) [6][7/7]    coco/bbox_mAP: 0.1890  coco/bbox_mAP_50: 0.4990  coco/bbox_mAP_75: 0.0590  coco/bbox_mAP_s: -1.0000  coco/bbox_mAP_m: 0.0960  coco/bbox_mAP_l: 0.2160  data_time: 0.0623  time: 0.1314
2025/05/13 11:02:16 - mmengine - INFO - Epoch(train)  [7][50/71]  lr: 1.9039e-03  eta: 0:07:13  time: 0.2432  data_time: 0.0078  memory: 1437  loss: 4.2987  loss_cls: 2.7430  loss_bbox: 1.5557
2025/05/13 11:02:20 - mmengine - INFO - Exp name: ssd300_fs_bal_aff_20250513_105931
2025/05/13 11:02:22 - mmengine - INFO - Evaluating bbox...
2025/05/13 11:02:25 - mmengine - INFO - bbox_mAP_copypaste: 0.080 0.356 0.004 -1.000 0.041 0.091
2025/05/13 11:02:25 - mmengine - INFO - Epoch(val) [7][7/7]    coco/bbox_mAP: 0.0800  coco/bbox_mAP_50: 0.3560  coco/bbox_mAP_75: 0.0040  coco/bbox_mAP_s: -1.0000  coco/bbox_mAP_m: 0.0410  coco/bbox_mAP_l: 0.0910  data_time: 0.0680  time: 0.1338
2025/05/13 11:02:37 - mmengine - INFO - Epoch(train)  [8][50/71]  lr: 2.0000e-03  eta: 0:06:50  time: 0.2447  data_time: 0.0074  memory: 1437  loss: 4.0083  loss_cls: 2.6072  loss_bbox: 1.4010
2025/05/13 11:02:42 - mmengine - INFO - Exp name: ssd300_fs_bal_aff_20250513_105931
2025/05/13 11:02:43 - mmengine - INFO - Evaluating bbox...
2025/05/13 11:02:45 - mmengine - INFO - bbox_mAP_copypaste: 0.230 0.557 0.144 -1.000 0.125 0.258
2025/05/13 11:02:45 - mmengine - INFO - Epoch(val) [8][7/7]    coco/bbox_mAP: 0.2300  coco/bbox_mAP_50: 0.5570  coco/bbox_mAP_75: 0.1440  coco/bbox_mAP_s: -1.0000  coco/bbox_mAP_m: 0.1250  coco/bbox_mAP_l: 0.2580  data_time: 0.0667  time: 0.1287
2025/05/13 11:02:45 - mmengine - INFO - The previous best checkpoint D:\Repositories\test\25-05-09\ssd300\best_coco_bbox_mAP_epoch_5.pth is removed
2025/05/13 11:02:46 - mmengine - INFO - The best checkpoint with 0.2300 coco/bbox_mAP at 8 epoch is saved to best_coco_bbox_mAP_epoch_8.pth.
2025/05/13 11:02:58 - mmengine - INFO - Epoch(train)  [9][50/71]  lr: 2.0000e-03  eta: 0:06:29  time: 0.2452  data_time: 0.0076  memory: 1437  loss: 3.8392  loss_cls: 2.4949  loss_bbox: 1.3443
2025/05/13 11:03:03 - mmengine - INFO - Exp name: ssd300_fs_bal_aff_20250513_105931
2025/05/13 11:03:04 - mmengine - INFO - Evaluating bbox...
2025/05/13 11:03:07 - mmengine - INFO - bbox_mAP_copypaste: 0.264 0.568 0.198 -1.000 0.136 0.293
2025/05/13 11:03:07 - mmengine - INFO - Epoch(val) [9][7/7]    coco/bbox_mAP: 0.2640  coco/bbox_mAP_50: 0.5680  coco/bbox_mAP_75: 0.1980  coco/bbox_mAP_s: -1.0000  coco/bbox_mAP_m: 0.1360  coco/bbox_mAP_l: 0.2930  data_time: 0.0606  time: 0.1286
2025/05/13 11:03:07 - mmengine - INFO - The previous best checkpoint D:\Repositories\test\25-05-09\ssd300\best_coco_bbox_mAP_epoch_8.pth is removed
2025/05/13 11:03:07 - mmengine - INFO - The best checkpoint with 0.2640 coco/bbox_mAP at 9 epoch is saved to best_coco_bbox_mAP_epoch_9.pth.
2025/05/13 11:03:20 - mmengine - INFO - Epoch(train) [10][50/71]  lr: 2.0000e-03  eta: 0:06:08  time: 0.2480  data_time: 0.0077  memory: 1437  loss: 3.6489  loss_cls: 2.3910  loss_bbox: 1.2579
2025/05/13 11:03:25 - mmengine - INFO - Exp name: ssd300_fs_bal_aff_20250513_105931
2025/05/13 11:03:26 - mmengine - INFO - Evaluating bbox...
2025/05/13 11:03:29 - mmengine - INFO - bbox_mAP_copypaste: 0.213 0.542 0.087 -1.000 0.132 0.233
2025/05/13 11:03:29 - mmengine - INFO - Epoch(val) [10][7/7]    coco/bbox_mAP: 0.2130  coco/bbox_mAP_50: 0.5420  coco/bbox_mAP_75: 0.0870  coco/bbox_mAP_s: -1.0000  coco/bbox_mAP_m: 0.1320  coco/bbox_mAP_l: 0.2330  data_time: 0.0624  time: 0.1259
2025/05/13 11:03:41 - mmengine - INFO - Epoch(train) [11][50/71]  lr: 2.0000e-03  eta: 0:05:49  time: 0.2527  data_time: 0.0076  memory: 1437  loss: 3.5000  loss_cls: 2.3063  loss_bbox: 1.1937
2025/05/13 11:03:46 - mmengine - INFO - Exp name: ssd300_fs_bal_aff_20250513_105931
2025/05/13 11:03:47 - mmengine - INFO - Evaluating bbox...
2025/05/13 11:03:50 - mmengine - INFO - bbox_mAP_copypaste: 0.283 0.589 0.231 -1.000 0.144 0.313
2025/05/13 11:03:50 - mmengine - INFO - Epoch(val) [11][7/7]    coco/bbox_mAP: 0.2830  coco/bbox_mAP_50: 0.5890  coco/bbox_mAP_75: 0.2310  coco/bbox_mAP_s: -1.0000  coco/bbox_mAP_m: 0.1440  coco/bbox_mAP_l: 0.3130  data_time: 0.0628  time: 0.1275
2025/05/13 11:03:50 - mmengine - INFO - The previous best checkpoint D:\Repositories\test\25-05-09\ssd300\best_coco_bbox_mAP_epoch_9.pth is removed
2025/05/13 11:03:50 - mmengine - INFO - The best checkpoint with 0.2830 coco/bbox_mAP at 11 epoch is saved to best_coco_bbox_mAP_epoch_11.pth.
2025/05/13 11:04:03 - mmengine - INFO - Epoch(train) [12][50/71]  lr: 2.0000e-03  eta: 0:05:29  time: 0.2472  data_time: 0.0077  memory: 1437  loss: 3.3814  loss_cls: 2.2512  loss_bbox: 1.1302
2025/05/13 11:04:08 - mmengine - INFO - Exp name: ssd300_fs_bal_aff_20250513_105931
2025/05/13 11:04:09 - mmengine - INFO - Evaluating bbox...
2025/05/13 11:04:11 - mmengine - INFO - bbox_mAP_copypaste: 0.224 0.526 0.141 -1.000 0.091 0.249
2025/05/13 11:04:11 - mmengine - INFO - Epoch(val) [12][7/7]    coco/bbox_mAP: 0.2240  coco/bbox_mAP_50: 0.5260  coco/bbox_mAP_75: 0.1410  coco/bbox_mAP_s: -1.0000  coco/bbox_mAP_m: 0.0910  coco/bbox_mAP_l: 0.2490  data_time: 0.0630  time: 0.1244
2025/05/13 11:04:24 - mmengine - INFO - Epoch(train) [13][50/71]  lr: 2.0000e-03  eta: 0:05:11  time: 0.2474  data_time: 0.0077  memory: 1437  loss: 3.3088  loss_cls: 2.1845  loss_bbox: 1.1243
2025/05/13 11:04:29 - mmengine - INFO - Exp name: ssd300_fs_bal_aff_20250513_105931
2025/05/13 11:04:30 - mmengine - INFO - Evaluating bbox...
2025/05/13 11:04:32 - mmengine - INFO - bbox_mAP_copypaste: 0.310 0.623 0.264 -1.000 0.161 0.338
2025/05/13 11:04:32 - mmengine - INFO - Epoch(val) [13][7/7]    coco/bbox_mAP: 0.3100  coco/bbox_mAP_50: 0.6230  coco/bbox_mAP_75: 0.2640  coco/bbox_mAP_s: -1.0000  coco/bbox_mAP_m: 0.1610  coco/bbox_mAP_l: 0.3380  data_time: 0.0675  time: 0.1295
2025/05/13 11:04:32 - mmengine - INFO - The previous best checkpoint D:\Repositories\test\25-05-09\ssd300\best_coco_bbox_mAP_epoch_11.pth is removed
2025/05/13 11:04:33 - mmengine - INFO - The best checkpoint with 0.3100 coco/bbox_mAP at 13 epoch is saved to best_coco_bbox_mAP_epoch_13.pth.
2025/05/13 11:04:45 - mmengine - INFO - Epoch(train) [14][50/71]  lr: 2.0000e-03  eta: 0:04:52  time: 0.2469  data_time: 0.0077  memory: 1437  loss: 3.2032  loss_cls: 2.1608  loss_bbox: 1.0424
2025/05/13 11:04:50 - mmengine - INFO - Exp name: ssd300_fs_bal_aff_20250513_105931
2025/05/13 11:04:51 - mmengine - INFO - Evaluating bbox...
2025/05/13 11:04:54 - mmengine - INFO - bbox_mAP_copypaste: 0.264 0.587 0.174 -1.000 0.143 0.289
2025/05/13 11:04:54 - mmengine - INFO - Epoch(val) [14][7/7]    coco/bbox_mAP: 0.2640  coco/bbox_mAP_50: 0.5870  coco/bbox_mAP_75: 0.1740  coco/bbox_mAP_s: -1.0000  coco/bbox_mAP_m: 0.1430  coco/bbox_mAP_l: 0.2890  data_time: 0.0623  time: 0.1245
2025/05/13 11:04:55 - mmengine - INFO - Exp name: ssd300_fs_bal_aff_20250513_105931
2025/05/13 11:05:06 - mmengine - INFO - Epoch(train) [15][50/71]  lr: 2.0000e-03  eta: 0:04:33  time: 0.2490  data_time: 0.0075  memory: 1437  loss: 3.1843  loss_cls: 2.1648  loss_bbox: 1.0195
2025/05/13 11:05:11 - mmengine - INFO - Exp name: ssd300_fs_bal_aff_20250513_105931
2025/05/13 11:05:12 - mmengine - INFO - Evaluating bbox...
2025/05/13 11:05:15 - mmengine - INFO - bbox_mAP_copypaste: 0.287 0.649 0.181 -1.000 0.162 0.311
2025/05/13 11:05:15 - mmengine - INFO - Epoch(val) [15][7/7]    coco/bbox_mAP: 0.2870  coco/bbox_mAP_50: 0.6490  coco/bbox_mAP_75: 0.1810  coco/bbox_mAP_s: -1.0000  coco/bbox_mAP_m: 0.1620  coco/bbox_mAP_l: 0.3110  data_time: 0.0628  time: 0.1246
2025/05/13 11:05:27 - mmengine - INFO - Epoch(train) [16][50/71]  lr: 2.0000e-03  eta: 0:04:15  time: 0.2468  data_time: 0.0076  memory: 1437  loss: 3.2074  loss_cls: 2.1636  loss_bbox: 1.0438
2025/05/13 11:05:32 - mmengine - INFO - Exp name: ssd300_fs_bal_aff_20250513_105931
2025/05/13 11:05:33 - mmengine - INFO - Evaluating bbox...
2025/05/13 11:05:36 - mmengine - INFO - bbox_mAP_copypaste: 0.314 0.646 0.243 -1.000 0.163 0.343
2025/05/13 11:05:36 - mmengine - INFO - Epoch(val) [16][7/7]    coco/bbox_mAP: 0.3140  coco/bbox_mAP_50: 0.6460  coco/bbox_mAP_75: 0.2430  coco/bbox_mAP_s: -1.0000  coco/bbox_mAP_m: 0.1630  coco/bbox_mAP_l: 0.3430  data_time: 0.0673  time: 0.1321
2025/05/13 11:05:36 - mmengine - INFO - The previous best checkpoint D:\Repositories\test\25-05-09\ssd300\best_coco_bbox_mAP_epoch_13.pth is removed
2025/05/13 11:05:36 - mmengine - INFO - The best checkpoint with 0.3140 coco/bbox_mAP at 16 epoch is saved to best_coco_bbox_mAP_epoch_16.pth.
2025/05/13 11:05:48 - mmengine - INFO - Epoch(train) [17][50/71]  lr: 2.0000e-04  eta: 0:03:56  time: 0.2446  data_time: 0.0075  memory: 1437  loss: 2.9602  loss_cls: 2.0371  loss_bbox: 0.9231
2025/05/13 11:05:53 - mmengine - INFO - Exp name: ssd300_fs_bal_aff_20250513_105931
2025/05/13 11:05:55 - mmengine - INFO - Evaluating bbox...
2025/05/13 11:05:57 - mmengine - INFO - bbox_mAP_copypaste: 0.322 0.668 0.261 -1.000 0.173 0.350
2025/05/13 11:05:57 - mmengine - INFO - Epoch(val) [17][7/7]    coco/bbox_mAP: 0.3220  coco/bbox_mAP_50: 0.6680  coco/bbox_mAP_75: 0.2610  coco/bbox_mAP_s: -1.0000  coco/bbox_mAP_m: 0.1730  coco/bbox_mAP_l: 0.3500  data_time: 0.0681  time: 0.1292
2025/05/13 11:05:57 - mmengine - INFO - The previous best checkpoint D:\Repositories\test\25-05-09\ssd300\best_coco_bbox_mAP_epoch_16.pth is removed
2025/05/13 11:05:58 - mmengine - INFO - The best checkpoint with 0.3220 coco/bbox_mAP at 17 epoch is saved to best_coco_bbox_mAP_epoch_17.pth.
2025/05/13 11:06:10 - mmengine - INFO - Epoch(train) [18][50/71]  lr: 2.0000e-04  eta: 0:03:38  time: 0.2466  data_time: 0.0076  memory: 1437  loss: 2.8658  loss_cls: 1.9824  loss_bbox: 0.8834
2025/05/13 11:06:15 - mmengine - INFO - Exp name: ssd300_fs_bal_aff_20250513_105931
2025/05/13 11:06:16 - mmengine - INFO - Evaluating bbox...
2025/05/13 11:06:18 - mmengine - INFO - bbox_mAP_copypaste: 0.322 0.692 0.232 -1.000 0.153 0.352
2025/05/13 11:06:18 - mmengine - INFO - Epoch(val) [18][7/7]    coco/bbox_mAP: 0.3220  coco/bbox_mAP_50: 0.6920  coco/bbox_mAP_75: 0.2320  coco/bbox_mAP_s: -1.0000  coco/bbox_mAP_m: 0.1530  coco/bbox_mAP_l: 0.3520  data_time: 0.0615  time: 0.1235
2025/05/13 11:06:31 - mmengine - INFO - Epoch(train) [19][50/71]  lr: 2.0000e-04  eta: 0:03:20  time: 0.2513  data_time: 0.0077  memory: 1437  loss: 2.8870  loss_cls: 1.9836  loss_bbox: 0.9034
2025/05/13 11:06:36 - mmengine - INFO - Exp name: ssd300_fs_bal_aff_20250513_105931
2025/05/13 11:06:37 - mmengine - INFO - Evaluating bbox...
2025/05/13 11:06:39 - mmengine - INFO - bbox_mAP_copypaste: 0.353 0.708 0.303 -1.000 0.191 0.382
2025/05/13 11:06:39 - mmengine - INFO - Epoch(val) [19][7/7]    coco/bbox_mAP: 0.3530  coco/bbox_mAP_50: 0.7080  coco/bbox_mAP_75: 0.3030  coco/bbox_mAP_s: -1.0000  coco/bbox_mAP_m: 0.1910  coco/bbox_mAP_l: 0.3820  data_time: 0.0650  time: 0.1268
2025/05/13 11:06:39 - mmengine - INFO - The previous best checkpoint D:\Repositories\test\25-05-09\ssd300\best_coco_bbox_mAP_epoch_17.pth is removed
2025/05/13 11:06:40 - mmengine - INFO - The best checkpoint with 0.3530 coco/bbox_mAP at 19 epoch is saved to best_coco_bbox_mAP_epoch_19.pth.
2025/05/13 11:06:53 - mmengine - INFO - Epoch(train) [20][50/71]  lr: 2.0000e-04  eta: 0:03:02  time: 0.2518  data_time: 0.0074  memory: 1437  loss: 2.8777  loss_cls: 1.9858  loss_bbox: 0.8919
2025/05/13 11:06:57 - mmengine - INFO - Exp name: ssd300_fs_bal_aff_20250513_105931
2025/05/13 11:06:58 - mmengine - INFO - Evaluating bbox...
2025/05/13 11:07:01 - mmengine - INFO - bbox_mAP_copypaste: 0.336 0.698 0.271 -1.000 0.175 0.365
2025/05/13 11:07:01 - mmengine - INFO - Epoch(val) [20][7/7]    coco/bbox_mAP: 0.3360  coco/bbox_mAP_50: 0.6980  coco/bbox_mAP_75: 0.2710  coco/bbox_mAP_s: -1.0000  coco/bbox_mAP_m: 0.1750  coco/bbox_mAP_l: 0.3650  data_time: 0.0653  time: 0.1280
2025/05/13 11:07:13 - mmengine - INFO - Epoch(train) [21][50/71]  lr: 2.0000e-04  eta: 0:02:44  time: 0.2507  data_time: 0.0075  memory: 1437  loss: 2.8626  loss_cls: 1.9894  loss_bbox: 0.8732
2025/05/13 11:07:18 - mmengine - INFO - Exp name: ssd300_fs_bal_aff_20250513_105931
2025/05/13 11:07:20 - mmengine - INFO - Evaluating bbox...
2025/05/13 11:07:22 - mmengine - INFO - bbox_mAP_copypaste: 0.335 0.694 0.274 -1.000 0.169 0.365
2025/05/13 11:07:22 - mmengine - INFO - Epoch(val) [21][7/7]    coco/bbox_mAP: 0.3350  coco/bbox_mAP_50: 0.6940  coco/bbox_mAP_75: 0.2740  coco/bbox_mAP_s: -1.0000  coco/bbox_mAP_m: 0.1690  coco/bbox_mAP_l: 0.3650  data_time: 0.0658  time: 0.1279
2025/05/13 11:07:34 - mmengine - INFO - Epoch(train) [22][50/71]  lr: 2.0000e-04  eta: 0:02:26  time: 0.2477  data_time: 0.0076  memory: 1437  loss: 2.8537  loss_cls: 1.9731  loss_bbox: 0.8806
2025/05/13 11:07:39 - mmengine - INFO - Exp name: ssd300_fs_bal_aff_20250513_105931
2025/05/13 11:07:40 - mmengine - INFO - Evaluating bbox...
2025/05/13 11:07:43 - mmengine - INFO - bbox_mAP_copypaste: 0.344 0.702 0.287 -1.000 0.183 0.373
2025/05/13 11:07:43 - mmengine - INFO - Epoch(val) [22][7/7]    coco/bbox_mAP: 0.3440  coco/bbox_mAP_50: 0.7020  coco/bbox_mAP_75: 0.2870  coco/bbox_mAP_s: -1.0000  coco/bbox_mAP_m: 0.1830  coco/bbox_mAP_l: 0.3730  data_time: 0.0673  time: 0.1282
2025/05/13 11:07:55 - mmengine - INFO - Epoch(train) [23][50/71]  lr: 2.0000e-05  eta: 0:02:08  time: 0.2465  data_time: 0.0077  memory: 1437  loss: 2.8200  loss_cls: 1.9449  loss_bbox: 0.8752
2025/05/13 11:08:00 - mmengine - INFO - Exp name: ssd300_fs_bal_aff_20250513_105931
2025/05/13 11:08:01 - mmengine - INFO - Evaluating bbox...
2025/05/13 11:08:04 - mmengine - INFO - bbox_mAP_copypaste: 0.344 0.698 0.286 -1.000 0.182 0.373
2025/05/13 11:08:04 - mmengine - INFO - Epoch(val) [23][7/7]    coco/bbox_mAP: 0.3440  coco/bbox_mAP_50: 0.6980  coco/bbox_mAP_75: 0.2860  coco/bbox_mAP_s: -1.0000  coco/bbox_mAP_m: 0.1820  coco/bbox_mAP_l: 0.3730  data_time: 0.0592  time: 0.1279
2025/05/13 11:08:16 - mmengine - INFO - Epoch(train) [24][50/71]  lr: 2.0000e-05  eta: 0:01:51  time: 0.2458  data_time: 0.0077  memory: 1437  loss: 2.8697  loss_cls: 1.9798  loss_bbox: 0.8900
2025/05/13 11:08:21 - mmengine - INFO - Exp name: ssd300_fs_bal_aff_20250513_105931
2025/05/13 11:08:22 - mmengine - INFO - Evaluating bbox...
2025/05/13 11:08:25 - mmengine - INFO - bbox_mAP_copypaste: 0.338 0.697 0.267 -1.000 0.182 0.366
2025/05/13 11:08:25 - mmengine - INFO - Epoch(val) [24][7/7]    coco/bbox_mAP: 0.3380  coco/bbox_mAP_50: 0.6970  coco/bbox_mAP_75: 0.2670  coco/bbox_mAP_s: -1.0000  coco/bbox_mAP_m: 0.1820  coco/bbox_mAP_l: 0.3660  data_time: 0.0665  time: 0.1274
2025/05/13 11:08:37 - mmengine - INFO - Epoch(train) [25][50/71]  lr: 2.0000e-05  eta: 0:01:33  time: 0.2485  data_time: 0.0076  memory: 1437  loss: 2.8283  loss_cls: 1.9602  loss_bbox: 0.8681
2025/05/13 11:08:42 - mmengine - INFO - Exp name: ssd300_fs_bal_aff_20250513_105931
2025/05/13 11:08:43 - mmengine - INFO - Evaluating bbox...
2025/05/13 11:08:45 - mmengine - INFO - bbox_mAP_copypaste: 0.340 0.700 0.273 -1.000 0.179 0.369
2025/05/13 11:08:45 - mmengine - INFO - Epoch(val) [25][7/7]    coco/bbox_mAP: 0.3400  coco/bbox_mAP_50: 0.7000  coco/bbox_mAP_75: 0.2730  coco/bbox_mAP_s: -1.0000  coco/bbox_mAP_m: 0.1790  coco/bbox_mAP_l: 0.3690  data_time: 0.0599  time: 0.1233
2025/05/13 11:08:58 - mmengine - INFO - Epoch(train) [26][50/71]  lr: 2.0000e-05  eta: 0:01:15  time: 0.2464  data_time: 0.0079  memory: 1437  loss: 2.8292  loss_cls: 1.9597  loss_bbox: 0.8695
2025/05/13 11:09:03 - mmengine - INFO - Exp name: ssd300_fs_bal_aff_20250513_105931
2025/05/13 11:09:04 - mmengine - INFO - Evaluating bbox...
2025/05/13 11:09:06 - mmengine - INFO - bbox_mAP_copypaste: 0.336 0.693 0.266 -1.000 0.181 0.364
2025/05/13 11:09:06 - mmengine - INFO - Epoch(val) [26][7/7]    coco/bbox_mAP: 0.3360  coco/bbox_mAP_50: 0.6930  coco/bbox_mAP_75: 0.2660  coco/bbox_mAP_s: -1.0000  coco/bbox_mAP_m: 0.1810  coco/bbox_mAP_l: 0.3640  data_time: 0.0688  time: 0.1298
2025/05/13 11:09:19 - mmengine - INFO - Epoch(train) [27][50/71]  lr: 2.0000e-05  eta: 0:00:58  time: 0.2470  data_time: 0.0076  memory: 1437  loss: 2.7884  loss_cls: 1.9401  loss_bbox: 0.8482
2025/05/13 11:09:23 - mmengine - INFO - Exp name: ssd300_fs_bal_aff_20250513_105931
2025/05/13 11:09:24 - mmengine - INFO - Evaluating bbox...
2025/05/13 11:09:27 - mmengine - INFO - bbox_mAP_copypaste: 0.344 0.696 0.284 -1.000 0.184 0.373
2025/05/13 11:09:27 - mmengine - INFO - Epoch(val) [27][7/7]    coco/bbox_mAP: 0.3440  coco/bbox_mAP_50: 0.6960  coco/bbox_mAP_75: 0.2840  coco/bbox_mAP_s: -1.0000  coco/bbox_mAP_m: 0.1840  coco/bbox_mAP_l: 0.3730  data_time: 0.0625  time: 0.1254
2025/05/13 11:09:39 - mmengine - INFO - Epoch(train) [28][50/71]  lr: 2.0000e-05  eta: 0:00:40  time: 0.2460  data_time: 0.0078  memory: 1437  loss: 2.8309  loss_cls: 1.9611  loss_bbox: 0.8698
2025/05/13 11:09:44 - mmengine - INFO - Exp name: ssd300_fs_bal_aff_20250513_105931
2025/05/13 11:09:45 - mmengine - INFO - Evaluating bbox...
2025/05/13 11:09:48 - mmengine - INFO - bbox_mAP_copypaste: 0.341 0.693 0.279 -1.000 0.183 0.370
2025/05/13 11:09:48 - mmengine - INFO - Epoch(val) [28][7/7]    coco/bbox_mAP: 0.3410  coco/bbox_mAP_50: 0.6930  coco/bbox_mAP_75: 0.2790  coco/bbox_mAP_s: -1.0000  coco/bbox_mAP_m: 0.1830  coco/bbox_mAP_l: 0.3700  data_time: 0.0605  time: 0.1215
2025/05/13 11:09:51 - mmengine - INFO - Exp name: ssd300_fs_bal_aff_20250513_105931
2025/05/13 11:10:00 - mmengine - INFO - Epoch(train) [29][50/71]  lr: 2.0000e-05  eta: 0:00:22  time: 0.2443  data_time: 0.0077  memory: 1437  loss: 2.8383  loss_cls: 1.9652  loss_bbox: 0.8731
2025/05/13 11:10:05 - mmengine - INFO - Exp name: ssd300_fs_bal_aff_20250513_105931
2025/05/13 11:10:06 - mmengine - INFO - Evaluating bbox...
2025/05/13 11:10:08 - mmengine - INFO - bbox_mAP_copypaste: 0.343 0.697 0.286 -1.000 0.182 0.373
2025/05/13 11:10:08 - mmengine - INFO - Epoch(val) [29][7/7]    coco/bbox_mAP: 0.3430  coco/bbox_mAP_50: 0.6970  coco/bbox_mAP_75: 0.2860  coco/bbox_mAP_s: -1.0000  coco/bbox_mAP_m: 0.1820  coco/bbox_mAP_l: 0.3730  data_time: 0.0611  time: 0.1223
2025/05/13 11:10:21 - mmengine - INFO - Epoch(train) [30][50/71]  lr: 2.0000e-05  eta: 0:00:05  time: 0.2495  data_time: 0.0075  memory: 1437  loss: 2.7981  loss_cls: 1.9453  loss_bbox: 0.8528
2025/05/13 11:10:26 - mmengine - INFO - Exp name: ssd300_fs_bal_aff_20250513_105931
2025/05/13 11:10:26 - mmengine - INFO - Saving checkpoint at 30 epochs
2025/05/13 11:10:28 - mmengine - INFO - Evaluating bbox...
2025/05/13 11:10:30 - mmengine - INFO - bbox_mAP_copypaste: 0.342 0.699 0.278 -1.000 0.184 0.371
2025/05/13 11:10:30 - mmengine - INFO - Epoch(val) [30][7/7]    coco/bbox_mAP: 0.3420  coco/bbox_mAP_50: 0.6990  coco/bbox_mAP_75: 0.2780  coco/bbox_mAP_s: -1.0000  coco/bbox_mAP_m: 0.1840  coco/bbox_mAP_l: 0.3710  data_time: 0.0606  time: 0.1251
