2025/05/17 19:12:54 - mmengine - INFO - 
------------------------------------------------------------
System environment:
    sys.platform: win32
    Python: 3.9.13 (tags/v3.9.13:6de2ca5, May 17 2022, 16:36:42) [MSC v.1929 64 bit (AMD64)]
    CUDA available: True
    MUSA available: False
    numpy_random_seed: 1298200381
    GPU 0: NVIDIA GeForce RTX 3070 Ti
    CUDA_HOME: C:\Program Files\NVIDIA GPU Computing Toolkit\CUDA\v12.6
    NVCC: Cuda compilation tools, release 12.6, V12.6.85
    MSVC: Microsoft (R) C/C++ Optimizing Compiler Version 19.42.34433 for x64
    GCC: n/a
    PyTorch: 2.1.0+cu118
    PyTorch compiling details: PyTorch built with:
  - C++ Version: 199711
  - MSVC 192930151
  - Intel(R) Math Kernel Library Version 2020.0.2 Product Build 20200624 for Intel(R) 64 architecture applications
  - Intel(R) MKL-DNN v3.1.1 (Git Hash 64f6bcbcbab628e96f33a62c3e975f8535a7bde4)
  - OpenMP 2019
  - LAPACK is enabled (usually provided by MKL)
  - CPU capability usage: AVX2
  - CUDA Runtime 11.8
  - NVCC architecture flags: -gencode;arch=compute_37,code=sm_37;-gencode;arch=compute_50,code=sm_50;-gencode;arch=compute_60,code=sm_60;-gencode;arch=compute_61,code=sm_61;-gencode;arch=compute_70,code=sm_70;-gencode;arch=compute_75,code=sm_75;-gencode;arch=compute_80,code=sm_80;-gencode;arch=compute_86,code=sm_86;-gencode;arch=compute_90,code=sm_90;-gencode;arch=compute_37,code=compute_37
  - CuDNN 8.7
  - Magma 2.5.4
  - Build settings: BLAS_INFO=mkl, BUILD_TYPE=Release, CUDA_VERSION=11.8, CUDNN_VERSION=8.7.0, CXX_COMPILER=C:/actions-runner/_work/pytorch/pytorch/builder/windows/tmp_bin/sccache-cl.exe, CXX_FLAGS=/DWIN32 /D_WINDOWS /GR /EHsc /bigobj /FS -DUSE_PTHREADPOOL -DNDEBUG -DUSE_KINETO -DLIBKINETO_NOCUPTI -DLIBKINETO_NOROCTRACER -DUSE_FBGEMM -DUSE_XNNPACK -DSYMBOLICATE_MOBILE_DEBUG_HANDLE /utf-8 /wd4624 /wd4068 /wd4067 /wd4267 /wd4661 /wd4717 /wd4244 /wd4804 /wd4273, LAPACK_INFO=mkl, PERF_WITH_AVX=1, PERF_WITH_AVX2=1, PERF_WITH_AVX512=1, TORCH_DISABLE_GPU_ASSERTS=OFF, TORCH_VERSION=2.1.0, USE_CUDA=ON, USE_CUDNN=ON, USE_EXCEPTION_PTR=1, USE_GFLAGS=OFF, USE_GLOG=OFF, USE_MKL=ON, USE_MKLDNN=ON, USE_MPI=OFF, USE_NCCL=OFF, USE_NNPACK=OFF, USE_OPENMP=ON, USE_ROCM=OFF, 

    TorchVision: 0.16.0+cu118
    OpenCV: 4.10.0
    MMEngine: 0.10.5

Runtime environment:
    cudnn_benchmark: False
    dist_cfg: {'backend': 'nccl'}
    mp_cfg: {'mp_start_method': 'fork', 'opencv_num_threads': 0}
    seed: 1298200381
    Distributed launcher: none
    Distributed training: False
    GPU number: 1
------------------------------------------------------------

2025/05/17 19:12:54 - mmengine - INFO - Config:
auto_scale_lr = dict(base_batch_size=16, enable=False)
backend_args = None
data_root = 'D:/Repositories/test/data/larch_casebearer/'
dataset_type = 'CocoDataset'
default_hooks = dict(
    checkpoint=dict(
        interval=0, save_best='coco/bbox_mAP', type='CheckpointHook'),
    logger=dict(interval=50, type='LoggerHook'),
    param_scheduler=dict(type='ParamSchedulerHook'),
    sampler_seed=dict(type='DistSamplerSeedHook'),
    timer=dict(type='IterTimerHook'),
    visualization=dict(type='DetVisualizationHook'))
default_scope = 'mmdet'
env_cfg = dict(
    cudnn_benchmark=False,
    dist_cfg=dict(backend='nccl'),
    mp_cfg=dict(mp_start_method='fork', opencv_num_threads=0))
launcher = 'none'
load_from = None
log_level = 'INFO'
log_processor = dict(by_epoch=True, type='LogProcessor', window_size=50)
metainfo = dict(
    classes=(
        'H',
        'LD',
        'HD',
        'other',
    ),
    palette=[
        (
            0,
            255,
            0,
        ),
        (
            255,
            128,
            0,
        ),
        (
            255,
            0,
            0,
        ),
        (
            0,
            0,
            255,
        ),
    ])
model = dict(
    backbone=dict(
        depth=50,
        frozen_stages=1,
        init_cfg=dict(checkpoint='torchvision://resnet50', type='Pretrained'),
        norm_cfg=dict(requires_grad=True, type='BN'),
        norm_eval=True,
        num_stages=4,
        out_indices=(
            0,
            1,
            2,
            3,
        ),
        style='pytorch',
        type='ResNet'),
    data_preprocessor=dict(
        bgr_to_rgb=True,
        mean=[
            123.675,
            116.28,
            103.53,
        ],
        pad_size_divisor=32,
        std=[
            58.395,
            57.12,
            57.375,
        ],
        type='DetDataPreprocessor'),
    neck=dict(
        in_channels=[
            256,
            512,
            1024,
            2048,
        ],
        num_outs=5,
        out_channels=256,
        type='FPN'),
    roi_head=dict(
        bbox_head=dict(
            bbox_coder=dict(
                target_means=[
                    0.0,
                    0.0,
                    0.0,
                    0.0,
                ],
                target_stds=[
                    0.1,
                    0.1,
                    0.2,
                    0.2,
                ],
                type='DeltaXYWHBBoxCoder'),
            fc_out_channels=1024,
            in_channels=256,
            loss_bbox=dict(loss_weight=1.0, type='L1Loss'),
            loss_cls=dict(
                loss_weight=1.0, type='CrossEntropyLoss', use_sigmoid=False),
            num_classes=4,
            reg_class_agnostic=False,
            roi_feat_size=7,
            type='Shared2FCBBoxHead'),
        bbox_roi_extractor=dict(
            featmap_strides=[
                4,
                8,
                16,
                32,
            ],
            out_channels=256,
            roi_layer=dict(output_size=7, sampling_ratio=0, type='RoIAlign'),
            type='SingleRoIExtractor'),
        type='StandardRoIHead'),
    rpn_head=dict(
        anchor_generator=dict(
            ratios=[
                0.5,
                1.0,
                2.0,
            ],
            scales=[
                8,
            ],
            strides=[
                4,
                8,
                16,
                32,
                64,
            ],
            type='AnchorGenerator'),
        bbox_coder=dict(
            target_means=[
                0.0,
                0.0,
                0.0,
                0.0,
            ],
            target_stds=[
                1.0,
                1.0,
                1.0,
                1.0,
            ],
            type='DeltaXYWHBBoxCoder'),
        feat_channels=256,
        in_channels=256,
        loss_bbox=dict(loss_weight=1.0, type='L1Loss'),
        loss_cls=dict(
            loss_weight=1.0, type='CrossEntropyLoss', use_sigmoid=True),
        type='RPNHead'),
    test_cfg=dict(
        rcnn=dict(
            max_per_img=100,
            nms=dict(iou_threshold=0.5, type='nms'),
            score_thr=0.05),
        rpn=dict(
            max_per_img=1000,
            min_bbox_size=0,
            nms=dict(iou_threshold=0.7, type='nms'),
            nms_pre=1000)),
    train_cfg=dict(
        rcnn=dict(
            assigner=dict(
                ignore_iof_thr=-1,
                match_low_quality=False,
                min_pos_iou=0.5,
                neg_iou_thr=0.5,
                pos_iou_thr=0.5,
                type='MaxIoUAssigner'),
            debug=False,
            pos_weight=-1,
            sampler=dict(
                add_gt_as_proposals=True,
                neg_pos_ub=-1,
                num=512,
                pos_fraction=0.25,
                type='RandomSampler')),
        rpn=dict(
            allowed_border=-1,
            assigner=dict(
                ignore_iof_thr=-1,
                match_low_quality=True,
                min_pos_iou=0.3,
                neg_iou_thr=0.3,
                pos_iou_thr=0.7,
                type='MaxIoUAssigner'),
            debug=False,
            pos_weight=-1,
            sampler=dict(
                add_gt_as_proposals=False,
                neg_pos_ub=-1,
                num=256,
                pos_fraction=0.5,
                type='RandomSampler')),
        rpn_proposal=dict(
            max_per_img=1000,
            min_bbox_size=0,
            nms=dict(iou_threshold=0.7, type='nms'),
            nms_pre=2000)),
    type='FasterRCNN')
optim_wrapper = dict(
    optimizer=dict(lr=0.02, momentum=0.9, type='SGD', weight_decay=0.0001),
    type='OptimWrapper')
param_scheduler = [
    dict(
        begin=0, by_epoch=False, end=500, start_factor=0.001, type='LinearLR'),
    dict(
        begin=0,
        by_epoch=True,
        end=12,
        gamma=0.1,
        milestones=[
            8,
            11,
        ],
        type='MultiStepLR'),
]
resume = False
test_cfg = dict(type='TestLoop')
test_dataloader = dict(
    batch_size=1,
    dataset=dict(
        ann_file='test/annotations.json',
        backend_args=None,
        data_prefix=dict(img='test/'),
        data_root='D:/Repositories/test/data/larch_casebearer/',
        metainfo=dict(
            classes=(
                'H',
                'LD',
                'HD',
                'other',
            ),
            palette=[
                (
                    0,
                    255,
                    0,
                ),
                (
                    255,
                    128,
                    0,
                ),
                (
                    255,
                    0,
                    0,
                ),
                (
                    0,
                    0,
                    255,
                ),
            ]),
        pipeline=[
            dict(backend_args=None, type='LoadImageFromFile'),
            dict(keep_ratio=True, scale=(
                1333,
                800,
            ), type='Resize'),
            dict(type='LoadAnnotations', with_bbox=True),
            dict(
                meta_keys=(
                    'img_id',
                    'img_path',
                    'ori_shape',
                    'img_shape',
                    'scale_factor',
                ),
                type='PackDetInputs'),
        ],
        test_mode=True,
        type='CocoDataset'),
    drop_last=False,
    num_workers=2,
    persistent_workers=True,
    sampler=dict(shuffle=False, type='DefaultSampler'))
test_evaluator = dict(
    ann_file='D:/Repositories/test/data/larch_casebearer/test/annotations.json',
    backend_args=None,
    classwise=True,
    format_only=False,
    metric='bbox',
    type='CocoMetric')
test_pipeline = [
    dict(backend_args=None, type='LoadImageFromFile'),
    dict(keep_ratio=True, scale=(
        1333,
        800,
    ), type='Resize'),
    dict(type='LoadAnnotations', with_bbox=True),
    dict(
        meta_keys=(
            'img_id',
            'img_path',
            'ori_shape',
            'img_shape',
            'scale_factor',
        ),
        type='PackDetInputs'),
]
train_cfg = dict(max_epochs=30, type='EpochBasedTrainLoop', val_interval=1)
train_dataloader = dict(
    batch_sampler=dict(type='AspectRatioBatchSampler'),
    batch_size=2,
    dataset=dict(
        dataset=dict(
            ann_file='train/annotations.json',
            backend_args=None,
            data_prefix=dict(img='train/'),
            data_root='D:/Repositories/test/data/larch_casebearer/',
            metainfo=dict(
                classes=(
                    'H',
                    'LD',
                    'HD',
                    'other',
                ),
                palette=[
                    (
                        0,
                        255,
                        0,
                    ),
                    (
                        255,
                        128,
                        0,
                    ),
                    (
                        255,
                        0,
                        0,
                    ),
                    (
                        0,
                        0,
                        255,
                    ),
                ]),
            pipeline=[
                dict(backend_args=None, type='LoadImageFromFile'),
                dict(type='LoadAnnotations', with_bbox=True),
                dict(keep_ratio=True, scale=(
                    1333,
                    800,
                ), type='Resize'),
                dict(prob=0.5, type='RandomFlip'),
                dict(type='PackDetInputs'),
            ],
            type='CocoDataset'),
        oversample_thr=0.25,
        type='ClassBalancedDataset'),
    num_workers=1,
    persistent_workers=True,
    sampler=dict(shuffle=True, type='DefaultSampler'))
train_pipeline = [
    dict(backend_args=None, type='LoadImageFromFile'),
    dict(type='LoadAnnotations', with_bbox=True),
    dict(keep_ratio=True, scale=(
        1333,
        800,
    ), type='Resize'),
    dict(prob=0.5, type='RandomFlip'),
    dict(type='PackDetInputs'),
]
val_cfg = dict(type='ValLoop')
val_dataloader = dict(
    batch_size=1,
    dataset=dict(
        ann_file='val/annotations.json',
        backend_args=None,
        data_prefix=dict(img='val/'),
        data_root='D:/Repositories/test/data/larch_casebearer/',
        metainfo=dict(
            classes=(
                'H',
                'LD',
                'HD',
                'other',
            ),
            palette=[
                (
                    0,
                    255,
                    0,
                ),
                (
                    255,
                    128,
                    0,
                ),
                (
                    255,
                    0,
                    0,
                ),
                (
                    0,
                    0,
                    255,
                ),
            ]),
        pipeline=[
            dict(backend_args=None, type='LoadImageFromFile'),
            dict(keep_ratio=True, scale=(
                1333,
                800,
            ), type='Resize'),
            dict(type='LoadAnnotations', with_bbox=True),
            dict(
                meta_keys=(
                    'img_id',
                    'img_path',
                    'ori_shape',
                    'img_shape',
                    'scale_factor',
                ),
                type='PackDetInputs'),
        ],
        test_mode=True,
        type='CocoDataset'),
    drop_last=False,
    num_workers=2,
    persistent_workers=True,
    sampler=dict(shuffle=False, type='DefaultSampler'))
val_evaluator = dict(
    ann_file='D:/Repositories/test/data/larch_casebearer/val/annotations.json',
    backend_args=None,
    format_only=False,
    metric='bbox',
    type='CocoMetric')
vis_backends = [
    dict(type='LocalVisBackend'),
]
visualizer = dict(
    name='visualizer',
    type='DetLocalVisualizer',
    vis_backends=[
        dict(type='LocalVisBackend'),
    ])
work_dir = '25-05-09/fasterrcnn'

2025/05/17 19:12:55 - mmengine - INFO - Distributed training is not used, all SyncBatchNorm (SyncBN) layers in the model will be automatically reverted to BatchNormXd layers if they are used.
2025/05/17 19:12:55 - mmengine - INFO - Hooks will be executed in the following order:
before_run:
(VERY_HIGH   ) RuntimeInfoHook                    
(BELOW_NORMAL) LoggerHook                         
 -------------------- 
before_train:
(VERY_HIGH   ) RuntimeInfoHook                    
(NORMAL      ) IterTimerHook                      
(VERY_LOW    ) CheckpointHook                     
 -------------------- 
before_train_epoch:
(VERY_HIGH   ) RuntimeInfoHook                    
(NORMAL      ) IterTimerHook                      
(NORMAL      ) DistSamplerSeedHook                
 -------------------- 
before_train_iter:
(VERY_HIGH   ) RuntimeInfoHook                    
(NORMAL      ) IterTimerHook                      
 -------------------- 
after_train_iter:
(VERY_HIGH   ) RuntimeInfoHook                    
(NORMAL      ) IterTimerHook                      
(BELOW_NORMAL) LoggerHook                         
(LOW         ) ParamSchedulerHook                 
(VERY_LOW    ) CheckpointHook                     
 -------------------- 
after_train_epoch:
(NORMAL      ) IterTimerHook                      
(LOW         ) ParamSchedulerHook                 
(VERY_LOW    ) CheckpointHook                     
 -------------------- 
before_val:
(VERY_HIGH   ) RuntimeInfoHook                    
 -------------------- 
before_val_epoch:
(NORMAL      ) IterTimerHook                      
 -------------------- 
before_val_iter:
(NORMAL      ) IterTimerHook                      
 -------------------- 
after_val_iter:
(NORMAL      ) IterTimerHook                      
(NORMAL      ) DetVisualizationHook               
(BELOW_NORMAL) LoggerHook                         
 -------------------- 
after_val_epoch:
(VERY_HIGH   ) RuntimeInfoHook                    
(NORMAL      ) IterTimerHook                      
(BELOW_NORMAL) LoggerHook                         
(LOW         ) ParamSchedulerHook                 
(VERY_LOW    ) CheckpointHook                     
 -------------------- 
after_val:
(VERY_HIGH   ) RuntimeInfoHook                    
 -------------------- 
after_train:
(VERY_HIGH   ) RuntimeInfoHook                    
(VERY_LOW    ) CheckpointHook                     
 -------------------- 
before_test:
(VERY_HIGH   ) RuntimeInfoHook                    
 -------------------- 
before_test_epoch:
(NORMAL      ) IterTimerHook                      
 -------------------- 
before_test_iter:
(NORMAL      ) IterTimerHook                      
 -------------------- 
after_test_iter:
(NORMAL      ) IterTimerHook                      
(NORMAL      ) DetVisualizationHook               
(BELOW_NORMAL) LoggerHook                         
 -------------------- 
after_test_epoch:
(VERY_HIGH   ) RuntimeInfoHook                    
(NORMAL      ) IterTimerHook                      
(BELOW_NORMAL) LoggerHook                         
 -------------------- 
after_test:
(VERY_HIGH   ) RuntimeInfoHook                    
 -------------------- 
after_run:
(BELOW_NORMAL) LoggerHook                         
 -------------------- 
2025/05/17 19:12:56 - mmengine - INFO - load model from: torchvision://resnet50
2025/05/17 19:12:56 - mmengine - INFO - Loads checkpoint by torchvision backend from path: torchvision://resnet50
2025/05/17 19:12:56 - mmengine - WARNING - The model and loaded state dict do not match exactly

unexpected key in source state_dict: fc.weight, fc.bias

Name of parameter - Initialization information

backbone.conv1.weight - torch.Size([64, 3, 7, 7]): 
PretrainedInit: load from torchvision://resnet50 

backbone.bn1.weight - torch.Size([64]): 
PretrainedInit: load from torchvision://resnet50 

backbone.bn1.bias - torch.Size([64]): 
PretrainedInit: load from torchvision://resnet50 

backbone.layer1.0.conv1.weight - torch.Size([64, 64, 1, 1]): 
PretrainedInit: load from torchvision://resnet50 

backbone.layer1.0.bn1.weight - torch.Size([64]): 
PretrainedInit: load from torchvision://resnet50 

backbone.layer1.0.bn1.bias - torch.Size([64]): 
PretrainedInit: load from torchvision://resnet50 

backbone.layer1.0.conv2.weight - torch.Size([64, 64, 3, 3]): 
PretrainedInit: load from torchvision://resnet50 

backbone.layer1.0.bn2.weight - torch.Size([64]): 
PretrainedInit: load from torchvision://resnet50 

backbone.layer1.0.bn2.bias - torch.Size([64]): 
PretrainedInit: load from torchvision://resnet50 

backbone.layer1.0.conv3.weight - torch.Size([256, 64, 1, 1]): 
PretrainedInit: load from torchvision://resnet50 

backbone.layer1.0.bn3.weight - torch.Size([256]): 
PretrainedInit: load from torchvision://resnet50 

backbone.layer1.0.bn3.bias - torch.Size([256]): 
PretrainedInit: load from torchvision://resnet50 

backbone.layer1.0.downsample.0.weight - torch.Size([256, 64, 1, 1]): 
PretrainedInit: load from torchvision://resnet50 

backbone.layer1.0.downsample.1.weight - torch.Size([256]): 
PretrainedInit: load from torchvision://resnet50 

backbone.layer1.0.downsample.1.bias - torch.Size([256]): 
PretrainedInit: load from torchvision://resnet50 

backbone.layer1.1.conv1.weight - torch.Size([64, 256, 1, 1]): 
PretrainedInit: load from torchvision://resnet50 

backbone.layer1.1.bn1.weight - torch.Size([64]): 
PretrainedInit: load from torchvision://resnet50 

backbone.layer1.1.bn1.bias - torch.Size([64]): 
PretrainedInit: load from torchvision://resnet50 

backbone.layer1.1.conv2.weight - torch.Size([64, 64, 3, 3]): 
PretrainedInit: load from torchvision://resnet50 

backbone.layer1.1.bn2.weight - torch.Size([64]): 
PretrainedInit: load from torchvision://resnet50 

backbone.layer1.1.bn2.bias - torch.Size([64]): 
PretrainedInit: load from torchvision://resnet50 

backbone.layer1.1.conv3.weight - torch.Size([256, 64, 1, 1]): 
PretrainedInit: load from torchvision://resnet50 

backbone.layer1.1.bn3.weight - torch.Size([256]): 
PretrainedInit: load from torchvision://resnet50 

backbone.layer1.1.bn3.bias - torch.Size([256]): 
PretrainedInit: load from torchvision://resnet50 

backbone.layer1.2.conv1.weight - torch.Size([64, 256, 1, 1]): 
PretrainedInit: load from torchvision://resnet50 

backbone.layer1.2.bn1.weight - torch.Size([64]): 
PretrainedInit: load from torchvision://resnet50 

backbone.layer1.2.bn1.bias - torch.Size([64]): 
PretrainedInit: load from torchvision://resnet50 

backbone.layer1.2.conv2.weight - torch.Size([64, 64, 3, 3]): 
PretrainedInit: load from torchvision://resnet50 

backbone.layer1.2.bn2.weight - torch.Size([64]): 
PretrainedInit: load from torchvision://resnet50 

backbone.layer1.2.bn2.bias - torch.Size([64]): 
PretrainedInit: load from torchvision://resnet50 

backbone.layer1.2.conv3.weight - torch.Size([256, 64, 1, 1]): 
PretrainedInit: load from torchvision://resnet50 

backbone.layer1.2.bn3.weight - torch.Size([256]): 
PretrainedInit: load from torchvision://resnet50 

backbone.layer1.2.bn3.bias - torch.Size([256]): 
PretrainedInit: load from torchvision://resnet50 

backbone.layer2.0.conv1.weight - torch.Size([128, 256, 1, 1]): 
PretrainedInit: load from torchvision://resnet50 

backbone.layer2.0.bn1.weight - torch.Size([128]): 
PretrainedInit: load from torchvision://resnet50 

backbone.layer2.0.bn1.bias - torch.Size([128]): 
PretrainedInit: load from torchvision://resnet50 

backbone.layer2.0.conv2.weight - torch.Size([128, 128, 3, 3]): 
PretrainedInit: load from torchvision://resnet50 

backbone.layer2.0.bn2.weight - torch.Size([128]): 
PretrainedInit: load from torchvision://resnet50 

backbone.layer2.0.bn2.bias - torch.Size([128]): 
PretrainedInit: load from torchvision://resnet50 

backbone.layer2.0.conv3.weight - torch.Size([512, 128, 1, 1]): 
PretrainedInit: load from torchvision://resnet50 

backbone.layer2.0.bn3.weight - torch.Size([512]): 
PretrainedInit: load from torchvision://resnet50 

backbone.layer2.0.bn3.bias - torch.Size([512]): 
PretrainedInit: load from torchvision://resnet50 

backbone.layer2.0.downsample.0.weight - torch.Size([512, 256, 1, 1]): 
PretrainedInit: load from torchvision://resnet50 

backbone.layer2.0.downsample.1.weight - torch.Size([512]): 
PretrainedInit: load from torchvision://resnet50 

backbone.layer2.0.downsample.1.bias - torch.Size([512]): 
PretrainedInit: load from torchvision://resnet50 

backbone.layer2.1.conv1.weight - torch.Size([128, 512, 1, 1]): 
PretrainedInit: load from torchvision://resnet50 

backbone.layer2.1.bn1.weight - torch.Size([128]): 
PretrainedInit: load from torchvision://resnet50 

backbone.layer2.1.bn1.bias - torch.Size([128]): 
PretrainedInit: load from torchvision://resnet50 

backbone.layer2.1.conv2.weight - torch.Size([128, 128, 3, 3]): 
PretrainedInit: load from torchvision://resnet50 

backbone.layer2.1.bn2.weight - torch.Size([128]): 
PretrainedInit: load from torchvision://resnet50 

backbone.layer2.1.bn2.bias - torch.Size([128]): 
PretrainedInit: load from torchvision://resnet50 

backbone.layer2.1.conv3.weight - torch.Size([512, 128, 1, 1]): 
PretrainedInit: load from torchvision://resnet50 

backbone.layer2.1.bn3.weight - torch.Size([512]): 
PretrainedInit: load from torchvision://resnet50 

backbone.layer2.1.bn3.bias - torch.Size([512]): 
PretrainedInit: load from torchvision://resnet50 

backbone.layer2.2.conv1.weight - torch.Size([128, 512, 1, 1]): 
PretrainedInit: load from torchvision://resnet50 

backbone.layer2.2.bn1.weight - torch.Size([128]): 
PretrainedInit: load from torchvision://resnet50 

backbone.layer2.2.bn1.bias - torch.Size([128]): 
PretrainedInit: load from torchvision://resnet50 

backbone.layer2.2.conv2.weight - torch.Size([128, 128, 3, 3]): 
PretrainedInit: load from torchvision://resnet50 

backbone.layer2.2.bn2.weight - torch.Size([128]): 
PretrainedInit: load from torchvision://resnet50 

backbone.layer2.2.bn2.bias - torch.Size([128]): 
PretrainedInit: load from torchvision://resnet50 

backbone.layer2.2.conv3.weight - torch.Size([512, 128, 1, 1]): 
PretrainedInit: load from torchvision://resnet50 

backbone.layer2.2.bn3.weight - torch.Size([512]): 
PretrainedInit: load from torchvision://resnet50 

backbone.layer2.2.bn3.bias - torch.Size([512]): 
PretrainedInit: load from torchvision://resnet50 

backbone.layer2.3.conv1.weight - torch.Size([128, 512, 1, 1]): 
PretrainedInit: load from torchvision://resnet50 

backbone.layer2.3.bn1.weight - torch.Size([128]): 
PretrainedInit: load from torchvision://resnet50 

backbone.layer2.3.bn1.bias - torch.Size([128]): 
PretrainedInit: load from torchvision://resnet50 

backbone.layer2.3.conv2.weight - torch.Size([128, 128, 3, 3]): 
PretrainedInit: load from torchvision://resnet50 

backbone.layer2.3.bn2.weight - torch.Size([128]): 
PretrainedInit: load from torchvision://resnet50 

backbone.layer2.3.bn2.bias - torch.Size([128]): 
PretrainedInit: load from torchvision://resnet50 

backbone.layer2.3.conv3.weight - torch.Size([512, 128, 1, 1]): 
PretrainedInit: load from torchvision://resnet50 

backbone.layer2.3.bn3.weight - torch.Size([512]): 
PretrainedInit: load from torchvision://resnet50 

backbone.layer2.3.bn3.bias - torch.Size([512]): 
PretrainedInit: load from torchvision://resnet50 

backbone.layer3.0.conv1.weight - torch.Size([256, 512, 1, 1]): 
PretrainedInit: load from torchvision://resnet50 

backbone.layer3.0.bn1.weight - torch.Size([256]): 
PretrainedInit: load from torchvision://resnet50 

backbone.layer3.0.bn1.bias - torch.Size([256]): 
PretrainedInit: load from torchvision://resnet50 

backbone.layer3.0.conv2.weight - torch.Size([256, 256, 3, 3]): 
PretrainedInit: load from torchvision://resnet50 

backbone.layer3.0.bn2.weight - torch.Size([256]): 
PretrainedInit: load from torchvision://resnet50 

backbone.layer3.0.bn2.bias - torch.Size([256]): 
PretrainedInit: load from torchvision://resnet50 

backbone.layer3.0.conv3.weight - torch.Size([1024, 256, 1, 1]): 
PretrainedInit: load from torchvision://resnet50 

backbone.layer3.0.bn3.weight - torch.Size([1024]): 
PretrainedInit: load from torchvision://resnet50 

backbone.layer3.0.bn3.bias - torch.Size([1024]): 
PretrainedInit: load from torchvision://resnet50 

backbone.layer3.0.downsample.0.weight - torch.Size([1024, 512, 1, 1]): 
PretrainedInit: load from torchvision://resnet50 

backbone.layer3.0.downsample.1.weight - torch.Size([1024]): 
PretrainedInit: load from torchvision://resnet50 

backbone.layer3.0.downsample.1.bias - torch.Size([1024]): 
PretrainedInit: load from torchvision://resnet50 

backbone.layer3.1.conv1.weight - torch.Size([256, 1024, 1, 1]): 
PretrainedInit: load from torchvision://resnet50 

backbone.layer3.1.bn1.weight - torch.Size([256]): 
PretrainedInit: load from torchvision://resnet50 

backbone.layer3.1.bn1.bias - torch.Size([256]): 
PretrainedInit: load from torchvision://resnet50 

backbone.layer3.1.conv2.weight - torch.Size([256, 256, 3, 3]): 
PretrainedInit: load from torchvision://resnet50 

backbone.layer3.1.bn2.weight - torch.Size([256]): 
PretrainedInit: load from torchvision://resnet50 

backbone.layer3.1.bn2.bias - torch.Size([256]): 
PretrainedInit: load from torchvision://resnet50 

backbone.layer3.1.conv3.weight - torch.Size([1024, 256, 1, 1]): 
PretrainedInit: load from torchvision://resnet50 

backbone.layer3.1.bn3.weight - torch.Size([1024]): 
PretrainedInit: load from torchvision://resnet50 

backbone.layer3.1.bn3.bias - torch.Size([1024]): 
PretrainedInit: load from torchvision://resnet50 

backbone.layer3.2.conv1.weight - torch.Size([256, 1024, 1, 1]): 
PretrainedInit: load from torchvision://resnet50 

backbone.layer3.2.bn1.weight - torch.Size([256]): 
PretrainedInit: load from torchvision://resnet50 

backbone.layer3.2.bn1.bias - torch.Size([256]): 
PretrainedInit: load from torchvision://resnet50 

backbone.layer3.2.conv2.weight - torch.Size([256, 256, 3, 3]): 
PretrainedInit: load from torchvision://resnet50 

backbone.layer3.2.bn2.weight - torch.Size([256]): 
PretrainedInit: load from torchvision://resnet50 

backbone.layer3.2.bn2.bias - torch.Size([256]): 
PretrainedInit: load from torchvision://resnet50 

backbone.layer3.2.conv3.weight - torch.Size([1024, 256, 1, 1]): 
PretrainedInit: load from torchvision://resnet50 

backbone.layer3.2.bn3.weight - torch.Size([1024]): 
PretrainedInit: load from torchvision://resnet50 

backbone.layer3.2.bn3.bias - torch.Size([1024]): 
PretrainedInit: load from torchvision://resnet50 

backbone.layer3.3.conv1.weight - torch.Size([256, 1024, 1, 1]): 
PretrainedInit: load from torchvision://resnet50 

backbone.layer3.3.bn1.weight - torch.Size([256]): 
PretrainedInit: load from torchvision://resnet50 

backbone.layer3.3.bn1.bias - torch.Size([256]): 
PretrainedInit: load from torchvision://resnet50 

backbone.layer3.3.conv2.weight - torch.Size([256, 256, 3, 3]): 
PretrainedInit: load from torchvision://resnet50 

backbone.layer3.3.bn2.weight - torch.Size([256]): 
PretrainedInit: load from torchvision://resnet50 

backbone.layer3.3.bn2.bias - torch.Size([256]): 
PretrainedInit: load from torchvision://resnet50 

backbone.layer3.3.conv3.weight - torch.Size([1024, 256, 1, 1]): 
PretrainedInit: load from torchvision://resnet50 

backbone.layer3.3.bn3.weight - torch.Size([1024]): 
PretrainedInit: load from torchvision://resnet50 

backbone.layer3.3.bn3.bias - torch.Size([1024]): 
PretrainedInit: load from torchvision://resnet50 

backbone.layer3.4.conv1.weight - torch.Size([256, 1024, 1, 1]): 
PretrainedInit: load from torchvision://resnet50 

backbone.layer3.4.bn1.weight - torch.Size([256]): 
PretrainedInit: load from torchvision://resnet50 

backbone.layer3.4.bn1.bias - torch.Size([256]): 
PretrainedInit: load from torchvision://resnet50 

backbone.layer3.4.conv2.weight - torch.Size([256, 256, 3, 3]): 
PretrainedInit: load from torchvision://resnet50 

backbone.layer3.4.bn2.weight - torch.Size([256]): 
PretrainedInit: load from torchvision://resnet50 

backbone.layer3.4.bn2.bias - torch.Size([256]): 
PretrainedInit: load from torchvision://resnet50 

backbone.layer3.4.conv3.weight - torch.Size([1024, 256, 1, 1]): 
PretrainedInit: load from torchvision://resnet50 

backbone.layer3.4.bn3.weight - torch.Size([1024]): 
PretrainedInit: load from torchvision://resnet50 

backbone.layer3.4.bn3.bias - torch.Size([1024]): 
PretrainedInit: load from torchvision://resnet50 

backbone.layer3.5.conv1.weight - torch.Size([256, 1024, 1, 1]): 
PretrainedInit: load from torchvision://resnet50 

backbone.layer3.5.bn1.weight - torch.Size([256]): 
PretrainedInit: load from torchvision://resnet50 

backbone.layer3.5.bn1.bias - torch.Size([256]): 
PretrainedInit: load from torchvision://resnet50 

backbone.layer3.5.conv2.weight - torch.Size([256, 256, 3, 3]): 
PretrainedInit: load from torchvision://resnet50 

backbone.layer3.5.bn2.weight - torch.Size([256]): 
PretrainedInit: load from torchvision://resnet50 

backbone.layer3.5.bn2.bias - torch.Size([256]): 
PretrainedInit: load from torchvision://resnet50 

backbone.layer3.5.conv3.weight - torch.Size([1024, 256, 1, 1]): 
PretrainedInit: load from torchvision://resnet50 

backbone.layer3.5.bn3.weight - torch.Size([1024]): 
PretrainedInit: load from torchvision://resnet50 

backbone.layer3.5.bn3.bias - torch.Size([1024]): 
PretrainedInit: load from torchvision://resnet50 

backbone.layer4.0.conv1.weight - torch.Size([512, 1024, 1, 1]): 
PretrainedInit: load from torchvision://resnet50 

backbone.layer4.0.bn1.weight - torch.Size([512]): 
PretrainedInit: load from torchvision://resnet50 

backbone.layer4.0.bn1.bias - torch.Size([512]): 
PretrainedInit: load from torchvision://resnet50 

backbone.layer4.0.conv2.weight - torch.Size([512, 512, 3, 3]): 
PretrainedInit: load from torchvision://resnet50 

backbone.layer4.0.bn2.weight - torch.Size([512]): 
PretrainedInit: load from torchvision://resnet50 

backbone.layer4.0.bn2.bias - torch.Size([512]): 
PretrainedInit: load from torchvision://resnet50 

backbone.layer4.0.conv3.weight - torch.Size([2048, 512, 1, 1]): 
PretrainedInit: load from torchvision://resnet50 

backbone.layer4.0.bn3.weight - torch.Size([2048]): 
PretrainedInit: load from torchvision://resnet50 

backbone.layer4.0.bn3.bias - torch.Size([2048]): 
PretrainedInit: load from torchvision://resnet50 

backbone.layer4.0.downsample.0.weight - torch.Size([2048, 1024, 1, 1]): 
PretrainedInit: load from torchvision://resnet50 

backbone.layer4.0.downsample.1.weight - torch.Size([2048]): 
PretrainedInit: load from torchvision://resnet50 

backbone.layer4.0.downsample.1.bias - torch.Size([2048]): 
PretrainedInit: load from torchvision://resnet50 

backbone.layer4.1.conv1.weight - torch.Size([512, 2048, 1, 1]): 
PretrainedInit: load from torchvision://resnet50 

backbone.layer4.1.bn1.weight - torch.Size([512]): 
PretrainedInit: load from torchvision://resnet50 

backbone.layer4.1.bn1.bias - torch.Size([512]): 
PretrainedInit: load from torchvision://resnet50 

backbone.layer4.1.conv2.weight - torch.Size([512, 512, 3, 3]): 
PretrainedInit: load from torchvision://resnet50 

backbone.layer4.1.bn2.weight - torch.Size([512]): 
PretrainedInit: load from torchvision://resnet50 

backbone.layer4.1.bn2.bias - torch.Size([512]): 
PretrainedInit: load from torchvision://resnet50 

backbone.layer4.1.conv3.weight - torch.Size([2048, 512, 1, 1]): 
PretrainedInit: load from torchvision://resnet50 

backbone.layer4.1.bn3.weight - torch.Size([2048]): 
PretrainedInit: load from torchvision://resnet50 

backbone.layer4.1.bn3.bias - torch.Size([2048]): 
PretrainedInit: load from torchvision://resnet50 

backbone.layer4.2.conv1.weight - torch.Size([512, 2048, 1, 1]): 
PretrainedInit: load from torchvision://resnet50 

backbone.layer4.2.bn1.weight - torch.Size([512]): 
PretrainedInit: load from torchvision://resnet50 

backbone.layer4.2.bn1.bias - torch.Size([512]): 
PretrainedInit: load from torchvision://resnet50 

backbone.layer4.2.conv2.weight - torch.Size([512, 512, 3, 3]): 
PretrainedInit: load from torchvision://resnet50 

backbone.layer4.2.bn2.weight - torch.Size([512]): 
PretrainedInit: load from torchvision://resnet50 

backbone.layer4.2.bn2.bias - torch.Size([512]): 
PretrainedInit: load from torchvision://resnet50 

backbone.layer4.2.conv3.weight - torch.Size([2048, 512, 1, 1]): 
PretrainedInit: load from torchvision://resnet50 

backbone.layer4.2.bn3.weight - torch.Size([2048]): 
PretrainedInit: load from torchvision://resnet50 

backbone.layer4.2.bn3.bias - torch.Size([2048]): 
PretrainedInit: load from torchvision://resnet50 

neck.lateral_convs.0.conv.weight - torch.Size([256, 256, 1, 1]): 
XavierInit: gain=1, distribution=uniform, bias=0 

neck.lateral_convs.0.conv.bias - torch.Size([256]): 
The value is the same before and after calling `init_weights` of FasterRCNN  

neck.lateral_convs.1.conv.weight - torch.Size([256, 512, 1, 1]): 
XavierInit: gain=1, distribution=uniform, bias=0 

neck.lateral_convs.1.conv.bias - torch.Size([256]): 
The value is the same before and after calling `init_weights` of FasterRCNN  

neck.lateral_convs.2.conv.weight - torch.Size([256, 1024, 1, 1]): 
XavierInit: gain=1, distribution=uniform, bias=0 

neck.lateral_convs.2.conv.bias - torch.Size([256]): 
The value is the same before and after calling `init_weights` of FasterRCNN  

neck.lateral_convs.3.conv.weight - torch.Size([256, 2048, 1, 1]): 
XavierInit: gain=1, distribution=uniform, bias=0 

neck.lateral_convs.3.conv.bias - torch.Size([256]): 
The value is the same before and after calling `init_weights` of FasterRCNN  

neck.fpn_convs.0.conv.weight - torch.Size([256, 256, 3, 3]): 
XavierInit: gain=1, distribution=uniform, bias=0 

neck.fpn_convs.0.conv.bias - torch.Size([256]): 
The value is the same before and after calling `init_weights` of FasterRCNN  

neck.fpn_convs.1.conv.weight - torch.Size([256, 256, 3, 3]): 
XavierInit: gain=1, distribution=uniform, bias=0 

neck.fpn_convs.1.conv.bias - torch.Size([256]): 
The value is the same before and after calling `init_weights` of FasterRCNN  

neck.fpn_convs.2.conv.weight - torch.Size([256, 256, 3, 3]): 
XavierInit: gain=1, distribution=uniform, bias=0 

neck.fpn_convs.2.conv.bias - torch.Size([256]): 
The value is the same before and after calling `init_weights` of FasterRCNN  

neck.fpn_convs.3.conv.weight - torch.Size([256, 256, 3, 3]): 
XavierInit: gain=1, distribution=uniform, bias=0 

neck.fpn_convs.3.conv.bias - torch.Size([256]): 
The value is the same before and after calling `init_weights` of FasterRCNN  

rpn_head.rpn_conv.weight - torch.Size([256, 256, 3, 3]): 
NormalInit: mean=0, std=0.01, bias=0 

rpn_head.rpn_conv.bias - torch.Size([256]): 
NormalInit: mean=0, std=0.01, bias=0 

rpn_head.rpn_cls.weight - torch.Size([3, 256, 1, 1]): 
NormalInit: mean=0, std=0.01, bias=0 

rpn_head.rpn_cls.bias - torch.Size([3]): 
NormalInit: mean=0, std=0.01, bias=0 

rpn_head.rpn_reg.weight - torch.Size([12, 256, 1, 1]): 
NormalInit: mean=0, std=0.01, bias=0 

rpn_head.rpn_reg.bias - torch.Size([12]): 
NormalInit: mean=0, std=0.01, bias=0 

roi_head.bbox_head.fc_cls.weight - torch.Size([5, 1024]): 
NormalInit: mean=0, std=0.01, bias=0 

roi_head.bbox_head.fc_cls.bias - torch.Size([5]): 
NormalInit: mean=0, std=0.01, bias=0 

roi_head.bbox_head.fc_reg.weight - torch.Size([16, 1024]): 
NormalInit: mean=0, std=0.001, bias=0 

roi_head.bbox_head.fc_reg.bias - torch.Size([16]): 
NormalInit: mean=0, std=0.001, bias=0 

roi_head.bbox_head.shared_fcs.0.weight - torch.Size([1024, 12544]): 
XavierInit: gain=1, distribution=uniform, bias=0 

roi_head.bbox_head.shared_fcs.0.bias - torch.Size([1024]): 
XavierInit: gain=1, distribution=uniform, bias=0 

roi_head.bbox_head.shared_fcs.1.weight - torch.Size([1024, 1024]): 
XavierInit: gain=1, distribution=uniform, bias=0 

roi_head.bbox_head.shared_fcs.1.bias - torch.Size([1024]): 
XavierInit: gain=1, distribution=uniform, bias=0 
2025/05/17 19:12:56 - mmengine - WARNING - "FileClient" will be deprecated in future. Please use io functions in https://mmengine.readthedocs.io/en/latest/api/fileio.html#file-io
2025/05/17 19:12:56 - mmengine - WARNING - "HardDiskBackend" is the alias of "LocalBackend" and the former will be deprecated in future.
2025/05/17 19:12:56 - mmengine - INFO - Checkpoints will be saved to D:\Repositories\test\25-05-09\fasterrcnn.
2025/05/17 19:13:11 - mmengine - INFO - Epoch(train)  [1][ 50/282]  lr: 1.9820e-03  eta: 0:40:59  time: 0.2925  data_time: 0.0878  memory: 2691  loss: 2.2484  loss_rpn_cls: 0.5790  loss_rpn_bbox: 0.2516  loss_cls: 0.8745  acc: 75.0000  loss_bbox: 0.5433
2025/05/17 19:13:21 - mmengine - INFO - Epoch(train)  [1][100/282]  lr: 3.9840e-03  eta: 0:34:19  time: 0.2002  data_time: 0.0018  memory: 2778  loss: 2.0256  loss_rpn_cls: 0.3506  loss_rpn_bbox: 0.2449  loss_cls: 0.7014  acc: 75.1953  loss_bbox: 0.7287
2025/05/17 19:13:31 - mmengine - INFO - Epoch(train)  [1][150/282]  lr: 5.9860e-03  eta: 0:31:48  time: 0.1963  data_time: 0.0016  memory: 2739  loss: 1.7502  loss_rpn_cls: 0.2643  loss_rpn_bbox: 0.2314  loss_cls: 0.5923  acc: 76.3672  loss_bbox: 0.6622
2025/05/17 19:13:40 - mmengine - INFO - Epoch(train)  [1][200/282]  lr: 7.9880e-03  eta: 0:30:21  time: 0.1932  data_time: 0.0017  memory: 2634  loss: 1.6447  loss_rpn_cls: 0.1831  loss_rpn_bbox: 0.2133  loss_cls: 0.5915  acc: 76.8555  loss_bbox: 0.6568
2025/05/17 19:13:50 - mmengine - INFO - Epoch(train)  [1][250/282]  lr: 9.9900e-03  eta: 0:29:23  time: 0.1921  data_time: 0.0016  memory: 2723  loss: 1.6063  loss_rpn_cls: 0.1526  loss_rpn_bbox: 0.2104  loss_cls: 0.6059  acc: 79.1016  loss_bbox: 0.6374
2025/05/17 19:13:56 - mmengine - INFO - Exp name: fasterrcnn_fs_bal_df_20250517_191250
2025/05/17 19:14:06 - mmengine - INFO - Evaluating bbox...
2025/05/17 19:14:08 - mmengine - INFO - bbox_mAP_copypaste: 0.202 0.448 0.122 -1.000 0.160 0.216
2025/05/17 19:14:08 - mmengine - INFO - Epoch(val) [1][49/49]    coco/bbox_mAP: 0.2020  coco/bbox_mAP_50: 0.4480  coco/bbox_mAP_75: 0.1220  coco/bbox_mAP_s: -1.0000  coco/bbox_mAP_m: 0.1600  coco/bbox_mAP_l: 0.2160  data_time: 0.1644  time: 0.2070
2025/05/17 19:14:08 - mmengine - INFO - The best checkpoint with 0.2020 coco/bbox_mAP at 1 epoch is saved to best_coco_bbox_mAP_epoch_1.pth.
2025/05/17 19:14:18 - mmengine - INFO - Epoch(train)  [2][ 50/282]  lr: 1.3273e-02  eta: 0:28:30  time: 0.1989  data_time: 0.0029  memory: 2767  loss: 1.4009  loss_rpn_cls: 0.1297  loss_rpn_bbox: 0.1785  loss_cls: 0.5150  acc: 86.0352  loss_bbox: 0.5777
2025/05/17 19:14:28 - mmengine - INFO - Epoch(train)  [2][100/282]  lr: 1.5275e-02  eta: 0:27:59  time: 0.1909  data_time: 0.0018  memory: 2767  loss: 1.3877  loss_rpn_cls: 0.1122  loss_rpn_bbox: 0.1852  loss_cls: 0.5184  acc: 79.0039  loss_bbox: 0.5719
2025/05/17 19:14:37 - mmengine - INFO - Epoch(train)  [2][150/282]  lr: 1.7277e-02  eta: 0:27:32  time: 0.1903  data_time: 0.0019  memory: 2756  loss: 1.2735  loss_rpn_cls: 0.1000  loss_rpn_bbox: 0.1651  loss_cls: 0.4632  acc: 86.9141  loss_bbox: 0.5452
2025/05/17 19:14:47 - mmengine - INFO - Epoch(train)  [2][200/282]  lr: 1.9279e-02  eta: 0:27:10  time: 0.1912  data_time: 0.0016  memory: 2778  loss: 1.3140  loss_rpn_cls: 0.1066  loss_rpn_bbox: 0.1683  loss_cls: 0.4933  acc: 85.8149  loss_bbox: 0.5458
2025/05/17 19:14:57 - mmengine - INFO - Epoch(train)  [2][250/282]  lr: 2.0000e-02  eta: 0:26:51  time: 0.1925  data_time: 0.0016  memory: 2717  loss: 1.3028  loss_rpn_cls: 0.1090  loss_rpn_bbox: 0.1725  loss_cls: 0.5139  acc: 83.6914  loss_bbox: 0.5074
2025/05/17 19:15:03 - mmengine - INFO - Exp name: fasterrcnn_fs_bal_df_20250517_191250
2025/05/17 19:15:05 - mmengine - INFO - Evaluating bbox...
2025/05/17 19:15:06 - mmengine - INFO - bbox_mAP_copypaste: 0.284 0.544 0.258 -1.000 0.177 0.310
2025/05/17 19:15:06 - mmengine - INFO - Epoch(val) [2][49/49]    coco/bbox_mAP: 0.2840  coco/bbox_mAP_50: 0.5440  coco/bbox_mAP_75: 0.2580  coco/bbox_mAP_s: -1.0000  coco/bbox_mAP_m: 0.1770  coco/bbox_mAP_l: 0.3100  data_time: 0.0018  time: 0.0377
2025/05/17 19:15:06 - mmengine - INFO - The previous best checkpoint D:\Repositories\test\25-05-09\fasterrcnn\best_coco_bbox_mAP_epoch_1.pth is removed
2025/05/17 19:15:07 - mmengine - INFO - The best checkpoint with 0.2840 coco/bbox_mAP at 2 epoch is saved to best_coco_bbox_mAP_epoch_2.pth.
2025/05/17 19:15:17 - mmengine - INFO - Epoch(train)  [3][ 50/282]  lr: 2.0000e-02  eta: 0:26:26  time: 0.2006  data_time: 0.0030  memory: 2756  loss: 1.2196  loss_rpn_cls: 0.0919  loss_rpn_bbox: 0.1552  loss_cls: 0.4678  acc: 76.5625  loss_bbox: 0.5047
2025/05/17 19:15:26 - mmengine - INFO - Epoch(train)  [3][100/282]  lr: 2.0000e-02  eta: 0:26:09  time: 0.1904  data_time: 0.0017  memory: 2767  loss: 1.2090  loss_rpn_cls: 0.0920  loss_rpn_bbox: 0.1553  loss_cls: 0.4599  acc: 86.7470  loss_bbox: 0.5019
2025/05/17 19:15:36 - mmengine - INFO - Epoch(train)  [3][150/282]  lr: 2.0000e-02  eta: 0:25:54  time: 0.1924  data_time: 0.0017  memory: 2745  loss: 1.1572  loss_rpn_cls: 0.0934  loss_rpn_bbox: 0.1628  loss_cls: 0.4166  acc: 85.8398  loss_bbox: 0.4844
2025/05/17 19:15:45 - mmengine - INFO - Epoch(train)  [3][200/282]  lr: 2.0000e-02  eta: 0:25:39  time: 0.1901  data_time: 0.0017  memory: 2750  loss: 1.1185  loss_rpn_cls: 0.0833  loss_rpn_bbox: 0.1492  loss_cls: 0.4147  acc: 84.2160  loss_bbox: 0.4713
2025/05/17 19:15:55 - mmengine - INFO - Epoch(train)  [3][250/282]  lr: 2.0000e-02  eta: 0:25:25  time: 0.1909  data_time: 0.0016  memory: 2772  loss: 1.0633  loss_rpn_cls: 0.0750  loss_rpn_bbox: 0.1436  loss_cls: 0.4000  acc: 85.8398  loss_bbox: 0.4448
2025/05/17 19:16:01 - mmengine - INFO - Exp name: fasterrcnn_fs_bal_df_20250517_191250
2025/05/17 19:16:03 - mmengine - INFO - Evaluating bbox...
2025/05/17 19:16:04 - mmengine - INFO - bbox_mAP_copypaste: 0.325 0.570 0.350 -1.000 0.215 0.356
2025/05/17 19:16:04 - mmengine - INFO - Epoch(val) [3][49/49]    coco/bbox_mAP: 0.3250  coco/bbox_mAP_50: 0.5700  coco/bbox_mAP_75: 0.3500  coco/bbox_mAP_s: -1.0000  coco/bbox_mAP_m: 0.2150  coco/bbox_mAP_l: 0.3560  data_time: 0.0015  time: 0.0372
2025/05/17 19:16:04 - mmengine - INFO - The previous best checkpoint D:\Repositories\test\25-05-09\fasterrcnn\best_coco_bbox_mAP_epoch_2.pth is removed
2025/05/17 19:16:05 - mmengine - INFO - The best checkpoint with 0.3250 coco/bbox_mAP at 3 epoch is saved to best_coco_bbox_mAP_epoch_3.pth.
2025/05/17 19:16:15 - mmengine - INFO - Epoch(train)  [4][ 50/282]  lr: 2.0000e-02  eta: 0:25:04  time: 0.1969  data_time: 0.0029  memory: 2766  loss: 1.0425  loss_rpn_cls: 0.0665  loss_rpn_bbox: 0.1381  loss_cls: 0.3851  acc: 88.1836  loss_bbox: 0.4527
2025/05/17 19:16:25 - mmengine - INFO - Epoch(train)  [4][100/282]  lr: 2.0000e-02  eta: 0:24:51  time: 0.1907  data_time: 0.0016  memory: 2772  loss: 1.0809  loss_rpn_cls: 0.0707  loss_rpn_bbox: 0.1432  loss_cls: 0.4091  acc: 80.0220  loss_bbox: 0.4579
2025/05/17 19:16:34 - mmengine - INFO - Epoch(train)  [4][150/282]  lr: 2.0000e-02  eta: 0:24:39  time: 0.1939  data_time: 0.0016  memory: 2766  loss: 0.9755  loss_rpn_cls: 0.0632  loss_rpn_bbox: 0.1325  loss_cls: 0.3498  acc: 81.7383  loss_bbox: 0.4300
2025/05/17 19:16:35 - mmengine - INFO - Exp name: fasterrcnn_fs_bal_df_20250517_191250
2025/05/17 19:16:44 - mmengine - INFO - Epoch(train)  [4][200/282]  lr: 2.0000e-02  eta: 0:24:27  time: 0.1926  data_time: 0.0017  memory: 2750  loss: 1.0440  loss_rpn_cls: 0.0676  loss_rpn_bbox: 0.1331  loss_cls: 0.3861  acc: 83.5938  loss_bbox: 0.4572
2025/05/17 19:16:54 - mmengine - INFO - Epoch(train)  [4][250/282]  lr: 2.0000e-02  eta: 0:24:17  time: 0.1951  data_time: 0.0018  memory: 2767  loss: 0.9863  loss_rpn_cls: 0.0581  loss_rpn_bbox: 0.1323  loss_cls: 0.3691  acc: 88.5742  loss_bbox: 0.4268
2025/05/17 19:17:00 - mmengine - INFO - Exp name: fasterrcnn_fs_bal_df_20250517_191250
2025/05/17 19:17:01 - mmengine - INFO - Evaluating bbox...
2025/05/17 19:17:03 - mmengine - INFO - bbox_mAP_copypaste: 0.432 0.728 0.479 -1.000 0.280 0.455
2025/05/17 19:17:03 - mmengine - INFO - Epoch(val) [4][49/49]    coco/bbox_mAP: 0.4320  coco/bbox_mAP_50: 0.7280  coco/bbox_mAP_75: 0.4790  coco/bbox_mAP_s: -1.0000  coco/bbox_mAP_m: 0.2800  coco/bbox_mAP_l: 0.4550  data_time: 0.0014  time: 0.0369
2025/05/17 19:17:03 - mmengine - INFO - The previous best checkpoint D:\Repositories\test\25-05-09\fasterrcnn\best_coco_bbox_mAP_epoch_3.pth is removed
2025/05/17 19:17:04 - mmengine - INFO - The best checkpoint with 0.4320 coco/bbox_mAP at 4 epoch is saved to best_coco_bbox_mAP_epoch_4.pth.
2025/05/17 19:17:14 - mmengine - INFO - Epoch(train)  [5][ 50/282]  lr: 2.0000e-02  eta: 0:23:58  time: 0.1975  data_time: 0.0028  memory: 2675  loss: 0.9649  loss_rpn_cls: 0.0549  loss_rpn_bbox: 0.1327  loss_cls: 0.3564  acc: 89.1602  loss_bbox: 0.4209
2025/05/17 19:17:23 - mmengine - INFO - Epoch(train)  [5][100/282]  lr: 2.0000e-02  eta: 0:23:47  time: 0.1922  data_time: 0.0017  memory: 2772  loss: 0.9700  loss_rpn_cls: 0.0621  loss_rpn_bbox: 0.1283  loss_cls: 0.3503  acc: 83.8867  loss_bbox: 0.4293
2025/05/17 19:17:33 - mmengine - INFO - Epoch(train)  [5][150/282]  lr: 2.0000e-02  eta: 0:23:35  time: 0.1917  data_time: 0.0016  memory: 2750  loss: 0.9937  loss_rpn_cls: 0.0604  loss_rpn_bbox: 0.1306  loss_cls: 0.3731  acc: 89.7461  loss_bbox: 0.4296
2025/05/17 19:17:42 - mmengine - INFO - Epoch(train)  [5][200/282]  lr: 2.0000e-02  eta: 0:23:24  time: 0.1922  data_time: 0.0017  memory: 2773  loss: 0.9307  loss_rpn_cls: 0.0543  loss_rpn_bbox: 0.1255  loss_cls: 0.3380  acc: 87.9883  loss_bbox: 0.4128
2025/05/17 19:17:52 - mmengine - INFO - Epoch(train)  [5][250/282]  lr: 2.0000e-02  eta: 0:23:13  time: 0.1932  data_time: 0.0016  memory: 2756  loss: 0.9445  loss_rpn_cls: 0.0576  loss_rpn_bbox: 0.1280  loss_cls: 0.3450  acc: 79.9805  loss_bbox: 0.4138
2025/05/17 19:17:58 - mmengine - INFO - Exp name: fasterrcnn_fs_bal_df_20250517_191250
2025/05/17 19:18:00 - mmengine - INFO - Evaluating bbox...
2025/05/17 19:18:01 - mmengine - INFO - bbox_mAP_copypaste: 0.425 0.724 0.487 -1.000 0.285 0.450
2025/05/17 19:18:01 - mmengine - INFO - Epoch(val) [5][49/49]    coco/bbox_mAP: 0.4250  coco/bbox_mAP_50: 0.7240  coco/bbox_mAP_75: 0.4870  coco/bbox_mAP_s: -1.0000  coco/bbox_mAP_m: 0.2850  coco/bbox_mAP_l: 0.4500  data_time: 0.0016  time: 0.0374
2025/05/17 19:18:11 - mmengine - INFO - Epoch(train)  [6][ 50/282]  lr: 2.0000e-02  eta: 0:22:55  time: 0.1940  data_time: 0.0029  memory: 2750  loss: 0.9295  loss_rpn_cls: 0.0451  loss_rpn_bbox: 0.1231  loss_cls: 0.3432  acc: 88.1070  loss_bbox: 0.4181
2025/05/17 19:18:21 - mmengine - INFO - Epoch(train)  [6][100/282]  lr: 2.0000e-02  eta: 0:22:44  time: 0.1903  data_time: 0.0017  memory: 2755  loss: 0.8731  loss_rpn_cls: 0.0461  loss_rpn_bbox: 0.1200  loss_cls: 0.3090  acc: 88.5128  loss_bbox: 0.3981
2025/05/17 19:18:30 - mmengine - INFO - Epoch(train)  [6][150/282]  lr: 2.0000e-02  eta: 0:22:33  time: 0.1925  data_time: 0.0017  memory: 2772  loss: 0.9804  loss_rpn_cls: 0.0632  loss_rpn_bbox: 0.1326  loss_cls: 0.3599  acc: 92.7734  loss_bbox: 0.4247
2025/05/17 19:18:40 - mmengine - INFO - Epoch(train)  [6][200/282]  lr: 2.0000e-02  eta: 0:22:23  time: 0.1917  data_time: 0.0015  memory: 2696  loss: 0.9401  loss_rpn_cls: 0.0574  loss_rpn_bbox: 0.1253  loss_cls: 0.3479  acc: 88.6719  loss_bbox: 0.4094
2025/05/17 19:18:49 - mmengine - INFO - Epoch(train)  [6][250/282]  lr: 2.0000e-02  eta: 0:22:12  time: 0.1915  data_time: 0.0017  memory: 2767  loss: 0.9161  loss_rpn_cls: 0.0500  loss_rpn_bbox: 0.1234  loss_cls: 0.3395  acc: 89.1602  loss_bbox: 0.4032
2025/05/17 19:18:56 - mmengine - INFO - Exp name: fasterrcnn_fs_bal_df_20250517_191250
2025/05/17 19:18:57 - mmengine - INFO - Evaluating bbox...
2025/05/17 19:18:59 - mmengine - INFO - bbox_mAP_copypaste: 0.422 0.731 0.468 -1.000 0.260 0.450
2025/05/17 19:18:59 - mmengine - INFO - Epoch(val) [6][49/49]    coco/bbox_mAP: 0.4220  coco/bbox_mAP_50: 0.7310  coco/bbox_mAP_75: 0.4680  coco/bbox_mAP_s: -1.0000  coco/bbox_mAP_m: 0.2600  coco/bbox_mAP_l: 0.4500  data_time: 0.0016  time: 0.0365
2025/05/17 19:19:08 - mmengine - INFO - Epoch(train)  [7][ 50/282]  lr: 2.0000e-02  eta: 0:21:55  time: 0.1935  data_time: 0.0028  memory: 2773  loss: 0.8815  loss_rpn_cls: 0.0492  loss_rpn_bbox: 0.1187  loss_cls: 0.3237  acc: 83.0785  loss_bbox: 0.3898
2025/05/17 19:19:18 - mmengine - INFO - Epoch(train)  [7][100/282]  lr: 2.0000e-02  eta: 0:21:44  time: 0.1916  data_time: 0.0017  memory: 2778  loss: 0.8918  loss_rpn_cls: 0.0472  loss_rpn_bbox: 0.1176  loss_cls: 0.3325  acc: 87.9883  loss_bbox: 0.3945
2025/05/17 19:19:28 - mmengine - INFO - Epoch(train)  [7][150/282]  lr: 2.0000e-02  eta: 0:21:34  time: 0.1922  data_time: 0.0016  memory: 2761  loss: 0.9143  loss_rpn_cls: 0.0512  loss_rpn_bbox: 0.1250  loss_cls: 0.3444  acc: 86.1328  loss_bbox: 0.3937
2025/05/17 19:19:37 - mmengine - INFO - Epoch(train)  [7][200/282]  lr: 2.0000e-02  eta: 0:21:23  time: 0.1912  data_time: 0.0017  memory: 2745  loss: 0.8781  loss_rpn_cls: 0.0491  loss_rpn_bbox: 0.1198  loss_cls: 0.3156  acc: 84.8633  loss_bbox: 0.3936
2025/05/17 19:19:47 - mmengine - INFO - Epoch(train)  [7][250/282]  lr: 2.0000e-02  eta: 0:21:13  time: 0.1940  data_time: 0.0018  memory: 2773  loss: 0.9128  loss_rpn_cls: 0.0450  loss_rpn_bbox: 0.1216  loss_cls: 0.3398  acc: 83.8867  loss_bbox: 0.4064
2025/05/17 19:19:53 - mmengine - INFO - Exp name: fasterrcnn_fs_bal_df_20250517_191250
2025/05/17 19:19:55 - mmengine - INFO - Evaluating bbox...
2025/05/17 19:19:56 - mmengine - INFO - bbox_mAP_copypaste: 0.435 0.750 0.461 -1.000 0.288 0.461
2025/05/17 19:19:56 - mmengine - INFO - Epoch(val) [7][49/49]    coco/bbox_mAP: 0.4350  coco/bbox_mAP_50: 0.7500  coco/bbox_mAP_75: 0.4610  coco/bbox_mAP_s: -1.0000  coco/bbox_mAP_m: 0.2880  coco/bbox_mAP_l: 0.4610  data_time: 0.0015  time: 0.0365
2025/05/17 19:19:56 - mmengine - INFO - The previous best checkpoint D:\Repositories\test\25-05-09\fasterrcnn\best_coco_bbox_mAP_epoch_4.pth is removed
2025/05/17 19:19:57 - mmengine - INFO - The best checkpoint with 0.4350 coco/bbox_mAP at 7 epoch is saved to best_coco_bbox_mAP_epoch_7.pth.
2025/05/17 19:20:02 - mmengine - INFO - Exp name: fasterrcnn_fs_bal_df_20250517_191250
2025/05/17 19:20:07 - mmengine - INFO - Epoch(train)  [8][ 50/282]  lr: 2.0000e-02  eta: 0:20:57  time: 0.1974  data_time: 0.0029  memory: 2773  loss: 0.8445  loss_rpn_cls: 0.0424  loss_rpn_bbox: 0.1220  loss_cls: 0.2973  acc: 83.6914  loss_bbox: 0.3828
2025/05/17 19:20:17 - mmengine - INFO - Epoch(train)  [8][100/282]  lr: 2.0000e-02  eta: 0:20:47  time: 0.1942  data_time: 0.0015  memory: 2767  loss: 0.8893  loss_rpn_cls: 0.0441  loss_rpn_bbox: 0.1264  loss_cls: 0.3272  acc: 90.2098  loss_bbox: 0.3916
2025/05/17 19:20:26 - mmengine - INFO - Epoch(train)  [8][150/282]  lr: 2.0000e-02  eta: 0:20:37  time: 0.1913  data_time: 0.0016  memory: 2625  loss: 0.8328  loss_rpn_cls: 0.0421  loss_rpn_bbox: 0.1153  loss_cls: 0.2967  acc: 90.7227  loss_bbox: 0.3786
2025/05/17 19:20:36 - mmengine - INFO - Epoch(train)  [8][200/282]  lr: 2.0000e-02  eta: 0:20:27  time: 0.1938  data_time: 0.0018  memory: 2762  loss: 0.8903  loss_rpn_cls: 0.0479  loss_rpn_bbox: 0.1173  loss_cls: 0.3256  acc: 86.0352  loss_bbox: 0.3995
2025/05/17 19:20:45 - mmengine - INFO - Epoch(train)  [8][250/282]  lr: 2.0000e-02  eta: 0:20:16  time: 0.1911  data_time: 0.0016  memory: 2756  loss: 0.8986  loss_rpn_cls: 0.0475  loss_rpn_bbox: 0.1178  loss_cls: 0.3276  acc: 89.6484  loss_bbox: 0.4058
2025/05/17 19:20:52 - mmengine - INFO - Exp name: fasterrcnn_fs_bal_df_20250517_191250
2025/05/17 19:20:54 - mmengine - INFO - Evaluating bbox...
2025/05/17 19:20:55 - mmengine - INFO - bbox_mAP_copypaste: 0.416 0.696 0.473 -1.000 0.251 0.449
2025/05/17 19:20:55 - mmengine - INFO - Epoch(val) [8][49/49]    coco/bbox_mAP: 0.4160  coco/bbox_mAP_50: 0.6960  coco/bbox_mAP_75: 0.4730  coco/bbox_mAP_s: -1.0000  coco/bbox_mAP_m: 0.2510  coco/bbox_mAP_l: 0.4490  data_time: 0.0018  time: 0.0376
2025/05/17 19:21:05 - mmengine - INFO - Epoch(train)  [9][ 50/282]  lr: 2.0000e-03  eta: 0:20:00  time: 0.1950  data_time: 0.0030  memory: 2750  loss: 0.8455  loss_rpn_cls: 0.0414  loss_rpn_bbox: 0.1106  loss_cls: 0.3133  acc: 87.0117  loss_bbox: 0.3803
2025/05/17 19:21:14 - mmengine - INFO - Epoch(train)  [9][100/282]  lr: 2.0000e-03  eta: 0:19:50  time: 0.1936  data_time: 0.0016  memory: 2755  loss: 0.7835  loss_rpn_cls: 0.0382  loss_rpn_bbox: 0.1040  loss_cls: 0.2816  acc: 93.8477  loss_bbox: 0.3597
2025/05/17 19:21:24 - mmengine - INFO - Epoch(train)  [9][150/282]  lr: 2.0000e-03  eta: 0:19:40  time: 0.1950  data_time: 0.0017  memory: 2761  loss: 0.7675  loss_rpn_cls: 0.0341  loss_rpn_bbox: 0.1010  loss_cls: 0.2820  acc: 91.1133  loss_bbox: 0.3504
2025/05/17 19:21:34 - mmengine - INFO - Epoch(train)  [9][200/282]  lr: 2.0000e-03  eta: 0:19:30  time: 0.1932  data_time: 0.0016  memory: 2750  loss: 0.7379  loss_rpn_cls: 0.0303  loss_rpn_bbox: 0.0964  loss_cls: 0.2680  acc: 89.6484  loss_bbox: 0.3432
2025/05/17 19:21:44 - mmengine - INFO - Epoch(train)  [9][250/282]  lr: 2.0000e-03  eta: 0:19:21  time: 0.1960  data_time: 0.0016  memory: 2766  loss: 0.7648  loss_rpn_cls: 0.0338  loss_rpn_bbox: 0.1023  loss_cls: 0.2723  acc: 92.1875  loss_bbox: 0.3564
2025/05/17 19:21:50 - mmengine - INFO - Exp name: fasterrcnn_fs_bal_df_20250517_191250
2025/05/17 19:21:51 - mmengine - INFO - Evaluating bbox...
2025/05/17 19:21:53 - mmengine - INFO - bbox_mAP_copypaste: 0.477 0.759 0.567 -1.000 0.303 0.506
2025/05/17 19:21:53 - mmengine - INFO - Epoch(val) [9][49/49]    coco/bbox_mAP: 0.4770  coco/bbox_mAP_50: 0.7590  coco/bbox_mAP_75: 0.5670  coco/bbox_mAP_s: -1.0000  coco/bbox_mAP_m: 0.3030  coco/bbox_mAP_l: 0.5060  data_time: 0.0017  time: 0.0365
2025/05/17 19:21:53 - mmengine - INFO - The previous best checkpoint D:\Repositories\test\25-05-09\fasterrcnn\best_coco_bbox_mAP_epoch_7.pth is removed
2025/05/17 19:21:54 - mmengine - INFO - The best checkpoint with 0.4770 coco/bbox_mAP at 9 epoch is saved to best_coco_bbox_mAP_epoch_9.pth.
2025/05/17 19:22:04 - mmengine - INFO - Epoch(train) [10][ 50/282]  lr: 2.0000e-03  eta: 0:19:06  time: 0.2058  data_time: 0.0030  memory: 2772  loss: 0.7360  loss_rpn_cls: 0.0322  loss_rpn_bbox: 0.1030  loss_cls: 0.2578  acc: 87.7930  loss_bbox: 0.3429
2025/05/17 19:22:14 - mmengine - INFO - Epoch(train) [10][100/282]  lr: 2.0000e-03  eta: 0:18:56  time: 0.1928  data_time: 0.0016  memory: 2645  loss: 0.7409  loss_rpn_cls: 0.0303  loss_rpn_bbox: 0.0984  loss_cls: 0.2600  acc: 86.7188  loss_bbox: 0.3522
2025/05/17 19:22:23 - mmengine - INFO - Epoch(train) [10][150/282]  lr: 2.0000e-03  eta: 0:18:46  time: 0.1939  data_time: 0.0018  memory: 2767  loss: 0.7169  loss_rpn_cls: 0.0306  loss_rpn_bbox: 0.0942  loss_cls: 0.2515  acc: 90.3320  loss_bbox: 0.3406
2025/05/17 19:22:33 - mmengine - INFO - Epoch(train) [10][200/282]  lr: 2.0000e-03  eta: 0:18:36  time: 0.1943  data_time: 0.0017  memory: 2778  loss: 0.7216  loss_rpn_cls: 0.0297  loss_rpn_bbox: 0.0988  loss_cls: 0.2533  acc: 86.4258  loss_bbox: 0.3398
2025/05/17 19:22:43 - mmengine - INFO - Epoch(train) [10][250/282]  lr: 2.0000e-03  eta: 0:18:26  time: 0.1942  data_time: 0.0016  memory: 2762  loss: 0.7269  loss_rpn_cls: 0.0312  loss_rpn_bbox: 0.0953  loss_cls: 0.2580  acc: 89.0625  loss_bbox: 0.3424
2025/05/17 19:22:49 - mmengine - INFO - Exp name: fasterrcnn_fs_bal_df_20250517_191250
2025/05/17 19:22:51 - mmengine - INFO - Evaluating bbox...
2025/05/17 19:22:52 - mmengine - INFO - bbox_mAP_copypaste: 0.472 0.764 0.551 -1.000 0.312 0.501
2025/05/17 19:22:52 - mmengine - INFO - Epoch(val) [10][49/49]    coco/bbox_mAP: 0.4720  coco/bbox_mAP_50: 0.7640  coco/bbox_mAP_75: 0.5510  coco/bbox_mAP_s: -1.0000  coco/bbox_mAP_m: 0.3120  coco/bbox_mAP_l: 0.5010  data_time: 0.0016  time: 0.0363
2025/05/17 19:23:02 - mmengine - INFO - Epoch(train) [11][ 50/282]  lr: 2.0000e-03  eta: 0:18:10  time: 0.1968  data_time: 0.0030  memory: 2773  loss: 0.7013  loss_rpn_cls: 0.0262  loss_rpn_bbox: 0.0964  loss_cls: 0.2413  acc: 90.5273  loss_bbox: 0.3374
2025/05/17 19:23:12 - mmengine - INFO - Epoch(train) [11][100/282]  lr: 2.0000e-03  eta: 0:18:01  time: 0.1977  data_time: 0.0017  memory: 2717  loss: 0.7166  loss_rpn_cls: 0.0305  loss_rpn_bbox: 0.0970  loss_cls: 0.2511  acc: 89.5508  loss_bbox: 0.3379
2025/05/17 19:23:22 - mmengine - INFO - Epoch(train) [11][150/282]  lr: 2.0000e-03  eta: 0:17:51  time: 0.1946  data_time: 0.0017  memory: 2755  loss: 0.7339  loss_rpn_cls: 0.0298  loss_rpn_bbox: 0.0976  loss_cls: 0.2609  acc: 93.2617  loss_bbox: 0.3455
2025/05/17 19:23:27 - mmengine - INFO - Exp name: fasterrcnn_fs_bal_df_20250517_191250
2025/05/17 19:23:31 - mmengine - INFO - Epoch(train) [11][200/282]  lr: 2.0000e-03  eta: 0:17:41  time: 0.1945  data_time: 0.0017  memory: 2756  loss: 0.6917  loss_rpn_cls: 0.0233  loss_rpn_bbox: 0.0940  loss_cls: 0.2446  acc: 92.5781  loss_bbox: 0.3298
2025/05/17 19:23:41 - mmengine - INFO - Epoch(train) [11][250/282]  lr: 2.0000e-03  eta: 0:17:31  time: 0.1971  data_time: 0.0019  memory: 2778  loss: 0.7173  loss_rpn_cls: 0.0304  loss_rpn_bbox: 0.0949  loss_cls: 0.2566  acc: 89.8438  loss_bbox: 0.3354
2025/05/17 19:23:47 - mmengine - INFO - Exp name: fasterrcnn_fs_bal_df_20250517_191250
2025/05/17 19:23:49 - mmengine - INFO - Evaluating bbox...
2025/05/17 19:23:51 - mmengine - INFO - bbox_mAP_copypaste: 0.467 0.747 0.556 -1.000 0.317 0.495
2025/05/17 19:23:51 - mmengine - INFO - Epoch(val) [11][49/49]    coco/bbox_mAP: 0.4670  coco/bbox_mAP_50: 0.7470  coco/bbox_mAP_75: 0.5560  coco/bbox_mAP_s: -1.0000  coco/bbox_mAP_m: 0.3170  coco/bbox_mAP_l: 0.4950  data_time: 0.0016  time: 0.0359
2025/05/17 19:24:01 - mmengine - INFO - Epoch(train) [12][ 50/282]  lr: 2.0000e-04  eta: 0:17:16  time: 0.2003  data_time: 0.0030  memory: 2761  loss: 0.7206  loss_rpn_cls: 0.0299  loss_rpn_bbox: 0.0973  loss_cls: 0.2562  acc: 88.7695  loss_bbox: 0.3372
2025/05/17 19:24:11 - mmengine - INFO - Epoch(train) [12][100/282]  lr: 2.0000e-04  eta: 0:17:06  time: 0.1979  data_time: 0.0017  memory: 2778  loss: 0.6942  loss_rpn_cls: 0.0282  loss_rpn_bbox: 0.0948  loss_cls: 0.2368  acc: 93.6523  loss_bbox: 0.3344
2025/05/17 19:24:20 - mmengine - INFO - Epoch(train) [12][150/282]  lr: 2.0000e-04  eta: 0:16:56  time: 0.1929  data_time: 0.0015  memory: 2739  loss: 0.7003  loss_rpn_cls: 0.0270  loss_rpn_bbox: 0.0925  loss_cls: 0.2493  acc: 90.3320  loss_bbox: 0.3316
2025/05/17 19:24:30 - mmengine - INFO - Epoch(train) [12][200/282]  lr: 2.0000e-04  eta: 0:16:47  time: 0.1960  data_time: 0.0016  memory: 2675  loss: 0.7015  loss_rpn_cls: 0.0299  loss_rpn_bbox: 0.0938  loss_cls: 0.2464  acc: 92.5781  loss_bbox: 0.3314
2025/05/17 19:24:40 - mmengine - INFO - Epoch(train) [12][250/282]  lr: 2.0000e-04  eta: 0:16:37  time: 0.1935  data_time: 0.0016  memory: 2766  loss: 0.6994  loss_rpn_cls: 0.0254  loss_rpn_bbox: 0.0942  loss_cls: 0.2527  acc: 91.0156  loss_bbox: 0.3271
2025/05/17 19:24:46 - mmengine - INFO - Exp name: fasterrcnn_fs_bal_df_20250517_191250
2025/05/17 19:24:48 - mmengine - INFO - Evaluating bbox...
2025/05/17 19:24:49 - mmengine - INFO - bbox_mAP_copypaste: 0.467 0.751 0.558 -1.000 0.302 0.496
2025/05/17 19:24:49 - mmengine - INFO - Epoch(val) [12][49/49]    coco/bbox_mAP: 0.4670  coco/bbox_mAP_50: 0.7510  coco/bbox_mAP_75: 0.5580  coco/bbox_mAP_s: -1.0000  coco/bbox_mAP_m: 0.3020  coco/bbox_mAP_l: 0.4960  data_time: 0.0015  time: 0.0360
2025/05/17 19:24:59 - mmengine - INFO - Epoch(train) [13][ 50/282]  lr: 2.0000e-04  eta: 0:16:21  time: 0.1961  data_time: 0.0029  memory: 2756  loss: 0.6932  loss_rpn_cls: 0.0251  loss_rpn_bbox: 0.0942  loss_cls: 0.2443  acc: 91.6992  loss_bbox: 0.3296
2025/05/17 19:25:09 - mmengine - INFO - Epoch(train) [13][100/282]  lr: 2.0000e-04  eta: 0:16:11  time: 0.1980  data_time: 0.0016  memory: 2766  loss: 0.6928  loss_rpn_cls: 0.0267  loss_rpn_bbox: 0.0953  loss_cls: 0.2457  acc: 92.4805  loss_bbox: 0.3250
2025/05/17 19:25:18 - mmengine - INFO - Epoch(train) [13][150/282]  lr: 2.0000e-04  eta: 0:16:01  time: 0.1925  data_time: 0.0016  memory: 2685  loss: 0.6829  loss_rpn_cls: 0.0236  loss_rpn_bbox: 0.0923  loss_cls: 0.2396  acc: 91.4062  loss_bbox: 0.3275
2025/05/17 19:25:28 - mmengine - INFO - Epoch(train) [13][200/282]  lr: 2.0000e-04  eta: 0:15:51  time: 0.1929  data_time: 0.0017  memory: 2641  loss: 0.6831  loss_rpn_cls: 0.0215  loss_rpn_bbox: 0.0907  loss_cls: 0.2442  acc: 93.0664  loss_bbox: 0.3267
2025/05/17 19:25:38 - mmengine - INFO - Epoch(train) [13][250/282]  lr: 2.0000e-04  eta: 0:15:42  time: 0.1961  data_time: 0.0017  memory: 2778  loss: 0.7095  loss_rpn_cls: 0.0270  loss_rpn_bbox: 0.0968  loss_cls: 0.2473  acc: 89.0625  loss_bbox: 0.3384
2025/05/17 19:25:44 - mmengine - INFO - Exp name: fasterrcnn_fs_bal_df_20250517_191250
2025/05/17 19:25:46 - mmengine - INFO - Evaluating bbox...
2025/05/17 19:25:47 - mmengine - INFO - bbox_mAP_copypaste: 0.465 0.745 0.556 -1.000 0.315 0.494
2025/05/17 19:25:47 - mmengine - INFO - Epoch(val) [13][49/49]    coco/bbox_mAP: 0.4650  coco/bbox_mAP_50: 0.7450  coco/bbox_mAP_75: 0.5560  coco/bbox_mAP_s: -1.0000  coco/bbox_mAP_m: 0.3150  coco/bbox_mAP_l: 0.4940  data_time: 0.0016  time: 0.0361
2025/05/17 19:25:57 - mmengine - INFO - Epoch(train) [14][ 50/282]  lr: 2.0000e-04  eta: 0:15:26  time: 0.1966  data_time: 0.0029  memory: 2696  loss: 0.7149  loss_rpn_cls: 0.0238  loss_rpn_bbox: 0.0956  loss_cls: 0.2552  acc: 89.1602  loss_bbox: 0.3403
2025/05/17 19:26:07 - mmengine - INFO - Epoch(train) [14][100/282]  lr: 2.0000e-04  eta: 0:15:16  time: 0.1933  data_time: 0.0016  memory: 2684  loss: 0.6819  loss_rpn_cls: 0.0217  loss_rpn_bbox: 0.0926  loss_cls: 0.2431  acc: 89.5508  loss_bbox: 0.3245
2025/05/17 19:26:16 - mmengine - INFO - Epoch(train) [14][150/282]  lr: 2.0000e-04  eta: 0:15:06  time: 0.1952  data_time: 0.0016  memory: 2772  loss: 0.6843  loss_rpn_cls: 0.0273  loss_rpn_bbox: 0.0924  loss_cls: 0.2376  acc: 92.1875  loss_bbox: 0.3270
2025/05/17 19:26:26 - mmengine - INFO - Epoch(train) [14][200/282]  lr: 2.0000e-04  eta: 0:14:56  time: 0.1980  data_time: 0.0017  memory: 2761  loss: 0.6928  loss_rpn_cls: 0.0277  loss_rpn_bbox: 0.0968  loss_cls: 0.2418  acc: 93.6523  loss_bbox: 0.3265
2025/05/17 19:26:36 - mmengine - INFO - Epoch(train) [14][250/282]  lr: 2.0000e-04  eta: 0:14:47  time: 0.1944  data_time: 0.0016  memory: 2723  loss: 0.6730  loss_rpn_cls: 0.0277  loss_rpn_bbox: 0.0906  loss_cls: 0.2337  acc: 91.6016  loss_bbox: 0.3210
2025/05/17 19:26:42 - mmengine - INFO - Exp name: fasterrcnn_fs_bal_df_20250517_191250
2025/05/17 19:26:44 - mmengine - INFO - Evaluating bbox...
2025/05/17 19:26:45 - mmengine - INFO - bbox_mAP_copypaste: 0.471 0.753 0.569 -1.000 0.320 0.500
2025/05/17 19:26:46 - mmengine - INFO - Epoch(val) [14][49/49]    coco/bbox_mAP: 0.4710  coco/bbox_mAP_50: 0.7530  coco/bbox_mAP_75: 0.5690  coco/bbox_mAP_s: -1.0000  coco/bbox_mAP_m: 0.3200  coco/bbox_mAP_l: 0.5000  data_time: 0.0015  time: 0.0358
2025/05/17 19:26:55 - mmengine - INFO - Epoch(train) [15][ 50/282]  lr: 2.0000e-04  eta: 0:14:31  time: 0.1959  data_time: 0.0031  memory: 2773  loss: 0.6843  loss_rpn_cls: 0.0256  loss_rpn_bbox: 0.0928  loss_cls: 0.2383  acc: 92.3828  loss_bbox: 0.3276
2025/05/17 19:26:56 - mmengine - INFO - Exp name: fasterrcnn_fs_bal_df_20250517_191250
2025/05/17 19:27:05 - mmengine - INFO - Epoch(train) [15][100/282]  lr: 2.0000e-04  eta: 0:14:21  time: 0.1955  data_time: 0.0017  memory: 2767  loss: 0.6845  loss_rpn_cls: 0.0246  loss_rpn_bbox: 0.0946  loss_cls: 0.2364  acc: 91.3086  loss_bbox: 0.3288
2025/05/17 19:27:15 - mmengine - INFO - Epoch(train) [15][150/282]  lr: 2.0000e-04  eta: 0:14:11  time: 0.1958  data_time: 0.0016  memory: 2762  loss: 0.6869  loss_rpn_cls: 0.0256  loss_rpn_bbox: 0.0931  loss_cls: 0.2435  acc: 90.4297  loss_bbox: 0.3247
2025/05/17 19:27:25 - mmengine - INFO - Epoch(train) [15][200/282]  lr: 2.0000e-04  eta: 0:14:02  time: 0.1981  data_time: 0.0016  memory: 2778  loss: 0.7074  loss_rpn_cls: 0.0260  loss_rpn_bbox: 0.0947  loss_cls: 0.2531  acc: 92.8711  loss_bbox: 0.3335
2025/05/17 19:27:34 - mmengine - INFO - Epoch(train) [15][250/282]  lr: 2.0000e-04  eta: 0:13:52  time: 0.1940  data_time: 0.0016  memory: 2773  loss: 0.7001  loss_rpn_cls: 0.0298  loss_rpn_bbox: 0.0929  loss_cls: 0.2501  acc: 91.0156  loss_bbox: 0.3273
2025/05/17 19:27:41 - mmengine - INFO - Exp name: fasterrcnn_fs_bal_df_20250517_191250
2025/05/17 19:27:42 - mmengine - INFO - Evaluating bbox...
2025/05/17 19:27:44 - mmengine - INFO - bbox_mAP_copypaste: 0.468 0.748 0.560 -1.000 0.319 0.497
2025/05/17 19:27:44 - mmengine - INFO - Epoch(val) [15][49/49]    coco/bbox_mAP: 0.4680  coco/bbox_mAP_50: 0.7480  coco/bbox_mAP_75: 0.5600  coco/bbox_mAP_s: -1.0000  coco/bbox_mAP_m: 0.3190  coco/bbox_mAP_l: 0.4970  data_time: 0.0017  time: 0.0364
2025/05/17 19:27:53 - mmengine - INFO - Epoch(train) [16][ 50/282]  lr: 2.0000e-04  eta: 0:13:35  time: 0.1936  data_time: 0.0029  memory: 2696  loss: 0.6810  loss_rpn_cls: 0.0254  loss_rpn_bbox: 0.0931  loss_cls: 0.2331  acc: 90.8203  loss_bbox: 0.3294
2025/05/17 19:28:03 - mmengine - INFO - Epoch(train) [16][100/282]  lr: 2.0000e-04  eta: 0:13:26  time: 0.1962  data_time: 0.0016  memory: 2778  loss: 0.7007  loss_rpn_cls: 0.0261  loss_rpn_bbox: 0.0961  loss_cls: 0.2475  acc: 91.1133  loss_bbox: 0.3311
2025/05/17 19:28:13 - mmengine - INFO - Epoch(train) [16][150/282]  lr: 2.0000e-04  eta: 0:13:16  time: 0.1948  data_time: 0.0016  memory: 2761  loss: 0.6904  loss_rpn_cls: 0.0240  loss_rpn_bbox: 0.0933  loss_cls: 0.2426  acc: 91.0156  loss_bbox: 0.3305
2025/05/17 19:28:23 - mmengine - INFO - Epoch(train) [16][200/282]  lr: 2.0000e-04  eta: 0:13:06  time: 0.1987  data_time: 0.0017  memory: 2696  loss: 0.6792  loss_rpn_cls: 0.0243  loss_rpn_bbox: 0.0933  loss_cls: 0.2378  acc: 90.8203  loss_bbox: 0.3238
2025/05/17 19:28:33 - mmengine - INFO - Epoch(train) [16][250/282]  lr: 2.0000e-04  eta: 0:12:57  time: 0.1951  data_time: 0.0017  memory: 2745  loss: 0.6728  loss_rpn_cls: 0.0259  loss_rpn_bbox: 0.0924  loss_cls: 0.2364  acc: 90.7227  loss_bbox: 0.3181
2025/05/17 19:28:39 - mmengine - INFO - Exp name: fasterrcnn_fs_bal_df_20250517_191250
2025/05/17 19:28:41 - mmengine - INFO - Evaluating bbox...
2025/05/17 19:28:42 - mmengine - INFO - bbox_mAP_copypaste: 0.470 0.754 0.561 -1.000 0.318 0.499
2025/05/17 19:28:42 - mmengine - INFO - Epoch(val) [16][49/49]    coco/bbox_mAP: 0.4700  coco/bbox_mAP_50: 0.7540  coco/bbox_mAP_75: 0.5610  coco/bbox_mAP_s: -1.0000  coco/bbox_mAP_m: 0.3180  coco/bbox_mAP_l: 0.4990  data_time: 0.0016  time: 0.0363
2025/05/17 19:28:52 - mmengine - INFO - Epoch(train) [17][ 50/282]  lr: 2.0000e-04  eta: 0:12:41  time: 0.1971  data_time: 0.0028  memory: 2766  loss: 0.6872  loss_rpn_cls: 0.0258  loss_rpn_bbox: 0.0930  loss_cls: 0.2421  acc: 87.6953  loss_bbox: 0.3264
2025/05/17 19:29:02 - mmengine - INFO - Epoch(train) [17][100/282]  lr: 2.0000e-04  eta: 0:12:31  time: 0.1957  data_time: 0.0017  memory: 2755  loss: 0.6815  loss_rpn_cls: 0.0238  loss_rpn_bbox: 0.0936  loss_cls: 0.2341  acc: 88.9648  loss_bbox: 0.3300
2025/05/17 19:29:11 - mmengine - INFO - Epoch(train) [17][150/282]  lr: 2.0000e-04  eta: 0:12:21  time: 0.1935  data_time: 0.0016  memory: 2778  loss: 0.6940  loss_rpn_cls: 0.0261  loss_rpn_bbox: 0.0928  loss_cls: 0.2436  acc: 88.2812  loss_bbox: 0.3315
2025/05/17 19:29:21 - mmengine - INFO - Epoch(train) [17][200/282]  lr: 2.0000e-04  eta: 0:12:11  time: 0.1978  data_time: 0.0016  memory: 2761  loss: 0.6969  loss_rpn_cls: 0.0281  loss_rpn_bbox: 0.0944  loss_cls: 0.2459  acc: 92.7734  loss_bbox: 0.3285
2025/05/17 19:29:31 - mmengine - INFO - Epoch(train) [17][250/282]  lr: 2.0000e-04  eta: 0:12:02  time: 0.1963  data_time: 0.0017  memory: 2756  loss: 0.6708  loss_rpn_cls: 0.0237  loss_rpn_bbox: 0.0932  loss_cls: 0.2321  acc: 93.1641  loss_bbox: 0.3218
2025/05/17 19:29:37 - mmengine - INFO - Exp name: fasterrcnn_fs_bal_df_20250517_191250
2025/05/17 19:29:39 - mmengine - INFO - Evaluating bbox...
2025/05/17 19:29:40 - mmengine - INFO - bbox_mAP_copypaste: 0.465 0.747 0.556 -1.000 0.313 0.494
2025/05/17 19:29:40 - mmengine - INFO - Epoch(val) [17][49/49]    coco/bbox_mAP: 0.4650  coco/bbox_mAP_50: 0.7470  coco/bbox_mAP_75: 0.5560  coco/bbox_mAP_s: -1.0000  coco/bbox_mAP_m: 0.3130  coco/bbox_mAP_l: 0.4940  data_time: 0.0015  time: 0.0357
2025/05/17 19:29:50 - mmengine - INFO - Epoch(train) [18][ 50/282]  lr: 2.0000e-04  eta: 0:11:45  time: 0.1946  data_time: 0.0030  memory: 2707  loss: 0.6712  loss_rpn_cls: 0.0256  loss_rpn_bbox: 0.0904  loss_cls: 0.2378  acc: 93.0664  loss_bbox: 0.3173
2025/05/17 19:30:00 - mmengine - INFO - Epoch(train) [18][100/282]  lr: 2.0000e-04  eta: 0:11:36  time: 0.1918  data_time: 0.0016  memory: 2685  loss: 0.6899  loss_rpn_cls: 0.0239  loss_rpn_bbox: 0.0917  loss_cls: 0.2481  acc: 90.1367  loss_bbox: 0.3262
2025/05/17 19:30:10 - mmengine - INFO - Epoch(train) [18][150/282]  lr: 2.0000e-04  eta: 0:11:26  time: 0.1958  data_time: 0.0017  memory: 2773  loss: 0.6937  loss_rpn_cls: 0.0292  loss_rpn_bbox: 0.0955  loss_cls: 0.2388  acc: 90.3320  loss_bbox: 0.3303
2025/05/17 19:30:19 - mmengine - INFO - Epoch(train) [18][200/282]  lr: 2.0000e-04  eta: 0:11:16  time: 0.1966  data_time: 0.0017  memory: 2762  loss: 0.6671  loss_rpn_cls: 0.0223  loss_rpn_bbox: 0.0924  loss_cls: 0.2306  acc: 93.4570  loss_bbox: 0.3218
2025/05/17 19:30:21 - mmengine - INFO - Exp name: fasterrcnn_fs_bal_df_20250517_191250
2025/05/17 19:30:29 - mmengine - INFO - Epoch(train) [18][250/282]  lr: 2.0000e-04  eta: 0:11:07  time: 0.1998  data_time: 0.0018  memory: 2772  loss: 0.6969  loss_rpn_cls: 0.0274  loss_rpn_bbox: 0.0951  loss_cls: 0.2426  acc: 86.8164  loss_bbox: 0.3318
2025/05/17 19:30:36 - mmengine - INFO - Exp name: fasterrcnn_fs_bal_df_20250517_191250
2025/05/17 19:30:37 - mmengine - INFO - Evaluating bbox...
2025/05/17 19:30:39 - mmengine - INFO - bbox_mAP_copypaste: 0.468 0.748 0.558 -1.000 0.316 0.496
2025/05/17 19:30:39 - mmengine - INFO - Epoch(val) [18][49/49]    coco/bbox_mAP: 0.4680  coco/bbox_mAP_50: 0.7480  coco/bbox_mAP_75: 0.5580  coco/bbox_mAP_s: -1.0000  coco/bbox_mAP_m: 0.3160  coco/bbox_mAP_l: 0.4960  data_time: 0.0017  time: 0.0362
2025/05/17 19:30:49 - mmengine - INFO - Epoch(train) [19][ 50/282]  lr: 2.0000e-04  eta: 0:10:51  time: 0.1983  data_time: 0.0029  memory: 2689  loss: 0.6986  loss_rpn_cls: 0.0295  loss_rpn_bbox: 0.0937  loss_cls: 0.2471  acc: 87.1094  loss_bbox: 0.3283
2025/05/17 19:30:58 - mmengine - INFO - Epoch(train) [19][100/282]  lr: 2.0000e-04  eta: 0:10:41  time: 0.1958  data_time: 0.0017  memory: 2766  loss: 0.6724  loss_rpn_cls: 0.0228  loss_rpn_bbox: 0.0930  loss_cls: 0.2351  acc: 89.3555  loss_bbox: 0.3215
2025/05/17 19:31:08 - mmengine - INFO - Epoch(train) [19][150/282]  lr: 2.0000e-04  eta: 0:10:31  time: 0.1942  data_time: 0.0017  memory: 2756  loss: 0.6695  loss_rpn_cls: 0.0231  loss_rpn_bbox: 0.0908  loss_cls: 0.2358  acc: 88.8672  loss_bbox: 0.3198
2025/05/17 19:31:18 - mmengine - INFO - Epoch(train) [19][200/282]  lr: 2.0000e-04  eta: 0:10:21  time: 0.1931  data_time: 0.0016  memory: 2772  loss: 0.6842  loss_rpn_cls: 0.0259  loss_rpn_bbox: 0.0928  loss_cls: 0.2374  acc: 87.1094  loss_bbox: 0.3281
2025/05/17 19:31:28 - mmengine - INFO - Epoch(train) [19][250/282]  lr: 2.0000e-04  eta: 0:10:12  time: 0.1971  data_time: 0.0018  memory: 2767  loss: 0.6910  loss_rpn_cls: 0.0264  loss_rpn_bbox: 0.0942  loss_cls: 0.2383  acc: 92.6758  loss_bbox: 0.3321
2025/05/17 19:31:34 - mmengine - INFO - Exp name: fasterrcnn_fs_bal_df_20250517_191250
2025/05/17 19:31:36 - mmengine - INFO - Evaluating bbox...
2025/05/17 19:31:37 - mmengine - INFO - bbox_mAP_copypaste: 0.471 0.755 0.564 -1.000 0.317 0.500
2025/05/17 19:31:37 - mmengine - INFO - Epoch(val) [19][49/49]    coco/bbox_mAP: 0.4710  coco/bbox_mAP_50: 0.7550  coco/bbox_mAP_75: 0.5640  coco/bbox_mAP_s: -1.0000  coco/bbox_mAP_m: 0.3170  coco/bbox_mAP_l: 0.5000  data_time: 0.0016  time: 0.0361
2025/05/17 19:31:47 - mmengine - INFO - Epoch(train) [20][ 50/282]  lr: 2.0000e-04  eta: 0:09:56  time: 0.1950  data_time: 0.0030  memory: 2755  loss: 0.6890  loss_rpn_cls: 0.0245  loss_rpn_bbox: 0.0926  loss_cls: 0.2426  acc: 92.9688  loss_bbox: 0.3294
2025/05/17 19:31:57 - mmengine - INFO - Epoch(train) [20][100/282]  lr: 2.0000e-04  eta: 0:09:46  time: 0.1948  data_time: 0.0017  memory: 2750  loss: 0.6964  loss_rpn_cls: 0.0274  loss_rpn_bbox: 0.0947  loss_cls: 0.2438  acc: 90.7227  loss_bbox: 0.3306
2025/05/17 19:32:06 - mmengine - INFO - Epoch(train) [20][150/282]  lr: 2.0000e-04  eta: 0:09:36  time: 0.1950  data_time: 0.0018  memory: 2739  loss: 0.6869  loss_rpn_cls: 0.0261  loss_rpn_bbox: 0.0914  loss_cls: 0.2437  acc: 92.9688  loss_bbox: 0.3257
2025/05/17 19:32:16 - mmengine - INFO - Epoch(train) [20][200/282]  lr: 2.0000e-04  eta: 0:09:26  time: 0.1967  data_time: 0.0017  memory: 2766  loss: 0.6620  loss_rpn_cls: 0.0223  loss_rpn_bbox: 0.0931  loss_cls: 0.2244  acc: 89.5508  loss_bbox: 0.3222
2025/05/17 19:32:26 - mmengine - INFO - Epoch(train) [20][250/282]  lr: 2.0000e-04  eta: 0:09:16  time: 0.1955  data_time: 0.0017  memory: 2641  loss: 0.6807  loss_rpn_cls: 0.0216  loss_rpn_bbox: 0.0928  loss_cls: 0.2390  acc: 88.3789  loss_bbox: 0.3273
2025/05/17 19:32:32 - mmengine - INFO - Exp name: fasterrcnn_fs_bal_df_20250517_191250
2025/05/17 19:32:34 - mmengine - INFO - Evaluating bbox...
2025/05/17 19:32:36 - mmengine - INFO - bbox_mAP_copypaste: 0.471 0.753 0.564 -1.000 0.318 0.500
2025/05/17 19:32:36 - mmengine - INFO - Epoch(val) [20][49/49]    coco/bbox_mAP: 0.4710  coco/bbox_mAP_50: 0.7530  coco/bbox_mAP_75: 0.5640  coco/bbox_mAP_s: -1.0000  coco/bbox_mAP_m: 0.3180  coco/bbox_mAP_l: 0.5000  data_time: 0.0016  time: 0.0361
2025/05/17 19:32:45 - mmengine - INFO - Epoch(train) [21][ 50/282]  lr: 2.0000e-04  eta: 0:09:01  time: 0.1973  data_time: 0.0029  memory: 2772  loss: 0.6806  loss_rpn_cls: 0.0254  loss_rpn_bbox: 0.0921  loss_cls: 0.2456  acc: 88.0859  loss_bbox: 0.3175
2025/05/17 19:32:55 - mmengine - INFO - Epoch(train) [21][100/282]  lr: 2.0000e-04  eta: 0:08:51  time: 0.1949  data_time: 0.0016  memory: 2761  loss: 0.6882  loss_rpn_cls: 0.0244  loss_rpn_bbox: 0.0948  loss_cls: 0.2387  acc: 87.6953  loss_bbox: 0.3302
2025/05/17 19:33:05 - mmengine - INFO - Epoch(train) [21][150/282]  lr: 2.0000e-04  eta: 0:08:41  time: 0.1931  data_time: 0.0016  memory: 2756  loss: 0.6873  loss_rpn_cls: 0.0228  loss_rpn_bbox: 0.0908  loss_cls: 0.2456  acc: 90.1367  loss_bbox: 0.3282
2025/05/17 19:33:15 - mmengine - INFO - Epoch(train) [21][200/282]  lr: 2.0000e-04  eta: 0:08:31  time: 0.1963  data_time: 0.0017  memory: 2723  loss: 0.6782  loss_rpn_cls: 0.0271  loss_rpn_bbox: 0.0927  loss_cls: 0.2286  acc: 89.0625  loss_bbox: 0.3299
2025/05/17 19:33:24 - mmengine - INFO - Epoch(train) [21][250/282]  lr: 2.0000e-04  eta: 0:08:21  time: 0.1953  data_time: 0.0017  memory: 2696  loss: 0.6826  loss_rpn_cls: 0.0258  loss_rpn_bbox: 0.0932  loss_cls: 0.2355  acc: 91.9922  loss_bbox: 0.3281
2025/05/17 19:33:31 - mmengine - INFO - Exp name: fasterrcnn_fs_bal_df_20250517_191250
2025/05/17 19:33:32 - mmengine - INFO - Evaluating bbox...
2025/05/17 19:33:34 - mmengine - INFO - bbox_mAP_copypaste: 0.474 0.758 0.567 -1.000 0.314 0.502
2025/05/17 19:33:34 - mmengine - INFO - Epoch(val) [21][49/49]    coco/bbox_mAP: 0.4740  coco/bbox_mAP_50: 0.7580  coco/bbox_mAP_75: 0.5670  coco/bbox_mAP_s: -1.0000  coco/bbox_mAP_m: 0.3140  coco/bbox_mAP_l: 0.5020  data_time: 0.0016  time: 0.0361
2025/05/17 19:33:44 - mmengine - INFO - Epoch(train) [22][ 50/282]  lr: 2.0000e-04  eta: 0:08:05  time: 0.1953  data_time: 0.0030  memory: 2778  loss: 0.6674  loss_rpn_cls: 0.0241  loss_rpn_bbox: 0.0901  loss_cls: 0.2346  acc: 88.8672  loss_bbox: 0.3187
2025/05/17 19:33:49 - mmengine - INFO - Exp name: fasterrcnn_fs_bal_df_20250517_191250
2025/05/17 19:33:53 - mmengine - INFO - Epoch(train) [22][100/282]  lr: 2.0000e-04  eta: 0:07:56  time: 0.1945  data_time: 0.0018  memory: 2756  loss: 0.6770  loss_rpn_cls: 0.0229  loss_rpn_bbox: 0.0922  loss_cls: 0.2381  acc: 92.0898  loss_bbox: 0.3238
2025/05/17 19:34:03 - mmengine - INFO - Epoch(train) [22][150/282]  lr: 2.0000e-04  eta: 0:07:46  time: 0.1935  data_time: 0.0017  memory: 2750  loss: 0.6699  loss_rpn_cls: 0.0238  loss_rpn_bbox: 0.0908  loss_cls: 0.2324  acc: 88.5742  loss_bbox: 0.3230
2025/05/17 19:34:13 - mmengine - INFO - Epoch(train) [22][200/282]  lr: 2.0000e-04  eta: 0:07:36  time: 0.1965  data_time: 0.0016  memory: 2761  loss: 0.6971  loss_rpn_cls: 0.0278  loss_rpn_bbox: 0.0968  loss_cls: 0.2420  acc: 90.5273  loss_bbox: 0.3306
2025/05/17 19:34:22 - mmengine - INFO - Epoch(train) [22][250/282]  lr: 2.0000e-04  eta: 0:07:26  time: 0.1932  data_time: 0.0016  memory: 2689  loss: 0.6724  loss_rpn_cls: 0.0216  loss_rpn_bbox: 0.0924  loss_cls: 0.2360  acc: 88.9648  loss_bbox: 0.3223
2025/05/17 19:34:29 - mmengine - INFO - Exp name: fasterrcnn_fs_bal_df_20250517_191250
2025/05/17 19:34:30 - mmengine - INFO - Evaluating bbox...
2025/05/17 19:34:32 - mmengine - INFO - bbox_mAP_copypaste: 0.474 0.758 0.570 -1.000 0.304 0.505
2025/05/17 19:34:32 - mmengine - INFO - Epoch(val) [22][49/49]    coco/bbox_mAP: 0.4740  coco/bbox_mAP_50: 0.7580  coco/bbox_mAP_75: 0.5700  coco/bbox_mAP_s: -1.0000  coco/bbox_mAP_m: 0.3040  coco/bbox_mAP_l: 0.5050  data_time: 0.0016  time: 0.0359
2025/05/17 19:34:42 - mmengine - INFO - Epoch(train) [23][ 50/282]  lr: 2.0000e-04  eta: 0:07:10  time: 0.1971  data_time: 0.0030  memory: 2778  loss: 0.6584  loss_rpn_cls: 0.0213  loss_rpn_bbox: 0.0908  loss_cls: 0.2289  acc: 89.0625  loss_bbox: 0.3174
2025/05/17 19:34:51 - mmengine - INFO - Epoch(train) [23][100/282]  lr: 2.0000e-04  eta: 0:07:00  time: 0.1940  data_time: 0.0017  memory: 2691  loss: 0.6793  loss_rpn_cls: 0.0269  loss_rpn_bbox: 0.0914  loss_cls: 0.2384  acc: 92.3828  loss_bbox: 0.3227
2025/05/17 19:35:01 - mmengine - INFO - Epoch(train) [23][150/282]  lr: 2.0000e-04  eta: 0:06:51  time: 0.1950  data_time: 0.0017  memory: 2761  loss: 0.6860  loss_rpn_cls: 0.0250  loss_rpn_bbox: 0.0940  loss_cls: 0.2383  acc: 93.3594  loss_bbox: 0.3288
2025/05/17 19:35:11 - mmengine - INFO - Epoch(train) [23][200/282]  lr: 2.0000e-04  eta: 0:06:41  time: 0.1942  data_time: 0.0016  memory: 2772  loss: 0.6759  loss_rpn_cls: 0.0237  loss_rpn_bbox: 0.0915  loss_cls: 0.2389  acc: 93.0664  loss_bbox: 0.3217
2025/05/17 19:35:21 - mmengine - INFO - Epoch(train) [23][250/282]  lr: 2.0000e-04  eta: 0:06:31  time: 0.1956  data_time: 0.0018  memory: 2766  loss: 0.6977  loss_rpn_cls: 0.0272  loss_rpn_bbox: 0.0936  loss_cls: 0.2457  acc: 85.8398  loss_bbox: 0.3312
2025/05/17 19:35:27 - mmengine - INFO - Exp name: fasterrcnn_fs_bal_df_20250517_191250
2025/05/17 19:35:29 - mmengine - INFO - Evaluating bbox...
2025/05/17 19:35:30 - mmengine - INFO - bbox_mAP_copypaste: 0.466 0.748 0.553 -1.000 0.306 0.495
2025/05/17 19:35:30 - mmengine - INFO - Epoch(val) [23][49/49]    coco/bbox_mAP: 0.4660  coco/bbox_mAP_50: 0.7480  coco/bbox_mAP_75: 0.5530  coco/bbox_mAP_s: -1.0000  coco/bbox_mAP_m: 0.3060  coco/bbox_mAP_l: 0.4950  data_time: 0.0016  time: 0.0361
2025/05/17 19:35:40 - mmengine - INFO - Epoch(train) [24][ 50/282]  lr: 2.0000e-04  eta: 0:06:15  time: 0.1987  data_time: 0.0029  memory: 2766  loss: 0.6805  loss_rpn_cls: 0.0246  loss_rpn_bbox: 0.0930  loss_cls: 0.2385  acc: 90.8203  loss_bbox: 0.3244
2025/05/17 19:35:50 - mmengine - INFO - Epoch(train) [24][100/282]  lr: 2.0000e-04  eta: 0:06:05  time: 0.1953  data_time: 0.0015  memory: 2762  loss: 0.6755  loss_rpn_cls: 0.0264  loss_rpn_bbox: 0.0926  loss_cls: 0.2331  acc: 86.7188  loss_bbox: 0.3234
2025/05/17 19:35:59 - mmengine - INFO - Epoch(train) [24][150/282]  lr: 2.0000e-04  eta: 0:05:56  time: 0.1948  data_time: 0.0017  memory: 2778  loss: 0.6765  loss_rpn_cls: 0.0237  loss_rpn_bbox: 0.0921  loss_cls: 0.2356  acc: 92.1875  loss_bbox: 0.3252
2025/05/17 19:36:09 - mmengine - INFO - Epoch(train) [24][200/282]  lr: 2.0000e-04  eta: 0:05:46  time: 0.1938  data_time: 0.0017  memory: 2756  loss: 0.6603  loss_rpn_cls: 0.0226  loss_rpn_bbox: 0.0897  loss_cls: 0.2315  acc: 92.1875  loss_bbox: 0.3165
2025/05/17 19:36:19 - mmengine - INFO - Epoch(train) [24][250/282]  lr: 2.0000e-04  eta: 0:05:36  time: 0.1947  data_time: 0.0017  memory: 2767  loss: 0.6907  loss_rpn_cls: 0.0230  loss_rpn_bbox: 0.0933  loss_cls: 0.2460  acc: 89.9414  loss_bbox: 0.3284
2025/05/17 19:36:25 - mmengine - INFO - Exp name: fasterrcnn_fs_bal_df_20250517_191250
2025/05/17 19:36:27 - mmengine - INFO - Evaluating bbox...
2025/05/17 19:36:28 - mmengine - INFO - bbox_mAP_copypaste: 0.464 0.745 0.554 -1.000 0.307 0.493
2025/05/17 19:36:28 - mmengine - INFO - Epoch(val) [24][49/49]    coco/bbox_mAP: 0.4640  coco/bbox_mAP_50: 0.7450  coco/bbox_mAP_75: 0.5540  coco/bbox_mAP_s: -1.0000  coco/bbox_mAP_m: 0.3070  coco/bbox_mAP_l: 0.4930  data_time: 0.0017  time: 0.0362
2025/05/17 19:36:38 - mmengine - INFO - Epoch(train) [25][ 50/282]  lr: 2.0000e-04  eta: 0:05:20  time: 0.1964  data_time: 0.0029  memory: 2778  loss: 0.6795  loss_rpn_cls: 0.0258  loss_rpn_bbox: 0.0916  loss_cls: 0.2373  acc: 89.0625  loss_bbox: 0.3247
2025/05/17 19:36:48 - mmengine - INFO - Epoch(train) [25][100/282]  lr: 2.0000e-04  eta: 0:05:10  time: 0.1977  data_time: 0.0017  memory: 2767  loss: 0.6779  loss_rpn_cls: 0.0280  loss_rpn_bbox: 0.0928  loss_cls: 0.2364  acc: 92.3828  loss_bbox: 0.3208
2025/05/17 19:36:58 - mmengine - INFO - Epoch(train) [25][150/282]  lr: 2.0000e-04  eta: 0:05:01  time: 0.1919  data_time: 0.0016  memory: 2669  loss: 0.6697  loss_rpn_cls: 0.0238  loss_rpn_bbox: 0.0912  loss_cls: 0.2305  acc: 91.0156  loss_bbox: 0.3242
2025/05/17 19:37:07 - mmengine - INFO - Epoch(train) [25][200/282]  lr: 2.0000e-04  eta: 0:04:51  time: 0.1950  data_time: 0.0015  memory: 2689  loss: 0.6787  loss_rpn_cls: 0.0226  loss_rpn_bbox: 0.0921  loss_cls: 0.2414  acc: 92.5781  loss_bbox: 0.3225
2025/05/17 19:37:14 - mmengine - INFO - Exp name: fasterrcnn_fs_bal_df_20250517_191250
2025/05/17 19:37:17 - mmengine - INFO - Epoch(train) [25][250/282]  lr: 2.0000e-04  eta: 0:04:41  time: 0.1971  data_time: 0.0016  memory: 2750  loss: 0.6808  loss_rpn_cls: 0.0258  loss_rpn_bbox: 0.0921  loss_cls: 0.2408  acc: 91.0156  loss_bbox: 0.3221
2025/05/17 19:37:23 - mmengine - INFO - Exp name: fasterrcnn_fs_bal_df_20250517_191250
2025/05/17 19:37:25 - mmengine - INFO - Evaluating bbox...
2025/05/17 19:37:27 - mmengine - INFO - bbox_mAP_copypaste: 0.470 0.753 0.559 -1.000 0.303 0.499
2025/05/17 19:37:27 - mmengine - INFO - Epoch(val) [25][49/49]    coco/bbox_mAP: 0.4700  coco/bbox_mAP_50: 0.7530  coco/bbox_mAP_75: 0.5590  coco/bbox_mAP_s: -1.0000  coco/bbox_mAP_m: 0.3030  coco/bbox_mAP_l: 0.4990  data_time: 0.0017  time: 0.0363
2025/05/17 19:37:36 - mmengine - INFO - Epoch(train) [26][ 50/282]  lr: 2.0000e-04  eta: 0:04:25  time: 0.1964  data_time: 0.0029  memory: 2766  loss: 0.6719  loss_rpn_cls: 0.0223  loss_rpn_bbox: 0.0905  loss_cls: 0.2364  acc: 91.5039  loss_bbox: 0.3227
2025/05/17 19:37:46 - mmengine - INFO - Epoch(train) [26][100/282]  lr: 2.0000e-04  eta: 0:04:15  time: 0.2002  data_time: 0.0017  memory: 2772  loss: 0.6795  loss_rpn_cls: 0.0246  loss_rpn_bbox: 0.0937  loss_cls: 0.2342  acc: 91.6016  loss_bbox: 0.3270
2025/05/17 19:37:56 - mmengine - INFO - Epoch(train) [26][150/282]  lr: 2.0000e-04  eta: 0:04:06  time: 0.1961  data_time: 0.0018  memory: 2684  loss: 0.6762  loss_rpn_cls: 0.0264  loss_rpn_bbox: 0.0929  loss_cls: 0.2340  acc: 92.5781  loss_bbox: 0.3230
2025/05/17 19:38:06 - mmengine - INFO - Epoch(train) [26][200/282]  lr: 2.0000e-04  eta: 0:03:56  time: 0.1940  data_time: 0.0017  memory: 2756  loss: 0.6904  loss_rpn_cls: 0.0244  loss_rpn_bbox: 0.0920  loss_cls: 0.2483  acc: 87.3047  loss_bbox: 0.3257
2025/05/17 19:38:16 - mmengine - INFO - Epoch(train) [26][250/282]  lr: 2.0000e-04  eta: 0:03:46  time: 0.1922  data_time: 0.0016  memory: 2761  loss: 0.6690  loss_rpn_cls: 0.0233  loss_rpn_bbox: 0.0906  loss_cls: 0.2346  acc: 92.6758  loss_bbox: 0.3205
2025/05/17 19:38:22 - mmengine - INFO - Exp name: fasterrcnn_fs_bal_df_20250517_191250
2025/05/17 19:38:24 - mmengine - INFO - Evaluating bbox...
2025/05/17 19:38:25 - mmengine - INFO - bbox_mAP_copypaste: 0.463 0.741 0.554 -1.000 0.304 0.493
2025/05/17 19:38:25 - mmengine - INFO - Epoch(val) [26][49/49]    coco/bbox_mAP: 0.4630  coco/bbox_mAP_50: 0.7410  coco/bbox_mAP_75: 0.5540  coco/bbox_mAP_s: -1.0000  coco/bbox_mAP_m: 0.3040  coco/bbox_mAP_l: 0.4930  data_time: 0.0017  time: 0.0364
2025/05/17 19:38:35 - mmengine - INFO - Epoch(train) [27][ 50/282]  lr: 2.0000e-04  eta: 0:03:30  time: 0.1972  data_time: 0.0029  memory: 2750  loss: 0.6791  loss_rpn_cls: 0.0253  loss_rpn_bbox: 0.0929  loss_cls: 0.2367  acc: 94.3359  loss_bbox: 0.3242
2025/05/17 19:38:45 - mmengine - INFO - Epoch(train) [27][100/282]  lr: 2.0000e-04  eta: 0:03:20  time: 0.1981  data_time: 0.0016  memory: 2778  loss: 0.6828  loss_rpn_cls: 0.0263  loss_rpn_bbox: 0.0923  loss_cls: 0.2393  acc: 89.5508  loss_bbox: 0.3250
2025/05/17 19:38:54 - mmengine - INFO - Epoch(train) [27][150/282]  lr: 2.0000e-04  eta: 0:03:10  time: 0.1948  data_time: 0.0017  memory: 2689  loss: 0.6658  loss_rpn_cls: 0.0220  loss_rpn_bbox: 0.0907  loss_cls: 0.2318  acc: 92.2852  loss_bbox: 0.3212
2025/05/17 19:39:04 - mmengine - INFO - Epoch(train) [27][200/282]  lr: 2.0000e-04  eta: 0:03:01  time: 0.1949  data_time: 0.0016  memory: 2756  loss: 0.6778  loss_rpn_cls: 0.0237  loss_rpn_bbox: 0.0923  loss_cls: 0.2380  acc: 92.9688  loss_bbox: 0.3239
2025/05/17 19:39:14 - mmengine - INFO - Epoch(train) [27][250/282]  lr: 2.0000e-04  eta: 0:02:51  time: 0.1934  data_time: 0.0018  memory: 2767  loss: 0.6841  loss_rpn_cls: 0.0240  loss_rpn_bbox: 0.0925  loss_cls: 0.2417  acc: 89.3555  loss_bbox: 0.3259
2025/05/17 19:39:20 - mmengine - INFO - Exp name: fasterrcnn_fs_bal_df_20250517_191250
2025/05/17 19:39:22 - mmengine - INFO - Evaluating bbox...
2025/05/17 19:39:23 - mmengine - INFO - bbox_mAP_copypaste: 0.466 0.749 0.553 -1.000 0.302 0.495
2025/05/17 19:39:23 - mmengine - INFO - Epoch(val) [27][49/49]    coco/bbox_mAP: 0.4660  coco/bbox_mAP_50: 0.7490  coco/bbox_mAP_75: 0.5530  coco/bbox_mAP_s: -1.0000  coco/bbox_mAP_m: 0.3020  coco/bbox_mAP_l: 0.4950  data_time: 0.0016  time: 0.0362
2025/05/17 19:39:33 - mmengine - INFO - Epoch(train) [28][ 50/282]  lr: 2.0000e-04  eta: 0:02:35  time: 0.1955  data_time: 0.0029  memory: 2762  loss: 0.6736  loss_rpn_cls: 0.0217  loss_rpn_bbox: 0.0925  loss_cls: 0.2376  acc: 88.1836  loss_bbox: 0.3219
2025/05/17 19:39:43 - mmengine - INFO - Epoch(train) [28][100/282]  lr: 2.0000e-04  eta: 0:02:25  time: 0.1935  data_time: 0.0017  memory: 2772  loss: 0.6615  loss_rpn_cls: 0.0216  loss_rpn_bbox: 0.0923  loss_cls: 0.2293  acc: 88.8672  loss_bbox: 0.3182
2025/05/17 19:39:52 - mmengine - INFO - Epoch(train) [28][150/282]  lr: 2.0000e-04  eta: 0:02:15  time: 0.1956  data_time: 0.0016  memory: 2745  loss: 0.6605  loss_rpn_cls: 0.0219  loss_rpn_bbox: 0.0894  loss_cls: 0.2302  acc: 86.0352  loss_bbox: 0.3190
2025/05/17 19:40:02 - mmengine - INFO - Epoch(train) [28][200/282]  lr: 2.0000e-04  eta: 0:02:06  time: 0.1987  data_time: 0.0017  memory: 2767  loss: 0.6859  loss_rpn_cls: 0.0260  loss_rpn_bbox: 0.0946  loss_cls: 0.2390  acc: 88.5742  loss_bbox: 0.3264
2025/05/17 19:40:12 - mmengine - INFO - Epoch(train) [28][250/282]  lr: 2.0000e-04  eta: 0:01:56  time: 0.1950  data_time: 0.0017  memory: 2773  loss: 0.6929  loss_rpn_cls: 0.0236  loss_rpn_bbox: 0.0928  loss_cls: 0.2451  acc: 90.1367  loss_bbox: 0.3314
2025/05/17 19:40:18 - mmengine - INFO - Exp name: fasterrcnn_fs_bal_df_20250517_191250
2025/05/17 19:40:20 - mmengine - INFO - Evaluating bbox...
2025/05/17 19:40:21 - mmengine - INFO - bbox_mAP_copypaste: 0.466 0.744 0.555 -1.000 0.304 0.494
2025/05/17 19:40:21 - mmengine - INFO - Epoch(val) [28][49/49]    coco/bbox_mAP: 0.4660  coco/bbox_mAP_50: 0.7440  coco/bbox_mAP_75: 0.5550  coco/bbox_mAP_s: -1.0000  coco/bbox_mAP_m: 0.3040  coco/bbox_mAP_l: 0.4940  data_time: 0.0017  time: 0.0363
2025/05/17 19:40:31 - mmengine - INFO - Epoch(train) [29][ 50/282]  lr: 2.0000e-04  eta: 0:01:40  time: 0.1979  data_time: 0.0029  memory: 2750  loss: 0.6917  loss_rpn_cls: 0.0253  loss_rpn_bbox: 0.0919  loss_cls: 0.2440  acc: 90.3320  loss_bbox: 0.3305
2025/05/17 19:40:41 - mmengine - INFO - Epoch(train) [29][100/282]  lr: 2.0000e-04  eta: 0:01:30  time: 0.1964  data_time: 0.0016  memory: 2772  loss: 0.6720  loss_rpn_cls: 0.0233  loss_rpn_bbox: 0.0948  loss_cls: 0.2314  acc: 90.5273  loss_bbox: 0.3226
2025/05/17 19:40:42 - mmengine - INFO - Exp name: fasterrcnn_fs_bal_df_20250517_191250
2025/05/17 19:40:51 - mmengine - INFO - Epoch(train) [29][150/282]  lr: 2.0000e-04  eta: 0:01:20  time: 0.1939  data_time: 0.0016  memory: 2767  loss: 0.6690  loss_rpn_cls: 0.0256  loss_rpn_bbox: 0.0903  loss_cls: 0.2365  acc: 87.8906  loss_bbox: 0.3166
2025/05/17 19:41:01 - mmengine - INFO - Epoch(train) [29][200/282]  lr: 2.0000e-04  eta: 0:01:11  time: 0.1973  data_time: 0.0017  memory: 2773  loss: 0.6745  loss_rpn_cls: 0.0243  loss_rpn_bbox: 0.0916  loss_cls: 0.2318  acc: 94.8242  loss_bbox: 0.3269
2025/05/17 19:41:10 - mmengine - INFO - Epoch(train) [29][250/282]  lr: 2.0000e-04  eta: 0:01:01  time: 0.1932  data_time: 0.0017  memory: 2696  loss: 0.6717  loss_rpn_cls: 0.0235  loss_rpn_bbox: 0.0910  loss_cls: 0.2363  acc: 90.3320  loss_bbox: 0.3208
2025/05/17 19:41:16 - mmengine - INFO - Exp name: fasterrcnn_fs_bal_df_20250517_191250
2025/05/17 19:41:18 - mmengine - INFO - Evaluating bbox...
2025/05/17 19:41:20 - mmengine - INFO - bbox_mAP_copypaste: 0.472 0.757 0.559 -1.000 0.308 0.500
2025/05/17 19:41:20 - mmengine - INFO - Epoch(val) [29][49/49]    coco/bbox_mAP: 0.4720  coco/bbox_mAP_50: 0.7570  coco/bbox_mAP_75: 0.5590  coco/bbox_mAP_s: -1.0000  coco/bbox_mAP_m: 0.3080  coco/bbox_mAP_l: 0.5000  data_time: 0.0015  time: 0.0358
2025/05/17 19:41:29 - mmengine - INFO - Epoch(train) [30][ 50/282]  lr: 2.0000e-04  eta: 0:00:45  time: 0.1950  data_time: 0.0029  memory: 2762  loss: 0.6693  loss_rpn_cls: 0.0255  loss_rpn_bbox: 0.0928  loss_cls: 0.2318  acc: 90.0391  loss_bbox: 0.3193
2025/05/17 19:41:39 - mmengine - INFO - Epoch(train) [30][100/282]  lr: 2.0000e-04  eta: 0:00:35  time: 0.1952  data_time: 0.0017  memory: 2772  loss: 0.6788  loss_rpn_cls: 0.0241  loss_rpn_bbox: 0.0911  loss_cls: 0.2370  acc: 87.6953  loss_bbox: 0.3266
2025/05/17 19:41:49 - mmengine - INFO - Epoch(train) [30][150/282]  lr: 2.0000e-04  eta: 0:00:25  time: 0.1947  data_time: 0.0016  memory: 2750  loss: 0.6760  loss_rpn_cls: 0.0243  loss_rpn_bbox: 0.0911  loss_cls: 0.2383  acc: 93.1641  loss_bbox: 0.3223
2025/05/17 19:41:59 - mmengine - INFO - Epoch(train) [30][200/282]  lr: 2.0000e-04  eta: 0:00:16  time: 0.1976  data_time: 0.0016  memory: 2761  loss: 0.6704  loss_rpn_cls: 0.0240  loss_rpn_bbox: 0.0926  loss_cls: 0.2311  acc: 92.5781  loss_bbox: 0.3227
2025/05/17 19:42:09 - mmengine - INFO - Epoch(train) [30][250/282]  lr: 2.0000e-04  eta: 0:00:06  time: 0.1949  data_time: 0.0017  memory: 2689  loss: 0.6808  loss_rpn_cls: 0.0248  loss_rpn_bbox: 0.0913  loss_cls: 0.2432  acc: 90.6250  loss_bbox: 0.3215
2025/05/17 19:42:15 - mmengine - INFO - Exp name: fasterrcnn_fs_bal_df_20250517_191250
2025/05/17 19:42:15 - mmengine - INFO - Saving checkpoint at 30 epochs
2025/05/17 19:42:18 - mmengine - INFO - Evaluating bbox...
2025/05/17 19:42:19 - mmengine - INFO - bbox_mAP_copypaste: 0.465 0.745 0.556 -1.000 0.306 0.493
2025/05/17 19:42:19 - mmengine - INFO - Epoch(val) [30][49/49]    coco/bbox_mAP: 0.4650  coco/bbox_mAP_50: 0.7450  coco/bbox_mAP_75: 0.5560  coco/bbox_mAP_s: -1.0000  coco/bbox_mAP_m: 0.3060  coco/bbox_mAP_l: 0.4930  data_time: 0.0015  time: 0.0359
