2025/05/10 00:28:02 - mmengine - INFO - 
------------------------------------------------------------
System environment:
    sys.platform: win32
    Python: 3.9.13 (tags/v3.9.13:6de2ca5, May 17 2022, 16:36:42) [MSC v.1929 64 bit (AMD64)]
    CUDA available: True
    MUSA available: False
    numpy_random_seed: 1013803152
    GPU 0: NVIDIA GeForce RTX 3070 Ti
    CUDA_HOME: C:\Program Files\NVIDIA GPU Computing Toolkit\CUDA\v12.6
    NVCC: Cuda compilation tools, release 12.6, V12.6.85
    MSVC: Microsoft (R) C/C++ Optimizing Compiler Version 19.42.34433 for x64
    GCC: n/a
    PyTorch: 2.1.0+cu118
    PyTorch compiling details: PyTorch built with:
  - C++ Version: 199711
  - MSVC 192930151
  - Intel(R) Math Kernel Library Version 2020.0.2 Product Build 20200624 for Intel(R) 64 architecture applications
  - Intel(R) MKL-DNN v3.1.1 (Git Hash 64f6bcbcbab628e96f33a62c3e975f8535a7bde4)
  - OpenMP 2019
  - LAPACK is enabled (usually provided by MKL)
  - CPU capability usage: AVX2
  - CUDA Runtime 11.8
  - NVCC architecture flags: -gencode;arch=compute_37,code=sm_37;-gencode;arch=compute_50,code=sm_50;-gencode;arch=compute_60,code=sm_60;-gencode;arch=compute_61,code=sm_61;-gencode;arch=compute_70,code=sm_70;-gencode;arch=compute_75,code=sm_75;-gencode;arch=compute_80,code=sm_80;-gencode;arch=compute_86,code=sm_86;-gencode;arch=compute_90,code=sm_90;-gencode;arch=compute_37,code=compute_37
  - CuDNN 8.7
  - Magma 2.5.4
  - Build settings: BLAS_INFO=mkl, BUILD_TYPE=Release, CUDA_VERSION=11.8, CUDNN_VERSION=8.7.0, CXX_COMPILER=C:/actions-runner/_work/pytorch/pytorch/builder/windows/tmp_bin/sccache-cl.exe, CXX_FLAGS=/DWIN32 /D_WINDOWS /GR /EHsc /bigobj /FS -DUSE_PTHREADPOOL -DNDEBUG -DUSE_KINETO -DLIBKINETO_NOCUPTI -DLIBKINETO_NOROCTRACER -DUSE_FBGEMM -DUSE_XNNPACK -DSYMBOLICATE_MOBILE_DEBUG_HANDLE /utf-8 /wd4624 /wd4068 /wd4067 /wd4267 /wd4661 /wd4717 /wd4244 /wd4804 /wd4273, LAPACK_INFO=mkl, PERF_WITH_AVX=1, PERF_WITH_AVX2=1, PERF_WITH_AVX512=1, TORCH_DISABLE_GPU_ASSERTS=OFF, TORCH_VERSION=2.1.0, USE_CUDA=ON, USE_CUDNN=ON, USE_EXCEPTION_PTR=1, USE_GFLAGS=OFF, USE_GLOG=OFF, USE_MKL=ON, USE_MKLDNN=ON, USE_MPI=OFF, USE_NCCL=OFF, USE_NNPACK=OFF, USE_OPENMP=ON, USE_ROCM=OFF, 

    TorchVision: 0.16.0+cu118
    OpenCV: 4.10.0
    MMEngine: 0.10.5

Runtime environment:
    cudnn_benchmark: False
    dist_cfg: {'backend': 'nccl'}
    mp_cfg: {'mp_start_method': 'fork', 'opencv_num_threads': 0}
    seed: 1013803152
    Distributed launcher: none
    Distributed training: False
    GPU number: 1
------------------------------------------------------------

2025/05/10 00:28:02 - mmengine - INFO - Config:
auto_scale_lr = dict(base_batch_size=16, enable=False)
backend_args = None
data_root = 'D:/Repositories/test/data/larch_casebearer/'
dataset_type = 'CocoDataset'
default_hooks = dict(
    checkpoint=dict(
        interval=0, save_best='coco/bbox_mAP', type='CheckpointHook'),
    logger=dict(interval=50, type='LoggerHook'),
    param_scheduler=dict(type='ParamSchedulerHook'),
    sampler_seed=dict(type='DistSamplerSeedHook'),
    timer=dict(type='IterTimerHook'),
    visualization=dict(type='DetVisualizationHook'))
default_scope = 'mmdet'
env_cfg = dict(
    cudnn_benchmark=False,
    dist_cfg=dict(backend='nccl'),
    mp_cfg=dict(mp_start_method='fork', opencv_num_threads=0))
launcher = 'none'
load_from = 'D:/Repositories/test/25-05-09/fasterrcnn/weights/faster_rcnn_r50_fpn_1x_coco_20200130-047c8118.pth'
log_level = 'INFO'
log_processor = dict(by_epoch=True, type='LogProcessor', window_size=50)
metainfo = dict(
    classes=(
        'H',
        'LD',
        'HD',
        'other',
    ),
    palette=[
        (
            0,
            255,
            0,
        ),
        (
            255,
            128,
            0,
        ),
        (
            255,
            0,
            0,
        ),
        (
            0,
            0,
            255,
        ),
    ])
model = dict(
    backbone=dict(
        depth=50,
        frozen_stages=1,
        init_cfg=dict(checkpoint='torchvision://resnet50', type='Pretrained'),
        norm_cfg=dict(requires_grad=True, type='BN'),
        norm_eval=True,
        num_stages=4,
        out_indices=(
            0,
            1,
            2,
            3,
        ),
        style='pytorch',
        type='ResNet'),
    data_preprocessor=dict(
        bgr_to_rgb=True,
        mean=[
            123.675,
            116.28,
            103.53,
        ],
        pad_size_divisor=32,
        std=[
            58.395,
            57.12,
            57.375,
        ],
        type='DetDataPreprocessor'),
    neck=dict(
        in_channels=[
            256,
            512,
            1024,
            2048,
        ],
        num_outs=5,
        out_channels=256,
        type='FPN'),
    roi_head=dict(
        bbox_head=dict(
            bbox_coder=dict(
                target_means=[
                    0.0,
                    0.0,
                    0.0,
                    0.0,
                ],
                target_stds=[
                    0.1,
                    0.1,
                    0.2,
                    0.2,
                ],
                type='DeltaXYWHBBoxCoder'),
            fc_out_channels=1024,
            in_channels=256,
            loss_bbox=dict(loss_weight=1.0, type='L1Loss'),
            loss_cls=dict(
                loss_weight=1.0, type='CrossEntropyLoss', use_sigmoid=False),
            num_classes=4,
            reg_class_agnostic=False,
            roi_feat_size=7,
            type='Shared2FCBBoxHead'),
        bbox_roi_extractor=dict(
            featmap_strides=[
                4,
                8,
                16,
                32,
            ],
            out_channels=256,
            roi_layer=dict(output_size=7, sampling_ratio=0, type='RoIAlign'),
            type='SingleRoIExtractor'),
        type='StandardRoIHead'),
    rpn_head=dict(
        anchor_generator=dict(
            ratios=[
                0.5,
                1.0,
                2.0,
            ],
            scales=[
                8,
            ],
            strides=[
                4,
                8,
                16,
                32,
                64,
            ],
            type='AnchorGenerator'),
        bbox_coder=dict(
            target_means=[
                0.0,
                0.0,
                0.0,
                0.0,
            ],
            target_stds=[
                1.0,
                1.0,
                1.0,
                1.0,
            ],
            type='DeltaXYWHBBoxCoder'),
        feat_channels=256,
        in_channels=256,
        loss_bbox=dict(loss_weight=1.0, type='L1Loss'),
        loss_cls=dict(
            loss_weight=1.0, type='CrossEntropyLoss', use_sigmoid=True),
        type='RPNHead'),
    test_cfg=dict(
        rcnn=dict(
            max_per_img=100,
            nms=dict(iou_threshold=0.5, type='nms'),
            score_thr=0.05),
        rpn=dict(
            max_per_img=1000,
            min_bbox_size=0,
            nms=dict(iou_threshold=0.7, type='nms'),
            nms_pre=1000)),
    train_cfg=dict(
        rcnn=dict(
            assigner=dict(
                ignore_iof_thr=-1,
                match_low_quality=False,
                min_pos_iou=0.5,
                neg_iou_thr=0.5,
                pos_iou_thr=0.5,
                type='MaxIoUAssigner'),
            debug=False,
            pos_weight=-1,
            sampler=dict(
                add_gt_as_proposals=True,
                neg_pos_ub=-1,
                num=512,
                pos_fraction=0.25,
                type='RandomSampler')),
        rpn=dict(
            allowed_border=-1,
            assigner=dict(
                ignore_iof_thr=-1,
                match_low_quality=True,
                min_pos_iou=0.3,
                neg_iou_thr=0.3,
                pos_iou_thr=0.7,
                type='MaxIoUAssigner'),
            debug=False,
            pos_weight=-1,
            sampler=dict(
                add_gt_as_proposals=False,
                neg_pos_ub=-1,
                num=256,
                pos_fraction=0.5,
                type='RandomSampler')),
        rpn_proposal=dict(
            max_per_img=1000,
            min_bbox_size=0,
            nms=dict(iou_threshold=0.7, type='nms'),
            nms_pre=2000)),
    type='FasterRCNN')
optim_wrapper = dict(
    optimizer=dict(lr=0.02, momentum=0.9, type='SGD', weight_decay=0.0001),
    type='OptimWrapper')
param_scheduler = [
    dict(
        begin=0, by_epoch=False, end=500, start_factor=0.001, type='LinearLR'),
    dict(
        begin=0,
        by_epoch=True,
        end=12,
        gamma=0.1,
        milestones=[
            8,
            11,
        ],
        type='MultiStepLR'),
]
resume = False
test_cfg = dict(type='TestLoop')
test_dataloader = dict(
    batch_size=1,
    dataset=dict(
        ann_file='test/annotations.json',
        backend_args=None,
        data_prefix=dict(img='test/'),
        data_root='D:/Repositories/test/data/larch_casebearer/',
        metainfo=dict(
            classes=(
                'H',
                'LD',
                'HD',
                'other',
            ),
            palette=[
                (
                    0,
                    255,
                    0,
                ),
                (
                    255,
                    128,
                    0,
                ),
                (
                    255,
                    0,
                    0,
                ),
                (
                    0,
                    0,
                    255,
                ),
            ]),
        pipeline=[
            dict(backend_args=None, type='LoadImageFromFile'),
            dict(keep_ratio=True, scale=(
                1333,
                800,
            ), type='Resize'),
            dict(type='LoadAnnotations', with_bbox=True),
            dict(
                meta_keys=(
                    'img_id',
                    'img_path',
                    'ori_shape',
                    'img_shape',
                    'scale_factor',
                ),
                type='PackDetInputs'),
        ],
        test_mode=True,
        type='CocoDataset'),
    drop_last=False,
    num_workers=2,
    persistent_workers=True,
    sampler=dict(shuffle=False, type='DefaultSampler'))
test_evaluator = dict(
    ann_file='D:/Repositories/test/data/larch_casebearer/test/annotations.json',
    backend_args=None,
    classwise=True,
    format_only=False,
    metric='bbox',
    type='CocoMetric')
test_pipeline = [
    dict(backend_args=None, type='LoadImageFromFile'),
    dict(keep_ratio=True, scale=(
        1333,
        800,
    ), type='Resize'),
    dict(type='LoadAnnotations', with_bbox=True),
    dict(
        meta_keys=(
            'img_id',
            'img_path',
            'ori_shape',
            'img_shape',
            'scale_factor',
        ),
        type='PackDetInputs'),
]
train_cfg = dict(max_epochs=30, type='EpochBasedTrainLoop', val_interval=1)
train_dataloader = dict(
    batch_sampler=dict(type='AspectRatioBatchSampler'),
    batch_size=2,
    dataset=dict(
        dataset=dict(
            ann_file='train/annotations.json',
            backend_args=None,
            data_prefix=dict(img='train/'),
            data_root='D:/Repositories/test/data/larch_casebearer/',
            metainfo=dict(
                classes=(
                    'H',
                    'LD',
                    'HD',
                    'other',
                ),
                palette=[
                    (
                        0,
                        255,
                        0,
                    ),
                    (
                        255,
                        128,
                        0,
                    ),
                    (
                        255,
                        0,
                        0,
                    ),
                    (
                        0,
                        0,
                        255,
                    ),
                ]),
            pipeline=[
                dict(backend_args=None, type='LoadImageFromFile'),
                dict(type='LoadAnnotations', with_bbox=True),
                dict(keep_ratio=True, scale=(
                    1333,
                    800,
                ), type='Resize'),
                dict(prob=0.5, type='RandomFlip'),
                dict(type='PackDetInputs'),
            ],
            type='CocoDataset'),
        oversample_thr=0.25,
        type='ClassBalancedDataset'),
    num_workers=1,
    persistent_workers=True,
    sampler=dict(shuffle=True, type='DefaultSampler'))
train_pipeline = [
    dict(backend_args=None, type='LoadImageFromFile'),
    dict(type='LoadAnnotations', with_bbox=True),
    dict(keep_ratio=True, scale=(
        1333,
        800,
    ), type='Resize'),
    dict(prob=0.5, type='RandomFlip'),
    dict(type='PackDetInputs'),
]
val_cfg = dict(type='ValLoop')
val_dataloader = dict(
    batch_size=1,
    dataset=dict(
        ann_file='val/annotations.json',
        backend_args=None,
        data_prefix=dict(img='val/'),
        data_root='D:/Repositories/test/data/larch_casebearer/',
        metainfo=dict(
            classes=(
                'H',
                'LD',
                'HD',
                'other',
            ),
            palette=[
                (
                    0,
                    255,
                    0,
                ),
                (
                    255,
                    128,
                    0,
                ),
                (
                    255,
                    0,
                    0,
                ),
                (
                    0,
                    0,
                    255,
                ),
            ]),
        pipeline=[
            dict(backend_args=None, type='LoadImageFromFile'),
            dict(keep_ratio=True, scale=(
                1333,
                800,
            ), type='Resize'),
            dict(type='LoadAnnotations', with_bbox=True),
            dict(
                meta_keys=(
                    'img_id',
                    'img_path',
                    'ori_shape',
                    'img_shape',
                    'scale_factor',
                ),
                type='PackDetInputs'),
        ],
        test_mode=True,
        type='CocoDataset'),
    drop_last=False,
    num_workers=2,
    persistent_workers=True,
    sampler=dict(shuffle=False, type='DefaultSampler'))
val_evaluator = dict(
    ann_file='D:/Repositories/test/data/larch_casebearer/val/annotations.json',
    backend_args=None,
    format_only=False,
    metric='bbox',
    type='CocoMetric')
vis_backends = [
    dict(type='LocalVisBackend'),
]
visualizer = dict(
    name='visualizer',
    type='DetLocalVisualizer',
    vis_backends=[
        dict(type='LocalVisBackend'),
    ])
work_dir = '25-05-09/fasterrcnn'

2025/05/10 00:28:03 - mmengine - INFO - Distributed training is not used, all SyncBatchNorm (SyncBN) layers in the model will be automatically reverted to BatchNormXd layers if they are used.
2025/05/10 00:28:03 - mmengine - INFO - Hooks will be executed in the following order:
before_run:
(VERY_HIGH   ) RuntimeInfoHook                    
(BELOW_NORMAL) LoggerHook                         
 -------------------- 
before_train:
(VERY_HIGH   ) RuntimeInfoHook                    
(NORMAL      ) IterTimerHook                      
(VERY_LOW    ) CheckpointHook                     
 -------------------- 
before_train_epoch:
(VERY_HIGH   ) RuntimeInfoHook                    
(NORMAL      ) IterTimerHook                      
(NORMAL      ) DistSamplerSeedHook                
 -------------------- 
before_train_iter:
(VERY_HIGH   ) RuntimeInfoHook                    
(NORMAL      ) IterTimerHook                      
 -------------------- 
after_train_iter:
(VERY_HIGH   ) RuntimeInfoHook                    
(NORMAL      ) IterTimerHook                      
(BELOW_NORMAL) LoggerHook                         
(LOW         ) ParamSchedulerHook                 
(VERY_LOW    ) CheckpointHook                     
 -------------------- 
after_train_epoch:
(NORMAL      ) IterTimerHook                      
(LOW         ) ParamSchedulerHook                 
(VERY_LOW    ) CheckpointHook                     
 -------------------- 
before_val:
(VERY_HIGH   ) RuntimeInfoHook                    
 -------------------- 
before_val_epoch:
(NORMAL      ) IterTimerHook                      
 -------------------- 
before_val_iter:
(NORMAL      ) IterTimerHook                      
 -------------------- 
after_val_iter:
(NORMAL      ) IterTimerHook                      
(NORMAL      ) DetVisualizationHook               
(BELOW_NORMAL) LoggerHook                         
 -------------------- 
after_val_epoch:
(VERY_HIGH   ) RuntimeInfoHook                    
(NORMAL      ) IterTimerHook                      
(BELOW_NORMAL) LoggerHook                         
(LOW         ) ParamSchedulerHook                 
(VERY_LOW    ) CheckpointHook                     
 -------------------- 
after_val:
(VERY_HIGH   ) RuntimeInfoHook                    
 -------------------- 
after_train:
(VERY_HIGH   ) RuntimeInfoHook                    
(VERY_LOW    ) CheckpointHook                     
 -------------------- 
before_test:
(VERY_HIGH   ) RuntimeInfoHook                    
 -------------------- 
before_test_epoch:
(NORMAL      ) IterTimerHook                      
 -------------------- 
before_test_iter:
(NORMAL      ) IterTimerHook                      
 -------------------- 
after_test_iter:
(NORMAL      ) IterTimerHook                      
(NORMAL      ) DetVisualizationHook               
(BELOW_NORMAL) LoggerHook                         
 -------------------- 
after_test_epoch:
(VERY_HIGH   ) RuntimeInfoHook                    
(NORMAL      ) IterTimerHook                      
(BELOW_NORMAL) LoggerHook                         
 -------------------- 
after_test:
(VERY_HIGH   ) RuntimeInfoHook                    
 -------------------- 
after_run:
(BELOW_NORMAL) LoggerHook                         
 -------------------- 
2025/05/10 00:28:04 - mmengine - INFO - load model from: torchvision://resnet50
2025/05/10 00:28:04 - mmengine - INFO - Loads checkpoint by torchvision backend from path: torchvision://resnet50
2025/05/10 00:28:04 - mmengine - WARNING - The model and loaded state dict do not match exactly

unexpected key in source state_dict: fc.weight, fc.bias

Name of parameter - Initialization information

backbone.conv1.weight - torch.Size([64, 3, 7, 7]): 
PretrainedInit: load from torchvision://resnet50 

backbone.bn1.weight - torch.Size([64]): 
PretrainedInit: load from torchvision://resnet50 

backbone.bn1.bias - torch.Size([64]): 
PretrainedInit: load from torchvision://resnet50 

backbone.layer1.0.conv1.weight - torch.Size([64, 64, 1, 1]): 
PretrainedInit: load from torchvision://resnet50 

backbone.layer1.0.bn1.weight - torch.Size([64]): 
PretrainedInit: load from torchvision://resnet50 

backbone.layer1.0.bn1.bias - torch.Size([64]): 
PretrainedInit: load from torchvision://resnet50 

backbone.layer1.0.conv2.weight - torch.Size([64, 64, 3, 3]): 
PretrainedInit: load from torchvision://resnet50 

backbone.layer1.0.bn2.weight - torch.Size([64]): 
PretrainedInit: load from torchvision://resnet50 

backbone.layer1.0.bn2.bias - torch.Size([64]): 
PretrainedInit: load from torchvision://resnet50 

backbone.layer1.0.conv3.weight - torch.Size([256, 64, 1, 1]): 
PretrainedInit: load from torchvision://resnet50 

backbone.layer1.0.bn3.weight - torch.Size([256]): 
PretrainedInit: load from torchvision://resnet50 

backbone.layer1.0.bn3.bias - torch.Size([256]): 
PretrainedInit: load from torchvision://resnet50 

backbone.layer1.0.downsample.0.weight - torch.Size([256, 64, 1, 1]): 
PretrainedInit: load from torchvision://resnet50 

backbone.layer1.0.downsample.1.weight - torch.Size([256]): 
PretrainedInit: load from torchvision://resnet50 

backbone.layer1.0.downsample.1.bias - torch.Size([256]): 
PretrainedInit: load from torchvision://resnet50 

backbone.layer1.1.conv1.weight - torch.Size([64, 256, 1, 1]): 
PretrainedInit: load from torchvision://resnet50 

backbone.layer1.1.bn1.weight - torch.Size([64]): 
PretrainedInit: load from torchvision://resnet50 

backbone.layer1.1.bn1.bias - torch.Size([64]): 
PretrainedInit: load from torchvision://resnet50 

backbone.layer1.1.conv2.weight - torch.Size([64, 64, 3, 3]): 
PretrainedInit: load from torchvision://resnet50 

backbone.layer1.1.bn2.weight - torch.Size([64]): 
PretrainedInit: load from torchvision://resnet50 

backbone.layer1.1.bn2.bias - torch.Size([64]): 
PretrainedInit: load from torchvision://resnet50 

backbone.layer1.1.conv3.weight - torch.Size([256, 64, 1, 1]): 
PretrainedInit: load from torchvision://resnet50 

backbone.layer1.1.bn3.weight - torch.Size([256]): 
PretrainedInit: load from torchvision://resnet50 

backbone.layer1.1.bn3.bias - torch.Size([256]): 
PretrainedInit: load from torchvision://resnet50 

backbone.layer1.2.conv1.weight - torch.Size([64, 256, 1, 1]): 
PretrainedInit: load from torchvision://resnet50 

backbone.layer1.2.bn1.weight - torch.Size([64]): 
PretrainedInit: load from torchvision://resnet50 

backbone.layer1.2.bn1.bias - torch.Size([64]): 
PretrainedInit: load from torchvision://resnet50 

backbone.layer1.2.conv2.weight - torch.Size([64, 64, 3, 3]): 
PretrainedInit: load from torchvision://resnet50 

backbone.layer1.2.bn2.weight - torch.Size([64]): 
PretrainedInit: load from torchvision://resnet50 

backbone.layer1.2.bn2.bias - torch.Size([64]): 
PretrainedInit: load from torchvision://resnet50 

backbone.layer1.2.conv3.weight - torch.Size([256, 64, 1, 1]): 
PretrainedInit: load from torchvision://resnet50 

backbone.layer1.2.bn3.weight - torch.Size([256]): 
PretrainedInit: load from torchvision://resnet50 

backbone.layer1.2.bn3.bias - torch.Size([256]): 
PretrainedInit: load from torchvision://resnet50 

backbone.layer2.0.conv1.weight - torch.Size([128, 256, 1, 1]): 
PretrainedInit: load from torchvision://resnet50 

backbone.layer2.0.bn1.weight - torch.Size([128]): 
PretrainedInit: load from torchvision://resnet50 

backbone.layer2.0.bn1.bias - torch.Size([128]): 
PretrainedInit: load from torchvision://resnet50 

backbone.layer2.0.conv2.weight - torch.Size([128, 128, 3, 3]): 
PretrainedInit: load from torchvision://resnet50 

backbone.layer2.0.bn2.weight - torch.Size([128]): 
PretrainedInit: load from torchvision://resnet50 

backbone.layer2.0.bn2.bias - torch.Size([128]): 
PretrainedInit: load from torchvision://resnet50 

backbone.layer2.0.conv3.weight - torch.Size([512, 128, 1, 1]): 
PretrainedInit: load from torchvision://resnet50 

backbone.layer2.0.bn3.weight - torch.Size([512]): 
PretrainedInit: load from torchvision://resnet50 

backbone.layer2.0.bn3.bias - torch.Size([512]): 
PretrainedInit: load from torchvision://resnet50 

backbone.layer2.0.downsample.0.weight - torch.Size([512, 256, 1, 1]): 
PretrainedInit: load from torchvision://resnet50 

backbone.layer2.0.downsample.1.weight - torch.Size([512]): 
PretrainedInit: load from torchvision://resnet50 

backbone.layer2.0.downsample.1.bias - torch.Size([512]): 
PretrainedInit: load from torchvision://resnet50 

backbone.layer2.1.conv1.weight - torch.Size([128, 512, 1, 1]): 
PretrainedInit: load from torchvision://resnet50 

backbone.layer2.1.bn1.weight - torch.Size([128]): 
PretrainedInit: load from torchvision://resnet50 

backbone.layer2.1.bn1.bias - torch.Size([128]): 
PretrainedInit: load from torchvision://resnet50 

backbone.layer2.1.conv2.weight - torch.Size([128, 128, 3, 3]): 
PretrainedInit: load from torchvision://resnet50 

backbone.layer2.1.bn2.weight - torch.Size([128]): 
PretrainedInit: load from torchvision://resnet50 

backbone.layer2.1.bn2.bias - torch.Size([128]): 
PretrainedInit: load from torchvision://resnet50 

backbone.layer2.1.conv3.weight - torch.Size([512, 128, 1, 1]): 
PretrainedInit: load from torchvision://resnet50 

backbone.layer2.1.bn3.weight - torch.Size([512]): 
PretrainedInit: load from torchvision://resnet50 

backbone.layer2.1.bn3.bias - torch.Size([512]): 
PretrainedInit: load from torchvision://resnet50 

backbone.layer2.2.conv1.weight - torch.Size([128, 512, 1, 1]): 
PretrainedInit: load from torchvision://resnet50 

backbone.layer2.2.bn1.weight - torch.Size([128]): 
PretrainedInit: load from torchvision://resnet50 

backbone.layer2.2.bn1.bias - torch.Size([128]): 
PretrainedInit: load from torchvision://resnet50 

backbone.layer2.2.conv2.weight - torch.Size([128, 128, 3, 3]): 
PretrainedInit: load from torchvision://resnet50 

backbone.layer2.2.bn2.weight - torch.Size([128]): 
PretrainedInit: load from torchvision://resnet50 

backbone.layer2.2.bn2.bias - torch.Size([128]): 
PretrainedInit: load from torchvision://resnet50 

backbone.layer2.2.conv3.weight - torch.Size([512, 128, 1, 1]): 
PretrainedInit: load from torchvision://resnet50 

backbone.layer2.2.bn3.weight - torch.Size([512]): 
PretrainedInit: load from torchvision://resnet50 

backbone.layer2.2.bn3.bias - torch.Size([512]): 
PretrainedInit: load from torchvision://resnet50 

backbone.layer2.3.conv1.weight - torch.Size([128, 512, 1, 1]): 
PretrainedInit: load from torchvision://resnet50 

backbone.layer2.3.bn1.weight - torch.Size([128]): 
PretrainedInit: load from torchvision://resnet50 

backbone.layer2.3.bn1.bias - torch.Size([128]): 
PretrainedInit: load from torchvision://resnet50 

backbone.layer2.3.conv2.weight - torch.Size([128, 128, 3, 3]): 
PretrainedInit: load from torchvision://resnet50 

backbone.layer2.3.bn2.weight - torch.Size([128]): 
PretrainedInit: load from torchvision://resnet50 

backbone.layer2.3.bn2.bias - torch.Size([128]): 
PretrainedInit: load from torchvision://resnet50 

backbone.layer2.3.conv3.weight - torch.Size([512, 128, 1, 1]): 
PretrainedInit: load from torchvision://resnet50 

backbone.layer2.3.bn3.weight - torch.Size([512]): 
PretrainedInit: load from torchvision://resnet50 

backbone.layer2.3.bn3.bias - torch.Size([512]): 
PretrainedInit: load from torchvision://resnet50 

backbone.layer3.0.conv1.weight - torch.Size([256, 512, 1, 1]): 
PretrainedInit: load from torchvision://resnet50 

backbone.layer3.0.bn1.weight - torch.Size([256]): 
PretrainedInit: load from torchvision://resnet50 

backbone.layer3.0.bn1.bias - torch.Size([256]): 
PretrainedInit: load from torchvision://resnet50 

backbone.layer3.0.conv2.weight - torch.Size([256, 256, 3, 3]): 
PretrainedInit: load from torchvision://resnet50 

backbone.layer3.0.bn2.weight - torch.Size([256]): 
PretrainedInit: load from torchvision://resnet50 

backbone.layer3.0.bn2.bias - torch.Size([256]): 
PretrainedInit: load from torchvision://resnet50 

backbone.layer3.0.conv3.weight - torch.Size([1024, 256, 1, 1]): 
PretrainedInit: load from torchvision://resnet50 

backbone.layer3.0.bn3.weight - torch.Size([1024]): 
PretrainedInit: load from torchvision://resnet50 

backbone.layer3.0.bn3.bias - torch.Size([1024]): 
PretrainedInit: load from torchvision://resnet50 

backbone.layer3.0.downsample.0.weight - torch.Size([1024, 512, 1, 1]): 
PretrainedInit: load from torchvision://resnet50 

backbone.layer3.0.downsample.1.weight - torch.Size([1024]): 
PretrainedInit: load from torchvision://resnet50 

backbone.layer3.0.downsample.1.bias - torch.Size([1024]): 
PretrainedInit: load from torchvision://resnet50 

backbone.layer3.1.conv1.weight - torch.Size([256, 1024, 1, 1]): 
PretrainedInit: load from torchvision://resnet50 

backbone.layer3.1.bn1.weight - torch.Size([256]): 
PretrainedInit: load from torchvision://resnet50 

backbone.layer3.1.bn1.bias - torch.Size([256]): 
PretrainedInit: load from torchvision://resnet50 

backbone.layer3.1.conv2.weight - torch.Size([256, 256, 3, 3]): 
PretrainedInit: load from torchvision://resnet50 

backbone.layer3.1.bn2.weight - torch.Size([256]): 
PretrainedInit: load from torchvision://resnet50 

backbone.layer3.1.bn2.bias - torch.Size([256]): 
PretrainedInit: load from torchvision://resnet50 

backbone.layer3.1.conv3.weight - torch.Size([1024, 256, 1, 1]): 
PretrainedInit: load from torchvision://resnet50 

backbone.layer3.1.bn3.weight - torch.Size([1024]): 
PretrainedInit: load from torchvision://resnet50 

backbone.layer3.1.bn3.bias - torch.Size([1024]): 
PretrainedInit: load from torchvision://resnet50 

backbone.layer3.2.conv1.weight - torch.Size([256, 1024, 1, 1]): 
PretrainedInit: load from torchvision://resnet50 

backbone.layer3.2.bn1.weight - torch.Size([256]): 
PretrainedInit: load from torchvision://resnet50 

backbone.layer3.2.bn1.bias - torch.Size([256]): 
PretrainedInit: load from torchvision://resnet50 

backbone.layer3.2.conv2.weight - torch.Size([256, 256, 3, 3]): 
PretrainedInit: load from torchvision://resnet50 

backbone.layer3.2.bn2.weight - torch.Size([256]): 
PretrainedInit: load from torchvision://resnet50 

backbone.layer3.2.bn2.bias - torch.Size([256]): 
PretrainedInit: load from torchvision://resnet50 

backbone.layer3.2.conv3.weight - torch.Size([1024, 256, 1, 1]): 
PretrainedInit: load from torchvision://resnet50 

backbone.layer3.2.bn3.weight - torch.Size([1024]): 
PretrainedInit: load from torchvision://resnet50 

backbone.layer3.2.bn3.bias - torch.Size([1024]): 
PretrainedInit: load from torchvision://resnet50 

backbone.layer3.3.conv1.weight - torch.Size([256, 1024, 1, 1]): 
PretrainedInit: load from torchvision://resnet50 

backbone.layer3.3.bn1.weight - torch.Size([256]): 
PretrainedInit: load from torchvision://resnet50 

backbone.layer3.3.bn1.bias - torch.Size([256]): 
PretrainedInit: load from torchvision://resnet50 

backbone.layer3.3.conv2.weight - torch.Size([256, 256, 3, 3]): 
PretrainedInit: load from torchvision://resnet50 

backbone.layer3.3.bn2.weight - torch.Size([256]): 
PretrainedInit: load from torchvision://resnet50 

backbone.layer3.3.bn2.bias - torch.Size([256]): 
PretrainedInit: load from torchvision://resnet50 

backbone.layer3.3.conv3.weight - torch.Size([1024, 256, 1, 1]): 
PretrainedInit: load from torchvision://resnet50 

backbone.layer3.3.bn3.weight - torch.Size([1024]): 
PretrainedInit: load from torchvision://resnet50 

backbone.layer3.3.bn3.bias - torch.Size([1024]): 
PretrainedInit: load from torchvision://resnet50 

backbone.layer3.4.conv1.weight - torch.Size([256, 1024, 1, 1]): 
PretrainedInit: load from torchvision://resnet50 

backbone.layer3.4.bn1.weight - torch.Size([256]): 
PretrainedInit: load from torchvision://resnet50 

backbone.layer3.4.bn1.bias - torch.Size([256]): 
PretrainedInit: load from torchvision://resnet50 

backbone.layer3.4.conv2.weight - torch.Size([256, 256, 3, 3]): 
PretrainedInit: load from torchvision://resnet50 

backbone.layer3.4.bn2.weight - torch.Size([256]): 
PretrainedInit: load from torchvision://resnet50 

backbone.layer3.4.bn2.bias - torch.Size([256]): 
PretrainedInit: load from torchvision://resnet50 

backbone.layer3.4.conv3.weight - torch.Size([1024, 256, 1, 1]): 
PretrainedInit: load from torchvision://resnet50 

backbone.layer3.4.bn3.weight - torch.Size([1024]): 
PretrainedInit: load from torchvision://resnet50 

backbone.layer3.4.bn3.bias - torch.Size([1024]): 
PretrainedInit: load from torchvision://resnet50 

backbone.layer3.5.conv1.weight - torch.Size([256, 1024, 1, 1]): 
PretrainedInit: load from torchvision://resnet50 

backbone.layer3.5.bn1.weight - torch.Size([256]): 
PretrainedInit: load from torchvision://resnet50 

backbone.layer3.5.bn1.bias - torch.Size([256]): 
PretrainedInit: load from torchvision://resnet50 

backbone.layer3.5.conv2.weight - torch.Size([256, 256, 3, 3]): 
PretrainedInit: load from torchvision://resnet50 

backbone.layer3.5.bn2.weight - torch.Size([256]): 
PretrainedInit: load from torchvision://resnet50 

backbone.layer3.5.bn2.bias - torch.Size([256]): 
PretrainedInit: load from torchvision://resnet50 

backbone.layer3.5.conv3.weight - torch.Size([1024, 256, 1, 1]): 
PretrainedInit: load from torchvision://resnet50 

backbone.layer3.5.bn3.weight - torch.Size([1024]): 
PretrainedInit: load from torchvision://resnet50 

backbone.layer3.5.bn3.bias - torch.Size([1024]): 
PretrainedInit: load from torchvision://resnet50 

backbone.layer4.0.conv1.weight - torch.Size([512, 1024, 1, 1]): 
PretrainedInit: load from torchvision://resnet50 

backbone.layer4.0.bn1.weight - torch.Size([512]): 
PretrainedInit: load from torchvision://resnet50 

backbone.layer4.0.bn1.bias - torch.Size([512]): 
PretrainedInit: load from torchvision://resnet50 

backbone.layer4.0.conv2.weight - torch.Size([512, 512, 3, 3]): 
PretrainedInit: load from torchvision://resnet50 

backbone.layer4.0.bn2.weight - torch.Size([512]): 
PretrainedInit: load from torchvision://resnet50 

backbone.layer4.0.bn2.bias - torch.Size([512]): 
PretrainedInit: load from torchvision://resnet50 

backbone.layer4.0.conv3.weight - torch.Size([2048, 512, 1, 1]): 
PretrainedInit: load from torchvision://resnet50 

backbone.layer4.0.bn3.weight - torch.Size([2048]): 
PretrainedInit: load from torchvision://resnet50 

backbone.layer4.0.bn3.bias - torch.Size([2048]): 
PretrainedInit: load from torchvision://resnet50 

backbone.layer4.0.downsample.0.weight - torch.Size([2048, 1024, 1, 1]): 
PretrainedInit: load from torchvision://resnet50 

backbone.layer4.0.downsample.1.weight - torch.Size([2048]): 
PretrainedInit: load from torchvision://resnet50 

backbone.layer4.0.downsample.1.bias - torch.Size([2048]): 
PretrainedInit: load from torchvision://resnet50 

backbone.layer4.1.conv1.weight - torch.Size([512, 2048, 1, 1]): 
PretrainedInit: load from torchvision://resnet50 

backbone.layer4.1.bn1.weight - torch.Size([512]): 
PretrainedInit: load from torchvision://resnet50 

backbone.layer4.1.bn1.bias - torch.Size([512]): 
PretrainedInit: load from torchvision://resnet50 

backbone.layer4.1.conv2.weight - torch.Size([512, 512, 3, 3]): 
PretrainedInit: load from torchvision://resnet50 

backbone.layer4.1.bn2.weight - torch.Size([512]): 
PretrainedInit: load from torchvision://resnet50 

backbone.layer4.1.bn2.bias - torch.Size([512]): 
PretrainedInit: load from torchvision://resnet50 

backbone.layer4.1.conv3.weight - torch.Size([2048, 512, 1, 1]): 
PretrainedInit: load from torchvision://resnet50 

backbone.layer4.1.bn3.weight - torch.Size([2048]): 
PretrainedInit: load from torchvision://resnet50 

backbone.layer4.1.bn3.bias - torch.Size([2048]): 
PretrainedInit: load from torchvision://resnet50 

backbone.layer4.2.conv1.weight - torch.Size([512, 2048, 1, 1]): 
PretrainedInit: load from torchvision://resnet50 

backbone.layer4.2.bn1.weight - torch.Size([512]): 
PretrainedInit: load from torchvision://resnet50 

backbone.layer4.2.bn1.bias - torch.Size([512]): 
PretrainedInit: load from torchvision://resnet50 

backbone.layer4.2.conv2.weight - torch.Size([512, 512, 3, 3]): 
PretrainedInit: load from torchvision://resnet50 

backbone.layer4.2.bn2.weight - torch.Size([512]): 
PretrainedInit: load from torchvision://resnet50 

backbone.layer4.2.bn2.bias - torch.Size([512]): 
PretrainedInit: load from torchvision://resnet50 

backbone.layer4.2.conv3.weight - torch.Size([2048, 512, 1, 1]): 
PretrainedInit: load from torchvision://resnet50 

backbone.layer4.2.bn3.weight - torch.Size([2048]): 
PretrainedInit: load from torchvision://resnet50 

backbone.layer4.2.bn3.bias - torch.Size([2048]): 
PretrainedInit: load from torchvision://resnet50 

neck.lateral_convs.0.conv.weight - torch.Size([256, 256, 1, 1]): 
XavierInit: gain=1, distribution=uniform, bias=0 

neck.lateral_convs.0.conv.bias - torch.Size([256]): 
The value is the same before and after calling `init_weights` of FasterRCNN  

neck.lateral_convs.1.conv.weight - torch.Size([256, 512, 1, 1]): 
XavierInit: gain=1, distribution=uniform, bias=0 

neck.lateral_convs.1.conv.bias - torch.Size([256]): 
The value is the same before and after calling `init_weights` of FasterRCNN  

neck.lateral_convs.2.conv.weight - torch.Size([256, 1024, 1, 1]): 
XavierInit: gain=1, distribution=uniform, bias=0 

neck.lateral_convs.2.conv.bias - torch.Size([256]): 
The value is the same before and after calling `init_weights` of FasterRCNN  

neck.lateral_convs.3.conv.weight - torch.Size([256, 2048, 1, 1]): 
XavierInit: gain=1, distribution=uniform, bias=0 

neck.lateral_convs.3.conv.bias - torch.Size([256]): 
The value is the same before and after calling `init_weights` of FasterRCNN  

neck.fpn_convs.0.conv.weight - torch.Size([256, 256, 3, 3]): 
XavierInit: gain=1, distribution=uniform, bias=0 

neck.fpn_convs.0.conv.bias - torch.Size([256]): 
The value is the same before and after calling `init_weights` of FasterRCNN  

neck.fpn_convs.1.conv.weight - torch.Size([256, 256, 3, 3]): 
XavierInit: gain=1, distribution=uniform, bias=0 

neck.fpn_convs.1.conv.bias - torch.Size([256]): 
The value is the same before and after calling `init_weights` of FasterRCNN  

neck.fpn_convs.2.conv.weight - torch.Size([256, 256, 3, 3]): 
XavierInit: gain=1, distribution=uniform, bias=0 

neck.fpn_convs.2.conv.bias - torch.Size([256]): 
The value is the same before and after calling `init_weights` of FasterRCNN  

neck.fpn_convs.3.conv.weight - torch.Size([256, 256, 3, 3]): 
XavierInit: gain=1, distribution=uniform, bias=0 

neck.fpn_convs.3.conv.bias - torch.Size([256]): 
The value is the same before and after calling `init_weights` of FasterRCNN  

rpn_head.rpn_conv.weight - torch.Size([256, 256, 3, 3]): 
NormalInit: mean=0, std=0.01, bias=0 

rpn_head.rpn_conv.bias - torch.Size([256]): 
NormalInit: mean=0, std=0.01, bias=0 

rpn_head.rpn_cls.weight - torch.Size([3, 256, 1, 1]): 
NormalInit: mean=0, std=0.01, bias=0 

rpn_head.rpn_cls.bias - torch.Size([3]): 
NormalInit: mean=0, std=0.01, bias=0 

rpn_head.rpn_reg.weight - torch.Size([12, 256, 1, 1]): 
NormalInit: mean=0, std=0.01, bias=0 

rpn_head.rpn_reg.bias - torch.Size([12]): 
NormalInit: mean=0, std=0.01, bias=0 

roi_head.bbox_head.fc_cls.weight - torch.Size([5, 1024]): 
NormalInit: mean=0, std=0.01, bias=0 

roi_head.bbox_head.fc_cls.bias - torch.Size([5]): 
NormalInit: mean=0, std=0.01, bias=0 

roi_head.bbox_head.fc_reg.weight - torch.Size([16, 1024]): 
NormalInit: mean=0, std=0.001, bias=0 

roi_head.bbox_head.fc_reg.bias - torch.Size([16]): 
NormalInit: mean=0, std=0.001, bias=0 

roi_head.bbox_head.shared_fcs.0.weight - torch.Size([1024, 12544]): 
XavierInit: gain=1, distribution=uniform, bias=0 

roi_head.bbox_head.shared_fcs.0.bias - torch.Size([1024]): 
XavierInit: gain=1, distribution=uniform, bias=0 

roi_head.bbox_head.shared_fcs.1.weight - torch.Size([1024, 1024]): 
XavierInit: gain=1, distribution=uniform, bias=0 

roi_head.bbox_head.shared_fcs.1.bias - torch.Size([1024]): 
XavierInit: gain=1, distribution=uniform, bias=0 
2025/05/10 00:28:04 - mmengine - INFO - Load checkpoint from D:/Repositories/test/25-05-09/fasterrcnn/weights/faster_rcnn_r50_fpn_1x_coco_20200130-047c8118.pth
2025/05/10 00:28:04 - mmengine - WARNING - "FileClient" will be deprecated in future. Please use io functions in https://mmengine.readthedocs.io/en/latest/api/fileio.html#file-io
2025/05/10 00:28:04 - mmengine - WARNING - "HardDiskBackend" is the alias of "LocalBackend" and the former will be deprecated in future.
2025/05/10 00:28:04 - mmengine - INFO - Checkpoints will be saved to D:\Repositories\test\25-05-09\fasterrcnn.
2025/05/10 00:28:19 - mmengine - INFO - Epoch(train)  [1][ 50/282]  lr: 1.9820e-03  eta: 0:41:30  time: 0.2961  data_time: 0.0910  memory: 2684  loss: 2.3370  loss_rpn_cls: 0.5359  loss_rpn_bbox: 0.1717  loss_cls: 0.9398  acc: 78.8086  loss_bbox: 0.6896
2025/05/10 00:28:29 - mmengine - INFO - Epoch(train)  [1][100/282]  lr: 3.9840e-03  eta: 0:33:59  time: 0.1917  data_time: 0.0019  memory: 2768  loss: 1.3270  loss_rpn_cls: 0.0993  loss_rpn_bbox: 0.1442  loss_cls: 0.5360  acc: 88.0859  loss_bbox: 0.5474
2025/05/10 00:28:38 - mmengine - INFO - Epoch(train)  [1][150/282]  lr: 5.9860e-03  eta: 0:31:22  time: 0.1919  data_time: 0.0017  memory: 2746  loss: 1.1780  loss_rpn_cls: 0.0813  loss_rpn_bbox: 0.1417  loss_cls: 0.4840  acc: 83.6130  loss_bbox: 0.4710
2025/05/10 00:28:48 - mmengine - INFO - Epoch(train)  [1][200/282]  lr: 7.9880e-03  eta: 0:30:04  time: 0.1944  data_time: 0.0018  memory: 2767  loss: 1.1182  loss_rpn_cls: 0.0749  loss_rpn_bbox: 0.1378  loss_cls: 0.4607  acc: 91.1133  loss_bbox: 0.4448
2025/05/10 00:28:58 - mmengine - INFO - Epoch(train)  [1][250/282]  lr: 9.9900e-03  eta: 0:29:14  time: 0.1946  data_time: 0.0019  memory: 2772  loss: 1.1254  loss_rpn_cls: 0.0825  loss_rpn_bbox: 0.1418  loss_cls: 0.4505  acc: 84.4727  loss_bbox: 0.4506
2025/05/10 00:29:04 - mmengine - INFO - Exp name: fasterrcnn_pt_df_bal_20250510_002758
2025/05/10 00:29:14 - mmengine - INFO - Evaluating bbox...
2025/05/10 00:29:16 - mmengine - INFO - bbox_mAP_copypaste: 0.313 0.565 0.336 -1.000 0.213 0.335
2025/05/10 00:29:16 - mmengine - INFO - Epoch(val) [1][49/49]    coco/bbox_mAP: 0.3130  coco/bbox_mAP_50: 0.5650  coco/bbox_mAP_75: 0.3360  coco/bbox_mAP_s: -1.0000  coco/bbox_mAP_m: 0.2130  coco/bbox_mAP_l: 0.3350  data_time: 0.1672  time: 0.2094
2025/05/10 00:29:17 - mmengine - INFO - The best checkpoint with 0.3130 coco/bbox_mAP at 1 epoch is saved to best_coco_bbox_mAP_epoch_1.pth.
2025/05/10 00:29:26 - mmengine - INFO - Epoch(train)  [2][ 50/282]  lr: 1.3273e-02  eta: 0:28:21  time: 0.1974  data_time: 0.0031  memory: 2669  loss: 1.0326  loss_rpn_cls: 0.0588  loss_rpn_bbox: 0.1381  loss_cls: 0.4105  acc: 86.9141  loss_bbox: 0.4253
2025/05/10 00:29:36 - mmengine - INFO - Epoch(train)  [2][100/282]  lr: 1.5275e-02  eta: 0:27:53  time: 0.1928  data_time: 0.0018  memory: 2772  loss: 1.0563  loss_rpn_cls: 0.0756  loss_rpn_bbox: 0.1378  loss_cls: 0.3953  acc: 83.6130  loss_bbox: 0.4475
2025/05/10 00:29:46 - mmengine - INFO - Epoch(train)  [2][150/282]  lr: 1.7277e-02  eta: 0:27:34  time: 0.1975  data_time: 0.0018  memory: 2767  loss: 1.0400  loss_rpn_cls: 0.0647  loss_rpn_bbox: 0.1378  loss_cls: 0.4061  acc: 88.7695  loss_bbox: 0.4313
2025/05/10 00:29:56 - mmengine - INFO - Epoch(train)  [2][200/282]  lr: 1.9279e-02  eta: 0:27:14  time: 0.1947  data_time: 0.0018  memory: 2717  loss: 1.0702  loss_rpn_cls: 0.0685  loss_rpn_bbox: 0.1455  loss_cls: 0.4185  acc: 81.9920  loss_bbox: 0.4376
2025/05/10 00:30:05 - mmengine - INFO - Epoch(train)  [2][250/282]  lr: 2.0000e-02  eta: 0:26:55  time: 0.1937  data_time: 0.0018  memory: 2684  loss: 1.0347  loss_rpn_cls: 0.0656  loss_rpn_bbox: 0.1389  loss_cls: 0.4042  acc: 85.7422  loss_bbox: 0.4260
2025/05/10 00:30:11 - mmengine - INFO - Exp name: fasterrcnn_pt_df_bal_20250510_002758
2025/05/10 00:30:13 - mmengine - INFO - Evaluating bbox...
2025/05/10 00:30:15 - mmengine - INFO - bbox_mAP_copypaste: 0.325 0.610 0.302 -1.000 0.237 0.347
2025/05/10 00:30:15 - mmengine - INFO - Epoch(val) [2][49/49]    coco/bbox_mAP: 0.3250  coco/bbox_mAP_50: 0.6100  coco/bbox_mAP_75: 0.3020  coco/bbox_mAP_s: -1.0000  coco/bbox_mAP_m: 0.2370  coco/bbox_mAP_l: 0.3470  data_time: 0.0016  time: 0.0376
2025/05/10 00:30:15 - mmengine - INFO - The previous best checkpoint D:\Repositories\test\25-05-09\fasterrcnn\best_coco_bbox_mAP_epoch_1.pth is removed
2025/05/10 00:30:16 - mmengine - INFO - The best checkpoint with 0.3250 coco/bbox_mAP at 2 epoch is saved to best_coco_bbox_mAP_epoch_2.pth.
2025/05/10 00:30:25 - mmengine - INFO - Epoch(train)  [3][ 50/282]  lr: 2.0000e-02  eta: 0:26:28  time: 0.1974  data_time: 0.0031  memory: 2750  loss: 1.0234  loss_rpn_cls: 0.0591  loss_rpn_bbox: 0.1364  loss_cls: 0.3875  acc: 81.6749  loss_bbox: 0.4403
2025/05/10 00:30:35 - mmengine - INFO - Epoch(train)  [3][100/282]  lr: 2.0000e-02  eta: 0:26:11  time: 0.1915  data_time: 0.0018  memory: 2762  loss: 1.0159  loss_rpn_cls: 0.0711  loss_rpn_bbox: 0.1369  loss_cls: 0.3887  acc: 84.4727  loss_bbox: 0.4192
2025/05/10 00:30:45 - mmengine - INFO - Epoch(train)  [3][150/282]  lr: 2.0000e-02  eta: 0:25:57  time: 0.1947  data_time: 0.0017  memory: 2684  loss: 0.9781  loss_rpn_cls: 0.0627  loss_rpn_bbox: 0.1262  loss_cls: 0.3746  acc: 81.6406  loss_bbox: 0.4145
2025/05/10 00:30:55 - mmengine - INFO - Epoch(train)  [3][200/282]  lr: 2.0000e-02  eta: 0:25:45  time: 0.1956  data_time: 0.0017  memory: 2758  loss: 0.9712  loss_rpn_cls: 0.0548  loss_rpn_bbox: 0.1286  loss_cls: 0.3761  acc: 80.9866  loss_bbox: 0.4118
2025/05/10 00:31:04 - mmengine - INFO - Epoch(train)  [3][250/282]  lr: 2.0000e-02  eta: 0:25:31  time: 0.1937  data_time: 0.0018  memory: 2772  loss: 0.9956  loss_rpn_cls: 0.0536  loss_rpn_bbox: 0.1301  loss_cls: 0.3899  acc: 86.5234  loss_bbox: 0.4220
2025/05/10 00:31:10 - mmengine - INFO - Exp name: fasterrcnn_pt_df_bal_20250510_002758
2025/05/10 00:31:12 - mmengine - INFO - Evaluating bbox...
2025/05/10 00:31:13 - mmengine - INFO - bbox_mAP_copypaste: 0.357 0.620 0.383 -1.000 0.251 0.383
2025/05/10 00:31:13 - mmengine - INFO - Epoch(val) [3][49/49]    coco/bbox_mAP: 0.3570  coco/bbox_mAP_50: 0.6200  coco/bbox_mAP_75: 0.3830  coco/bbox_mAP_s: -1.0000  coco/bbox_mAP_m: 0.2510  coco/bbox_mAP_l: 0.3830  data_time: 0.0015  time: 0.0378
2025/05/10 00:31:13 - mmengine - INFO - The previous best checkpoint D:\Repositories\test\25-05-09\fasterrcnn\best_coco_bbox_mAP_epoch_2.pth is removed
2025/05/10 00:31:14 - mmengine - INFO - The best checkpoint with 0.3570 coco/bbox_mAP at 3 epoch is saved to best_coco_bbox_mAP_epoch_3.pth.
2025/05/10 00:31:24 - mmengine - INFO - Epoch(train)  [4][ 50/282]  lr: 2.0000e-02  eta: 0:25:11  time: 0.1994  data_time: 0.0030  memory: 2755  loss: 0.9324  loss_rpn_cls: 0.0498  loss_rpn_bbox: 0.1279  loss_cls: 0.3589  acc: 83.9844  loss_bbox: 0.3958
2025/05/10 00:31:34 - mmengine - INFO - Epoch(train)  [4][100/282]  lr: 2.0000e-02  eta: 0:24:58  time: 0.1931  data_time: 0.0017  memory: 2775  loss: 0.8956  loss_rpn_cls: 0.0442  loss_rpn_bbox: 0.1212  loss_cls: 0.3428  acc: 88.4956  loss_bbox: 0.3874
2025/05/10 00:31:44 - mmengine - INFO - Epoch(train)  [4][150/282]  lr: 2.0000e-02  eta: 0:24:46  time: 0.1950  data_time: 0.0018  memory: 2758  loss: 0.9246  loss_rpn_cls: 0.0503  loss_rpn_bbox: 0.1251  loss_cls: 0.3524  acc: 87.1094  loss_bbox: 0.3967
2025/05/10 00:31:44 - mmengine - INFO - Exp name: fasterrcnn_pt_df_bal_20250510_002758
2025/05/10 00:31:53 - mmengine - INFO - Epoch(train)  [4][200/282]  lr: 2.0000e-02  eta: 0:24:35  time: 0.1955  data_time: 0.0018  memory: 2691  loss: 0.8815  loss_rpn_cls: 0.0457  loss_rpn_bbox: 0.1208  loss_cls: 0.3282  acc: 87.1094  loss_bbox: 0.3868
2025/05/10 00:32:03 - mmengine - INFO - Epoch(train)  [4][250/282]  lr: 2.0000e-02  eta: 0:24:23  time: 0.1933  data_time: 0.0019  memory: 2717  loss: 0.8859  loss_rpn_cls: 0.0490  loss_rpn_bbox: 0.1172  loss_cls: 0.3368  acc: 84.6680  loss_bbox: 0.3828
2025/05/10 00:32:09 - mmengine - INFO - Exp name: fasterrcnn_pt_df_bal_20250510_002758
2025/05/10 00:32:11 - mmengine - INFO - Evaluating bbox...
2025/05/10 00:32:12 - mmengine - INFO - bbox_mAP_copypaste: 0.441 0.744 0.494 -1.000 0.271 0.468
2025/05/10 00:32:12 - mmengine - INFO - Epoch(val) [4][49/49]    coco/bbox_mAP: 0.4410  coco/bbox_mAP_50: 0.7440  coco/bbox_mAP_75: 0.4940  coco/bbox_mAP_s: -1.0000  coco/bbox_mAP_m: 0.2710  coco/bbox_mAP_l: 0.4680  data_time: 0.0015  time: 0.0376
2025/05/10 00:32:12 - mmengine - INFO - The previous best checkpoint D:\Repositories\test\25-05-09\fasterrcnn\best_coco_bbox_mAP_epoch_3.pth is removed
2025/05/10 00:32:13 - mmengine - INFO - The best checkpoint with 0.4410 coco/bbox_mAP at 4 epoch is saved to best_coco_bbox_mAP_epoch_4.pth.
2025/05/10 00:32:23 - mmengine - INFO - Epoch(train)  [5][ 50/282]  lr: 2.0000e-02  eta: 0:24:05  time: 0.1977  data_time: 0.0031  memory: 2772  loss: 0.8797  loss_rpn_cls: 0.0416  loss_rpn_bbox: 0.1232  loss_cls: 0.3320  acc: 84.1202  loss_bbox: 0.3830
2025/05/10 00:32:33 - mmengine - INFO - Epoch(train)  [5][100/282]  lr: 2.0000e-02  eta: 0:23:54  time: 0.1954  data_time: 0.0019  memory: 2761  loss: 0.8482  loss_rpn_cls: 0.0446  loss_rpn_bbox: 0.1156  loss_cls: 0.3105  acc: 85.8398  loss_bbox: 0.3774
2025/05/10 00:32:43 - mmengine - INFO - Epoch(train)  [5][150/282]  lr: 2.0000e-02  eta: 0:23:44  time: 0.1951  data_time: 0.0017  memory: 2775  loss: 0.8640  loss_rpn_cls: 0.0437  loss_rpn_bbox: 0.1161  loss_cls: 0.3294  acc: 89.6484  loss_bbox: 0.3748
2025/05/10 00:32:53 - mmengine - INFO - Epoch(train)  [5][200/282]  lr: 2.0000e-02  eta: 0:23:33  time: 0.1969  data_time: 0.0017  memory: 2758  loss: 0.8658  loss_rpn_cls: 0.0417  loss_rpn_bbox: 0.1151  loss_cls: 0.3307  acc: 87.4595  loss_bbox: 0.3784
2025/05/10 00:33:02 - mmengine - INFO - Epoch(train)  [5][250/282]  lr: 2.0000e-02  eta: 0:23:23  time: 0.1959  data_time: 0.0018  memory: 2691  loss: 0.8691  loss_rpn_cls: 0.0474  loss_rpn_bbox: 0.1185  loss_cls: 0.3208  acc: 80.8594  loss_bbox: 0.3824
2025/05/10 00:33:09 - mmengine - INFO - Exp name: fasterrcnn_pt_df_bal_20250510_002758
2025/05/10 00:33:10 - mmengine - INFO - Evaluating bbox...
2025/05/10 00:33:12 - mmengine - INFO - bbox_mAP_copypaste: 0.397 0.669 0.444 -1.000 0.274 0.421
2025/05/10 00:33:12 - mmengine - INFO - Epoch(val) [5][49/49]    coco/bbox_mAP: 0.3970  coco/bbox_mAP_50: 0.6690  coco/bbox_mAP_75: 0.4440  coco/bbox_mAP_s: -1.0000  coco/bbox_mAP_m: 0.2740  coco/bbox_mAP_l: 0.4210  data_time: 0.0017  time: 0.0374
2025/05/10 00:33:22 - mmengine - INFO - Epoch(train)  [6][ 50/282]  lr: 2.0000e-02  eta: 0:23:07  time: 0.2061  data_time: 0.0032  memory: 2772  loss: 0.8602  loss_rpn_cls: 0.0423  loss_rpn_bbox: 0.1161  loss_cls: 0.3206  acc: 91.0156  loss_bbox: 0.3812
2025/05/10 00:33:32 - mmengine - INFO - Epoch(train)  [6][100/282]  lr: 2.0000e-02  eta: 0:22:57  time: 0.1938  data_time: 0.0018  memory: 2686  loss: 0.8142  loss_rpn_cls: 0.0328  loss_rpn_bbox: 0.1129  loss_cls: 0.3024  acc: 87.8906  loss_bbox: 0.3661
2025/05/10 00:33:41 - mmengine - INFO - Epoch(train)  [6][150/282]  lr: 2.0000e-02  eta: 0:22:46  time: 0.1932  data_time: 0.0019  memory: 2717  loss: 0.8336  loss_rpn_cls: 0.0356  loss_rpn_bbox: 0.1185  loss_cls: 0.3114  acc: 89.0625  loss_bbox: 0.3681
2025/05/10 00:33:51 - mmengine - INFO - Epoch(train)  [6][200/282]  lr: 2.0000e-02  eta: 0:22:36  time: 0.1983  data_time: 0.0018  memory: 2750  loss: 0.7961  loss_rpn_cls: 0.0351  loss_rpn_bbox: 0.1098  loss_cls: 0.2933  acc: 87.5000  loss_bbox: 0.3578
2025/05/10 00:34:03 - mmengine - INFO - Epoch(train)  [6][250/282]  lr: 2.0000e-02  eta: 0:22:31  time: 0.2250  data_time: 0.0021  memory: 2689  loss: 0.8428  loss_rpn_cls: 0.0381  loss_rpn_bbox: 0.1102  loss_cls: 0.3295  acc: 91.4062  loss_bbox: 0.3650
2025/05/10 00:34:10 - mmengine - INFO - Exp name: fasterrcnn_pt_df_bal_20250510_002758
2025/05/10 00:34:12 - mmengine - INFO - Evaluating bbox...
2025/05/10 00:34:14 - mmengine - INFO - bbox_mAP_copypaste: 0.437 0.736 0.473 -1.000 0.285 0.463
2025/05/10 00:34:14 - mmengine - INFO - Epoch(val) [6][49/49]    coco/bbox_mAP: 0.4370  coco/bbox_mAP_50: 0.7360  coco/bbox_mAP_75: 0.4730  coco/bbox_mAP_s: -1.0000  coco/bbox_mAP_m: 0.2850  coco/bbox_mAP_l: 0.4630  data_time: 0.0017  time: 0.0444
2025/05/10 00:34:26 - mmengine - INFO - Epoch(train)  [7][ 50/282]  lr: 2.0000e-02  eta: 0:22:27  time: 0.2393  data_time: 0.0034  memory: 2775  loss: 0.8268  loss_rpn_cls: 0.0356  loss_rpn_bbox: 0.1126  loss_cls: 0.3120  acc: 87.6953  loss_bbox: 0.3667
2025/05/10 00:34:37 - mmengine - INFO - Epoch(train)  [7][100/282]  lr: 2.0000e-02  eta: 0:22:23  time: 0.2343  data_time: 0.0020  memory: 2717  loss: 0.8049  loss_rpn_cls: 0.0372  loss_rpn_bbox: 0.1098  loss_cls: 0.2974  acc: 88.2812  loss_bbox: 0.3606
2025/05/10 00:34:49 - mmengine - INFO - Epoch(train)  [7][150/282]  lr: 2.0000e-02  eta: 0:22:19  time: 0.2367  data_time: 0.0020  memory: 2750  loss: 0.8322  loss_rpn_cls: 0.0395  loss_rpn_bbox: 0.1106  loss_cls: 0.3178  acc: 89.2578  loss_bbox: 0.3642
2025/05/10 00:35:01 - mmengine - INFO - Epoch(train)  [7][200/282]  lr: 2.0000e-02  eta: 0:22:15  time: 0.2392  data_time: 0.0020  memory: 2779  loss: 0.8324  loss_rpn_cls: 0.0428  loss_rpn_bbox: 0.1152  loss_cls: 0.3064  acc: 89.3555  loss_bbox: 0.3679
2025/05/10 00:35:13 - mmengine - INFO - Epoch(train)  [7][250/282]  lr: 2.0000e-02  eta: 0:22:11  time: 0.2349  data_time: 0.0020  memory: 2775  loss: 0.7889  loss_rpn_cls: 0.0371  loss_rpn_bbox: 0.1128  loss_cls: 0.2819  acc: 84.9609  loss_bbox: 0.3571
2025/05/10 00:35:20 - mmengine - INFO - Exp name: fasterrcnn_pt_df_bal_20250510_002758
2025/05/10 00:35:23 - mmengine - INFO - Evaluating bbox...
2025/05/10 00:35:24 - mmengine - INFO - bbox_mAP_copypaste: 0.411 0.688 0.464 -1.000 0.311 0.432
2025/05/10 00:35:24 - mmengine - INFO - Epoch(val) [7][49/49]    coco/bbox_mAP: 0.4110  coco/bbox_mAP_50: 0.6880  coco/bbox_mAP_75: 0.4640  coco/bbox_mAP_s: -1.0000  coco/bbox_mAP_m: 0.3110  coco/bbox_mAP_l: 0.4320  data_time: 0.0016  time: 0.0444
2025/05/10 00:35:30 - mmengine - INFO - Exp name: fasterrcnn_pt_df_bal_20250510_002758
2025/05/10 00:35:36 - mmengine - INFO - Epoch(train)  [8][ 50/282]  lr: 2.0000e-02  eta: 0:22:02  time: 0.2353  data_time: 0.0034  memory: 2768  loss: 0.7786  loss_rpn_cls: 0.0290  loss_rpn_bbox: 0.1070  loss_cls: 0.2928  acc: 85.7422  loss_bbox: 0.3499
2025/05/10 00:35:47 - mmengine - INFO - Epoch(train)  [8][100/282]  lr: 2.0000e-02  eta: 0:21:54  time: 0.2258  data_time: 0.0020  memory: 2768  loss: 0.7946  loss_rpn_cls: 0.0351  loss_rpn_bbox: 0.1085  loss_cls: 0.3016  acc: 89.4531  loss_bbox: 0.3495
2025/05/10 00:35:58 - mmengine - INFO - Epoch(train)  [8][150/282]  lr: 2.0000e-02  eta: 0:21:47  time: 0.2276  data_time: 0.0020  memory: 2750  loss: 0.8263  loss_rpn_cls: 0.0353  loss_rpn_bbox: 0.1120  loss_cls: 0.3234  acc: 88.3789  loss_bbox: 0.3555
2025/05/10 00:36:10 - mmengine - INFO - Epoch(train)  [8][200/282]  lr: 2.0000e-02  eta: 0:21:41  time: 0.2321  data_time: 0.0019  memory: 2750  loss: 0.7973  loss_rpn_cls: 0.0299  loss_rpn_bbox: 0.1079  loss_cls: 0.3002  acc: 89.4531  loss_bbox: 0.3593
2025/05/10 00:36:22 - mmengine - INFO - Epoch(train)  [8][250/282]  lr: 2.0000e-02  eta: 0:21:34  time: 0.2348  data_time: 0.0020  memory: 2772  loss: 0.8319  loss_rpn_cls: 0.0398  loss_rpn_bbox: 0.1090  loss_cls: 0.3171  acc: 86.9141  loss_bbox: 0.3660
2025/05/10 00:36:29 - mmengine - INFO - Exp name: fasterrcnn_pt_df_bal_20250510_002758
2025/05/10 00:36:31 - mmengine - INFO - Evaluating bbox...
2025/05/10 00:36:32 - mmengine - INFO - bbox_mAP_copypaste: 0.416 0.696 0.469 -1.000 0.294 0.436
2025/05/10 00:36:32 - mmengine - INFO - Epoch(val) [8][49/49]    coco/bbox_mAP: 0.4160  coco/bbox_mAP_50: 0.6960  coco/bbox_mAP_75: 0.4690  coco/bbox_mAP_s: -1.0000  coco/bbox_mAP_m: 0.2940  coco/bbox_mAP_l: 0.4360  data_time: 0.0016  time: 0.0378
2025/05/10 00:36:42 - mmengine - INFO - Epoch(train)  [9][ 50/282]  lr: 2.0000e-03  eta: 0:21:17  time: 0.2011  data_time: 0.0031  memory: 2762  loss: 0.7054  loss_rpn_cls: 0.0259  loss_rpn_bbox: 0.0948  loss_cls: 0.2629  acc: 88.2812  loss_bbox: 0.3218
2025/05/10 00:36:52 - mmengine - INFO - Epoch(train)  [9][100/282]  lr: 2.0000e-03  eta: 0:21:05  time: 0.1948  data_time: 0.0020  memory: 2762  loss: 0.6824  loss_rpn_cls: 0.0224  loss_rpn_bbox: 0.0908  loss_cls: 0.2493  acc: 87.2070  loss_bbox: 0.3199
2025/05/10 00:37:02 - mmengine - INFO - Epoch(train)  [9][150/282]  lr: 2.0000e-03  eta: 0:20:54  time: 0.2034  data_time: 0.0017  memory: 2767  loss: 0.6801  loss_rpn_cls: 0.0254  loss_rpn_bbox: 0.0935  loss_cls: 0.2487  acc: 92.3828  loss_bbox: 0.3125
2025/05/10 00:37:12 - mmengine - INFO - Epoch(train)  [9][200/282]  lr: 2.0000e-03  eta: 0:20:43  time: 0.2007  data_time: 0.0019  memory: 2758  loss: 0.6608  loss_rpn_cls: 0.0234  loss_rpn_bbox: 0.0900  loss_cls: 0.2374  acc: 91.7969  loss_bbox: 0.3100
2025/05/10 00:37:22 - mmengine - INFO - Epoch(train)  [9][250/282]  lr: 2.0000e-03  eta: 0:20:31  time: 0.1923  data_time: 0.0018  memory: 2779  loss: 0.6476  loss_rpn_cls: 0.0197  loss_rpn_bbox: 0.0873  loss_cls: 0.2372  acc: 89.4531  loss_bbox: 0.3033
2025/05/10 00:37:28 - mmengine - INFO - Exp name: fasterrcnn_pt_df_bal_20250510_002758
2025/05/10 00:37:30 - mmengine - INFO - Evaluating bbox...
2025/05/10 00:37:31 - mmengine - INFO - bbox_mAP_copypaste: 0.467 0.740 0.550 -1.000 0.322 0.493
2025/05/10 00:37:31 - mmengine - INFO - Epoch(val) [9][49/49]    coco/bbox_mAP: 0.4670  coco/bbox_mAP_50: 0.7400  coco/bbox_mAP_75: 0.5500  coco/bbox_mAP_s: -1.0000  coco/bbox_mAP_m: 0.3220  coco/bbox_mAP_l: 0.4930  data_time: 0.0017  time: 0.0380
2025/05/10 00:37:31 - mmengine - INFO - The previous best checkpoint D:\Repositories\test\25-05-09\fasterrcnn\best_coco_bbox_mAP_epoch_4.pth is removed
2025/05/10 00:37:32 - mmengine - INFO - The best checkpoint with 0.4670 coco/bbox_mAP at 9 epoch is saved to best_coco_bbox_mAP_epoch_9.pth.
2025/05/10 00:37:42 - mmengine - INFO - Epoch(train) [10][ 50/282]  lr: 2.0000e-03  eta: 0:20:13  time: 0.2031  data_time: 0.0031  memory: 2767  loss: 0.6536  loss_rpn_cls: 0.0217  loss_rpn_bbox: 0.0868  loss_cls: 0.2460  acc: 91.7969  loss_bbox: 0.2992
2025/05/10 00:37:52 - mmengine - INFO - Epoch(train) [10][100/282]  lr: 2.0000e-03  eta: 0:20:01  time: 0.1956  data_time: 0.0019  memory: 2768  loss: 0.6356  loss_rpn_cls: 0.0192  loss_rpn_bbox: 0.0876  loss_cls: 0.2292  acc: 88.7695  loss_bbox: 0.2996
2025/05/10 00:38:02 - mmengine - INFO - Epoch(train) [10][150/282]  lr: 2.0000e-03  eta: 0:19:50  time: 0.1987  data_time: 0.0018  memory: 2772  loss: 0.6537  loss_rpn_cls: 0.0223  loss_rpn_bbox: 0.0894  loss_cls: 0.2366  acc: 91.1133  loss_bbox: 0.3055
2025/05/10 00:38:12 - mmengine - INFO - Epoch(train) [10][200/282]  lr: 2.0000e-03  eta: 0:19:40  time: 0.2027  data_time: 0.0018  memory: 2762  loss: 0.6511  loss_rpn_cls: 0.0199  loss_rpn_bbox: 0.0897  loss_cls: 0.2359  acc: 90.9180  loss_bbox: 0.3057
2025/05/10 00:38:22 - mmengine - INFO - Epoch(train) [10][250/282]  lr: 2.0000e-03  eta: 0:19:28  time: 0.1963  data_time: 0.0019  memory: 2750  loss: 0.6423  loss_rpn_cls: 0.0216  loss_rpn_bbox: 0.0870  loss_cls: 0.2334  acc: 92.1875  loss_bbox: 0.3002
2025/05/10 00:38:28 - mmengine - INFO - Exp name: fasterrcnn_pt_df_bal_20250510_002758
2025/05/10 00:38:30 - mmengine - INFO - Evaluating bbox...
2025/05/10 00:38:31 - mmengine - INFO - bbox_mAP_copypaste: 0.467 0.740 0.550 -1.000 0.318 0.492
2025/05/10 00:38:31 - mmengine - INFO - Epoch(val) [10][49/49]    coco/bbox_mAP: 0.4670  coco/bbox_mAP_50: 0.7400  coco/bbox_mAP_75: 0.5500  coco/bbox_mAP_s: -1.0000  coco/bbox_mAP_m: 0.3180  coco/bbox_mAP_l: 0.4920  data_time: 0.0017  time: 0.0375
2025/05/10 00:38:42 - mmengine - INFO - Epoch(train) [11][ 50/282]  lr: 2.0000e-03  eta: 0:19:10  time: 0.2008  data_time: 0.0032  memory: 2697  loss: 0.6551  loss_rpn_cls: 0.0237  loss_rpn_bbox: 0.0907  loss_cls: 0.2355  acc: 89.9414  loss_bbox: 0.3051
2025/05/10 00:38:51 - mmengine - INFO - Epoch(train) [11][100/282]  lr: 2.0000e-03  eta: 0:18:59  time: 0.1960  data_time: 0.0018  memory: 2772  loss: 0.6279  loss_rpn_cls: 0.0169  loss_rpn_bbox: 0.0875  loss_cls: 0.2226  acc: 93.3594  loss_bbox: 0.3009
2025/05/10 00:39:01 - mmengine - INFO - Epoch(train) [11][150/282]  lr: 2.0000e-03  eta: 0:18:48  time: 0.2000  data_time: 0.0018  memory: 2768  loss: 0.6488  loss_rpn_cls: 0.0205  loss_rpn_bbox: 0.0902  loss_cls: 0.2338  acc: 93.2617  loss_bbox: 0.3043
2025/05/10 00:39:07 - mmengine - INFO - Exp name: fasterrcnn_pt_df_bal_20250510_002758
2025/05/10 00:39:11 - mmengine - INFO - Epoch(train) [11][200/282]  lr: 2.0000e-03  eta: 0:18:37  time: 0.1993  data_time: 0.0018  memory: 2697  loss: 0.6390  loss_rpn_cls: 0.0195  loss_rpn_bbox: 0.0861  loss_cls: 0.2360  acc: 92.5781  loss_bbox: 0.2974
2025/05/10 00:39:21 - mmengine - INFO - Epoch(train) [11][250/282]  lr: 2.0000e-03  eta: 0:18:26  time: 0.1972  data_time: 0.0018  memory: 2775  loss: 0.6481  loss_rpn_cls: 0.0194  loss_rpn_bbox: 0.0877  loss_cls: 0.2421  acc: 87.9883  loss_bbox: 0.2989
2025/05/10 00:39:27 - mmengine - INFO - Exp name: fasterrcnn_pt_df_bal_20250510_002758
2025/05/10 00:39:29 - mmengine - INFO - Evaluating bbox...
2025/05/10 00:39:31 - mmengine - INFO - bbox_mAP_copypaste: 0.458 0.727 0.537 -1.000 0.309 0.486
2025/05/10 00:39:31 - mmengine - INFO - Epoch(val) [11][49/49]    coco/bbox_mAP: 0.4580  coco/bbox_mAP_50: 0.7270  coco/bbox_mAP_75: 0.5370  coco/bbox_mAP_s: -1.0000  coco/bbox_mAP_m: 0.3090  coco/bbox_mAP_l: 0.4860  data_time: 0.0016  time: 0.0369
2025/05/10 00:39:40 - mmengine - INFO - Epoch(train) [12][ 50/282]  lr: 2.0000e-04  eta: 0:18:08  time: 0.1967  data_time: 0.0030  memory: 2767  loss: 0.5983  loss_rpn_cls: 0.0182  loss_rpn_bbox: 0.0819  loss_cls: 0.2133  acc: 89.7461  loss_bbox: 0.2849
2025/05/10 00:39:50 - mmengine - INFO - Epoch(train) [12][100/282]  lr: 2.0000e-04  eta: 0:17:58  time: 0.1986  data_time: 0.0018  memory: 2700  loss: 0.6291  loss_rpn_cls: 0.0175  loss_rpn_bbox: 0.0879  loss_cls: 0.2242  acc: 89.2578  loss_bbox: 0.2995
2025/05/10 00:40:00 - mmengine - INFO - Epoch(train) [12][150/282]  lr: 2.0000e-04  eta: 0:17:47  time: 0.2013  data_time: 0.0019  memory: 2758  loss: 0.6281  loss_rpn_cls: 0.0169  loss_rpn_bbox: 0.0861  loss_cls: 0.2232  acc: 90.5273  loss_bbox: 0.3020
2025/05/10 00:40:10 - mmengine - INFO - Epoch(train) [12][200/282]  lr: 2.0000e-04  eta: 0:17:36  time: 0.1976  data_time: 0.0018  memory: 2717  loss: 0.6361  loss_rpn_cls: 0.0226  loss_rpn_bbox: 0.0870  loss_cls: 0.2316  acc: 90.1367  loss_bbox: 0.2949
2025/05/10 00:40:20 - mmengine - INFO - Epoch(train) [12][250/282]  lr: 2.0000e-04  eta: 0:17:25  time: 0.1983  data_time: 0.0019  memory: 2772  loss: 0.6218  loss_rpn_cls: 0.0166  loss_rpn_bbox: 0.0830  loss_cls: 0.2317  acc: 94.5312  loss_bbox: 0.2905
2025/05/10 00:40:27 - mmengine - INFO - Exp name: fasterrcnn_pt_df_bal_20250510_002758
2025/05/10 00:40:29 - mmengine - INFO - Evaluating bbox...
2025/05/10 00:40:30 - mmengine - INFO - bbox_mAP_copypaste: 0.465 0.732 0.545 -1.000 0.317 0.491
2025/05/10 00:40:30 - mmengine - INFO - Epoch(val) [12][49/49]    coco/bbox_mAP: 0.4650  coco/bbox_mAP_50: 0.7320  coco/bbox_mAP_75: 0.5450  coco/bbox_mAP_s: -1.0000  coco/bbox_mAP_m: 0.3170  coco/bbox_mAP_l: 0.4910  data_time: 0.0019  time: 0.0376
2025/05/10 00:40:40 - mmengine - INFO - Epoch(train) [13][ 50/282]  lr: 2.0000e-04  eta: 0:17:08  time: 0.1979  data_time: 0.0030  memory: 2761  loss: 0.6382  loss_rpn_cls: 0.0220  loss_rpn_bbox: 0.0875  loss_cls: 0.2339  acc: 91.6992  loss_bbox: 0.2948
2025/05/10 00:40:50 - mmengine - INFO - Epoch(train) [13][100/282]  lr: 2.0000e-04  eta: 0:16:58  time: 0.2055  data_time: 0.0019  memory: 2750  loss: 0.6277  loss_rpn_cls: 0.0204  loss_rpn_bbox: 0.0874  loss_cls: 0.2231  acc: 93.6523  loss_bbox: 0.2967
2025/05/10 00:41:00 - mmengine - INFO - Epoch(train) [13][150/282]  lr: 2.0000e-04  eta: 0:16:48  time: 0.2080  data_time: 0.0020  memory: 2767  loss: 0.6279  loss_rpn_cls: 0.0189  loss_rpn_bbox: 0.0846  loss_cls: 0.2297  acc: 91.1133  loss_bbox: 0.2947
2025/05/10 00:41:10 - mmengine - INFO - Epoch(train) [13][200/282]  lr: 2.0000e-04  eta: 0:16:37  time: 0.1955  data_time: 0.0019  memory: 2772  loss: 0.6148  loss_rpn_cls: 0.0155  loss_rpn_bbox: 0.0844  loss_cls: 0.2247  acc: 91.1133  loss_bbox: 0.2902
2025/05/10 00:41:20 - mmengine - INFO - Epoch(train) [13][250/282]  lr: 2.0000e-04  eta: 0:16:26  time: 0.1980  data_time: 0.0018  memory: 2755  loss: 0.6158  loss_rpn_cls: 0.0197  loss_rpn_bbox: 0.0866  loss_cls: 0.2185  acc: 91.7969  loss_bbox: 0.2911
2025/05/10 00:41:26 - mmengine - INFO - Exp name: fasterrcnn_pt_df_bal_20250510_002758
2025/05/10 00:41:29 - mmengine - INFO - Evaluating bbox...
2025/05/10 00:41:30 - mmengine - INFO - bbox_mAP_copypaste: 0.467 0.735 0.548 -1.000 0.320 0.493
2025/05/10 00:41:30 - mmengine - INFO - Epoch(val) [13][49/49]    coco/bbox_mAP: 0.4670  coco/bbox_mAP_50: 0.7350  coco/bbox_mAP_75: 0.5480  coco/bbox_mAP_s: -1.0000  coco/bbox_mAP_m: 0.3200  coco/bbox_mAP_l: 0.4930  data_time: 0.0018  time: 0.0431
2025/05/10 00:41:40 - mmengine - INFO - Epoch(train) [14][ 50/282]  lr: 2.0000e-04  eta: 0:16:09  time: 0.1969  data_time: 0.0031  memory: 2775  loss: 0.6212  loss_rpn_cls: 0.0165  loss_rpn_bbox: 0.0854  loss_cls: 0.2258  acc: 93.3594  loss_bbox: 0.2936
2025/05/10 00:41:50 - mmengine - INFO - Epoch(train) [14][100/282]  lr: 2.0000e-04  eta: 0:15:58  time: 0.2012  data_time: 0.0019  memory: 2779  loss: 0.6327  loss_rpn_cls: 0.0199  loss_rpn_bbox: 0.0851  loss_cls: 0.2300  acc: 93.0664  loss_bbox: 0.2977
2025/05/10 00:42:00 - mmengine - INFO - Epoch(train) [14][150/282]  lr: 2.0000e-04  eta: 0:15:48  time: 0.2039  data_time: 0.0021  memory: 2762  loss: 0.6200  loss_rpn_cls: 0.0185  loss_rpn_bbox: 0.0850  loss_cls: 0.2260  acc: 88.7695  loss_bbox: 0.2904
2025/05/10 00:42:10 - mmengine - INFO - Epoch(train) [14][200/282]  lr: 2.0000e-04  eta: 0:15:38  time: 0.2024  data_time: 0.0019  memory: 2724  loss: 0.5943  loss_rpn_cls: 0.0154  loss_rpn_bbox: 0.0823  loss_cls: 0.2124  acc: 93.5547  loss_bbox: 0.2841
2025/05/10 00:42:20 - mmengine - INFO - Epoch(train) [14][250/282]  lr: 2.0000e-04  eta: 0:15:27  time: 0.2043  data_time: 0.0020  memory: 2761  loss: 0.6276  loss_rpn_cls: 0.0201  loss_rpn_bbox: 0.0868  loss_cls: 0.2247  acc: 90.4297  loss_bbox: 0.2960
2025/05/10 00:42:27 - mmengine - INFO - Exp name: fasterrcnn_pt_df_bal_20250510_002758
2025/05/10 00:42:29 - mmengine - INFO - Evaluating bbox...
2025/05/10 00:42:30 - mmengine - INFO - bbox_mAP_copypaste: 0.467 0.738 0.552 -1.000 0.321 0.492
2025/05/10 00:42:30 - mmengine - INFO - Epoch(val) [14][49/49]    coco/bbox_mAP: 0.4670  coco/bbox_mAP_50: 0.7380  coco/bbox_mAP_75: 0.5520  coco/bbox_mAP_s: -1.0000  coco/bbox_mAP_m: 0.3210  coco/bbox_mAP_l: 0.4920  data_time: 0.0016  time: 0.0385
2025/05/10 00:42:40 - mmengine - INFO - Epoch(train) [15][ 50/282]  lr: 2.0000e-04  eta: 0:15:10  time: 0.2018  data_time: 0.0030  memory: 2779  loss: 0.6298  loss_rpn_cls: 0.0185  loss_rpn_bbox: 0.0864  loss_cls: 0.2267  acc: 88.7695  loss_bbox: 0.2982
2025/05/10 00:42:41 - mmengine - INFO - Exp name: fasterrcnn_pt_df_bal_20250510_002758
2025/05/10 00:42:50 - mmengine - INFO - Epoch(train) [15][100/282]  lr: 2.0000e-04  eta: 0:15:00  time: 0.2025  data_time: 0.0020  memory: 2697  loss: 0.6149  loss_rpn_cls: 0.0205  loss_rpn_bbox: 0.0839  loss_cls: 0.2236  acc: 92.0898  loss_bbox: 0.2869
2025/05/10 00:43:00 - mmengine - INFO - Epoch(train) [15][150/282]  lr: 2.0000e-04  eta: 0:14:50  time: 0.1976  data_time: 0.0019  memory: 2767  loss: 0.6160  loss_rpn_cls: 0.0163  loss_rpn_bbox: 0.0857  loss_cls: 0.2224  acc: 88.8672  loss_bbox: 0.2915
2025/05/10 00:43:10 - mmengine - INFO - Epoch(train) [15][200/282]  lr: 2.0000e-04  eta: 0:14:39  time: 0.1963  data_time: 0.0018  memory: 2755  loss: 0.6219  loss_rpn_cls: 0.0161  loss_rpn_bbox: 0.0846  loss_cls: 0.2298  acc: 91.2109  loss_bbox: 0.2913
2025/05/10 00:43:20 - mmengine - INFO - Epoch(train) [15][250/282]  lr: 2.0000e-04  eta: 0:14:29  time: 0.2003  data_time: 0.0020  memory: 2761  loss: 0.6200  loss_rpn_cls: 0.0179  loss_rpn_bbox: 0.0865  loss_cls: 0.2203  acc: 90.7227  loss_bbox: 0.2954
2025/05/10 00:43:27 - mmengine - INFO - Exp name: fasterrcnn_pt_df_bal_20250510_002758
2025/05/10 00:43:28 - mmengine - INFO - Evaluating bbox...
2025/05/10 00:43:30 - mmengine - INFO - bbox_mAP_copypaste: 0.466 0.733 0.547 -1.000 0.309 0.492
2025/05/10 00:43:30 - mmengine - INFO - Epoch(val) [15][49/49]    coco/bbox_mAP: 0.4660  coco/bbox_mAP_50: 0.7330  coco/bbox_mAP_75: 0.5470  coco/bbox_mAP_s: -1.0000  coco/bbox_mAP_m: 0.3090  coco/bbox_mAP_l: 0.4920  data_time: 0.0017  time: 0.0374
2025/05/10 00:43:40 - mmengine - INFO - Epoch(train) [16][ 50/282]  lr: 2.0000e-04  eta: 0:14:11  time: 0.1965  data_time: 0.0031  memory: 2746  loss: 0.6198  loss_rpn_cls: 0.0178  loss_rpn_bbox: 0.0851  loss_cls: 0.2248  acc: 91.7969  loss_bbox: 0.2921
2025/05/10 00:43:50 - mmengine - INFO - Epoch(train) [16][100/282]  lr: 2.0000e-04  eta: 0:14:01  time: 0.2003  data_time: 0.0018  memory: 2772  loss: 0.6290  loss_rpn_cls: 0.0205  loss_rpn_bbox: 0.0882  loss_cls: 0.2253  acc: 87.7930  loss_bbox: 0.2949
2025/05/10 00:43:59 - mmengine - INFO - Epoch(train) [16][150/282]  lr: 2.0000e-04  eta: 0:13:51  time: 0.1962  data_time: 0.0018  memory: 2691  loss: 0.5992  loss_rpn_cls: 0.0158  loss_rpn_bbox: 0.0824  loss_cls: 0.2192  acc: 95.6055  loss_bbox: 0.2818
2025/05/10 00:44:09 - mmengine - INFO - Epoch(train) [16][200/282]  lr: 2.0000e-04  eta: 0:13:40  time: 0.1976  data_time: 0.0018  memory: 2758  loss: 0.6209  loss_rpn_cls: 0.0188  loss_rpn_bbox: 0.0859  loss_cls: 0.2255  acc: 92.0898  loss_bbox: 0.2907
2025/05/10 00:44:19 - mmengine - INFO - Epoch(train) [16][250/282]  lr: 2.0000e-04  eta: 0:13:30  time: 0.1978  data_time: 0.0018  memory: 2768  loss: 0.6019  loss_rpn_cls: 0.0159  loss_rpn_bbox: 0.0838  loss_cls: 0.2146  acc: 87.5977  loss_bbox: 0.2875
2025/05/10 00:44:26 - mmengine - INFO - Exp name: fasterrcnn_pt_df_bal_20250510_002758
2025/05/10 00:44:28 - mmengine - INFO - Evaluating bbox...
2025/05/10 00:44:29 - mmengine - INFO - bbox_mAP_copypaste: 0.467 0.736 0.550 -1.000 0.318 0.493
2025/05/10 00:44:29 - mmengine - INFO - Epoch(val) [16][49/49]    coco/bbox_mAP: 0.4670  coco/bbox_mAP_50: 0.7360  coco/bbox_mAP_75: 0.5500  coco/bbox_mAP_s: -1.0000  coco/bbox_mAP_m: 0.3180  coco/bbox_mAP_l: 0.4930  data_time: 0.0017  time: 0.0388
2025/05/10 00:44:39 - mmengine - INFO - Epoch(train) [17][ 50/282]  lr: 2.0000e-04  eta: 0:13:13  time: 0.1973  data_time: 0.0030  memory: 2717  loss: 0.6267  loss_rpn_cls: 0.0187  loss_rpn_bbox: 0.0848  loss_cls: 0.2266  acc: 89.9414  loss_bbox: 0.2967
2025/05/10 00:44:49 - mmengine - INFO - Epoch(train) [17][100/282]  lr: 2.0000e-04  eta: 0:13:02  time: 0.1987  data_time: 0.0019  memory: 2779  loss: 0.5992  loss_rpn_cls: 0.0181  loss_rpn_bbox: 0.0828  loss_cls: 0.2131  acc: 93.6523  loss_bbox: 0.2852
2025/05/10 00:44:59 - mmengine - INFO - Epoch(train) [17][150/282]  lr: 2.0000e-04  eta: 0:12:52  time: 0.1998  data_time: 0.0018  memory: 2762  loss: 0.6148  loss_rpn_cls: 0.0170  loss_rpn_bbox: 0.0858  loss_cls: 0.2199  acc: 92.4805  loss_bbox: 0.2922
2025/05/10 00:45:09 - mmengine - INFO - Epoch(train) [17][200/282]  lr: 2.0000e-04  eta: 0:12:42  time: 0.1975  data_time: 0.0018  memory: 2768  loss: 0.6258  loss_rpn_cls: 0.0175  loss_rpn_bbox: 0.0863  loss_cls: 0.2272  acc: 89.9414  loss_bbox: 0.2948
2025/05/10 00:45:19 - mmengine - INFO - Epoch(train) [17][250/282]  lr: 2.0000e-04  eta: 0:12:31  time: 0.1991  data_time: 0.0018  memory: 2767  loss: 0.6008  loss_rpn_cls: 0.0159  loss_rpn_bbox: 0.0844  loss_cls: 0.2141  acc: 91.9922  loss_bbox: 0.2864
2025/05/10 00:45:25 - mmengine - INFO - Exp name: fasterrcnn_pt_df_bal_20250510_002758
2025/05/10 00:45:27 - mmengine - INFO - Evaluating bbox...
2025/05/10 00:45:28 - mmengine - INFO - bbox_mAP_copypaste: 0.465 0.736 0.546 -1.000 0.309 0.490
2025/05/10 00:45:28 - mmengine - INFO - Epoch(val) [17][49/49]    coco/bbox_mAP: 0.4650  coco/bbox_mAP_50: 0.7360  coco/bbox_mAP_75: 0.5460  coco/bbox_mAP_s: -1.0000  coco/bbox_mAP_m: 0.3090  coco/bbox_mAP_l: 0.4900  data_time: 0.0017  time: 0.0404
2025/05/10 00:45:38 - mmengine - INFO - Epoch(train) [18][ 50/282]  lr: 2.0000e-04  eta: 0:12:14  time: 0.1987  data_time: 0.0031  memory: 2768  loss: 0.6301  loss_rpn_cls: 0.0194  loss_rpn_bbox: 0.0860  loss_cls: 0.2297  acc: 87.5000  loss_bbox: 0.2950
2025/05/10 00:45:48 - mmengine - INFO - Epoch(train) [18][100/282]  lr: 2.0000e-04  eta: 0:12:04  time: 0.1997  data_time: 0.0020  memory: 2762  loss: 0.6246  loss_rpn_cls: 0.0197  loss_rpn_bbox: 0.0866  loss_cls: 0.2233  acc: 94.4336  loss_bbox: 0.2950
2025/05/10 00:45:58 - mmengine - INFO - Epoch(train) [18][150/282]  lr: 2.0000e-04  eta: 0:11:54  time: 0.1993  data_time: 0.0018  memory: 2697  loss: 0.6086  loss_rpn_cls: 0.0162  loss_rpn_bbox: 0.0849  loss_cls: 0.2175  acc: 92.6758  loss_bbox: 0.2900
2025/05/10 00:46:08 - mmengine - INFO - Epoch(train) [18][200/282]  lr: 2.0000e-04  eta: 0:11:43  time: 0.1986  data_time: 0.0018  memory: 2697  loss: 0.6128  loss_rpn_cls: 0.0195  loss_rpn_bbox: 0.0840  loss_cls: 0.2169  acc: 91.7969  loss_bbox: 0.2925
2025/05/10 00:46:09 - mmengine - INFO - Exp name: fasterrcnn_pt_df_bal_20250510_002758
2025/05/10 00:46:18 - mmengine - INFO - Epoch(train) [18][250/282]  lr: 2.0000e-04  eta: 0:11:33  time: 0.1998  data_time: 0.0018  memory: 2750  loss: 0.6090  loss_rpn_cls: 0.0172  loss_rpn_bbox: 0.0853  loss_cls: 0.2186  acc: 92.1875  loss_bbox: 0.2878
2025/05/10 00:46:24 - mmengine - INFO - Exp name: fasterrcnn_pt_df_bal_20250510_002758
2025/05/10 00:46:26 - mmengine - INFO - Evaluating bbox...
2025/05/10 00:46:27 - mmengine - INFO - bbox_mAP_copypaste: 0.473 0.746 0.557 -1.000 0.321 0.498
2025/05/10 00:46:27 - mmengine - INFO - Epoch(val) [18][49/49]    coco/bbox_mAP: 0.4730  coco/bbox_mAP_50: 0.7460  coco/bbox_mAP_75: 0.5570  coco/bbox_mAP_s: -1.0000  coco/bbox_mAP_m: 0.3210  coco/bbox_mAP_l: 0.4980  data_time: 0.0017  time: 0.0400
2025/05/10 00:46:27 - mmengine - INFO - The previous best checkpoint D:\Repositories\test\25-05-09\fasterrcnn\best_coco_bbox_mAP_epoch_9.pth is removed
2025/05/10 00:46:28 - mmengine - INFO - The best checkpoint with 0.4730 coco/bbox_mAP at 18 epoch is saved to best_coco_bbox_mAP_epoch_18.pth.
2025/05/10 00:46:38 - mmengine - INFO - Epoch(train) [19][ 50/282]  lr: 2.0000e-04  eta: 0:11:16  time: 0.2012  data_time: 0.0032  memory: 2779  loss: 0.6013  loss_rpn_cls: 0.0163  loss_rpn_bbox: 0.0841  loss_cls: 0.2138  acc: 90.8203  loss_bbox: 0.2870
2025/05/10 00:46:48 - mmengine - INFO - Epoch(train) [19][100/282]  lr: 2.0000e-04  eta: 0:11:06  time: 0.1988  data_time: 0.0019  memory: 2772  loss: 0.5969  loss_rpn_cls: 0.0180  loss_rpn_bbox: 0.0823  loss_cls: 0.2129  acc: 92.5781  loss_bbox: 0.2837
2025/05/10 00:47:00 - mmengine - INFO - Epoch(train) [19][150/282]  lr: 2.0000e-04  eta: 0:10:57  time: 0.2381  data_time: 0.0020  memory: 2762  loss: 0.6051  loss_rpn_cls: 0.0161  loss_rpn_bbox: 0.0832  loss_cls: 0.2222  acc: 92.2852  loss_bbox: 0.2835
2025/05/10 00:47:12 - mmengine - INFO - Epoch(train) [19][200/282]  lr: 2.0000e-04  eta: 0:10:48  time: 0.2387  data_time: 0.0018  memory: 2761  loss: 0.6310  loss_rpn_cls: 0.0178  loss_rpn_bbox: 0.0878  loss_cls: 0.2312  acc: 92.2852  loss_bbox: 0.2942
2025/05/10 00:47:24 - mmengine - INFO - Epoch(train) [19][250/282]  lr: 2.0000e-04  eta: 0:10:38  time: 0.2378  data_time: 0.0019  memory: 2697  loss: 0.6240  loss_rpn_cls: 0.0188  loss_rpn_bbox: 0.0860  loss_cls: 0.2263  acc: 91.8945  loss_bbox: 0.2928
2025/05/10 00:47:31 - mmengine - INFO - Exp name: fasterrcnn_pt_df_bal_20250510_002758
2025/05/10 00:47:34 - mmengine - INFO - Evaluating bbox...
2025/05/10 00:47:35 - mmengine - INFO - bbox_mAP_copypaste: 0.468 0.740 0.549 -1.000 0.312 0.493
2025/05/10 00:47:35 - mmengine - INFO - Epoch(val) [19][49/49]    coco/bbox_mAP: 0.4680  coco/bbox_mAP_50: 0.7400  coco/bbox_mAP_75: 0.5490  coco/bbox_mAP_s: -1.0000  coco/bbox_mAP_m: 0.3120  coco/bbox_mAP_l: 0.4930  data_time: 0.0017  time: 0.0444
2025/05/10 00:47:47 - mmengine - INFO - Epoch(train) [20][ 50/282]  lr: 2.0000e-04  eta: 0:10:23  time: 0.2348  data_time: 0.0033  memory: 2750  loss: 0.6210  loss_rpn_cls: 0.0174  loss_rpn_bbox: 0.0841  loss_cls: 0.2269  acc: 94.1406  loss_bbox: 0.2926
2025/05/10 00:47:58 - mmengine - INFO - Epoch(train) [20][100/282]  lr: 2.0000e-04  eta: 0:10:14  time: 0.2331  data_time: 0.0020  memory: 2684  loss: 0.6017  loss_rpn_cls: 0.0193  loss_rpn_bbox: 0.0834  loss_cls: 0.2119  acc: 92.9688  loss_bbox: 0.2871
2025/05/10 00:48:10 - mmengine - INFO - Epoch(train) [20][150/282]  lr: 2.0000e-04  eta: 0:10:04  time: 0.2336  data_time: 0.0020  memory: 2768  loss: 0.6028  loss_rpn_cls: 0.0189  loss_rpn_bbox: 0.0832  loss_cls: 0.2144  acc: 93.4570  loss_bbox: 0.2863
2025/05/10 00:48:22 - mmengine - INFO - Epoch(train) [20][200/282]  lr: 2.0000e-04  eta: 0:09:55  time: 0.2341  data_time: 0.0018  memory: 2779  loss: 0.6093  loss_rpn_cls: 0.0175  loss_rpn_bbox: 0.0854  loss_cls: 0.2172  acc: 91.6992  loss_bbox: 0.2892
2025/05/10 00:48:34 - mmengine - INFO - Epoch(train) [20][250/282]  lr: 2.0000e-04  eta: 0:09:45  time: 0.2363  data_time: 0.0019  memory: 2739  loss: 0.6284  loss_rpn_cls: 0.0193  loss_rpn_bbox: 0.0860  loss_cls: 0.2309  acc: 90.3320  loss_bbox: 0.2923
2025/05/10 00:48:41 - mmengine - INFO - Exp name: fasterrcnn_pt_df_bal_20250510_002758
2025/05/10 00:48:43 - mmengine - INFO - Evaluating bbox...
2025/05/10 00:48:45 - mmengine - INFO - bbox_mAP_copypaste: 0.473 0.746 0.559 -1.000 0.322 0.499
2025/05/10 00:48:45 - mmengine - INFO - Epoch(val) [20][49/49]    coco/bbox_mAP: 0.4730  coco/bbox_mAP_50: 0.7460  coco/bbox_mAP_75: 0.5590  coco/bbox_mAP_s: -1.0000  coco/bbox_mAP_m: 0.3220  coco/bbox_mAP_l: 0.4990  data_time: 0.0015  time: 0.0437
2025/05/10 00:48:57 - mmengine - INFO - Epoch(train) [21][ 50/282]  lr: 2.0000e-04  eta: 0:09:30  time: 0.2373  data_time: 0.0031  memory: 2775  loss: 0.6153  loss_rpn_cls: 0.0173  loss_rpn_bbox: 0.0854  loss_cls: 0.2180  acc: 89.9414  loss_bbox: 0.2947
2025/05/10 00:49:08 - mmengine - INFO - Epoch(train) [21][100/282]  lr: 2.0000e-04  eta: 0:09:20  time: 0.2250  data_time: 0.0020  memory: 2762  loss: 0.6163  loss_rpn_cls: 0.0193  loss_rpn_bbox: 0.0851  loss_cls: 0.2274  acc: 88.0859  loss_bbox: 0.2846
2025/05/10 00:49:18 - mmengine - INFO - Epoch(train) [21][150/282]  lr: 2.0000e-04  eta: 0:09:09  time: 0.1960  data_time: 0.0018  memory: 2758  loss: 0.6067  loss_rpn_cls: 0.0170  loss_rpn_bbox: 0.0846  loss_cls: 0.2156  acc: 92.4805  loss_bbox: 0.2895
2025/05/10 00:49:28 - mmengine - INFO - Epoch(train) [21][200/282]  lr: 2.0000e-04  eta: 0:08:59  time: 0.1981  data_time: 0.0018  memory: 2689  loss: 0.6078  loss_rpn_cls: 0.0151  loss_rpn_bbox: 0.0842  loss_cls: 0.2174  acc: 91.4062  loss_bbox: 0.2911
2025/05/10 00:49:37 - mmengine - INFO - Epoch(train) [21][250/282]  lr: 2.0000e-04  eta: 0:08:48  time: 0.1932  data_time: 0.0018  memory: 2700  loss: 0.6011  loss_rpn_cls: 0.0172  loss_rpn_bbox: 0.0825  loss_cls: 0.2159  acc: 92.7734  loss_bbox: 0.2854
2025/05/10 00:49:44 - mmengine - INFO - Exp name: fasterrcnn_pt_df_bal_20250510_002758
2025/05/10 00:49:46 - mmengine - INFO - Evaluating bbox...
2025/05/10 00:49:47 - mmengine - INFO - bbox_mAP_copypaste: 0.467 0.736 0.549 -1.000 0.308 0.494
2025/05/10 00:49:47 - mmengine - INFO - Epoch(val) [21][49/49]    coco/bbox_mAP: 0.4670  coco/bbox_mAP_50: 0.7360  coco/bbox_mAP_75: 0.5490  coco/bbox_mAP_s: -1.0000  coco/bbox_mAP_m: 0.3080  coco/bbox_mAP_l: 0.4940  data_time: 0.0018  time: 0.0373
2025/05/10 00:49:58 - mmengine - INFO - Epoch(train) [22][ 50/282]  lr: 2.0000e-04  eta: 0:08:32  time: 0.2193  data_time: 0.0034  memory: 2772  loss: 0.5986  loss_rpn_cls: 0.0143  loss_rpn_bbox: 0.0830  loss_cls: 0.2162  acc: 93.3594  loss_bbox: 0.2852
2025/05/10 00:50:03 - mmengine - INFO - Exp name: fasterrcnn_pt_df_bal_20250510_002758
2025/05/10 00:50:08 - mmengine - INFO - Epoch(train) [22][100/282]  lr: 2.0000e-04  eta: 0:08:21  time: 0.2026  data_time: 0.0021  memory: 2775  loss: 0.6062  loss_rpn_cls: 0.0176  loss_rpn_bbox: 0.0844  loss_cls: 0.2172  acc: 90.0391  loss_bbox: 0.2871
2025/05/10 00:50:19 - mmengine - INFO - Epoch(train) [22][150/282]  lr: 2.0000e-04  eta: 0:08:11  time: 0.2231  data_time: 0.0019  memory: 2700  loss: 0.6281  loss_rpn_cls: 0.0186  loss_rpn_bbox: 0.0866  loss_cls: 0.2301  acc: 89.5508  loss_bbox: 0.2928
2025/05/10 00:50:29 - mmengine - INFO - Epoch(train) [22][200/282]  lr: 2.0000e-04  eta: 0:08:01  time: 0.2008  data_time: 0.0018  memory: 2762  loss: 0.6038  loss_rpn_cls: 0.0180  loss_rpn_bbox: 0.0845  loss_cls: 0.2170  acc: 93.2617  loss_bbox: 0.2843
2025/05/10 00:50:39 - mmengine - INFO - Epoch(train) [22][250/282]  lr: 2.0000e-04  eta: 0:07:50  time: 0.1982  data_time: 0.0018  memory: 2758  loss: 0.6084  loss_rpn_cls: 0.0169  loss_rpn_bbox: 0.0841  loss_cls: 0.2182  acc: 91.3086  loss_bbox: 0.2892
2025/05/10 00:50:45 - mmengine - INFO - Exp name: fasterrcnn_pt_df_bal_20250510_002758
2025/05/10 00:50:47 - mmengine - INFO - Evaluating bbox...
2025/05/10 00:50:48 - mmengine - INFO - bbox_mAP_copypaste: 0.464 0.731 0.544 -1.000 0.303 0.492
2025/05/10 00:50:48 - mmengine - INFO - Epoch(val) [22][49/49]    coco/bbox_mAP: 0.4640  coco/bbox_mAP_50: 0.7310  coco/bbox_mAP_75: 0.5440  coco/bbox_mAP_s: -1.0000  coco/bbox_mAP_m: 0.3030  coco/bbox_mAP_l: 0.4920  data_time: 0.0017  time: 0.0375
2025/05/10 00:50:59 - mmengine - INFO - Epoch(train) [23][ 50/282]  lr: 2.0000e-04  eta: 0:07:33  time: 0.2022  data_time: 0.0032  memory: 2772  loss: 0.6285  loss_rpn_cls: 0.0194  loss_rpn_bbox: 0.0867  loss_cls: 0.2272  acc: 90.3320  loss_bbox: 0.2951
2025/05/10 00:51:09 - mmengine - INFO - Epoch(train) [23][100/282]  lr: 2.0000e-04  eta: 0:07:23  time: 0.2007  data_time: 0.0018  memory: 2684  loss: 0.6163  loss_rpn_cls: 0.0186  loss_rpn_bbox: 0.0851  loss_cls: 0.2211  acc: 91.8945  loss_bbox: 0.2916
2025/05/10 00:51:18 - mmengine - INFO - Epoch(train) [23][150/282]  lr: 2.0000e-04  eta: 0:07:12  time: 0.1929  data_time: 0.0018  memory: 2758  loss: 0.6095  loss_rpn_cls: 0.0183  loss_rpn_bbox: 0.0833  loss_cls: 0.2231  acc: 93.2617  loss_bbox: 0.2847
2025/05/10 00:51:28 - mmengine - INFO - Epoch(train) [23][200/282]  lr: 2.0000e-04  eta: 0:07:02  time: 0.1991  data_time: 0.0018  memory: 2775  loss: 0.5894  loss_rpn_cls: 0.0136  loss_rpn_bbox: 0.0818  loss_cls: 0.2095  acc: 89.8438  loss_bbox: 0.2845
2025/05/10 00:51:38 - mmengine - INFO - Epoch(train) [23][250/282]  lr: 2.0000e-04  eta: 0:06:52  time: 0.2008  data_time: 0.0019  memory: 2772  loss: 0.6196  loss_rpn_cls: 0.0175  loss_rpn_bbox: 0.0864  loss_cls: 0.2220  acc: 87.0117  loss_bbox: 0.2937
2025/05/10 00:51:44 - mmengine - INFO - Exp name: fasterrcnn_pt_df_bal_20250510_002758
2025/05/10 00:51:46 - mmengine - INFO - Evaluating bbox...
2025/05/10 00:51:48 - mmengine - INFO - bbox_mAP_copypaste: 0.467 0.738 0.545 -1.000 0.313 0.493
2025/05/10 00:51:48 - mmengine - INFO - Epoch(val) [23][49/49]    coco/bbox_mAP: 0.4670  coco/bbox_mAP_50: 0.7380  coco/bbox_mAP_75: 0.5450  coco/bbox_mAP_s: -1.0000  coco/bbox_mAP_m: 0.3130  coco/bbox_mAP_l: 0.4930  data_time: 0.0015  time: 0.0374
2025/05/10 00:51:58 - mmengine - INFO - Epoch(train) [24][ 50/282]  lr: 2.0000e-04  eta: 0:06:35  time: 0.1981  data_time: 0.0031  memory: 2724  loss: 0.5914  loss_rpn_cls: 0.0158  loss_rpn_bbox: 0.0810  loss_cls: 0.2145  acc: 93.4570  loss_bbox: 0.2802
2025/05/10 00:52:07 - mmengine - INFO - Epoch(train) [24][100/282]  lr: 2.0000e-04  eta: 0:06:24  time: 0.1976  data_time: 0.0018  memory: 2767  loss: 0.6124  loss_rpn_cls: 0.0192  loss_rpn_bbox: 0.0846  loss_cls: 0.2246  acc: 91.6016  loss_bbox: 0.2840
2025/05/10 00:52:17 - mmengine - INFO - Epoch(train) [24][150/282]  lr: 2.0000e-04  eta: 0:06:14  time: 0.1976  data_time: 0.0019  memory: 2691  loss: 0.6157  loss_rpn_cls: 0.0177  loss_rpn_bbox: 0.0859  loss_cls: 0.2182  acc: 95.2148  loss_bbox: 0.2938
2025/05/10 00:52:27 - mmengine - INFO - Epoch(train) [24][200/282]  lr: 2.0000e-04  eta: 0:06:04  time: 0.1998  data_time: 0.0017  memory: 2768  loss: 0.6154  loss_rpn_cls: 0.0178  loss_rpn_bbox: 0.0852  loss_cls: 0.2198  acc: 89.0625  loss_bbox: 0.2926
2025/05/10 00:52:37 - mmengine - INFO - Epoch(train) [24][250/282]  lr: 2.0000e-04  eta: 0:05:53  time: 0.1981  data_time: 0.0018  memory: 2779  loss: 0.6089  loss_rpn_cls: 0.0150  loss_rpn_bbox: 0.0828  loss_cls: 0.2212  acc: 87.7930  loss_bbox: 0.2899
2025/05/10 00:52:44 - mmengine - INFO - Exp name: fasterrcnn_pt_df_bal_20250510_002758
2025/05/10 00:52:45 - mmengine - INFO - Evaluating bbox...
2025/05/10 00:52:47 - mmengine - INFO - bbox_mAP_copypaste: 0.467 0.736 0.547 -1.000 0.313 0.493
2025/05/10 00:52:47 - mmengine - INFO - Epoch(val) [24][49/49]    coco/bbox_mAP: 0.4670  coco/bbox_mAP_50: 0.7360  coco/bbox_mAP_75: 0.5470  coco/bbox_mAP_s: -1.0000  coco/bbox_mAP_m: 0.3130  coco/bbox_mAP_l: 0.4930  data_time: 0.0018  time: 0.0375
2025/05/10 00:52:57 - mmengine - INFO - Epoch(train) [25][ 50/282]  lr: 2.0000e-04  eta: 0:05:36  time: 0.1998  data_time: 0.0031  memory: 2772  loss: 0.6019  loss_rpn_cls: 0.0191  loss_rpn_bbox: 0.0819  loss_cls: 0.2153  acc: 93.2617  loss_bbox: 0.2855
2025/05/10 00:53:07 - mmengine - INFO - Epoch(train) [25][100/282]  lr: 2.0000e-04  eta: 0:05:26  time: 0.1958  data_time: 0.0019  memory: 2750  loss: 0.6134  loss_rpn_cls: 0.0168  loss_rpn_bbox: 0.0848  loss_cls: 0.2241  acc: 90.8203  loss_bbox: 0.2877
2025/05/10 00:53:17 - mmengine - INFO - Epoch(train) [25][150/282]  lr: 2.0000e-04  eta: 0:05:16  time: 0.2013  data_time: 0.0017  memory: 2739  loss: 0.6112  loss_rpn_cls: 0.0163  loss_rpn_bbox: 0.0842  loss_cls: 0.2227  acc: 89.4531  loss_bbox: 0.2880
2025/05/10 00:53:27 - mmengine - INFO - Epoch(train) [25][200/282]  lr: 2.0000e-04  eta: 0:05:05  time: 0.2003  data_time: 0.0017  memory: 2750  loss: 0.6153  loss_rpn_cls: 0.0179  loss_rpn_bbox: 0.0867  loss_cls: 0.2202  acc: 90.9180  loss_bbox: 0.2906
2025/05/10 00:53:33 - mmengine - INFO - Exp name: fasterrcnn_pt_df_bal_20250510_002758
2025/05/10 00:53:37 - mmengine - INFO - Epoch(train) [25][250/282]  lr: 2.0000e-04  eta: 0:04:55  time: 0.1966  data_time: 0.0019  memory: 2689  loss: 0.5994  loss_rpn_cls: 0.0167  loss_rpn_bbox: 0.0840  loss_cls: 0.2137  acc: 90.5273  loss_bbox: 0.2849
2025/05/10 00:53:43 - mmengine - INFO - Exp name: fasterrcnn_pt_df_bal_20250510_002758
2025/05/10 00:53:45 - mmengine - INFO - Evaluating bbox...
2025/05/10 00:53:46 - mmengine - INFO - bbox_mAP_copypaste: 0.470 0.740 0.550 -1.000 0.317 0.495
2025/05/10 00:53:46 - mmengine - INFO - Epoch(val) [25][49/49]    coco/bbox_mAP: 0.4700  coco/bbox_mAP_50: 0.7400  coco/bbox_mAP_75: 0.5500  coco/bbox_mAP_s: -1.0000  coco/bbox_mAP_m: 0.3170  coco/bbox_mAP_l: 0.4950  data_time: 0.0017  time: 0.0374
2025/05/10 00:53:56 - mmengine - INFO - Epoch(train) [26][ 50/282]  lr: 2.0000e-04  eta: 0:04:38  time: 0.2002  data_time: 0.0031  memory: 2762  loss: 0.6139  loss_rpn_cls: 0.0207  loss_rpn_bbox: 0.0849  loss_cls: 0.2187  acc: 94.8242  loss_bbox: 0.2895
2025/05/10 00:54:06 - mmengine - INFO - Epoch(train) [26][100/282]  lr: 2.0000e-04  eta: 0:04:28  time: 0.1958  data_time: 0.0018  memory: 2684  loss: 0.5965  loss_rpn_cls: 0.0164  loss_rpn_bbox: 0.0837  loss_cls: 0.2121  acc: 92.6758  loss_bbox: 0.2843
2025/05/10 00:54:16 - mmengine - INFO - Epoch(train) [26][150/282]  lr: 2.0000e-04  eta: 0:04:17  time: 0.2001  data_time: 0.0018  memory: 2775  loss: 0.6106  loss_rpn_cls: 0.0154  loss_rpn_bbox: 0.0854  loss_cls: 0.2217  acc: 91.1133  loss_bbox: 0.2881
2025/05/10 00:54:26 - mmengine - INFO - Epoch(train) [26][200/282]  lr: 2.0000e-04  eta: 0:04:07  time: 0.2004  data_time: 0.0018  memory: 2755  loss: 0.6335  loss_rpn_cls: 0.0177  loss_rpn_bbox: 0.0854  loss_cls: 0.2339  acc: 92.6758  loss_bbox: 0.2965
2025/05/10 00:54:36 - mmengine - INFO - Epoch(train) [26][250/282]  lr: 2.0000e-04  eta: 0:03:57  time: 0.1968  data_time: 0.0018  memory: 2772  loss: 0.6004  loss_rpn_cls: 0.0159  loss_rpn_bbox: 0.0827  loss_cls: 0.2165  acc: 92.7734  loss_bbox: 0.2853
2025/05/10 00:54:42 - mmengine - INFO - Exp name: fasterrcnn_pt_df_bal_20250510_002758
2025/05/10 00:54:44 - mmengine - INFO - Evaluating bbox...
2025/05/10 00:54:45 - mmengine - INFO - bbox_mAP_copypaste: 0.469 0.741 0.546 -1.000 0.309 0.496
2025/05/10 00:54:45 - mmengine - INFO - Epoch(val) [26][49/49]    coco/bbox_mAP: 0.4690  coco/bbox_mAP_50: 0.7410  coco/bbox_mAP_75: 0.5460  coco/bbox_mAP_s: -1.0000  coco/bbox_mAP_m: 0.3090  coco/bbox_mAP_l: 0.4960  data_time: 0.0016  time: 0.0375
2025/05/10 00:54:55 - mmengine - INFO - Epoch(train) [27][ 50/282]  lr: 2.0000e-04  eta: 0:03:40  time: 0.1971  data_time: 0.0031  memory: 2750  loss: 0.5801  loss_rpn_cls: 0.0127  loss_rpn_bbox: 0.0797  loss_cls: 0.2080  acc: 90.5273  loss_bbox: 0.2796
2025/05/10 00:55:05 - mmengine - INFO - Epoch(train) [27][100/282]  lr: 2.0000e-04  eta: 0:03:30  time: 0.1994  data_time: 0.0019  memory: 2767  loss: 0.6263  loss_rpn_cls: 0.0178  loss_rpn_bbox: 0.0886  loss_cls: 0.2225  acc: 92.0898  loss_bbox: 0.2974
2025/05/10 00:55:15 - mmengine - INFO - Epoch(train) [27][150/282]  lr: 2.0000e-04  eta: 0:03:20  time: 0.2002  data_time: 0.0018  memory: 2768  loss: 0.6148  loss_rpn_cls: 0.0187  loss_rpn_bbox: 0.0863  loss_cls: 0.2213  acc: 94.3359  loss_bbox: 0.2885
2025/05/10 00:55:25 - mmengine - INFO - Epoch(train) [27][200/282]  lr: 2.0000e-04  eta: 0:03:09  time: 0.1981  data_time: 0.0019  memory: 2746  loss: 0.6034  loss_rpn_cls: 0.0183  loss_rpn_bbox: 0.0831  loss_cls: 0.2172  acc: 92.8711  loss_bbox: 0.2848
2025/05/10 00:55:35 - mmengine - INFO - Epoch(train) [27][250/282]  lr: 2.0000e-04  eta: 0:02:59  time: 0.1965  data_time: 0.0018  memory: 2772  loss: 0.6041  loss_rpn_cls: 0.0168  loss_rpn_bbox: 0.0825  loss_cls: 0.2214  acc: 90.4297  loss_bbox: 0.2834
2025/05/10 00:55:41 - mmengine - INFO - Exp name: fasterrcnn_pt_df_bal_20250510_002758
2025/05/10 00:55:43 - mmengine - INFO - Evaluating bbox...
2025/05/10 00:55:44 - mmengine - INFO - bbox_mAP_copypaste: 0.469 0.737 0.553 -1.000 0.310 0.495
2025/05/10 00:55:44 - mmengine - INFO - Epoch(val) [27][49/49]    coco/bbox_mAP: 0.4690  coco/bbox_mAP_50: 0.7370  coco/bbox_mAP_75: 0.5530  coco/bbox_mAP_s: -1.0000  coco/bbox_mAP_m: 0.3100  coco/bbox_mAP_l: 0.4950  data_time: 0.0016  time: 0.0374
2025/05/10 00:55:54 - mmengine - INFO - Epoch(train) [28][ 50/282]  lr: 2.0000e-04  eta: 0:02:42  time: 0.1998  data_time: 0.0031  memory: 2779  loss: 0.6009  loss_rpn_cls: 0.0162  loss_rpn_bbox: 0.0815  loss_cls: 0.2190  acc: 88.8672  loss_bbox: 0.2841
2025/05/10 00:56:04 - mmengine - INFO - Epoch(train) [28][100/282]  lr: 2.0000e-04  eta: 0:02:32  time: 0.1948  data_time: 0.0019  memory: 2758  loss: 0.5887  loss_rpn_cls: 0.0156  loss_rpn_bbox: 0.0821  loss_cls: 0.2079  acc: 91.7969  loss_bbox: 0.2832
2025/05/10 00:56:14 - mmengine - INFO - Epoch(train) [28][150/282]  lr: 2.0000e-04  eta: 0:02:22  time: 0.2002  data_time: 0.0019  memory: 2755  loss: 0.5987  loss_rpn_cls: 0.0162  loss_rpn_bbox: 0.0840  loss_cls: 0.2110  acc: 91.5039  loss_bbox: 0.2875
2025/05/10 00:56:24 - mmengine - INFO - Epoch(train) [28][200/282]  lr: 2.0000e-04  eta: 0:02:11  time: 0.1990  data_time: 0.0018  memory: 2746  loss: 0.6068  loss_rpn_cls: 0.0160  loss_rpn_bbox: 0.0854  loss_cls: 0.2172  acc: 91.0156  loss_bbox: 0.2882
2025/05/10 00:56:34 - mmengine - INFO - Epoch(train) [28][250/282]  lr: 2.0000e-04  eta: 0:02:01  time: 0.1968  data_time: 0.0019  memory: 2768  loss: 0.6157  loss_rpn_cls: 0.0167  loss_rpn_bbox: 0.0862  loss_cls: 0.2203  acc: 90.1367  loss_bbox: 0.2925
2025/05/10 00:56:40 - mmengine - INFO - Exp name: fasterrcnn_pt_df_bal_20250510_002758
2025/05/10 00:56:42 - mmengine - INFO - Evaluating bbox...
2025/05/10 00:56:44 - mmengine - INFO - bbox_mAP_copypaste: 0.468 0.738 0.546 -1.000 0.309 0.494
2025/05/10 00:56:44 - mmengine - INFO - Epoch(val) [28][49/49]    coco/bbox_mAP: 0.4680  coco/bbox_mAP_50: 0.7380  coco/bbox_mAP_75: 0.5460  coco/bbox_mAP_s: -1.0000  coco/bbox_mAP_m: 0.3090  coco/bbox_mAP_l: 0.4940  data_time: 0.0016  time: 0.0375
2025/05/10 00:56:54 - mmengine - INFO - Epoch(train) [29][ 50/282]  lr: 2.0000e-04  eta: 0:01:44  time: 0.1984  data_time: 0.0031  memory: 2767  loss: 0.5925  loss_rpn_cls: 0.0164  loss_rpn_bbox: 0.0832  loss_cls: 0.2110  acc: 89.4531  loss_bbox: 0.2820
2025/05/10 00:57:03 - mmengine - INFO - Epoch(train) [29][100/282]  lr: 2.0000e-04  eta: 0:01:34  time: 0.1969  data_time: 0.0018  memory: 2768  loss: 0.6218  loss_rpn_cls: 0.0159  loss_rpn_bbox: 0.0868  loss_cls: 0.2247  acc: 94.1406  loss_bbox: 0.2945
2025/05/10 00:57:04 - mmengine - INFO - Exp name: fasterrcnn_pt_df_bal_20250510_002758
2025/05/10 00:57:14 - mmengine - INFO - Epoch(train) [29][150/282]  lr: 2.0000e-04  eta: 0:01:24  time: 0.2014  data_time: 0.0019  memory: 2772  loss: 0.6090  loss_rpn_cls: 0.0154  loss_rpn_bbox: 0.0849  loss_cls: 0.2192  acc: 91.3086  loss_bbox: 0.2895
2025/05/10 00:57:23 - mmengine - INFO - Epoch(train) [29][200/282]  lr: 2.0000e-04  eta: 0:01:14  time: 0.1969  data_time: 0.0017  memory: 2684  loss: 0.5898  loss_rpn_cls: 0.0158  loss_rpn_bbox: 0.0816  loss_cls: 0.2117  acc: 93.3594  loss_bbox: 0.2807
2025/05/10 00:57:33 - mmengine - INFO - Epoch(train) [29][250/282]  lr: 2.0000e-04  eta: 0:01:04  time: 0.1942  data_time: 0.0018  memory: 2724  loss: 0.6104  loss_rpn_cls: 0.0157  loss_rpn_bbox: 0.0831  loss_cls: 0.2233  acc: 91.3086  loss_bbox: 0.2883
2025/05/10 00:57:40 - mmengine - INFO - Exp name: fasterrcnn_pt_df_bal_20250510_002758
2025/05/10 00:57:41 - mmengine - INFO - Evaluating bbox...
2025/05/10 00:57:43 - mmengine - INFO - bbox_mAP_copypaste: 0.465 0.736 0.545 -1.000 0.309 0.490
2025/05/10 00:57:43 - mmengine - INFO - Epoch(val) [29][49/49]    coco/bbox_mAP: 0.4650  coco/bbox_mAP_50: 0.7360  coco/bbox_mAP_75: 0.5450  coco/bbox_mAP_s: -1.0000  coco/bbox_mAP_m: 0.3090  coco/bbox_mAP_l: 0.4900  data_time: 0.0017  time: 0.0374
2025/05/10 00:57:53 - mmengine - INFO - Epoch(train) [30][ 50/282]  lr: 2.0000e-04  eta: 0:00:47  time: 0.2000  data_time: 0.0031  memory: 2779  loss: 0.5957  loss_rpn_cls: 0.0148  loss_rpn_bbox: 0.0833  loss_cls: 0.2142  acc: 96.2891  loss_bbox: 0.2835
2025/05/10 00:58:03 - mmengine - INFO - Epoch(train) [30][100/282]  lr: 2.0000e-04  eta: 0:00:37  time: 0.1962  data_time: 0.0019  memory: 2684  loss: 0.6032  loss_rpn_cls: 0.0169  loss_rpn_bbox: 0.0833  loss_cls: 0.2173  acc: 90.8203  loss_bbox: 0.2856
2025/05/10 00:58:13 - mmengine - INFO - Epoch(train) [30][150/282]  lr: 2.0000e-04  eta: 0:00:26  time: 0.1998  data_time: 0.0019  memory: 2758  loss: 0.6062  loss_rpn_cls: 0.0165  loss_rpn_bbox: 0.0855  loss_cls: 0.2139  acc: 93.6523  loss_bbox: 0.2903
2025/05/10 00:58:22 - mmengine - INFO - Epoch(train) [30][200/282]  lr: 2.0000e-04  eta: 0:00:16  time: 0.1967  data_time: 0.0017  memory: 2762  loss: 0.5990  loss_rpn_cls: 0.0143  loss_rpn_bbox: 0.0837  loss_cls: 0.2166  acc: 94.5312  loss_bbox: 0.2844
2025/05/10 00:58:32 - mmengine - INFO - Epoch(train) [30][250/282]  lr: 2.0000e-04  eta: 0:00:06  time: 0.1969  data_time: 0.0017  memory: 2691  loss: 0.6136  loss_rpn_cls: 0.0178  loss_rpn_bbox: 0.0839  loss_cls: 0.2237  acc: 91.3086  loss_bbox: 0.2883
2025/05/10 00:58:39 - mmengine - INFO - Exp name: fasterrcnn_pt_df_bal_20250510_002758
2025/05/10 00:58:39 - mmengine - INFO - Saving checkpoint at 30 epochs
2025/05/10 00:58:42 - mmengine - INFO - Evaluating bbox...
2025/05/10 00:58:43 - mmengine - INFO - bbox_mAP_copypaste: 0.467 0.734 0.545 -1.000 0.310 0.493
2025/05/10 00:58:43 - mmengine - INFO - Epoch(val) [30][49/49]    coco/bbox_mAP: 0.4670  coco/bbox_mAP_50: 0.7340  coco/bbox_mAP_75: 0.5450  coco/bbox_mAP_s: -1.0000  coco/bbox_mAP_m: 0.3100  coco/bbox_mAP_l: 0.4930  data_time: 0.0015  time: 0.0377
